  "raw": "{\n  \"Event\": {\n    \"#attributes\": {\n      \"xmlns\": \"http://schemas.microsoft.com/win/2004/08/events/event\"\n    },\n    \"EventData\": {\n      \"CommandLine\": \"\\\\??\\\\C:\\\\Windows\\\\system32\\\\conhost.exe \\\"-1614975369-17457531351148573641-1033443228-1180179274664956697-9994227602033717836\\\"\",\n      \"NewProcessId\": \"0x6e8\",\n      \"NewProcessName\": \"C:\\\\Windows\\\\System32\\\\conhost.exe\",\n      \"ProcessId\": \"0x864\",\n      \"SubjectDomainName\": \"WORKGROUP\",\n      \"SubjectLogonId\": \"0x3e7\",\n      \"SubjectUserName\": \"WIN-JN0MUCM05TC$\",\n      \"SubjectUserSid\": \"S-1-5-18\",\n      \"TokenElevationType\": \"%%1938\"\n    },\n    \"System\": {\n      \"Channel\": \"Security\",\n      \"Computer\": \"WIN-JN0MUCM05TC\",\n      \"Correlation\": null,\n      \"EventID\": 4688,\n      \"EventRecordID\": 5518,\n      \"Execution\": {\n        \"#attributes\": {\n          \"ProcessID\": 4,\n          \"ThreadID\": 64\n        }\n      },\n      \"Keywords\": \"0x8020000000000000\",\n      \"Level\": 0,\n      \"Opcode\": 0,\n      \"Provider\": {\n        \"#attributes\": {\n          \"Guid\": \"54849625-5478-4994-A5BA-3E3B0328C30D\",\n          \"Name\": \"Microsoft-Windows-Security-Auditing\"\n        }\n      },\n      \"Security\": null,\n      \"Task\": 13312,\n      \"TimeCreated\": {\n        \"#attributes\": {\n          \"SystemTime\": \"2021-06-29T13:59:14.423617Z\"\n        }\n      },\n      \"Version\": 1\n    }\n  }\n}"
}============{
  "recordid": "265",
  "channel": "Security",
  "computer": "WIN-JN0MUCM05TC",
  "eventid": "4688",
  "eventrecordid": "5519",
  "execution": {
    "processid": 4,
    "threadid": 64
  },
  "keywords": "0x8020000000000000",
  "level": "0",
  "opcode": "0",
  "provider": {
    "guid": "54849625-5478-4994-A5BA-3E3B0328C30D",
    "name": "Microsoft-Windows-Security-Auditing"
  },
  "task": "13312",
  "timecreated": {
    "systemtime": "2021-06-29T13:59:14.513622Z"
  },
  "version": "1",
  "event_data": {
    "commandline": "timeout  /t 3",
    "newprocessid": "0x9c0",
    "newprocessname": "C:\\Windows\\System32\\timeout.exe",
    "processid": "0x934",
    "subjectdomainname": "WIN-JN0MUCM05TC",
    "subjectlogonid": "0x1a85af",
    "subjectusername": "user",
    "subjectusersid": "S-1-5-21-3016438738-995544542-2639181184-1000",
    "tokenelevationtype": "%%1938"
  },
  "message": "A new process has been created.\r\n\r\nSubject:\r\n\tSecurity ID:\t\tS-1-5-21-3016438738-995544542-2639181184-1000\r\n\tAccount Name:\t\tuser\r\n\tAccount Domain:\t\tWIN-JN0MUCM05TC\r\n\tLogon ID:\t\t0x1a85af\r\n\r\nProcess Information:\r\n\tNew Process ID:\t\t0x9c0\r\n\tNew Process Name:\tC:\\Windows\\System32\\timeout.exe\r\n\tToken Elevation Type:\t%%1938\r\n\tCreator Process ID:\t0x934\r\n\r\nToken Elevation Type indicates the type of token that was assigned to the new process in accordance with User Account Control policy.\r\n\r\nType 1 is a full token with no privileges removed or groups disabled.  A full token is only used if User Account Control is disabled or if the user is the built-in Administrator account or a service account.\r\n\r\nType 2 is an elevated token with no privileges removed or groups disabled.  An elevated token is used when User Account Control is enabled and the user chooses to start the program using Run as administrator.  An elevated token is also used when an application is configured to always require administrative privilege or to always require maximum privilege, and the user is a member of the Administrators group.\r\n\r\nType 3 is a limited token with administrative privileges removed and administrative groups disabled.  The limited token is used when User Account Control is enabled, the application does not require administrative privilege, and the user does not choose to start the program using Run as administrator.",
  "raw": "{\n  \"Event\": {\n    \"#attributes\": {\n      \"xmlns\": \"http://schemas.microsoft.com/win/2004/08/events/event\"\n    },\n    \"EventData\": {\n      \"CommandLine\": \"timeout  /t 3\",\n      \"NewProcessId\": \"0x9c0\",\n      \"NewProcessName\": \"C:\\\\Windows\\\\System32\\\\timeout.exe\",\n      \"ProcessId\": \"0x934\",\n      \"SubjectDomainName\": \"WIN-JN0MUCM05TC\",\n      \"SubjectLogonId\": \"0x1a85af\",\n      \"SubjectUserName\": \"user\",\n      \"SubjectUserSid\": \"S-1-5-21-3016438738-995544542-2639181184-1000\",\n      \"TokenElevationType\": \"%%1938\"\n    },\n    \"System\": {\n      \"Channel\": \"Security\",\n      \"Computer\": \"WIN-JN0MUCM05TC\",\n      \"Correlation\": null,\n      \"EventID\": 4688,\n      \"EventRecordID\": 5519,\n      \"Execution\": {\n        \"#attributes\": {\n          \"ProcessID\": 4,\n          \"ThreadID\": 64\n        }\n      },\n      \"Keywords\": \"0x8020000000000000\",\n      \"Level\": 0,\n      \"Opcode\": 0,\n      \"Provider\": {\n        \"#attributes\": {\n          \"Guid\": \"54849625-5478-4994-A5BA-3E3B0328C30D\",\n          \"Name\": \"Microsoft-Windows-Security-Auditing\"\n        }\n      },\n      \"Security\": null,\n      \"Task\": 13312,\n      \"TimeCreated\": {\n        \"#attributes\": {\n          \"SystemTime\": \"2021-06-29T13:59:14.513622Z\"\n        }\n      },\n      \"Version\": 1\n    }\n  }\n}"
}============{
  "recordid": "266",
  "channel": "Security",
  "computer": "WIN-JN0MUCM05TC",
  "eventid": "4689",
  "eventrecordid": "5520",
  "execution": {
    "processid": 4,
    "threadid": 64
  },
  "keywords": "0x8020000000000000",
  "level": "0",
  "opcode": "0",
  "provider": {
    "guid": "54849625-5478-4994-A5BA-3E3B0328C30D",
    "name": "Microsoft-Windows-Security-Auditing"
  },
  "task": "13313",
  "timecreated": {
    "systemtime": "2021-06-29T13:59:17.135772Z"
  },
  "version": "0",
  "event_data": {
    "processid": "0x9c0",
    "processname": "C:\\Windows\\System32\\timeout.exe",
    "status": "0x0",
    "subjectdomainname": "WIN-JN0MUCM05TC",
    "subjectlogonid": "0x1a85af",
    "subjectusername": "user",
    "subjectusersid": "S-1-5-21-3016438738-995544542-2639181184-1000"
  },
  "message": "A process has exited.\r\n\r\nSubject:\r\n\tSecurity ID:\t\tS-1-5-21-3016438738-995544542-2639181184-1000\r\n\tAccount Name:\t\tuser\r\n\tAccount Domain:\t\tWIN-JN0MUCM05TC\r\n\tLogon ID:\t\t0x1a85af\r\n\r\nProcess Information:\r\n\tProcess ID:\t0x9c0\r\n\tProcess Name:\tC:\\Windows\\System32\\timeout.exe\r\n\tExit Status:\t0x0",
  "raw": "{\n  \"Event\": {\n    \"#attributes\": {\n      \"xmlns\": \"http://schemas.microsoft.com/win/2004/08/events/event\"\n    },\n    \"EventData\": {\n      \"ProcessId\": \"0x9c0\",\n      \"ProcessName\": \"C:\\\\Windows\\\\System32\\\\timeout.exe\",\n      \"Status\": \"0x0\",\n      \"SubjectDomainName\": \"WIN-JN0MUCM05TC\",\n      \"SubjectLogonId\": \"0x1a85af\",\n      \"SubjectUserName\": \"user\",\n      \"SubjectUserSid\": \"S-1-5-21-3016438738-995544542-2639181184-1000\"\n    },\n    \"System\": {\n      \"Channel\": \"Security\",\n      \"Computer\": \"WIN-JN0MUCM05TC\",\n      \"Correlation\": null,\n      \"EventID\": 4689,\n      \"EventRecordID\": 5520,\n      \"Execution\": {\n        \"#attributes\": {\n          \"ProcessID\": 4,\n          \"ThreadID\": 64\n        }\n      },\n      \"Keywords\": \"0x8020000000000000\",\n      \"Level\": 0,\n      \"Opcode\": 0,\n      \"Provider\": {\n        \"#attributes\": {\n          \"Guid\": \"54849625-5478-4994-A5BA-3E3B0328C30D\",\n          \"Name\": \"Microsoft-Windows-Security-Auditing\"\n        }\n      },\n      \"Security\": null,\n      \"Task\": 13313,\n      \"TimeCreated\": {\n        \"#attributes\": {\n          \"SystemTime\": \"2021-06-29T13:59:17.135772Z\"\n        }\n      },\n      \"Version\": 0\n    }\n  }\n}"
}============{
  "recordid": "267",
  "channel": "Security",
  "computer": "WIN-JN0MUCM05TC",
  "eventid": "4688",
  "eventrecordid": "5521",
  "execution": {
    "processid": 4,
    "threadid": 64
  },
  "keywords": "0x8020000000000000",
  "level": "0",
  "opcode": "0",
  "provider": {
    "guid": "54849625-5478-4994-A5BA-3E3B0328C30D",
    "name": "Microsoft-Windows-Security-Auditing"
  },
  "task": "13312",
  "timecreated": {
    "systemtime": "2021-06-29T13:59:17.162773Z"
  },
  "version": "1",
  "event_data": {
    "commandline": "c:\\windows\\notepad.exe  file.txt",
    "newprocessid": "0x688",
    "newprocessname": "C:\\Windows\\notepad.exe",
    "processid": "0x934",
    "subjectdomainname": "WIN-JN0MUCM05TC",
    "subjectlogonid": "0x1a85af",
    "subjectusername": "user",
    "subjectusersid": "S-1-5-21-3016438738-995544542-2639181184-1000",
    "tokenelevationtype": "%%1938"
  },
  "message": "A new process has been created.\r\n\r\nSubject:\r\n\tSecurity ID:\t\tS-1-5-21-3016438738-995544542-2639181184-1000\r\n\tAccount Name:\t\tuser\r\n\tAccount Domain:\t\tWIN-JN0MUCM05TC\r\n\tLogon ID:\t\t0x1a85af\r\n\r\nProcess Information:\r\n\tNew Process ID:\t\t0x688\r\n\tNew Process Name:\tC:\\Windows\\notepad.exe\r\n\tToken Elevation Type:\t%%1938\r\n\tCreator Process ID:\t0x934\r\n\r\nToken Elevation Type indicates the type of token that was assigned to the new process in accordance with User Account Control policy.\r\n\r\nType 1 is a full token with no privileges removed or groups disabled.  A full token is only used if User Account Control is disabled or if the user is the built-in Administrator account or a service account.\r\n\r\nType 2 is an elevated token with no privileges removed or groups disabled.  An elevated token is used when User Account Control is enabled and the user chooses to start the program using Run as administrator.  An elevated token is also used when an application is configured to always require administrative privilege or to always require maximum privilege, and the user is a member of the Administrators group.\r\n\r\nType 3 is a limited token with administrative privileges removed and administrative groups disabled.  The limited token is used when User Account Control is enabled, the application does not require administrative privilege, and the user does not choose to start the program using Run as administrator.",
  "raw": "{\n  \"Event\": {\n    \"#attributes\": {\n      \"xmlns\": \"http://schemas.microsoft.com/win/2004/08/events/event\"\n    },\n    \"EventData\": {\n      \"CommandLine\": \"c:\\\\windows\\\\notepad.exe  file.txt\",\n      \"NewProcessId\": \"0x688\",\n      \"NewProcessName\": \"C:\\\\Windows\\\\notepad.exe\",\n      \"ProcessId\": \"0x934\",\n      \"SubjectDomainName\": \"WIN-JN0MUCM05TC\",\n      \"SubjectLogonId\": \"0x1a85af\",\n      \"SubjectUserName\": \"user\",\n      \"SubjectUserSid\": \"S-1-5-21-3016438738-995544542-2639181184-1000\",\n      \"TokenElevationType\": \"%%1938\"\n    },\n    \"System\": {\n      \"Channel\": \"Security\",\n      \"Computer\": \"WIN-JN0MUCM05TC\",\n      \"Correlation\": null,\n      \"EventID\": 4688,\n      \"EventRecordID\": 5521,\n      \"Execution\": {\n        \"#attributes\": {\n          \"ProcessID\": 4,\n          \"ThreadID\": 64\n        }\n      },\n      \"Keywords\": \"0x8020000000000000\",\n      \"Level\": 0,\n      \"Opcode\": 0,\n      \"Provider\": {\n        \"#attributes\": {\n          \"Guid\": \"54849625-5478-4994-A5BA-3E3B0328C30D\",\n          \"Name\": \"Microsoft-Windows-Security-Auditing\"\n        }\n      },\n      \"Security\": null,\n      \"Task\": 13312,\n      \"TimeCreated\": {\n        \"#attributes\": {\n          \"SystemTime\": \"2021-06-29T13:59:17.162773Z\"\n        }\n      },\n      \"Version\": 1\n    }\n  }\n}"
}============{
  "recordid": "268",
  "channel": "Security",
  "computer": "WIN-JN0MUCM05TC",
  "eventid": "4689",
  "eventrecordid": "5522",
  "execution": {
    "processid": 4,
    "threadid": 64
  },
  "keywords": "0x8020000000000000",
  "level": "0",
  "opcode": "0",
  "provider": {
    "guid": "54849625-5478-4994-A5BA-3E3B0328C30D",
    "name": "Microsoft-Windows-Security-Auditing"
  },
  "task": "13313",
  "timecreated": {
    "systemtime": "2021-06-29T13:59:18.862871Z"
  },
  "version": "0",
  "event_data": {
    "processid": "0x938",
    "processname": "C:\\Windows\\System32\\SearchFilterHost.exe",
    "status": "0x0",
    "subjectdomainname": "WORKGROUP",
    "subjectlogonid": "0x3e7",
    "subjectusername": "WIN-JN0MUCM05TC$",
    "subjectusersid": "S-1-5-18"
  },
  "message": "A process has exited.\r\n\r\nSubject:\r\n\tSecurity ID:\t\tS-1-5-18\r\n\tAccount Name:\t\tWIN-JN0MUCM05TC$\r\n\tAccount Domain:\t\tWORKGROUP\r\n\tLogon ID:\t\t0x3e7\r\n\r\nProcess Information:\r\n\tProcess ID:\t0x938\r\n\tProcess Name:\tC:\\Windows\\System32\\SearchFilterHost.exe\r\n\tExit Status:\t0x0",
  "raw": "{\n  \"Event\": {\n    \"#attributes\": {\n      \"xmlns\": \"http://schemas.microsoft.com/win/2004/08/events/event\"\n    },\n    \"EventData\": {\n      \"ProcessId\": \"0x938\",\n      \"ProcessName\": \"C:\\\\Windows\\\\System32\\\\SearchFilterHost.exe\",\n      \"Status\": \"0x0\",\n      \"SubjectDomainName\": \"WORKGROUP\",\n      \"SubjectLogonId\": \"0x3e7\",\n      \"SubjectUserName\": \"WIN-JN0MUCM05TC$\",\n      \"SubjectUserSid\": \"S-1-5-18\"\n    },\n    \"System\": {\n      \"Channel\": \"Security\",\n      \"Computer\": \"WIN-JN0MUCM05TC\",\n      \"Correlation\": null,\n      \"EventID\": 4689,\n      \"EventRecordID\": 5522,\n      \"Execution\": {\n        \"#attributes\": {\n          \"ProcessID\": 4,\n          \"ThreadID\": 64\n        }\n      },\n      \"Keywords\": \"0x8020000000000000\",\n      \"Level\": 0,\n      \"Opcode\": 0,\n      \"Provider\": {\n        \"#attributes\": {\n          \"Guid\": \"54849625-5478-4994-A5BA-3E3B0328C30D\",\n          \"Name\": \"Microsoft-Windows-Security-Auditing\"\n        }\n      },\n      \"Security\": null,\n      \"Task\": 13313,\n      \"TimeCreated\": {\n        \"#attributes\": {\n          \"SystemTime\": \"2021-06-29T13:59:18.862871Z\"\n        }\n      },\n      \"Version\": 0\n    }\n  }\n}"
}============{
  "recordid": "269",
  "channel": "Security",
  "computer": "WIN-JN0MUCM05TC",
  "eventid": "4688",
  "eventrecordid": "5523",
  "execution": {
    "processid": 4,
    "threadid": 64
  },
  "keywords": "0x8020000000000000",
  "level": "0",
  "opcode": "0",
  "provider": {
    "guid": "54849625-5478-4994-A5BA-3E3B0328C30D",
    "name": "Microsoft-Windows-Security-Auditing"
  },
  "task": "13312",
  "timecreated": {
    "systemtime": "2021-06-29T13:59:19.887929Z"
  },
  "version": "1",
  "event_data": {
    "commandline": "C:\\Windows\\system32\\DllHost.exe /Processid:{AB8902B4-09CA-4BB6-B78D-A8F59079A8D5}",
    "newprocessid": "0x9e0",
    "newprocessname": "C:\\Windows\\System32\\dllhost.exe",
    "processid": "0x264",
    "subjectdomainname": "WORKGROUP",
    "subjectlogonid": "0x3e7",
    "subjectusername": "WIN-JN0MUCM05TC$",
    "subjectusersid": "S-1-5-18",
    "tokenelevationtype": "%%1938"
  },
  "message": "A new process has been created.\r\n\r\nSubject:\r\n\tSecurity ID:\t\tS-1-5-18\r\n\tAccount Name:\t\tWIN-JN0MUCM05TC$\r\n\tAccount Domain:\t\tWORKGROUP\r\n\tLogon ID:\t\t0x3e7\r\n\r\nProcess Information:\r\n\tNew Process ID:\t\t0x9e0\r\n\tNew Process Name:\tC:\\Windows\\System32\\dllhost.exe\r\n\tToken Elevation Type:\t%%1938\r\n\tCreator Process ID:\t0x264\r\n\r\nToken Elevation Type indicates the type of token that was assigned to the new process in accordance with User Account Control policy.\r\n\r\nType 1 is a full token with no privileges removed or groups disabled.  A full token is only used if User Account Control is disabled or if the user is the built-in Administrator account or a service account.\r\n\r\nType 2 is an elevated token with no privileges removed or groups disabled.  An elevated token is used when User Account Control is enabled and the user chooses to start the program using Run as administrator.  An elevated token is also used when an application is configured to always require administrative privilege or to always require maximum privilege, and the user is a member of the Administrators group.\r\n\r\nType 3 is a limited token with administrative privileges removed and administrative groups disabled.  The limited token is used when User Account Control is enabled, the application does not require administrative privilege, and the user does not choose to start the program using Run as administrator.",
  "raw": "{\n  \"Event\": {\n    \"#attributes\": {\n      \"xmlns\": \"http://schemas.microsoft.com/win/2004/08/events/event\"\n    },\n    \"EventData\": {\n      \"CommandLine\": \"C:\\\\Windows\\\\system32\\\\DllHost.exe /Processid:{AB8902B4-09CA-4BB6-B78D-A8F59079A8D5}\",\n      \"NewProcessId\": \"0x9e0\",\n      \"NewProcessName\": \"C:\\\\Windows\\\\System32\\\\dllhost.exe\",\n      \"ProcessId\": \"0x264\",\n      \"SubjectDomainName\": \"WORKGROUP\",\n      \"SubjectLogonId\": \"0x3e7\",\n      \"SubjectUserName\": \"WIN-JN0MUCM05TC$\",\n      \"SubjectUserSid\": \"S-1-5-18\",\n      \"TokenElevationType\": \"%%1938\"\n    },\n    \"System\": {\n      \"Channel\": \"Security\",\n      \"Computer\": \"WIN-JN0MUCM05TC\",\n      \"Correlation\": null,\n      \"EventID\": 4688,\n      \"EventRecordID\": 5523,\n      \"Execution\": {\n        \"#attributes\": {\n          \"ProcessID\": 4,\n          \"ThreadID\": 64\n        }\n      },\n      \"Keywords\": \"0x8020000000000000\",\n      \"Level\": 0,\n      \"Opcode\": 0,\n      \"Provider\": {\n        \"#attributes\": {\n          \"Guid\": \"54849625-5478-4994-A5BA-3E3B0328C30D\",\n          \"Name\": \"Microsoft-Windows-Security-Auditing\"\n        }\n      },\n      \"Security\": null,\n      \"Task\": 13312,\n      \"TimeCreated\": {\n        \"#attributes\": {\n          \"SystemTime\": \"2021-06-29T13:59:19.887929Z\"\n        }\n      },\n      \"Version\": 1\n    }\n  }\n}"
}============{
  "recordid": "270",
  "channel": "Security",
  "computer": "WIN-JN0MUCM05TC",
  "eventid": "4689",
  "eventrecordid": "5524",
  "execution": {
    "processid": 4,
    "threadid": 64
  },
  "keywords": "0x8020000000000000",
  "level": "0",
  "opcode": "0",
  "provider": {
    "guid": "54849625-5478-4994-A5BA-3E3B0328C30D",
    "name": "Microsoft-Windows-Security-Auditing"
  },
  "task": "13313",
  "timecreated": {
    "systemtime": "2021-06-29T13:59:20.858985Z"
  },
  "version": "0",
  "event_data": {
    "processid": "0x688",
    "processname": "C:\\Windows\\notepad.exe",
    "status": "0x0",
    "subjectdomainname": "WIN-JN0MUCM05TC",
    "subjectlogonid": "0x1a85af",
    "subjectusername": "user",
    "subjectusersid": "S-1-5-21-3016438738-995544542-2639181184-1000"
  },
  "message": "A process has exited.\r\n\r\nSubject:\r\n\tSecurity ID:\t\tS-1-5-21-3016438738-995544542-2639181184-1000\r\n\tAccount Name:\t\tuser\r\n\tAccount Domain:\t\tWIN-JN0MUCM05TC\r\n\tLogon ID:\t\t0x1a85af\r\n\r\nProcess Information:\r\n\tProcess ID:\t0x688\r\n\tProcess Name:\tC:\\Windows\\notepad.exe\r\n\tExit Status:\t0x0",
  "raw": "{\n  \"Event\": {\n    \"#attributes\": {\n      \"xmlns\": \"http://schemas.microsoft.com/win/2004/08/events/event\"\n    },\n    \"EventData\": {\n      \"ProcessId\": \"0x688\",\n      \"ProcessName\": \"C:\\\\Windows\\\\notepad.exe\",\n      \"Status\": \"0x0\",\n      \"SubjectDomainName\": \"WIN-JN0MUCM05TC\",\n      \"SubjectLogonId\": \"0x1a85af\",\n      \"SubjectUserName\": \"user\",\n      \"SubjectUserSid\": \"S-1-5-21-3016438738-995544542-2639181184-1000\"\n    },\n    \"System\": {\n      \"Channel\": \"Security\",\n      \"Computer\": \"WIN-JN0MUCM05TC\",\n      \"Correlation\": null,\n      \"EventID\": 4689,\n      \"EventRecordID\": 5524,\n      \"Execution\": {\n        \"#attributes\": {\n          \"ProcessID\": 4,\n          \"ThreadID\": 64\n        }\n      },\n      \"Keywords\": \"0x8020000000000000\",\n      \"Level\": 0,\n      \"Opcode\": 0,\n      \"Provider\": {\n        \"#attributes\": {\n          \"Guid\": \"54849625-5478-4994-A5BA-3E3B0328C30D\",\n          \"Name\": \"Microsoft-Windows-Security-Auditing\"\n        }\n      },\n      \"Security\": null,\n      \"Task\": 13313,\n      \"TimeCreated\": {\n        \"#attributes\": {\n          \"SystemTime\": \"2021-06-29T13:59:20.858985Z\"\n        }\n      },\n      \"Version\": 0\n    }\n  }\n}"
}============{
  "recordid": "271",
  "channel": "Security",
  "computer": "WIN-JN0MUCM05TC",
  "eventid": "4689",
  "eventrecordid": "5525",
  "execution": {
    "processid": 4,
    "threadid": 64
  },
  "keywords": "0x8020000000000000",
  "level": "0",
  "opcode": "0",
  "provider": {
    "guid": "54849625-5478-4994-A5BA-3E3B0328C30D",
    "name": "Microsoft-Windows-Security-Auditing"
  },
  "task": "13313",
  "timecreated": {
    "systemtime": "2021-06-29T13:59:22.160059Z"
  },
  "version": "0",
  "event_data": {
    "processid": "0x934",
    "processname": "C:\\Windows\\System32\\cmd.exe",
    "status": "0xc000013a",
    "subjectdomainname": "WIN-JN0MUCM05TC",
    "subjectlogonid": "0x1a85af",
    "subjectusername": "user",
    "subjectusersid": "S-1-5-21-3016438738-995544542-2639181184-1000"
  },
  "message": "A process has exited.\r\n\r\nSubject:\r\n\tSecurity ID:\t\tS-1-5-21-3016438738-995544542-2639181184-1000\r\n\tAccount Name:\t\tuser\r\n\tAccount Domain:\t\tWIN-JN0MUCM05TC\r\n\tLogon ID:\t\t0x1a85af\r\n\r\nProcess Information:\r\n\tProcess ID:\t0x934\r\n\tProcess Name:\tC:\\Windows\\System32\\cmd.exe\r\n\tExit Status:\t0xc000013a",
  "raw": "{\n  \"Event\": {\n    \"#attributes\": {\n      \"xmlns\": \"http://schemas.microsoft.com/win/2004/08/events/event\"\n    },\n    \"EventData\": {\n      \"ProcessId\": \"0x934\",\n      \"ProcessName\": \"C:\\\\Windows\\\\System32\\\\cmd.exe\",\n      \"Status\": \"0xc000013a\",\n      \"SubjectDomainName\": \"WIN-JN0MUCM05TC\",\n      \"SubjectLogonId\": \"0x1a85af\",\n      \"SubjectUserName\": \"user\",\n      \"SubjectUserSid\": \"S-1-5-21-3016438738-995544542-2639181184-1000\"\n    },\n    \"System\": {\n      \"Channel\": \"Security\",\n      \"Computer\": \"WIN-JN0MUCM05TC\",\n      \"Correlation\": null,\n      \"EventID\": 4689,\n      \"EventRecordID\": 5525,\n      \"Execution\": {\n        \"#attributes\": {\n          \"ProcessID\": 4,\n          \"ThreadID\": 64\n        }\n      },\n      \"Keywords\": \"0x8020000000000000\",\n      \"Level\": 0,\n      \"Opcode\": 0,\n      \"Provider\": {\n        \"#attributes\": {\n          \"Guid\": \"54849625-5478-4994-A5BA-3E3B0328C30D\",\n          \"Name\": \"Microsoft-Windows-Security-Auditing\"\n        }\n      },\n      \"Security\": null,\n      \"Task\": 13313,\n      \"TimeCreated\": {\n        \"#attributes\": {\n          \"SystemTime\": \"2021-06-29T13:59:22.160059Z\"\n        }\n      },\n      \"Version\": 0\n    }\n  }\n}"
}============{
  "recordid": "272",
  "channel": "Security",
  "computer": "WIN-JN0MUCM05TC",
  "eventid": "4689",
  "eventrecordid": "5526",
  "execution": {
    "processid": 4,
    "threadid": 64
  },
  "keywords": "0x8020000000000000",
  "level": "0",
  "opcode": "0",
  "provider": {
    "guid": "54849625-5478-4994-A5BA-3E3B0328C30D",
    "name": "Microsoft-Windows-Security-Auditing"
  },
  "task": "13313",
  "timecreated": {
    "systemtime": "2021-06-29T13:59:22.162059Z"
  },
  "version": "0",
  "event_data": {
    "processid": "0x6e8",
    "processname": "C:\\Windows\\System32\\conhost.exe",
    "status": "0x0",
    "subjectdomainname": "WIN-JN0MUCM05TC",
    "subjectlogonid": "0x1a85af",
    "subjectusername": "user",
    "subjectusersid": "S-1-5-21-3016438738-995544542-2639181184-1000"
  },
  "message": "A process has exited.\r\n\r\nSubject:\r\n\tSecurity ID:\t\tS-1-5-21-3016438738-995544542-2639181184-1000\r\n\tAccount Name:\t\tuser\r\n\tAccount Domain:\t\tWIN-JN0MUCM05TC\r\n\tLogon ID:\t\t0x1a85af\r\n\r\nProcess Information:\r\n\tProcess ID:\t0x6e8\r\n\tProcess Name:\tC:\\Windows\\System32\\conhost.exe\r\n\tExit Status:\t0x0",
  "raw": "{\n  \"Event\": {\n    \"#attributes\": {\n      \"xmlns\": \"http://schemas.microsoft.com/win/2004/08/events/event\"\n    },\n    \"EventData\": {\n      \"ProcessId\": \"0x6e8\",\n      \"ProcessName\": \"C:\\\\Windows\\\\System32\\\\conhost.exe\",\n      \"Status\": \"0x0\",\n      \"SubjectDomainName\": \"WIN-JN0MUCM05TC\",\n      \"SubjectLogonId\": \"0x1a85af\",\n      \"SubjectUserName\": \"user\",\n      \"SubjectUserSid\": \"S-1-5-21-3016438738-995544542-2639181184-1000\"\n    },\n    \"System\": {\n      \"Channel\": \"Security\",\n      \"Computer\": \"WIN-JN0MUCM05TC\",\n      \"Correlation\": null,\n      \"EventID\": 4689,\n      \"EventRecordID\": 5526,\n      \"Execution\": {\n        \"#attributes\": {\n          \"ProcessID\": 4,\n          \"ThreadID\": 64\n        }\n      },\n      \"Keywords\": \"0x8020000000000000\",\n      \"Level\": 0,\n      \"Opcode\": 0,\n      \"Provider\": {\n        \"#attributes\": {\n          \"Guid\": \"54849625-5478-4994-A5BA-3E3B0328C30D\",\n          \"Name\": \"Microsoft-Windows-Security-Auditing\"\n        }\n      },\n      \"Security\": null,\n      \"Task\": 13313,\n      \"TimeCreated\": {\n        \"#attributes\": {\n          \"SystemTime\": \"2021-06-29T13:59:22.162059Z\"\n        }\n      },\n      \"Version\": 0\n    }\n  }\n}"
}============{
  "recordid": "273",
  "channel": "Security",
  "computer": "WIN-JN0MUCM05TC",
  "eventid": "4689",
  "eventrecordid": "5527",
  "execution": {
    "processid": 4,
    "threadid": 64
  },
  "keywords": "0x8020000000000000",
  "level": "0",
  "opcode": "0",
  "provider": {
    "guid": "54849625-5478-4994-A5BA-3E3B0328C30D",
    "name": "Microsoft-Windows-Security-Auditing"
  },
  "task": "13313",
  "timecreated": {
    "systemtime": "2021-06-29T13:59:24.918217Z"
  },
  "version": "0",
  "event_data": {
    "processid": "0x9e0",
    "processname": "C:\\Windows\\System32\\dllhost.exe",
    "status": "0x0",
    "subjectdomainname": "WIN-JN0MUCM05TC",
    "subjectlogonid": "0x1a85af",
    "subjectusername": "user",
    "subjectusersid": "S-1-5-21-3016438738-995544542-2639181184-1000"
  },
  "message": "A process has exited.\r\n\r\nSubject:\r\n\tSecurity ID:\t\tS-1-5-21-3016438738-995544542-2639181184-1000\r\n\tAccount Name:\t\tuser\r\n\tAccount Domain:\t\tWIN-JN0MUCM05TC\r\n\tLogon ID:\t\t0x1a85af\r\n\r\nProcess Information:\r\n\tProcess ID:\t0x9e0\r\n\tProcess Name:\tC:\\Windows\\System32\\dllhost.exe\r\n\tExit Status:\t0x0",
  "raw": "{\n  \"Event\": {\n    \"#attributes\": {\n      \"xmlns\": \"http://schemas.microsoft.com/win/2004/08/events/event\"\n    },\n    \"EventData\": {\n      \"ProcessId\": \"0x9e0\",\n      \"ProcessName\": \"C:\\\\Windows\\\\System32\\\\dllhost.exe\",\n      \"Status\": \"0x0\",\n      \"SubjectDomainName\": \"WIN-JN0MUCM05TC\",\n      \"SubjectLogonId\": \"0x1a85af\",\n      \"SubjectUserName\": \"user\",\n      \"SubjectUserSid\": \"S-1-5-21-3016438738-995544542-2639181184-1000\"\n    },\n    \"System\": {\n      \"Channel\": \"Security\",\n      \"Computer\": \"WIN-JN0MUCM05TC\",\n      \"Correlation\": null,\n      \"EventID\": 4689,\n      \"EventRecordID\": 5527,\n      \"Execution\": {\n        \"#attributes\": {\n          \"ProcessID\": 4,\n          \"ThreadID\": 64\n        }\n      },\n      \"Keywords\": \"0x8020000000000000\",\n      \"Level\": 0,\n      \"Opcode\": 0,\n      \"Provider\": {\n        \"#attributes\": {\n          \"Guid\": \"54849625-5478-4994-A5BA-3E3B0328C30D\",\n          \"Name\": \"Microsoft-Windows-Security-Auditing\"\n        }\n      },\n      \"Security\": null,\n      \"Task\": 13313,\n      \"TimeCreated\": {\n        \"#attributes\": {\n          \"SystemTime\": \"2021-06-29T13:59:24.918217Z\"\n        }\n      },\n      \"Version\": 0\n    }\n  }\n}"
}============{
  "recordid": "274",
  "channel": "Security",
  "computer": "WIN-JN0MUCM05TC",
  "eventid": "4688",
  "eventrecordid": "5528",
  "execution": {
    "processid": 4,
    "threadid": 64
  },
  "keywords": "0x8020000000000000",
  "level": "0",
  "opcode": "0",
  "provider": {
    "guid": "54849625-5478-4994-A5BA-3E3B0328C30D",
    "name": "Microsoft-Windows-Security-Auditing"
  },
  "task": "13312",
  "timecreated": {
    "systemtime": "2021-06-29T13:59:26.321297Z"
  },
  "version": "1",
  "event_data": {
    "commandline": "\"LogonUI.exe\" /flags:0x0",
    "newprocessid": "0x948",
    "newprocessname": "C:\\Windows\\System32\\LogonUI.exe",
    "processid": "0x954",
    "subjectdomainname": "WORKGROUP",
    "subjectlogonid": "0x3e7",
    "subjectusername": "WIN-JN0MUCM05TC$",
    "subjectusersid": "S-1-5-18",
    "tokenelevationtype": "%%1936"
  },
  "message": "A new process has been created.\r\n\r\nSubject:\r\n\tSecurity ID:\t\tS-1-5-18\r\n\tAccount Name:\t\tWIN-JN0MUCM05TC$\r\n\tAccount Domain:\t\tWORKGROUP\r\n\tLogon ID:\t\t0x3e7\r\n\r\nProcess Information:\r\n\tNew Process ID:\t\t0x948\r\n\tNew Process Name:\tC:\\Windows\\System32\\LogonUI.exe\r\n\tToken Elevation Type:\t%%1936\r\n\tCreator Process ID:\t0x954\r\n\r\nToken Elevation Type indicates the type of token that was assigned to the new process in accordance with User Account Control policy.\r\n\r\nType 1 is a full token with no privileges removed or groups disabled.  A full token is only used if User Account Control is disabled or if the user is the built-in Administrator account or a service account.\r\n\r\nType 2 is an elevated token with no privileges removed or groups disabled.  An elevated token is used when User Account Control is enabled and the user chooses to start the program using Run as administrator.  An elevated token is also used when an application is configured to always require administrative privilege or to always require maximum privilege, and the user is a member of the Administrators group.\r\n\r\nType 3 is a limited token with administrative privileges removed and administrative groups disabled.  The limited token is used when User Account Control is enabled, the application does not require administrative privilege, and the user does not choose to start the program using Run as administrator.",
  "raw": "{\n  \"Event\": {\n    \"#attributes\": {\n      \"xmlns\": \"http://schemas.microsoft.com/win/2004/08/events/event\"\n    },\n    \"EventData\": {\n      \"CommandLine\": \"\\\"LogonUI.exe\\\" /flags:0x0\",\n      \"NewProcessId\": \"0x948\",\n      \"NewProcessName\": \"C:\\\\Windows\\\\System32\\\\LogonUI.exe\",\n      \"ProcessId\": \"0x954\",\n      \"SubjectDomainName\": \"WORKGROUP\",\n      \"SubjectLogonId\": \"0x3e7\",\n      \"SubjectUserName\": \"WIN-JN0MUCM05TC$\",\n      \"SubjectUserSid\": \"S-1-5-18\",\n      \"TokenElevationType\": \"%%1936\"\n    },\n    \"System\": {\n      \"Channel\": \"Security\",\n      \"Computer\": \"WIN-JN0MUCM05TC\",\n      \"Correlation\": null,\n      \"EventID\": 4688,\n      \"EventRecordID\": 5528,\n      \"Execution\": {\n        \"#attributes\": {\n          \"ProcessID\": 4,\n          \"ThreadID\": 64\n        }\n      },\n      \"Keywords\": \"0x8020000000000000\",\n      \"Level\": 0,\n      \"Opcode\": 0,\n      \"Provider\": {\n        \"#attributes\": {\n          \"Guid\": \"54849625-5478-4994-A5BA-3E3B0328C30D\",\n          \"Name\": \"Microsoft-Windows-Security-Auditing\"\n        }\n      },\n      \"Security\": null,\n      \"Task\": 13312,\n      \"TimeCreated\": {\n        \"#attributes\": {\n          \"SystemTime\": \"2021-06-29T13:59:26.321297Z\"\n        }\n      },\n      \"Version\": 1\n    }\n  }\n}"
}============{
  "recordid": "275",
  "channel": "Security",
  "computer": "WIN-JN0MUCM05TC",
  "eventid": "4689",
  "eventrecordid": "5529",
  "execution": {
    "processid": 4,
    "threadid": 64
  },
  "keywords": "0x8020000000000000",
  "level": "0",
  "opcode": "0",
  "provider": {
    "guid": "54849625-5478-4994-A5BA-3E3B0328C30D",
    "name": "Microsoft-Windows-Security-Auditing"
  },
  "task": "13313",
  "timecreated": {
    "systemtime": "2021-06-29T13:59:26.409302Z"
  },
  "version": "0",
  "event_data": {
    "processid": "0x4e0",
    "processname": "C:\\Windows\\System32\\ctfmon.exe",
    "status": "0x40010004",
    "subjectdomainname": "WIN-JN0MUCM05TC",
    "subjectlogonid": "0x1a85af",
    "subjectusername": "user",
    "subjectusersid": "S-1-5-21-3016438738-995544542-2639181184-1000"
  },
  "message": "A process has exited.\r\n\r\nSubject:\r\n\tSecurity ID:\t\tS-1-5-21-3016438738-995544542-2639181184-1000\r\n\tAccount Name:\t\tuser\r\n\tAccount Domain:\t\tWIN-JN0MUCM05TC\r\n\tLogon ID:\t\t0x1a85af\r\n\r\nProcess Information:\r\n\tProcess ID:\t0x4e0\r\n\tProcess Name:\tC:\\Windows\\System32\\ctfmon.exe\r\n\tExit Status:\t0x40010004",
  "raw": "{\n  \"Event\": {\n    \"#attributes\": {\n      \"xmlns\": \"http://schemas.microsoft.com/win/2004/08/events/event\"\n    },\n    \"EventData\": {\n      \"ProcessId\": \"0x4e0\",\n      \"ProcessName\": \"C:\\\\Windows\\\\System32\\\\ctfmon.exe\",\n      \"Status\": \"0x40010004\",\n      \"SubjectDomainName\": \"WIN-JN0MUCM05TC\",\n      \"SubjectLogonId\": \"0x1a85af\",\n      \"SubjectUserName\": \"user\",\n      \"SubjectUserSid\": \"S-1-5-21-3016438738-995544542-2639181184-1000\"\n    },\n    \"System\": {\n      \"Channel\": \"Security\",\n      \"Computer\": \"WIN-JN0MUCM05TC\",\n      \"Correlation\": null,\n      \"EventID\": 4689,\n      \"EventRecordID\": 5529,\n      \"Execution\": {\n        \"#attributes\": {\n          \"ProcessID\": 4,\n          \"ThreadID\": 64\n        }\n      },\n      \"Keywords\": \"0x8020000000000000\",\n      \"Level\": 0,\n      \"Opcode\": 0,\n      \"Provider\": {\n        \"#attributes\": {\n          \"Guid\": \"54849625-5478-4994-A5BA-3E3B0328C30D\",\n          \"Name\": \"Microsoft-Windows-Security-Auditing\"\n        }\n      },\n      \"Security\": null,\n      \"Task\": 13313,\n      \"TimeCreated\": {\n        \"#attributes\": {\n          \"SystemTime\": \"2021-06-29T13:59:26.409302Z\"\n        }\n      },\n      \"Version\": 0\n    }\n  }\n}"
}============{
  "recordid": "276",
  "channel": "Security",
  "computer": "WIN-JN0MUCM05TC",
  "eventid": "4689",
  "eventrecordid": "5530",
  "execution": {
    "processid": 4,
    "threadid": 64
  },
  "keywords": "0x8020000000000000",
  "level": "0",
  "opcode": "0",
  "provider": {
    "guid": "54849625-5478-4994-A5BA-3E3B0328C30D",
    "name": "Microsoft-Windows-Security-Auditing"
  },
  "task": "13313",
  "timecreated": {
    "systemtime": "2021-06-29T13:59:26.493307Z"
  },
  "version": "0",
  "event_data": {
    "processid": "0x9d0",
    "processname": "C:\\Program Files\\VMware\\VMware Tools\\vmtoolsd.exe",
    "status": "0x0",
    "subjectdomainname": "WIN-JN0MUCM05TC",
    "subjectlogonid": "0x1a85af",
    "subjectusername": "user",
    "subjectusersid": "S-1-5-21-3016438738-995544542-2639181184-1000"
  },
  "message": "A process has exited.\r\n\r\nSubject:\r\n\tSecurity ID:\t\tS-1-5-21-3016438738-995544542-2639181184-1000\r\n\tAccount Name:\t\tuser\r\n\tAccount Domain:\t\tWIN-JN0MUCM05TC\r\n\tLogon ID:\t\t0x1a85af\r\n\r\nProcess Information:\r\n\tProcess ID:\t0x9d0\r\n\tProcess Name:\tC:\\Program Files\\VMware\\VMware Tools\\vmtoolsd.exe\r\n\tExit Status:\t0x0",
  "raw": "{\n  \"Event\": {\n    \"#attributes\": {\n      \"xmlns\": \"http://schemas.microsoft.com/win/2004/08/events/event\"\n    },\n    \"EventData\": {\n      \"ProcessId\": \"0x9d0\",\n      \"ProcessName\": \"C:\\\\Program Files\\\\VMware\\\\VMware Tools\\\\vmtoolsd.exe\",\n      \"Status\": \"0x0\",\n      \"SubjectDomainName\": \"WIN-JN0MUCM05TC\",\n      \"SubjectLogonId\": \"0x1a85af\",\n      \"SubjectUserName\": \"user\",\n      \"SubjectUserSid\": \"S-1-5-21-3016438738-995544542-2639181184-1000\"\n    },\n    \"System\": {\n      \"Channel\": \"Security\",\n      \"Computer\": \"WIN-JN0MUCM05TC\",\n      \"Correlation\": null,\n      \"EventID\": 4689,\n      \"EventRecordID\": 5530,\n      \"Execution\": {\n        \"#attributes\": {\n          \"ProcessID\": 4,\n          \"ThreadID\": 64\n        }\n      },\n      \"Keywords\": \"0x8020000000000000\",\n      \"Level\": 0,\n      \"Opcode\": 0,\n      \"Provider\": {\n        \"#attributes\": {\n          \"Guid\": \"54849625-5478-4994-A5BA-3E3B0328C30D\",\n          \"Name\": \"Microsoft-Windows-Security-Auditing\"\n        }\n      },\n      \"Security\": null,\n      \"Task\": 13313,\n      \"TimeCreated\": {\n        \"#attributes\": {\n          \"SystemTime\": \"2021-06-29T13:59:26.493307Z\"\n        }\n      },\n      \"Version\": 0\n    }\n  }\n}"
}============{
  "recordid": "277",
  "channel": "Security",
  "computer": "WIN-JN0MUCM05TC",
  "eventid": "4689",
  "eventrecordid": "5531",
  "execution": {
    "processid": 4,
    "threadid": 64
  },
  "keywords": "0x8020000000000000",
  "level": "0",
  "opcode": "0",
  "provider": {
    "guid": "54849625-5478-4994-A5BA-3E3B0328C30D",
    "name": "Microsoft-Windows-Security-Auditing"
  },
  "task": "13313",
  "timecreated": {
    "systemtime": "2021-06-29T13:59:26.499307Z"
  },
  "version": "0",
  "event_data": {
    "processid": "0xb34",
    "processname": "C:\\Windows\\System32\\vm3dservice.exe",
    "status": "0x40010004",
    "subjectdomainname": "WIN-JN0MUCM05TC",
    "subjectlogonid": "0x1a85af",
    "subjectusername": "user",
    "subjectusersid": "S-1-5-21-3016438738-995544542-2639181184-1000"
  },
  "message": "A process has exited.\r\n\r\nSubject:\r\n\tSecurity ID:\t\tS-1-5-21-3016438738-995544542-2639181184-1000\r\n\tAccount Name:\t\tuser\r\n\tAccount Domain:\t\tWIN-JN0MUCM05TC\r\n\tLogon ID:\t\t0x1a85af\r\n\r\nProcess Information:\r\n\tProcess ID:\t0xb34\r\n\tProcess Name:\tC:\\Windows\\System32\\vm3dservice.exe\r\n\tExit Status:\t0x40010004",
  "raw": "{\n  \"Event\": {\n    \"#attributes\": {\n      \"xmlns\": \"http://schemas.microsoft.com/win/2004/08/events/event\"\n    },\n    \"EventData\": {\n      \"ProcessId\": \"0xb34\",\n      \"ProcessName\": \"C:\\\\Windows\\\\System32\\\\vm3dservice.exe\",\n      \"Status\": \"0x40010004\",\n      \"SubjectDomainName\": \"WIN-JN0MUCM05TC\",\n      \"SubjectLogonId\": \"0x1a85af\",\n      \"SubjectUserName\": \"user\",\n      \"SubjectUserSid\": \"S-1-5-21-3016438738-995544542-2639181184-1000\"\n    },\n    \"System\": {\n      \"Channel\": \"Security\",\n      \"Computer\": \"WIN-JN0MUCM05TC\",\n      \"Correlation\": null,\n      \"EventID\": 4689,\n      \"EventRecordID\": 5531,\n      \"Execution\": {\n        \"#attributes\": {\n          \"ProcessID\": 4,\n          \"ThreadID\": 64\n        }\n      },\n      \"Keywords\": \"0x8020000000000000\",\n      \"Level\": 0,\n      \"Opcode\": 0,\n      \"Provider\": {\n        \"#attributes\": {\n          \"Guid\": \"54849625-5478-4994-A5BA-3E3B0328C30D\",\n          \"Name\": \"Microsoft-Windows-Security-Auditing\"\n        }\n      },\n      \"Security\": null,\n      \"Task\": 13313,\n      \"TimeCreated\": {\n        \"#attributes\": {\n          \"SystemTime\": \"2021-06-29T13:59:26.499307Z\"\n        }\n      },\n      \"Version\": 0\n    }\n  }\n}"
}============{
  "recordid": "278",
  "channel": "Security",
  "computer": "WIN-JN0MUCM05TC",
  "eventid": "4689",
  "eventrecordid": "5532",
  "execution": {
    "processid": 4,
    "threadid": 64
  },
  "keywords": "0x8020000000000000",
  "level": "0",
  "opcode": "0",
  "provider": {
    "guid": "54849625-5478-4994-A5BA-3E3B0328C30D",
    "name": "Microsoft-Windows-Security-Auditing"
  },
  "task": "13313",
  "timecreated": {
    "systemtime": "2021-06-29T13:59:26.506308Z"
  },
  "version": "0",
  "event_data": {
    "processid": "0xb84",
    "processname": "C:\\Windows\\System32\\rdpclip.exe",
    "status": "0x40010004",
    "subjectdomainname": "WIN-JN0MUCM05TC",
    "subjectlogonid": "0x1a85af",
    "subjectusername": "user",
    "subjectusersid": "S-1-5-21-3016438738-995544542-2639181184-1000"
  },
  "message": "A process has exited.\r\n\r\nSubject:\r\n\tSecurity ID:\t\tS-1-5-21-3016438738-995544542-2639181184-1000\r\n\tAccount Name:\t\tuser\r\n\tAccount Domain:\t\tWIN-JN0MUCM05TC\r\n\tLogon ID:\t\t0x1a85af\r\n\r\nProcess Information:\r\n\tProcess ID:\t0xb84\r\n\tProcess Name:\tC:\\Windows\\System32\\rdpclip.exe\r\n\tExit Status:\t0x40010004",
  "raw": "{\n  \"Event\": {\n    \"#attributes\": {\n      \"xmlns\": \"http://schemas.microsoft.com/win/2004/08/events/event\"\n    },\n    \"EventData\": {\n      \"ProcessId\": \"0xb84\",\n      \"ProcessName\": \"C:\\\\Windows\\\\System32\\\\rdpclip.exe\",\n      \"Status\": \"0x40010004\",\n      \"SubjectDomainName\": \"WIN-JN0MUCM05TC\",\n      \"SubjectLogonId\": \"0x1a85af\",\n      \"SubjectUserName\": \"user\",\n      \"SubjectUserSid\": \"S-1-5-21-3016438738-995544542-2639181184-1000\"\n    },\n    \"System\": {\n      \"Channel\": \"Security\",\n      \"Computer\": \"WIN-JN0MUCM05TC\",\n      \"Correlation\": null,\n      \"EventID\": 4689,\n      \"EventRecordID\": 5532,\n      \"Execution\": {\n        \"#attributes\": {\n          \"ProcessID\": 4,\n          \"ThreadID\": 64\n        }\n      },\n      \"Keywords\": \"0x8020000000000000\",\n      \"Level\": 0,\n      \"Opcode\": 0,\n      \"Provider\": {\n        \"#attributes\": {\n          \"Guid\": \"54849625-5478-4994-A5BA-3E3B0328C30D\",\n          \"Name\": \"Microsoft-Windows-Security-Auditing\"\n        }\n      },\n      \"Security\": null,\n      \"Task\": 13313,\n      \"TimeCreated\": {\n        \"#attributes\": {\n          \"SystemTime\": \"2021-06-29T13:59:26.506308Z\"\n        }\n      },\n      \"Version\": 0\n    }\n  }\n}"
}============{
  "recordid": "279",
  "channel": "Security",
  "computer": "WIN-JN0MUCM05TC",
  "eventid": "4689",
  "eventrecordid": "5533",
  "execution": {
    "processid": 4,
    "threadid": 64
  },
  "keywords": "0x8020000000000000",
  "level": "0",
  "opcode": "0",
  "provider": {
    "guid": "54849625-5478-4994-A5BA-3E3B0328C30D",
    "name": "Microsoft-Windows-Security-Auditing"
  },
  "task": "13313",
  "timecreated": {
    "systemtime": "2021-06-29T13:59:27.809382Z"
  },
  "version": "0",
  "event_data": {
    "processid": "0xb80",
    "processname": "C:\\Windows\\explorer.exe",
    "status": "0x40010004",
    "subjectdomainname": "WIN-JN0MUCM05TC",
    "subjectlogonid": "0x1a85af",
    "subjectusername": "user",
    "subjectusersid": "S-1-5-21-3016438738-995544542-2639181184-1000"
  },
  "message": "A process has exited.\r\n\r\nSubject:\r\n\tSecurity ID:\t\tS-1-5-21-3016438738-995544542-2639181184-1000\r\n\tAccount Name:\t\tuser\r\n\tAccount Domain:\t\tWIN-JN0MUCM05TC\r\n\tLogon ID:\t\t0x1a85af\r\n\r\nProcess Information:\r\n\tProcess ID:\t0xb80\r\n\tProcess Name:\tC:\\Windows\\explorer.exe\r\n\tExit Status:\t0x40010004",
  "raw": "{\n  \"Event\": {\n    \"#attributes\": {\n      \"xmlns\": \"http://schemas.microsoft.com/win/2004/08/events/event\"\n    },\n    \"EventData\": {\n      \"ProcessId\": \"0xb80\",\n      \"ProcessName\": \"C:\\\\Windows\\\\explorer.exe\",\n      \"Status\": \"0x40010004\",\n      \"SubjectDomainName\": \"WIN-JN0MUCM05TC\",\n      \"SubjectLogonId\": \"0x1a85af\",\n      \"SubjectUserName\": \"user\",\n      \"SubjectUserSid\": \"S-1-5-21-3016438738-995544542-2639181184-1000\"\n    },\n    \"System\": {\n      \"Channel\": \"Security\",\n      \"Computer\": \"WIN-JN0MUCM05TC\",\n      \"Correlation\": null,\n      \"EventID\": 4689,\n      \"EventRecordID\": 5533,\n      \"Execution\": {\n        \"#attributes\": {\n          \"ProcessID\": 4,\n          \"ThreadID\": 64\n        }\n      },\n      \"Keywords\": \"0x8020000000000000\",\n      \"Level\": 0,\n      \"Opcode\": 0,\n      \"Provider\": {\n        \"#attributes\": {\n          \"Guid\": \"54849625-5478-4994-A5BA-3E3B0328C30D\",\n          \"Name\": \"Microsoft-Windows-Security-Auditing\"\n        }\n      },\n      \"Security\": null,\n      \"Task\": 13313,\n      \"TimeCreated\": {\n        \"#attributes\": {\n          \"SystemTime\": \"2021-06-29T13:59:27.809382Z\"\n        }\n      },\n      \"Version\": 0\n    }\n  }\n}"
}============{
  "recordid": "280",
  "channel": "Security",
  "computer": "WIN-JN0MUCM05TC",
  "eventid": "4689",
  "eventrecordid": "5534",
  "execution": {
    "processid": 4,
    "threadid": 64
  },
  "keywords": "0x8020000000000000",
  "level": "0",
  "opcode": "0",
  "provider": {
    "guid": "54849625-5478-4994-A5BA-3E3B0328C30D",
    "name": "Microsoft-Windows-Security-Auditing"
  },
  "task": "13313",
  "timecreated": {
    "systemtime": "2021-06-29T13:59:27.835384Z"
  },
  "version": "0",
  "event_data": {
    "processid": "0xbf4",
    "processname": "C:\\Windows\\System32\\taskhost.exe",
    "status": "0x40010004",
    "subjectdomainname": "WIN-JN0MUCM05TC",
    "subjectlogonid": "0x1a85af",
    "subjectusername": "user",
    "subjectusersid": "S-1-5-21-3016438738-995544542-2639181184-1000"
  },
  "message": "A process has exited.\r\n\r\nSubject:\r\n\tSecurity ID:\t\tS-1-5-21-3016438738-995544542-2639181184-1000\r\n\tAccount Name:\t\tuser\r\n\tAccount Domain:\t\tWIN-JN0MUCM05TC\r\n\tLogon ID:\t\t0x1a85af\r\n\r\nProcess Information:\r\n\tProcess ID:\t0xbf4\r\n\tProcess Name:\tC:\\Windows\\System32\\taskhost.exe\r\n\tExit Status:\t0x40010004",
  "raw": "{\n  \"Event\": {\n    \"#attributes\": {\n      \"xmlns\": \"http://schemas.microsoft.com/win/2004/08/events/event\"\n    },\n    \"EventData\": {\n      \"ProcessId\": \"0xbf4\",\n      \"ProcessName\": \"C:\\\\Windows\\\\System32\\\\taskhost.exe\",\n      \"Status\": \"0x40010004\",\n      \"SubjectDomainName\": \"WIN-JN0MUCM05TC\",\n      \"SubjectLogonId\": \"0x1a85af\",\n      \"SubjectUserName\": \"user\",\n      \"SubjectUserSid\": \"S-1-5-21-3016438738-995544542-2639181184-1000\"\n    },\n    \"System\": {\n      \"Channel\": \"Security\",\n      \"Computer\": \"WIN-JN0MUCM05TC\",\n      \"Correlation\": null,\n      \"EventID\": 4689,\n      \"EventRecordID\": 5534,\n      \"Execution\": {\n        \"#attributes\": {\n          \"ProcessID\": 4,\n          \"ThreadID\": 64\n        }\n      },\n      \"Keywords\": \"0x8020000000000000\",\n      \"Level\": 0,\n      \"Opcode\": 0,\n      \"Provider\": {\n        \"#attributes\": {\n          \"Guid\": \"54849625-5478-4994-A5BA-3E3B0328C30D\",\n          \"Name\": \"Microsoft-Windows-Security-Auditing\"\n        }\n      },\n      \"Security\": null,\n      \"Task\": 13313,\n      \"TimeCreated\": {\n        \"#attributes\": {\n          \"SystemTime\": \"2021-06-29T13:59:27.835384Z\"\n        }\n      },\n      \"Version\": 0\n    }\n  }\n}"
}============{
  "recordid": "281",
  "channel": "Security",
  "computer": "WIN-JN0MUCM05TC",
  "eventid": "4689",
  "eventrecordid": "5535",
  "execution": {
    "processid": 4,
    "threadid": 64
  },
  "keywords": "0x8020000000000000",
  "level": "0",
  "opcode": "0",
  "provider": {
    "guid": "54849625-5478-4994-A5BA-3E3B0328C30D",
    "name": "Microsoft-Windows-Security-Auditing"
  },
  "task": "13313",
  "timecreated": {
    "systemtime": "2021-06-29T13:59:28.444419Z"
  },
  "version": "0",
  "event_data": {
    "processid": "0x8c4",
    "processname": "C:\\Windows\\System32\\dwm.exe",
    "status": "0x40010004",
    "subjectdomainname": "WIN-JN0MUCM05TC",
    "subjectlogonid": "0x1a85af",
    "subjectusername": "user",
    "subjectusersid": "S-1-5-21-3016438738-995544542-2639181184-1000"
  },
  "message": "A process has exited.\r\n\r\nSubject:\r\n\tSecurity ID:\t\tS-1-5-21-3016438738-995544542-2639181184-1000\r\n\tAccount Name:\t\tuser\r\n\tAccount Domain:\t\tWIN-JN0MUCM05TC\r\n\tLogon ID:\t\t0x1a85af\r\n\r\nProcess Information:\r\n\tProcess ID:\t0x8c4\r\n\tProcess Name:\tC:\\Windows\\System32\\dwm.exe\r\n\tExit Status:\t0x40010004",
  "raw": "{\n  \"Event\": {\n    \"#attributes\": {\n      \"xmlns\": \"http://schemas.microsoft.com/win/2004/08/events/event\"\n    },\n    \"EventData\": {\n      \"ProcessId\": \"0x8c4\",\n      \"ProcessName\": \"C:\\\\Windows\\\\System32\\\\dwm.exe\",\n      \"Status\": \"0x40010004\",\n      \"SubjectDomainName\": \"WIN-JN0MUCM05TC\",\n      \"SubjectLogonId\": \"0x1a85af\",\n      \"SubjectUserName\": \"user\",\n      \"SubjectUserSid\": \"S-1-5-21-3016438738-995544542-2639181184-1000\"\n    },\n    \"System\": {\n      \"Channel\": \"Security\",\n      \"Computer\": \"WIN-JN0MUCM05TC\",\n      \"Correlation\": null,\n      \"EventID\": 4689,\n      \"EventRecordID\": 5535,\n      \"Execution\": {\n        \"#attributes\": {\n          \"ProcessID\": 4,\n          \"ThreadID\": 64\n        }\n      },\n      \"Keywords\": \"0x8020000000000000\",\n      \"Level\": 0,\n      \"Opcode\": 0,\n      \"Provider\": {\n        \"#attributes\": {\n          \"Guid\": \"54849625-5478-4994-A5BA-3E3B0328C30D\",\n          \"Name\": \"Microsoft-Windows-Security-Auditing\"\n        }\n      },\n      \"Security\": null,\n      \"Task\": 13313,\n      \"TimeCreated\": {\n        \"#attributes\": {\n          \"SystemTime\": \"2021-06-29T13:59:28.444419Z\"\n        }\n      },\n      \"Version\": 0\n    }\n  }\n}"
}============{
  "recordid": "282",
  "channel": "Security",
  "computer": "WIN-JN0MUCM05TC",
  "eventid": "4647",
