  "eventrecordid": "5394",
  "execution": {
    "processid": 4,
    "threadid": 64
  },
  "keywords": "0x8020000000000000",
  "level": "0",
  "opcode": "0",
  "provider": {
    "guid": "54849625-5478-4994-A5BA-3E3B0328C30D",
    "name": "Microsoft-Windows-Security-Auditing"
  },
  "task": "12800",
  "timecreated": {
    "systemtime": "2021-06-29T13:56:14.720338Z"
  },
  "version": "0",
  "event_data": {
    "accesslist": "%%1538\r\n\t\t\t\t",
    "accessmask": "0x20000",
    "handleid": "0xbfc",
    "objectname": "C:\\Users\\user\\The X-Files\\Documents.txt",
    "objectserver": "Security",
    "objecttype": "File",
    "processid": "0xb80",
    "processname": "C:\\Windows\\explorer.exe",
    "subjectdomainname": "WIN-JN0MUCM05TC",
    "subjectlogonid": "0x1a85af",
    "subjectusername": "user",
    "subjectusersid": "S-1-5-21-3016438738-995544542-2639181184-1000"
  },
  "message": "An attempt was made to access an object.\r\n\r\nSubject:\r\n\tSecurity ID:\t\tS-1-5-21-3016438738-995544542-2639181184-1000\r\n\tAccount Name:\t\tuser\r\n\tAccount Domain:\t\tWIN-JN0MUCM05TC\r\n\tLogon ID:\t\t0x1a85af\r\n\r\nObject:\r\n\tObject Server:\tSecurity\r\n\tObject Type:\tFile\r\n\tObject Name:\tC:\\Users\\user\\The X-Files\\Documents.txt\r\n\tHandle ID:\t0xbfc\r\n\r\nProcess Information:\r\n\tProcess ID:\t0xb80\r\n\tProcess Name:\tC:\\Windows\\explorer.exe\r\n\r\nAccess Request Information:\r\n\tAccesses:\t%%1538\r\n\t\t\t\t\r\n\tAccess Mask:\t0x20000",
  "raw": "{\n  \"Event\": {\n    \"#attributes\": {\n      \"xmlns\": \"http://schemas.microsoft.com/win/2004/08/events/event\"\n    },\n    \"EventData\": {\n      \"AccessList\": \"%%1538\\r\\n\\t\\t\\t\\t\",\n      \"AccessMask\": \"0x20000\",\n      \"HandleId\": \"0xbfc\",\n      \"ObjectName\": \"C:\\\\Users\\\\user\\\\The X-Files\\\\Documents.txt\",\n      \"ObjectServer\": \"Security\",\n      \"ObjectType\": \"File\",\n      \"ProcessId\": \"0xb80\",\n      \"ProcessName\": \"C:\\\\Windows\\\\explorer.exe\",\n      \"SubjectDomainName\": \"WIN-JN0MUCM05TC\",\n      \"SubjectLogonId\": \"0x1a85af\",\n      \"SubjectUserName\": \"user\",\n      \"SubjectUserSid\": \"S-1-5-21-3016438738-995544542-2639181184-1000\"\n    },\n    \"System\": {\n      \"Channel\": \"Security\",\n      \"Computer\": \"WIN-JN0MUCM05TC\",\n      \"Correlation\": null,\n      \"EventID\": 4663,\n      \"EventRecordID\": 5394,\n      \"Execution\": {\n        \"#attributes\": {\n          \"ProcessID\": 4,\n          \"ThreadID\": 64\n        }\n      },\n      \"Keywords\": \"0x8020000000000000\",\n      \"Level\": 0,\n      \"Opcode\": 0,\n      \"Provider\": {\n        \"#attributes\": {\n          \"Guid\": \"54849625-5478-4994-A5BA-3E3B0328C30D\",\n          \"Name\": \"Microsoft-Windows-Security-Auditing\"\n        }\n      },\n      \"Security\": null,\n      \"Task\": 12800,\n      \"TimeCreated\": {\n        \"#attributes\": {\n          \"SystemTime\": \"2021-06-29T13:56:14.720338Z\"\n        }\n      },\n      \"Version\": 0\n    }\n  }\n}"
}============{
  "recordid": "141",
  "channel": "Security",
  "computer": "WIN-JN0MUCM05TC",
  "eventid": "4663",
  "eventrecordid": "5395",
  "execution": {
    "processid": 4,
    "threadid": 64
  },
  "keywords": "0x8020000000000000",
  "level": "0",
  "opcode": "0",
  "provider": {
    "guid": "54849625-5478-4994-A5BA-3E3B0328C30D",
    "name": "Microsoft-Windows-Security-Auditing"
  },
  "task": "12800",
  "timecreated": {
    "systemtime": "2021-06-29T13:56:14.723338Z"
  },
  "version": "0",
  "event_data": {
    "accesslist": "%%1538\r\n\t\t\t\t",
    "accessmask": "0x20000",
    "handleid": "0xbfc",
    "objectname": "C:\\Users\\user\\The X-Files\\Big Plan.txt",
    "objectserver": "Security",
    "objecttype": "File",
    "processid": "0xb80",
    "processname": "C:\\Windows\\explorer.exe",
    "subjectdomainname": "WIN-JN0MUCM05TC",
    "subjectlogonid": "0x1a85af",
    "subjectusername": "user",
    "subjectusersid": "S-1-5-21-3016438738-995544542-2639181184-1000"
  },
  "message": "An attempt was made to access an object.\r\n\r\nSubject:\r\n\tSecurity ID:\t\tS-1-5-21-3016438738-995544542-2639181184-1000\r\n\tAccount Name:\t\tuser\r\n\tAccount Domain:\t\tWIN-JN0MUCM05TC\r\n\tLogon ID:\t\t0x1a85af\r\n\r\nObject:\r\n\tObject Server:\tSecurity\r\n\tObject Type:\tFile\r\n\tObject Name:\tC:\\Users\\user\\The X-Files\\Big Plan.txt\r\n\tHandle ID:\t0xbfc\r\n\r\nProcess Information:\r\n\tProcess ID:\t0xb80\r\n\tProcess Name:\tC:\\Windows\\explorer.exe\r\n\r\nAccess Request Information:\r\n\tAccesses:\t%%1538\r\n\t\t\t\t\r\n\tAccess Mask:\t0x20000",
  "raw": "{\n  \"Event\": {\n    \"#attributes\": {\n      \"xmlns\": \"http://schemas.microsoft.com/win/2004/08/events/event\"\n    },\n    \"EventData\": {\n      \"AccessList\": \"%%1538\\r\\n\\t\\t\\t\\t\",\n      \"AccessMask\": \"0x20000\",\n      \"HandleId\": \"0xbfc\",\n      \"ObjectName\": \"C:\\\\Users\\\\user\\\\The X-Files\\\\Big Plan.txt\",\n      \"ObjectServer\": \"Security\",\n      \"ObjectType\": \"File\",\n      \"ProcessId\": \"0xb80\",\n      \"ProcessName\": \"C:\\\\Windows\\\\explorer.exe\",\n      \"SubjectDomainName\": \"WIN-JN0MUCM05TC\",\n      \"SubjectLogonId\": \"0x1a85af\",\n      \"SubjectUserName\": \"user\",\n      \"SubjectUserSid\": \"S-1-5-21-3016438738-995544542-2639181184-1000\"\n    },\n    \"System\": {\n      \"Channel\": \"Security\",\n      \"Computer\": \"WIN-JN0MUCM05TC\",\n      \"Correlation\": null,\n      \"EventID\": 4663,\n      \"EventRecordID\": 5395,\n      \"Execution\": {\n        \"#attributes\": {\n          \"ProcessID\": 4,\n          \"ThreadID\": 64\n        }\n      },\n      \"Keywords\": \"0x8020000000000000\",\n      \"Level\": 0,\n      \"Opcode\": 0,\n      \"Provider\": {\n        \"#attributes\": {\n          \"Guid\": \"54849625-5478-4994-A5BA-3E3B0328C30D\",\n          \"Name\": \"Microsoft-Windows-Security-Auditing\"\n        }\n      },\n      \"Security\": null,\n      \"Task\": 12800,\n      \"TimeCreated\": {\n        \"#attributes\": {\n          \"SystemTime\": \"2021-06-29T13:56:14.723338Z\"\n        }\n      },\n      \"Version\": 0\n    }\n  }\n}"
}============{
  "recordid": "142",
  "channel": "Security",
  "computer": "WIN-JN0MUCM05TC",
  "eventid": "4689",
  "eventrecordid": "5396",
  "execution": {
    "processid": 4,
    "threadid": 64
  },
  "keywords": "0x8020000000000000",
  "level": "0",
  "opcode": "0",
  "provider": {
    "guid": "54849625-5478-4994-A5BA-3E3B0328C30D",
    "name": "Microsoft-Windows-Security-Auditing"
  },
  "task": "13313",
  "timecreated": {
    "systemtime": "2021-06-29T13:56:15.644391Z"
  },
  "version": "0",
  "event_data": {
    "processid": "0xbd8",
    "processname": "C:\\Windows\\System32\\userinit.exe",
    "status": "0x0",
    "subjectdomainname": "WIN-JN0MUCM05TC",
    "subjectlogonid": "0x1a85af",
    "subjectusername": "user",
    "subjectusersid": "S-1-5-21-3016438738-995544542-2639181184-1000"
  },
  "message": "A process has exited.\r\n\r\nSubject:\r\n\tSecurity ID:\t\tS-1-5-21-3016438738-995544542-2639181184-1000\r\n\tAccount Name:\t\tuser\r\n\tAccount Domain:\t\tWIN-JN0MUCM05TC\r\n\tLogon ID:\t\t0x1a85af\r\n\r\nProcess Information:\r\n\tProcess ID:\t0xbd8\r\n\tProcess Name:\tC:\\Windows\\System32\\userinit.exe\r\n\tExit Status:\t0x0",
  "raw": "{\n  \"Event\": {\n    \"#attributes\": {\n      \"xmlns\": \"http://schemas.microsoft.com/win/2004/08/events/event\"\n    },\n    \"EventData\": {\n      \"ProcessId\": \"0xbd8\",\n      \"ProcessName\": \"C:\\\\Windows\\\\System32\\\\userinit.exe\",\n      \"Status\": \"0x0\",\n      \"SubjectDomainName\": \"WIN-JN0MUCM05TC\",\n      \"SubjectLogonId\": \"0x1a85af\",\n      \"SubjectUserName\": \"user\",\n      \"SubjectUserSid\": \"S-1-5-21-3016438738-995544542-2639181184-1000\"\n    },\n    \"System\": {\n      \"Channel\": \"Security\",\n      \"Computer\": \"WIN-JN0MUCM05TC\",\n      \"Correlation\": null,\n      \"EventID\": 4689,\n      \"EventRecordID\": 5396,\n      \"Execution\": {\n        \"#attributes\": {\n          \"ProcessID\": 4,\n          \"ThreadID\": 64\n        }\n      },\n      \"Keywords\": \"0x8020000000000000\",\n      \"Level\": 0,\n      \"Opcode\": 0,\n      \"Provider\": {\n        \"#attributes\": {\n          \"Guid\": \"54849625-5478-4994-A5BA-3E3B0328C30D\",\n          \"Name\": \"Microsoft-Windows-Security-Auditing\"\n        }\n      },\n      \"Security\": null,\n      \"Task\": 13313,\n      \"TimeCreated\": {\n        \"#attributes\": {\n          \"SystemTime\": \"2021-06-29T13:56:15.644391Z\"\n        }\n      },\n      \"Version\": 0\n    }\n  }\n}"
}============{
  "recordid": "143",
  "channel": "Security",
  "computer": "WIN-JN0MUCM05TC",
  "eventid": "4663",
  "eventrecordid": "5397",
  "execution": {
    "processid": 4,
    "threadid": 64
  },
  "keywords": "0x8020000000000000",
  "level": "0",
  "opcode": "0",
  "provider": {
    "guid": "54849625-5478-4994-A5BA-3E3B0328C30D",
    "name": "Microsoft-Windows-Security-Auditing"
  },
  "task": "12800",
  "timecreated": {
    "systemtime": "2021-06-29T13:56:16.040414Z"
  },
  "version": "0",
  "event_data": {
    "accesslist": "%%1538\r\n\t\t\t\t",
    "accessmask": "0x20000",
    "handleid": "0xe34",
    "objectname": "C:\\Users\\user\\The X-Files\\Big Plan.txt",
    "objectserver": "Security",
    "objecttype": "File",
    "processid": "0xb80",
    "processname": "C:\\Windows\\explorer.exe",
    "subjectdomainname": "WIN-JN0MUCM05TC",
    "subjectlogonid": "0x1a85af",
    "subjectusername": "user",
    "subjectusersid": "S-1-5-21-3016438738-995544542-2639181184-1000"
  },
  "message": "An attempt was made to access an object.\r\n\r\nSubject:\r\n\tSecurity ID:\t\tS-1-5-21-3016438738-995544542-2639181184-1000\r\n\tAccount Name:\t\tuser\r\n\tAccount Domain:\t\tWIN-JN0MUCM05TC\r\n\tLogon ID:\t\t0x1a85af\r\n\r\nObject:\r\n\tObject Server:\tSecurity\r\n\tObject Type:\tFile\r\n\tObject Name:\tC:\\Users\\user\\The X-Files\\Big Plan.txt\r\n\tHandle ID:\t0xe34\r\n\r\nProcess Information:\r\n\tProcess ID:\t0xb80\r\n\tProcess Name:\tC:\\Windows\\explorer.exe\r\n\r\nAccess Request Information:\r\n\tAccesses:\t%%1538\r\n\t\t\t\t\r\n\tAccess Mask:\t0x20000",
  "raw": "{\n  \"Event\": {\n    \"#attributes\": {\n      \"xmlns\": \"http://schemas.microsoft.com/win/2004/08/events/event\"\n    },\n    \"EventData\": {\n      \"AccessList\": \"%%1538\\r\\n\\t\\t\\t\\t\",\n      \"AccessMask\": \"0x20000\",\n      \"HandleId\": \"0xe34\",\n      \"ObjectName\": \"C:\\\\Users\\\\user\\\\The X-Files\\\\Big Plan.txt\",\n      \"ObjectServer\": \"Security\",\n      \"ObjectType\": \"File\",\n      \"ProcessId\": \"0xb80\",\n      \"ProcessName\": \"C:\\\\Windows\\\\explorer.exe\",\n      \"SubjectDomainName\": \"WIN-JN0MUCM05TC\",\n      \"SubjectLogonId\": \"0x1a85af\",\n      \"SubjectUserName\": \"user\",\n      \"SubjectUserSid\": \"S-1-5-21-3016438738-995544542-2639181184-1000\"\n    },\n    \"System\": {\n      \"Channel\": \"Security\",\n      \"Computer\": \"WIN-JN0MUCM05TC\",\n      \"Correlation\": null,\n      \"EventID\": 4663,\n      \"EventRecordID\": 5397,\n      \"Execution\": {\n        \"#attributes\": {\n          \"ProcessID\": 4,\n          \"ThreadID\": 64\n        }\n      },\n      \"Keywords\": \"0x8020000000000000\",\n      \"Level\": 0,\n      \"Opcode\": 0,\n      \"Provider\": {\n        \"#attributes\": {\n          \"Guid\": \"54849625-5478-4994-A5BA-3E3B0328C30D\",\n          \"Name\": \"Microsoft-Windows-Security-Auditing\"\n        }\n      },\n      \"Security\": null,\n      \"Task\": 12800,\n      \"TimeCreated\": {\n        \"#attributes\": {\n          \"SystemTime\": \"2021-06-29T13:56:16.040414Z\"\n        }\n      },\n      \"Version\": 0\n    }\n  }\n}"
}============{
  "recordid": "144",
  "channel": "Security",
  "computer": "WIN-JN0MUCM05TC",
  "eventid": "4663",
  "eventrecordid": "5398",
  "execution": {
    "processid": 4,
    "threadid": 64
  },
  "keywords": "0x8020000000000000",
  "level": "0",
  "opcode": "0",
  "provider": {
    "guid": "54849625-5478-4994-A5BA-3E3B0328C30D",
    "name": "Microsoft-Windows-Security-Auditing"
  },
  "task": "12800",
  "timecreated": {
    "systemtime": "2021-06-29T13:56:16.049414Z"
  },
  "version": "0",
  "event_data": {
    "accesslist": "%%1538\r\n\t\t\t\t",
    "accessmask": "0x20000",
    "handleid": "0xe38",
    "objectname": "C:\\Users\\user\\The X-Files\\Big Plan.txt",
    "objectserver": "Security",
    "objecttype": "File",
    "processid": "0xb80",
    "processname": "C:\\Windows\\explorer.exe",
    "subjectdomainname": "WIN-JN0MUCM05TC",
    "subjectlogonid": "0x1a85af",
    "subjectusername": "user",
    "subjectusersid": "S-1-5-21-3016438738-995544542-2639181184-1000"
  },
  "message": "An attempt was made to access an object.\r\n\r\nSubject:\r\n\tSecurity ID:\t\tS-1-5-21-3016438738-995544542-2639181184-1000\r\n\tAccount Name:\t\tuser\r\n\tAccount Domain:\t\tWIN-JN0MUCM05TC\r\n\tLogon ID:\t\t0x1a85af\r\n\r\nObject:\r\n\tObject Server:\tSecurity\r\n\tObject Type:\tFile\r\n\tObject Name:\tC:\\Users\\user\\The X-Files\\Big Plan.txt\r\n\tHandle ID:\t0xe38\r\n\r\nProcess Information:\r\n\tProcess ID:\t0xb80\r\n\tProcess Name:\tC:\\Windows\\explorer.exe\r\n\r\nAccess Request Information:\r\n\tAccesses:\t%%1538\r\n\t\t\t\t\r\n\tAccess Mask:\t0x20000",
  "raw": "{\n  \"Event\": {\n    \"#attributes\": {\n      \"xmlns\": \"http://schemas.microsoft.com/win/2004/08/events/event\"\n    },\n    \"EventData\": {\n      \"AccessList\": \"%%1538\\r\\n\\t\\t\\t\\t\",\n      \"AccessMask\": \"0x20000\",\n      \"HandleId\": \"0xe38\",\n      \"ObjectName\": \"C:\\\\Users\\\\user\\\\The X-Files\\\\Big Plan.txt\",\n      \"ObjectServer\": \"Security\",\n      \"ObjectType\": \"File\",\n      \"ProcessId\": \"0xb80\",\n      \"ProcessName\": \"C:\\\\Windows\\\\explorer.exe\",\n      \"SubjectDomainName\": \"WIN-JN0MUCM05TC\",\n      \"SubjectLogonId\": \"0x1a85af\",\n      \"SubjectUserName\": \"user\",\n      \"SubjectUserSid\": \"S-1-5-21-3016438738-995544542-2639181184-1000\"\n    },\n    \"System\": {\n      \"Channel\": \"Security\",\n      \"Computer\": \"WIN-JN0MUCM05TC\",\n      \"Correlation\": null,\n      \"EventID\": 4663,\n      \"EventRecordID\": 5398,\n      \"Execution\": {\n        \"#attributes\": {\n          \"ProcessID\": 4,\n          \"ThreadID\": 64\n        }\n      },\n      \"Keywords\": \"0x8020000000000000\",\n      \"Level\": 0,\n      \"Opcode\": 0,\n      \"Provider\": {\n        \"#attributes\": {\n          \"Guid\": \"54849625-5478-4994-A5BA-3E3B0328C30D\",\n          \"Name\": \"Microsoft-Windows-Security-Auditing\"\n        }\n      },\n      \"Security\": null,\n      \"Task\": 12800,\n      \"TimeCreated\": {\n        \"#attributes\": {\n          \"SystemTime\": \"2021-06-29T13:56:16.049414Z\"\n        }\n      },\n      \"Version\": 0\n    }\n  }\n}"
}============{
  "recordid": "145",
  "channel": "Security",
  "computer": "WIN-JN0MUCM05TC",
  "eventid": "4663",
  "eventrecordid": "5399",
  "execution": {
    "processid": 4,
    "threadid": 64
  },
  "keywords": "0x8020000000000000",
  "level": "0",
  "opcode": "0",
  "provider": {
    "guid": "54849625-5478-4994-A5BA-3E3B0328C30D",
    "name": "Microsoft-Windows-Security-Auditing"
  },
  "task": "12800",
  "timecreated": {
    "systemtime": "2021-06-29T13:56:16.050414Z"
  },
  "version": "0",
  "event_data": {
    "accesslist": "%%1538\r\n\t\t\t\t",
    "accessmask": "0x20000",
    "handleid": "0xe38",
    "objectname": "C:\\Users\\user\\The X-Files\\Big Plan.txt",
    "objectserver": "Security",
    "objecttype": "File",
    "processid": "0xb80",
    "processname": "C:\\Windows\\explorer.exe",
    "subjectdomainname": "WIN-JN0MUCM05TC",
    "subjectlogonid": "0x1a85af",
    "subjectusername": "user",
    "subjectusersid": "S-1-5-21-3016438738-995544542-2639181184-1000"
  },
  "message": "An attempt was made to access an object.\r\n\r\nSubject:\r\n\tSecurity ID:\t\tS-1-5-21-3016438738-995544542-2639181184-1000\r\n\tAccount Name:\t\tuser\r\n\tAccount Domain:\t\tWIN-JN0MUCM05TC\r\n\tLogon ID:\t\t0x1a85af\r\n\r\nObject:\r\n\tObject Server:\tSecurity\r\n\tObject Type:\tFile\r\n\tObject Name:\tC:\\Users\\user\\The X-Files\\Big Plan.txt\r\n\tHandle ID:\t0xe38\r\n\r\nProcess Information:\r\n\tProcess ID:\t0xb80\r\n\tProcess Name:\tC:\\Windows\\explorer.exe\r\n\r\nAccess Request Information:\r\n\tAccesses:\t%%1538\r\n\t\t\t\t\r\n\tAccess Mask:\t0x20000",
  "raw": "{\n  \"Event\": {\n    \"#attributes\": {\n      \"xmlns\": \"http://schemas.microsoft.com/win/2004/08/events/event\"\n    },\n    \"EventData\": {\n      \"AccessList\": \"%%1538\\r\\n\\t\\t\\t\\t\",\n      \"AccessMask\": \"0x20000\",\n      \"HandleId\": \"0xe38\",\n      \"ObjectName\": \"C:\\\\Users\\\\user\\\\The X-Files\\\\Big Plan.txt\",\n      \"ObjectServer\": \"Security\",\n      \"ObjectType\": \"File\",\n      \"ProcessId\": \"0xb80\",\n      \"ProcessName\": \"C:\\\\Windows\\\\explorer.exe\",\n      \"SubjectDomainName\": \"WIN-JN0MUCM05TC\",\n      \"SubjectLogonId\": \"0x1a85af\",\n      \"SubjectUserName\": \"user\",\n      \"SubjectUserSid\": \"S-1-5-21-3016438738-995544542-2639181184-1000\"\n    },\n    \"System\": {\n      \"Channel\": \"Security\",\n      \"Computer\": \"WIN-JN0MUCM05TC\",\n      \"Correlation\": null,\n      \"EventID\": 4663,\n      \"EventRecordID\": 5399,\n      \"Execution\": {\n        \"#attributes\": {\n          \"ProcessID\": 4,\n          \"ThreadID\": 64\n        }\n      },\n      \"Keywords\": \"0x8020000000000000\",\n      \"Level\": 0,\n      \"Opcode\": 0,\n      \"Provider\": {\n        \"#attributes\": {\n          \"Guid\": \"54849625-5478-4994-A5BA-3E3B0328C30D\",\n          \"Name\": \"Microsoft-Windows-Security-Auditing\"\n        }\n      },\n      \"Security\": null,\n      \"Task\": 12800,\n      \"TimeCreated\": {\n        \"#attributes\": {\n          \"SystemTime\": \"2021-06-29T13:56:16.050414Z\"\n        }\n      },\n      \"Version\": 0\n    }\n  }\n}"
}============{
  "recordid": "146",
  "channel": "Security",
  "computer": "WIN-JN0MUCM05TC",
  "eventid": "4688",
  "eventrecordid": "5400",
  "execution": {
    "processid": 4,
    "threadid": 64
  },
  "keywords": "0x8020000000000000",
  "level": "0",
  "opcode": "0",
  "provider": {
    "guid": "54849625-5478-4994-A5BA-3E3B0328C30D",
    "name": "Microsoft-Windows-Security-Auditing"
  },
  "task": "13312",
  "timecreated": {
    "systemtime": "2021-06-29T13:56:16.130419Z"
  },
  "version": "1",
  "event_data": {
    "commandline": "\"C:\\Windows\\system32\\NOTEPAD.EXE\" C:\\Users\\user\\The X-Files\\Big Plan.txt",
    "newprocessid": "0x110",
    "newprocessname": "C:\\Windows\\System32\\notepad.exe",
    "processid": "0xb80",
    "subjectdomainname": "WIN-JN0MUCM05TC",
    "subjectlogonid": "0x1a85af",
    "subjectusername": "user",
    "subjectusersid": "S-1-5-21-3016438738-995544542-2639181184-1000",
    "tokenelevationtype": "%%1938"
  },
  "message": "A new process has been created.\r\n\r\nSubject:\r\n\tSecurity ID:\t\tS-1-5-21-3016438738-995544542-2639181184-1000\r\n\tAccount Name:\t\tuser\r\n\tAccount Domain:\t\tWIN-JN0MUCM05TC\r\n\tLogon ID:\t\t0x1a85af\r\n\r\nProcess Information:\r\n\tNew Process ID:\t\t0x110\r\n\tNew Process Name:\tC:\\Windows\\System32\\notepad.exe\r\n\tToken Elevation Type:\t%%1938\r\n\tCreator Process ID:\t0xb80\r\n\r\nToken Elevation Type indicates the type of token that was assigned to the new process in accordance with User Account Control policy.\r\n\r\nType 1 is a full token with no privileges removed or groups disabled.  A full token is only used if User Account Control is disabled or if the user is the built-in Administrator account or a service account.\r\n\r\nType 2 is an elevated token with no privileges removed or groups disabled.  An elevated token is used when User Account Control is enabled and the user chooses to start the program using Run as administrator.  An elevated token is also used when an application is configured to always require administrative privilege or to always require maximum privilege, and the user is a member of the Administrators group.\r\n\r\nType 3 is a limited token with administrative privileges removed and administrative groups disabled.  The limited token is used when User Account Control is enabled, the application does not require administrative privilege, and the user does not choose to start the program using Run as administrator.",
  "raw": "{\n  \"Event\": {\n    \"#attributes\": {\n      \"xmlns\": \"http://schemas.microsoft.com/win/2004/08/events/event\"\n    },\n    \"EventData\": {\n      \"CommandLine\": \"\\\"C:\\\\Windows\\\\system32\\\\NOTEPAD.EXE\\\" C:\\\\Users\\\\user\\\\The X-Files\\\\Big Plan.txt\",\n      \"NewProcessId\": \"0x110\",\n      \"NewProcessName\": \"C:\\\\Windows\\\\System32\\\\notepad.exe\",\n      \"ProcessId\": \"0xb80\",\n      \"SubjectDomainName\": \"WIN-JN0MUCM05TC\",\n      \"SubjectLogonId\": \"0x1a85af\",\n      \"SubjectUserName\": \"user\",\n      \"SubjectUserSid\": \"S-1-5-21-3016438738-995544542-2639181184-1000\",\n      \"TokenElevationType\": \"%%1938\"\n    },\n    \"System\": {\n      \"Channel\": \"Security\",\n      \"Computer\": \"WIN-JN0MUCM05TC\",\n      \"Correlation\": null,\n      \"EventID\": 4688,\n      \"EventRecordID\": 5400,\n      \"Execution\": {\n        \"#attributes\": {\n          \"ProcessID\": 4,\n          \"ThreadID\": 64\n        }\n      },\n      \"Keywords\": \"0x8020000000000000\",\n      \"Level\": 0,\n      \"Opcode\": 0,\n      \"Provider\": {\n        \"#attributes\": {\n          \"Guid\": \"54849625-5478-4994-A5BA-3E3B0328C30D\",\n          \"Name\": \"Microsoft-Windows-Security-Auditing\"\n        }\n      },\n      \"Security\": null,\n      \"Task\": 13312,\n      \"TimeCreated\": {\n        \"#attributes\": {\n          \"SystemTime\": \"2021-06-29T13:56:16.130419Z\"\n        }\n      },\n      \"Version\": 1\n    }\n  }\n}"
}============{
  "recordid": "147",
  "channel": "Security",
  "computer": "WIN-JN0MUCM05TC",
  "eventid": "4663",
  "eventrecordid": "5401",
  "execution": {
    "processid": 4,
    "threadid": 64
  },
  "keywords": "0x8020000000000000",
  "level": "0",
  "opcode": "0",
  "provider": {
    "guid": "54849625-5478-4994-A5BA-3E3B0328C30D",
    "name": "Microsoft-Windows-Security-Auditing"
  },
  "task": "12800",
  "timecreated": {
    "systemtime": "2021-06-29T13:56:16.185422Z"
  },
  "version": "0",
  "event_data": {
    "accesslist": "%%4423\r\n\t\t\t\t",
    "accessmask": "0x80",
    "handleid": "0xf0",
    "objectname": "C:\\Users\\user\\The X-Files\\Big Plan.txt",
    "objectserver": "Security",
    "objecttype": "File",
    "processid": "0x110",
    "processname": "C:\\Windows\\System32\\notepad.exe",
    "subjectdomainname": "WIN-JN0MUCM05TC",
    "subjectlogonid": "0x1a85af",
    "subjectusername": "user",
    "subjectusersid": "S-1-5-21-3016438738-995544542-2639181184-1000"
  },
  "message": "An attempt was made to access an object.\r\n\r\nSubject:\r\n\tSecurity ID:\t\tS-1-5-21-3016438738-995544542-2639181184-1000\r\n\tAccount Name:\t\tuser\r\n\tAccount Domain:\t\tWIN-JN0MUCM05TC\r\n\tLogon ID:\t\t0x1a85af\r\n\r\nObject:\r\n\tObject Server:\tSecurity\r\n\tObject Type:\tFile\r\n\tObject Name:\tC:\\Users\\user\\The X-Files\\Big Plan.txt\r\n\tHandle ID:\t0xf0\r\n\r\nProcess Information:\r\n\tProcess ID:\t0x110\r\n\tProcess Name:\tC:\\Windows\\System32\\notepad.exe\r\n\r\nAccess Request Information:\r\n\tAccesses:\t%%4423\r\n\t\t\t\t\r\n\tAccess Mask:\t0x80",
  "raw": "{\n  \"Event\": {\n    \"#attributes\": {\n      \"xmlns\": \"http://schemas.microsoft.com/win/2004/08/events/event\"\n    },\n    \"EventData\": {\n      \"AccessList\": \"%%4423\\r\\n\\t\\t\\t\\t\",\n      \"AccessMask\": \"0x80\",\n      \"HandleId\": \"0xf0\",\n      \"ObjectName\": \"C:\\\\Users\\\\user\\\\The X-Files\\\\Big Plan.txt\",\n      \"ObjectServer\": \"Security\",\n      \"ObjectType\": \"File\",\n      \"ProcessId\": \"0x110\",\n      \"ProcessName\": \"C:\\\\Windows\\\\System32\\\\notepad.exe\",\n      \"SubjectDomainName\": \"WIN-JN0MUCM05TC\",\n      \"SubjectLogonId\": \"0x1a85af\",\n      \"SubjectUserName\": \"user\",\n      \"SubjectUserSid\": \"S-1-5-21-3016438738-995544542-2639181184-1000\"\n    },\n    \"System\": {\n      \"Channel\": \"Security\",\n      \"Computer\": \"WIN-JN0MUCM05TC\",\n      \"Correlation\": null,\n      \"EventID\": 4663,\n      \"EventRecordID\": 5401,\n      \"Execution\": {\n        \"#attributes\": {\n          \"ProcessID\": 4,\n          \"ThreadID\": 64\n        }\n      },\n      \"Keywords\": \"0x8020000000000000\",\n      \"Level\": 0,\n      \"Opcode\": 0,\n      \"Provider\": {\n        \"#attributes\": {\n          \"Guid\": \"54849625-5478-4994-A5BA-3E3B0328C30D\",\n          \"Name\": \"Microsoft-Windows-Security-Auditing\"\n        }\n      },\n      \"Security\": null,\n      \"Task\": 12800,\n      \"TimeCreated\": {\n        \"#attributes\": {\n          \"SystemTime\": \"2021-06-29T13:56:16.185422Z\"\n        }\n      },\n      \"Version\": 0\n    }\n  }\n}"
}============{
  "recordid": "148",
  "channel": "Security",
  "computer": "WIN-JN0MUCM05TC",
  "eventid": "4663",
  "eventrecordid": "5402",
  "execution": {
    "processid": 4,
    "threadid": 64
  },
  "keywords": "0x8020000000000000",
  "level": "0",
  "opcode": "0",
  "provider": {
    "guid": "54849625-5478-4994-A5BA-3E3B0328C30D",
    "name": "Microsoft-Windows-Security-Auditing"
  },
  "task": "12800",
  "timecreated": {
    "systemtime": "2021-06-29T13:56:16.185422Z"
  },
  "version": "0",
  "event_data": {
    "accesslist": "%%4416\r\n\t\t\t\t",
    "accessmask": "0x1",
    "handleid": "0xf0",
    "objectname": "C:\\Users\\user\\The X-Files\\Big Plan.txt",
    "objectserver": "Security",
    "objecttype": "File",
    "processid": "0x110",
    "processname": "C:\\Windows\\System32\\notepad.exe",
    "subjectdomainname": "WIN-JN0MUCM05TC",
    "subjectlogonid": "0x1a85af",
    "subjectusername": "user",
    "subjectusersid": "S-1-5-21-3016438738-995544542-2639181184-1000"
  },
  "message": "An attempt was made to access an object.\r\n\r\nSubject:\r\n\tSecurity ID:\t\tS-1-5-21-3016438738-995544542-2639181184-1000\r\n\tAccount Name:\t\tuser\r\n\tAccount Domain:\t\tWIN-JN0MUCM05TC\r\n\tLogon ID:\t\t0x1a85af\r\n\r\nObject:\r\n\tObject Server:\tSecurity\r\n\tObject Type:\tFile\r\n\tObject Name:\tC:\\Users\\user\\The X-Files\\Big Plan.txt\r\n\tHandle ID:\t0xf0\r\n\r\nProcess Information:\r\n\tProcess ID:\t0x110\r\n\tProcess Name:\tC:\\Windows\\System32\\notepad.exe\r\n\r\nAccess Request Information:\r\n\tAccesses:\t%%4416\r\n\t\t\t\t\r\n\tAccess Mask:\t0x1",
  "raw": "{\n  \"Event\": {\n    \"#attributes\": {\n      \"xmlns\": \"http://schemas.microsoft.com/win/2004/08/events/event\"\n    },\n    \"EventData\": {\n      \"AccessList\": \"%%4416\\r\\n\\t\\t\\t\\t\",\n      \"AccessMask\": \"0x1\",\n      \"HandleId\": \"0xf0\",\n      \"ObjectName\": \"C:\\\\Users\\\\user\\\\The X-Files\\\\Big Plan.txt\",\n      \"ObjectServer\": \"Security\",\n      \"ObjectType\": \"File\",\n      \"ProcessId\": \"0x110\",\n      \"ProcessName\": \"C:\\\\Windows\\\\System32\\\\notepad.exe\",\n      \"SubjectDomainName\": \"WIN-JN0MUCM05TC\",\n      \"SubjectLogonId\": \"0x1a85af\",\n      \"SubjectUserName\": \"user\",\n      \"SubjectUserSid\": \"S-1-5-21-3016438738-995544542-2639181184-1000\"\n    },\n    \"System\": {\n      \"Channel\": \"Security\",\n      \"Computer\": \"WIN-JN0MUCM05TC\",\n      \"Correlation\": null,\n      \"EventID\": 4663,\n      \"EventRecordID\": 5402,\n      \"Execution\": {\n        \"#attributes\": {\n          \"ProcessID\": 4,\n          \"ThreadID\": 64\n        }\n      },\n      \"Keywords\": \"0x8020000000000000\",\n      \"Level\": 0,\n      \"Opcode\": 0,\n      \"Provider\": {\n        \"#attributes\": {\n          \"Guid\": \"54849625-5478-4994-A5BA-3E3B0328C30D\",\n          \"Name\": \"Microsoft-Windows-Security-Auditing\"\n        }\n      },\n      \"Security\": null,\n      \"Task\": 12800,\n      \"TimeCreated\": {\n        \"#attributes\": {\n          \"SystemTime\": \"2021-06-29T13:56:16.185422Z\"\n        }\n      },\n      \"Version\": 0\n    }\n  }\n}"
}============{
  "recordid": "149",
  "channel": "Security",
  "computer": "WIN-JN0MUCM05TC",
  "eventid": "4663",
  "eventrecordid": "5403",
  "execution": {
    "processid": 4,
    "threadid": 64
  },
  "keywords": "0x8020000000000000",
  "level": "0",
  "opcode": "0",
  "provider": {
    "guid": "54849625-5478-4994-A5BA-3E3B0328C30D",
    "name": "Microsoft-Windows-Security-Auditing"
  },
  "task": "12800",
  "timecreated": {
    "systemtime": "2021-06-29T13:56:16.204423Z"
  },
  "version": "0",
  "event_data": {
    "accesslist": "%%4423\r\n\t\t\t\t",
    "accessmask": "0x80",
    "handleid": "0xec4",
    "objectname": "C:\\Users\\user\\The X-Files\\Big Plan.txt",
    "objectserver": "Security",
    "objecttype": "File",
    "processid": "0xb80",
    "processname": "C:\\Windows\\explorer.exe",
    "subjectdomainname": "WIN-JN0MUCM05TC",
    "subjectlogonid": "0x1a85af",
    "subjectusername": "user",
    "subjectusersid": "S-1-5-21-3016438738-995544542-2639181184-1000"
  },
  "message": "An attempt was made to access an object.\r\n\r\nSubject:\r\n\tSecurity ID:\t\tS-1-5-21-3016438738-995544542-2639181184-1000\r\n\tAccount Name:\t\tuser\r\n\tAccount Domain:\t\tWIN-JN0MUCM05TC\r\n\tLogon ID:\t\t0x1a85af\r\n\r\nObject:\r\n\tObject Server:\tSecurity\r\n\tObject Type:\tFile\r\n\tObject Name:\tC:\\Users\\user\\The X-Files\\Big Plan.txt\r\n\tHandle ID:\t0xec4\r\n\r\nProcess Information:\r\n\tProcess ID:\t0xb80\r\n\tProcess Name:\tC:\\Windows\\explorer.exe\r\n\r\nAccess Request Information:\r\n\tAccesses:\t%%4423\r\n\t\t\t\t\r\n\tAccess Mask:\t0x80",
  "raw": "{\n  \"Event\": {\n    \"#attributes\": {\n      \"xmlns\": \"http://schemas.microsoft.com/win/2004/08/events/event\"\n    },\n    \"EventData\": {\n      \"AccessList\": \"%%4423\\r\\n\\t\\t\\t\\t\",\n      \"AccessMask\": \"0x80\",\n      \"HandleId\": \"0xec4\",\n      \"ObjectName\": \"C:\\\\Users\\\\user\\\\The X-Files\\\\Big Plan.txt\",\n      \"ObjectServer\": \"Security\",\n      \"ObjectType\": \"File\",\n      \"ProcessId\": \"0xb80\",\n      \"ProcessName\": \"C:\\\\Windows\\\\explorer.exe\",\n      \"SubjectDomainName\": \"WIN-JN0MUCM05TC\",\n      \"SubjectLogonId\": \"0x1a85af\",\n      \"SubjectUserName\": \"user\",\n      \"SubjectUserSid\": \"S-1-5-21-3016438738-995544542-2639181184-1000\"\n    },\n    \"System\": {\n      \"Channel\": \"Security\",\n      \"Computer\": \"WIN-JN0MUCM05TC\",\n      \"Correlation\": null,\n      \"EventID\": 4663,\n      \"EventRecordID\": 5403,\n      \"Execution\": {\n        \"#attributes\": {\n          \"ProcessID\": 4,\n          \"ThreadID\": 64\n        }\n      },\n      \"Keywords\": \"0x8020000000000000\",\n      \"Level\": 0,\n      \"Opcode\": 0,\n      \"Provider\": {\n        \"#attributes\": {\n          \"Guid\": \"54849625-5478-4994-A5BA-3E3B0328C30D\",\n          \"Name\": \"Microsoft-Windows-Security-Auditing\"\n        }\n      },\n      \"Security\": null,\n      \"Task\": 12800,\n      \"TimeCreated\": {\n        \"#attributes\": {\n          \"SystemTime\": \"2021-06-29T13:56:16.204423Z\"\n        }\n      },\n      \"Version\": 0\n    }\n  }\n}"
}============{
  "recordid": "150",
  "channel": "Security",
  "computer": "WIN-JN0MUCM05TC",
  "eventid": "4689",
  "eventrecordid": "5404",
  "execution": {
    "processid": 4,
    "threadid": 64
  },
  "keywords": "0x8020000000000000",
  "level": "0",
  "opcode": "0",
  "provider": {
    "guid": "54849625-5478-4994-A5BA-3E3B0328C30D",
    "name": "Microsoft-Windows-Security-Auditing"
  },
  "task": "13313",
  "timecreated": {
    "systemtime": "2021-06-29T13:56:21.933751Z"
  },
  "version": "0",
  "event_data": {
    "processid": "0x110",
    "processname": "C:\\Windows\\System32\\notepad.exe",
    "status": "0x0",
    "subjectdomainname": "WIN-JN0MUCM05TC",
    "subjectlogonid": "0x1a85af",
    "subjectusername": "user",
    "subjectusersid": "S-1-5-21-3016438738-995544542-2639181184-1000"
  },
  "message": "A process has exited.\r\n\r\nSubject:\r\n\tSecurity ID:\t\tS-1-5-21-3016438738-995544542-2639181184-1000\r\n\tAccount Name:\t\tuser\r\n\tAccount Domain:\t\tWIN-JN0MUCM05TC\r\n\tLogon ID:\t\t0x1a85af\r\n\r\nProcess Information:\r\n\tProcess ID:\t0x110\r\n\tProcess Name:\tC:\\Windows\\System32\\notepad.exe\r\n\tExit Status:\t0x0",
  "raw": "{\n  \"Event\": {\n    \"#attributes\": {\n      \"xmlns\": \"http://schemas.microsoft.com/win/2004/08/events/event\"\n    },\n    \"EventData\": {\n      \"ProcessId\": \"0x110\",\n      \"ProcessName\": \"C:\\\\Windows\\\\System32\\\\notepad.exe\",\n      \"Status\": \"0x0\",\n      \"SubjectDomainName\": \"WIN-JN0MUCM05TC\",\n      \"SubjectLogonId\": \"0x1a85af\",\n      \"SubjectUserName\": \"user\",\n      \"SubjectUserSid\": \"S-1-5-21-3016438738-995544542-2639181184-1000\"\n    },\n    \"System\": {\n      \"Channel\": \"Security\",\n      \"Computer\": \"WIN-JN0MUCM05TC\",\n      \"Correlation\": null,\n      \"EventID\": 4689,\n      \"EventRecordID\": 5404,\n      \"Execution\": {\n        \"#attributes\": {\n          \"ProcessID\": 4,\n          \"ThreadID\": 64\n        }\n      },\n      \"Keywords\": \"0x8020000000000000\",\n      \"Level\": 0,\n      \"Opcode\": 0,\n      \"Provider\": {\n        \"#attributes\": {\n          \"Guid\": \"54849625-5478-4994-A5BA-3E3B0328C30D\",\n          \"Name\": \"Microsoft-Windows-Security-Auditing\"\n        }\n      },\n      \"Security\": null,\n      \"Task\": 13313,\n      \"TimeCreated\": {\n        \"#attributes\": {\n          \"SystemTime\": \"2021-06-29T13:56:21.933751Z\"\n        }\n      },\n      \"Version\": 0\n    }\n  }\n}"
}============{
  "recordid": "151",
  "channel": "Security",
  "computer": "WIN-JN0MUCM05TC",
  "eventid": "4663",
  "eventrecordid": "5405",
  "execution": {
    "processid": 4,
    "threadid": 64
  },
  "keywords": "0x8020000000000000",
  "level": "0",
  "opcode": "0",
  "provider": {
    "guid": "54849625-5478-4994-A5BA-3E3B0328C30D",
    "name": "Microsoft-Windows-Security-Auditing"
  },
  "task": "12800",
  "timecreated": {
    "systemtime": "2021-06-29T13:56:23.686851Z"
  },
  "version": "0",
  "event_data": {
    "accesslist": "%%1538\r\n\t\t\t\t",
    "accessmask": "0x20000",
    "handleid": "0xe00",
    "objectname": "C:\\Users\\user\\The X-Files\\Documents.txt",
    "objectserver": "Security",
    "objecttype": "File",
    "processid": "0xb80",
    "processname": "C:\\Windows\\explorer.exe",
    "subjectdomainname": "WIN-JN0MUCM05TC",
    "subjectlogonid": "0x1a85af",
    "subjectusername": "user",
    "subjectusersid": "S-1-5-21-3016438738-995544542-2639181184-1000"
  },
  "message": "An attempt was made to access an object.\r\n\r\nSubject:\r\n\tSecurity ID:\t\tS-1-5-21-3016438738-995544542-2639181184-1000\r\n\tAccount Name:\t\tuser\r\n\tAccount Domain:\t\tWIN-JN0MUCM05TC\r\n\tLogon ID:\t\t0x1a85af\r\n\r\nObject:\r\n\tObject Server:\tSecurity\r\n\tObject Type:\tFile\r\n\tObject Name:\tC:\\Users\\user\\The X-Files\\Documents.txt\r\n\tHandle ID:\t0xe00\r\n\r\nProcess Information:\r\n\tProcess ID:\t0xb80\r\n\tProcess Name:\tC:\\Windows\\explorer.exe\r\n\r\nAccess Request Information:\r\n\tAccesses:\t%%1538\r\n\t\t\t\t\r\n\tAccess Mask:\t0x20000",
  "raw": "{\n  \"Event\": {\n    \"#attributes\": {\n      \"xmlns\": \"http://schemas.microsoft.com/win/2004/08/events/event\"\n    },\n    \"EventData\": {\n      \"AccessList\": \"%%1538\\r\\n\\t\\t\\t\\t\",\n      \"AccessMask\": \"0x20000\",\n      \"HandleId\": \"0xe00\",\n      \"ObjectName\": \"C:\\\\Users\\\\user\\\\The X-Files\\\\Documents.txt\",\n      \"ObjectServer\": \"Security\",\n      \"ObjectType\": \"File\",\n      \"ProcessId\": \"0xb80\",\n      \"ProcessName\": \"C:\\\\Windows\\\\explorer.exe\",\n      \"SubjectDomainName\": \"WIN-JN0MUCM05TC\",\n      \"SubjectLogonId\": \"0x1a85af\",\n      \"SubjectUserName\": \"user\",\n      \"SubjectUserSid\": \"S-1-5-21-3016438738-995544542-2639181184-1000\"\n    },\n    \"System\": {\n      \"Channel\": \"Security\",\n      \"Computer\": \"WIN-JN0MUCM05TC\",\n      \"Correlation\": null,\n      \"EventID\": 4663,\n      \"EventRecordID\": 5405,\n      \"Execution\": {\n        \"#attributes\": {\n          \"ProcessID\": 4,\n          \"ThreadID\": 64\n        }\n      },\n      \"Keywords\": \"0x8020000000000000\",\n      \"Level\": 0,\n      \"Opcode\": 0,\n      \"Provider\": {\n        \"#attributes\": {\n          \"Guid\": \"54849625-5478-4994-A5BA-3E3B0328C30D\",\n          \"Name\": \"Microsoft-Windows-Security-Auditing\"\n        }\n      },\n      \"Security\": null,\n      \"Task\": 12800,\n      \"TimeCreated\": {\n        \"#attributes\": {\n          \"SystemTime\": \"2021-06-29T13:56:23.686851Z\"\n        }\n      },\n      \"Version\": 0\n    }\n  }\n}"
}============{
  "recordid": "152",
  "channel": "Security",
  "computer": "WIN-JN0MUCM05TC",
  "eventid": "4663",
  "eventrecordid": "5406",
  "execution": {
    "processid": 4,
    "threadid": 64
  },
  "keywords": "0x8020000000000000",
  "level": "0",
  "opcode": "0",
  "provider": {
    "guid": "54849625-5478-4994-A5BA-3E3B0328C30D",
    "name": "Microsoft-Windows-Security-Auditing"
  },
  "task": "12800",
  "timecreated": {
    "systemtime": "2021-06-29T13:56:23.688851Z"
  },
  "version": "0",
  "event_data": {
    "accesslist": "%%1538\r\n\t\t\t\t",
    "accessmask": "0x20000",
    "handleid": "0xd8c",
    "objectname": "C:\\Users\\user\\The X-Files\\Documents.txt",
    "objectserver": "Security",
    "objecttype": "File",
    "processid": "0xb80",
    "processname": "C:\\Windows\\explorer.exe",
    "subjectdomainname": "WIN-JN0MUCM05TC",
    "subjectlogonid": "0x1a85af",
    "subjectusername": "user",
    "subjectusersid": "S-1-5-21-3016438738-995544542-2639181184-1000"
  },
  "message": "An attempt was made to access an object.\r\n\r\nSubject:\r\n\tSecurity ID:\t\tS-1-5-21-3016438738-995544542-2639181184-1000\r\n\tAccount Name:\t\tuser\r\n\tAccount Domain:\t\tWIN-JN0MUCM05TC\r\n\tLogon ID:\t\t0x1a85af\r\n\r\nObject:\r\n\tObject Server:\tSecurity\r\n\tObject Type:\tFile\r\n\tObject Name:\tC:\\Users\\user\\The X-Files\\Documents.txt\r\n\tHandle ID:\t0xd8c\r\n\r\nProcess Information:\r\n\tProcess ID:\t0xb80\r\n\tProcess Name:\tC:\\Windows\\explorer.exe\r\n\r\nAccess Request Information:\r\n\tAccesses:\t%%1538\r\n\t\t\t\t\r\n\tAccess Mask:\t0x20000",
  "raw": "{\n  \"Event\": {\n    \"#attributes\": {\n      \"xmlns\": \"http://schemas.microsoft.com/win/2004/08/events/event\"\n    },\n    \"EventData\": {\n      \"AccessList\": \"%%1538\\r\\n\\t\\t\\t\\t\",\n      \"AccessMask\": \"0x20000\",\n      \"HandleId\": \"0xd8c\",\n      \"ObjectName\": \"C:\\\\Users\\\\user\\\\The X-Files\\\\Documents.txt\",\n      \"ObjectServer\": \"Security\",\n      \"ObjectType\": \"File\",\n      \"ProcessId\": \"0xb80\",\n      \"ProcessName\": \"C:\\\\Windows\\\\explorer.exe\",\n      \"SubjectDomainName\": \"WIN-JN0MUCM05TC\",\n      \"SubjectLogonId\": \"0x1a85af\",\n      \"SubjectUserName\": \"user\",\n      \"SubjectUserSid\": \"S-1-5-21-3016438738-995544542-2639181184-1000\"\n    },\n    \"System\": {\n      \"Channel\": \"Security\",\n      \"Computer\": \"WIN-JN0MUCM05TC\",\n      \"Correlation\": null,\n      \"EventID\": 4663,\n      \"EventRecordID\": 5406,\n      \"Execution\": {\n        \"#attributes\": {\n          \"ProcessID\": 4,\n          \"ThreadID\": 64\n        }\n      },\n      \"Keywords\": \"0x8020000000000000\",\n      \"Level\": 0,\n      \"Opcode\": 0,\n      \"Provider\": {\n        \"#attributes\": {\n          \"Guid\": \"54849625-5478-4994-A5BA-3E3B0328C30D\",\n          \"Name\": \"Microsoft-Windows-Security-Auditing\"\n        }\n      },\n      \"Security\": null,\n      \"Task\": 12800,\n      \"TimeCreated\": {\n        \"#attributes\": {\n          \"SystemTime\": \"2021-06-29T13:56:23.688851Z\"\n        }\n      },\n      \"Version\": 0\n    }\n  }\n}"
}============{
  "recordid": "153",
  "channel": "Security",
  "computer": "WIN-JN0MUCM05TC",
  "eventid": "4663",
  "eventrecordid": "5407",
  "execution": {
    "processid": 4,
    "threadid": 64
  },
  "keywords": "0x8020000000000000",
  "level": "0",
  "opcode": "0",
  "provider": {
    "guid": "54849625-5478-4994-A5BA-3E3B0328C30D",
    "name": "Microsoft-Windows-Security-Auditing"
  },
  "task": "12800",
  "timecreated": {
    "systemtime": "2021-06-29T13:56:23.689851Z"
  },
  "version": "0",
  "event_data": {
    "accesslist": "%%1538\r\n\t\t\t\t",
    "accessmask": "0x20000",
    "handleid": "0xd8c",
    "objectname": "C:\\Users\\user\\The X-Files\\Documents.txt",
    "objectserver": "Security",
    "objecttype": "File",
    "processid": "0xb80",
    "processname": "C:\\Windows\\explorer.exe",
    "subjectdomainname": "WIN-JN0MUCM05TC",
    "subjectlogonid": "0x1a85af",
    "subjectusername": "user",
    "subjectusersid": "S-1-5-21-3016438738-995544542-2639181184-1000"
  },
  "message": "An attempt was made to access an object.\r\n\r\nSubject:\r\n\tSecurity ID:\t\tS-1-5-21-3016438738-995544542-2639181184-1000\r\n\tAccount Name:\t\tuser\r\n\tAccount Domain:\t\tWIN-JN0MUCM05TC\r\n\tLogon ID:\t\t0x1a85af\r\n\r\nObject:\r\n\tObject Server:\tSecurity\r\n\tObject Type:\tFile\r\n\tObject Name:\tC:\\Users\\user\\The X-Files\\Documents.txt\r\n\tHandle ID:\t0xd8c\r\n\r\nProcess Information:\r\n\tProcess ID:\t0xb80\r\n\tProcess Name:\tC:\\Windows\\explorer.exe\r\n\r\nAccess Request Information:\r\n\tAccesses:\t%%1538\r\n\t\t\t\t\r\n\tAccess Mask:\t0x20000",
  "raw": "{\n  \"Event\": {\n    \"#attributes\": {\n      \"xmlns\": \"http://schemas.microsoft.com/win/2004/08/events/event\"\n    },\n    \"EventData\": {\n      \"AccessList\": \"%%1538\\r\\n\\t\\t\\t\\t\",\n      \"AccessMask\": \"0x20000\",\n      \"HandleId\": \"0xd8c\",\n      \"ObjectName\": \"C:\\\\Users\\\\user\\\\The X-Files\\\\Documents.txt\",\n      \"ObjectServer\": \"Security\",\n      \"ObjectType\": \"File\",\n      \"ProcessId\": \"0xb80\",\n      \"ProcessName\": \"C:\\\\Windows\\\\explorer.exe\",\n      \"SubjectDomainName\": \"WIN-JN0MUCM05TC\",\n      \"SubjectLogonId\": \"0x1a85af\",\n      \"SubjectUserName\": \"user\",\n      \"SubjectUserSid\": \"S-1-5-21-3016438738-995544542-2639181184-1000\"\n    },\n    \"System\": {\n      \"Channel\": \"Security\",\n      \"Computer\": \"WIN-JN0MUCM05TC\",\n      \"Correlation\": null,\n      \"EventID\": 4663,\n      \"EventRecordID\": 5407,\n      \"Execution\": {\n        \"#attributes\": {\n          \"ProcessID\": 4,\n          \"ThreadID\": 64\n        }\n      },\n      \"Keywords\": \"0x8020000000000000\",\n      \"Level\": 0,\n      \"Opcode\": 0,\n      \"Provider\": {\n        \"#attributes\": {\n          \"Guid\": \"54849625-5478-4994-A5BA-3E3B0328C30D\",\n          \"Name\": \"Microsoft-Windows-Security-Auditing\"\n        }\n      },\n      \"Security\": null,\n      \"Task\": 12800,\n      \"TimeCreated\": {\n        \"#attributes\": {\n          \"SystemTime\": \"2021-06-29T13:56:23.689851Z\"\n        }\n      },\n      \"Version\": 0\n    }\n  }\n}"
}============{
  "recordid": "154",
  "channel": "Security",
  "computer": "WIN-JN0MUCM05TC",
  "eventid": "4663",
  "eventrecordid": "5408",
  "execution": {
    "processid": 4,
    "threadid": 64
  },
  "keywords": "0x8020000000000000",
  "level": "0",
  "opcode": "0",
  "provider": {
    "guid": "54849625-5478-4994-A5BA-3E3B0328C30D",
    "name": "Microsoft-Windows-Security-Auditing"
  },
  "task": "12800",
  "timecreated": {
    "systemtime": "2021-06-29T13:56:24.718910Z"
  },
  "version": "0",
  "event_data": {
    "accesslist": "%%1538\r\n\t\t\t\t",
    "accessmask": "0x20000",
    "handleid": "0xdfc",
    "objectname": "C:\\Users\\user\\The X-Files\\Documents.txt",
    "objectserver": "Security",
    "objecttype": "File",
    "processid": "0xb80",
    "processname": "C:\\Windows\\explorer.exe",
    "subjectdomainname": "WIN-JN0MUCM05TC",
    "subjectlogonid": "0x1a85af",
    "subjectusername": "user",
    "subjectusersid": "S-1-5-21-3016438738-995544542-2639181184-1000"
  },
  "message": "An attempt was made to access an object.\r\n\r\nSubject:\r\n\tSecurity ID:\t\tS-1-5-21-3016438738-995544542-2639181184-1000\r\n\tAccount Name:\t\tuser\r\n\tAccount Domain:\t\tWIN-JN0MUCM05TC\r\n\tLogon ID:\t\t0x1a85af\r\n\r\nObject:\r\n\tObject Server:\tSecurity\r\n\tObject Type:\tFile\r\n\tObject Name:\tC:\\Users\\user\\The X-Files\\Documents.txt\r\n\tHandle ID:\t0xdfc\r\n\r\nProcess Information:\r\n\tProcess ID:\t0xb80\r\n\tProcess Name:\tC:\\Windows\\explorer.exe\r\n\r\nAccess Request Information:\r\n\tAccesses:\t%%1538\r\n\t\t\t\t\r\n\tAccess Mask:\t0x20000",
  "raw": "{\n  \"Event\": {\n    \"#attributes\": {\n      \"xmlns\": \"http://schemas.microsoft.com/win/2004/08/events/event\"\n    },\n    \"EventData\": {\n      \"AccessList\": \"%%1538\\r\\n\\t\\t\\t\\t\",\n      \"AccessMask\": \"0x20000\",\n      \"HandleId\": \"0xdfc\",\n      \"ObjectName\": \"C:\\\\Users\\\\user\\\\The X-Files\\\\Documents.txt\",\n      \"ObjectServer\": \"Security\",\n      \"ObjectType\": \"File\",\n      \"ProcessId\": \"0xb80\",\n      \"ProcessName\": \"C:\\\\Windows\\\\explorer.exe\",\n      \"SubjectDomainName\": \"WIN-JN0MUCM05TC\",\n      \"SubjectLogonId\": \"0x1a85af\",\n      \"SubjectUserName\": \"user\",\n      \"SubjectUserSid\": \"S-1-5-21-3016438738-995544542-2639181184-1000\"\n    },\n    \"System\": {\n      \"Channel\": \"Security\",\n      \"Computer\": \"WIN-JN0MUCM05TC\",\n      \"Correlation\": null,\n      \"EventID\": 4663,\n      \"EventRecordID\": 5408,\n      \"Execution\": {\n        \"#attributes\": {\n          \"ProcessID\": 4,\n          \"ThreadID\": 64\n        }\n      },\n      \"Keywords\": \"0x8020000000000000\",\n      \"Level\": 0,\n      \"Opcode\": 0,\n      \"Provider\": {\n        \"#attributes\": {\n          \"Guid\": \"54849625-5478-4994-A5BA-3E3B0328C30D\",\n          \"Name\": \"Microsoft-Windows-Security-Auditing\"\n        }\n      },\n      \"Security\": null,\n      \"Task\": 12800,\n      \"TimeCreated\": {\n        \"#attributes\": {\n          \"SystemTime\": \"2021-06-29T13:56:24.718910Z\"\n        }\n      },\n      \"Version\": 0\n    }\n  }\n}"
}============{
  "recordid": "155",
  "channel": "Security",
  "computer": "WIN-JN0MUCM05TC",
  "eventid": "4663",
  "eventrecordid": "5409",
  "execution": {
    "processid": 4,
    "threadid": 64
  },
  "keywords": "0x8020000000000000",
  "level": "0",
  "opcode": "0",
  "provider": {
    "guid": "54849625-5478-4994-A5BA-3E3B0328C30D",
    "name": "Microsoft-Windows-Security-Auditing"
  },
  "task": "12800",
  "timecreated": {
    "systemtime": "2021-06-29T13:56:24.719910Z"
  },
  "version": "0",
  "event_data": {
    "accesslist": "%%1538\r\n\t\t\t\t",
    "accessmask": "0x20000",
    "handleid": "0xed0",
    "objectname": "C:\\Users\\user\\The X-Files\\Documents.txt",
    "objectserver": "Security",
    "objecttype": "File",
    "processid": "0xb80",
    "processname": "C:\\Windows\\explorer.exe",
    "subjectdomainname": "WIN-JN0MUCM05TC",
    "subjectlogonid": "0x1a85af",
    "subjectusername": "user",
    "subjectusersid": "S-1-5-21-3016438738-995544542-2639181184-1000"
  },
  "message": "An attempt was made to access an object.\r\n\r\nSubject:\r\n\tSecurity ID:\t\tS-1-5-21-3016438738-995544542-2639181184-1000\r\n\tAccount Name:\t\tuser\r\n\tAccount Domain:\t\tWIN-JN0MUCM05TC\r\n\tLogon ID:\t\t0x1a85af\r\n\r\nObject:\r\n\tObject Server:\tSecurity\r\n\tObject Type:\tFile\r\n\tObject Name:\tC:\\Users\\user\\The X-Files\\Documents.txt\r\n\tHandle ID:\t0xed0\r\n\r\nProcess Information:\r\n\tProcess ID:\t0xb80\r\n\tProcess Name:\tC:\\Windows\\explorer.exe\r\n\r\nAccess Request Information:\r\n\tAccesses:\t%%1538\r\n\t\t\t\t\r\n\tAccess Mask:\t0x20000",
  "raw": "{\n  \"Event\": {\n    \"#attributes\": {\n      \"xmlns\": \"http://schemas.microsoft.com/win/2004/08/events/event\"\n    },\n    \"EventData\": {\n      \"AccessList\": \"%%1538\\r\\n\\t\\t\\t\\t\",\n      \"AccessMask\": \"0x20000\",\n      \"HandleId\": \"0xed0\",\n      \"ObjectName\": \"C:\\\\Users\\\\user\\\\The X-Files\\\\Documents.txt\",\n      \"ObjectServer\": \"Security\",\n      \"ObjectType\": \"File\",\n      \"ProcessId\": \"0xb80\",\n      \"ProcessName\": \"C:\\\\Windows\\\\explorer.exe\",\n      \"SubjectDomainName\": \"WIN-JN0MUCM05TC\",\n      \"SubjectLogonId\": \"0x1a85af\",\n      \"SubjectUserName\": \"user\",\n      \"SubjectUserSid\": \"S-1-5-21-3016438738-995544542-2639181184-1000\"\n    },\n    \"System\": {\n      \"Channel\": \"Security\",\n      \"Computer\": \"WIN-JN0MUCM05TC\",\n      \"Correlation\": null,\n      \"EventID\": 4663,\n      \"EventRecordID\": 5409,\n      \"Execution\": {\n        \"#attributes\": {\n          \"ProcessID\": 4,\n          \"ThreadID\": 64\n        }\n      },\n      \"Keywords\": \"0x8020000000000000\",\n      \"Level\": 0,\n      \"Opcode\": 0,\n      \"Provider\": {\n        \"#attributes\": {\n          \"Guid\": \"54849625-5478-4994-A5BA-3E3B0328C30D\",\n          \"Name\": \"Microsoft-Windows-Security-Auditing\"\n        }\n      },\n      \"Security\": null,\n      \"Task\": 12800,\n      \"TimeCreated\": {\n        \"#attributes\": {\n          \"SystemTime\": \"2021-06-29T13:56:24.719910Z\"\n        }\n      },\n      \"Version\": 0\n    }\n  }\n}"
}============{
  "recordid": "156",
  "channel": "Security",
  "computer": "WIN-JN0MUCM05TC",
  "eventid": "4663",
