  "eventrecordid": "5351",
  "execution": {
    "processid": 512,
    "threadid": 2324
  },
  "keywords": "0x8020000000000000",
  "level": "0",
  "opcode": "0",
  "provider": {
    "guid": "54849625-5478-4994-A5BA-3E3B0328C30D",
    "name": "Microsoft-Windows-Security-Auditing"
  },
  "task": "12544",
  "timecreated": {
    "systemtime": "2021-06-29T13:54:43.204766Z"
  },
  "version": "0",
  "event_data": {
    "authenticationpackagename": "NTLM",
    "ipaddress": "-",
    "ipport": "-",
    "keylength": "128",
    "lmpackagename": "NTLM V2",
    "logonguid": "00000000-0000-0000-0000-000000000000",
    "logonprocessname": "NtLmSsp ",
    "logontype": "3",
    "processid": "0x0",
    "processname": "-",
    "subjectdomainname": "-",
    "subjectlogonid": "0x0",
    "subjectusername": "-",
    "subjectusersid": "S-1-0-0",
    "targetdomainname": "WIN-JN0MUCM05TC",
    "targetlogonid": "0x1a2fd0",
    "targetusername": "user",
    "targetusersid": "S-1-5-21-3016438738-995544542-2639181184-1000",
    "transmittedservices": "-",
    "workstationname": "DESKTOP-P08QOV5"
  },
  "message": "An account was successfully logged on.\r\n\r\nSubject:\r\n\tSecurity ID:\t\tS-1-0-0\r\n\tAccount Name:\t\t-\r\n\tAccount Domain:\t\t-\r\n\tLogon ID:\t\t0x0\r\n\r\nLogon Type:\t\t\t3\r\n\r\nNew Logon:\r\n\tSecurity ID:\t\tS-1-5-21-3016438738-995544542-2639181184-1000\r\n\tAccount Name:\t\tuser\r\n\tAccount Domain:\t\tWIN-JN0MUCM05TC\r\n\tLogon ID:\t\t0x1a2fd0\r\n\tLogon GUID:\t\t00000000-0000-0000-0000-000000000000\r\n\r\nProcess Information:\r\n\tProcess ID:\t\t0x0\r\n\tProcess Name:\t\t-\r\n\r\nNetwork Information:\r\n\tWorkstation Name:\tDESKTOP-P08QOV5\r\n\tSource Network Address:\t-\r\n\tSource Port:\t\t-\r\n\r\nDetailed Authentication Information:\r\n\tLogon Process:\t\tNtLmSsp \r\n\tAuthentication Package:\tNTLM\r\n\tTransited Services:\t-\r\n\tPackage Name (NTLM only):\tNTLM V2\r\n\tKey Length:\t\t128\r\n\r\nThis event is generated when a logon session is created. It is generated on the computer that was accessed.\r\n\r\nThe subject fields indicate the account on the local system which requested the logon. This is most commonly a service such as the Server service, or a local process such as Winlogon.exe or Services.exe.\r\n\r\nThe logon type field indicates the kind of logon that occurred. The most common types are 2 (interactive) and 3 (network).\r\n\r\nThe New Logon fields indicate the account for whom the new logon was created, i.e. the account that was logged on.\r\n\r\nThe network fields indicate where a remote logon request originated. Workstation name is not always available and may be left blank in some cases.\r\n\r\nThe impersonation level field indicates the extent to which a process in the logon session can impersonate.\r\n\r\nThe authentication information fields provide detailed information about this specific logon request.\r\n\t- Logon GUID is a unique identifier that can be used to correlate this event with a KDC event.\r\n\t- Transited services indicate which intermediate services have participated in this logon request.\r\n\t- Package name indicates which sub-protocol was used among the NTLM protocols.\r\n\t- Key length indicates the length of the generated session key. This will be 0 if no session key was requested.",
  "raw": "{\n  \"Event\": {\n    \"#attributes\": {\n      \"xmlns\": \"http://schemas.microsoft.com/win/2004/08/events/event\"\n    },\n    \"EventData\": {\n      \"AuthenticationPackageName\": \"NTLM\",\n      \"IpAddress\": \"-\",\n      \"IpPort\": \"-\",\n      \"KeyLength\": 128,\n      \"LmPackageName\": \"NTLM V2\",\n      \"LogonGuid\": \"00000000-0000-0000-0000-000000000000\",\n      \"LogonProcessName\": \"NtLmSsp \",\n      \"LogonType\": 3,\n      \"ProcessId\": \"0x0\",\n      \"ProcessName\": \"-\",\n      \"SubjectDomainName\": \"-\",\n      \"SubjectLogonId\": \"0x0\",\n      \"SubjectUserName\": \"-\",\n      \"SubjectUserSid\": \"S-1-0-0\",\n      \"TargetDomainName\": \"WIN-JN0MUCM05TC\",\n      \"TargetLogonId\": \"0x1a2fd0\",\n      \"TargetUserName\": \"user\",\n      \"TargetUserSid\": \"S-1-5-21-3016438738-995544542-2639181184-1000\",\n      \"TransmittedServices\": \"-\",\n      \"WorkstationName\": \"DESKTOP-P08QOV5\"\n    },\n    \"System\": {\n      \"Channel\": \"Security\",\n      \"Computer\": \"WIN-JN0MUCM05TC\",\n      \"Correlation\": null,\n      \"EventID\": 4624,\n      \"EventRecordID\": 5351,\n      \"Execution\": {\n        \"#attributes\": {\n          \"ProcessID\": 512,\n          \"ThreadID\": 2324\n        }\n      },\n      \"Keywords\": \"0x8020000000000000\",\n      \"Level\": 0,\n      \"Opcode\": 0,\n      \"Provider\": {\n        \"#attributes\": {\n          \"Guid\": \"54849625-5478-4994-A5BA-3E3B0328C30D\",\n          \"Name\": \"Microsoft-Windows-Security-Auditing\"\n        }\n      },\n      \"Security\": null,\n      \"Task\": 12544,\n      \"TimeCreated\": {\n        \"#attributes\": {\n          \"SystemTime\": \"2021-06-29T13:54:43.204766Z\"\n        }\n      },\n      \"Version\": 0\n    }\n  }\n}"
}============{
  "recordid": "98",
  "channel": "Security",
  "computer": "WIN-JN0MUCM05TC",
  "eventid": "4634",
  "eventrecordid": "5352",
  "execution": {
    "processid": 512,
    "threadid": 2324
  },
  "keywords": "0x8020000000000000",
  "level": "0",
  "opcode": "0",
  "provider": {
    "guid": "54849625-5478-4994-A5BA-3E3B0328C30D",
    "name": "Microsoft-Windows-Security-Auditing"
  },
  "task": "12545",
  "timecreated": {
    "systemtime": "2021-06-29T13:54:43.204766Z"
  },
  "version": "0",
  "event_data": {
    "logontype": "3",
    "targetdomainname": "WIN-JN0MUCM05TC",
    "targetlogonid": "0x1a2fd0",
    "targetusername": "user",
    "targetusersid": "S-1-5-21-3016438738-995544542-2639181184-1000"
  },
  "message": "An account was logged off.\r\n\r\nSubject:\r\n\tSecurity ID:\t\tS-1-5-21-3016438738-995544542-2639181184-1000\r\n\tAccount Name:\t\tuser\r\n\tAccount Domain:\t\tWIN-JN0MUCM05TC\r\n\tLogon ID:\t\t0x1a2fd0\r\n\r\nLogon Type:\t\t\t3\r\n\r\nThis event is generated when a logon session is destroyed. It may be positively correlated with a logon event using the Logon ID value. Logon IDs are only unique between reboots on the same computer.",
  "raw": "{\n  \"Event\": {\n    \"#attributes\": {\n      \"xmlns\": \"http://schemas.microsoft.com/win/2004/08/events/event\"\n    },\n    \"EventData\": {\n      \"LogonType\": 3,\n      \"TargetDomainName\": \"WIN-JN0MUCM05TC\",\n      \"TargetLogonId\": \"0x1a2fd0\",\n      \"TargetUserName\": \"user\",\n      \"TargetUserSid\": \"S-1-5-21-3016438738-995544542-2639181184-1000\"\n    },\n    \"System\": {\n      \"Channel\": \"Security\",\n      \"Computer\": \"WIN-JN0MUCM05TC\",\n      \"Correlation\": null,\n      \"EventID\": 4634,\n      \"EventRecordID\": 5352,\n      \"Execution\": {\n        \"#attributes\": {\n          \"ProcessID\": 512,\n          \"ThreadID\": 2324\n        }\n      },\n      \"Keywords\": \"0x8020000000000000\",\n      \"Level\": 0,\n      \"Opcode\": 0,\n      \"Provider\": {\n        \"#attributes\": {\n          \"Guid\": \"54849625-5478-4994-A5BA-3E3B0328C30D\",\n          \"Name\": \"Microsoft-Windows-Security-Auditing\"\n        }\n      },\n      \"Security\": null,\n      \"Task\": 12545,\n      \"TimeCreated\": {\n        \"#attributes\": {\n          \"SystemTime\": \"2021-06-29T13:54:43.204766Z\"\n        }\n      },\n      \"Version\": 0\n    }\n  }\n}"
}============{
  "recordid": "99",
  "channel": "Security",
  "computer": "WIN-JN0MUCM05TC",
  "eventid": "4689",
  "eventrecordid": "5353",
  "execution": {
    "processid": 4,
    "threadid": 64
  },
  "keywords": "0x8020000000000000",
  "level": "0",
  "opcode": "0",
  "provider": {
    "guid": "54849625-5478-4994-A5BA-3E3B0328C30D",
    "name": "Microsoft-Windows-Security-Auditing"
  },
  "task": "13313",
  "timecreated": {
    "systemtime": "2021-06-29T13:55:32.812854Z"
  },
  "version": "0",
  "event_data": {
    "processid": "0x9c4",
    "processname": "C:\\Windows\\System32\\SearchProtocolHost.exe",
    "status": "0x0",
    "subjectdomainname": "WORKGROUP",
    "subjectlogonid": "0x3e7",
    "subjectusername": "WIN-JN0MUCM05TC$",
    "subjectusersid": "S-1-5-18"
  },
  "message": "A process has exited.\r\n\r\nSubject:\r\n\tSecurity ID:\t\tS-1-5-18\r\n\tAccount Name:\t\tWIN-JN0MUCM05TC$\r\n\tAccount Domain:\t\tWORKGROUP\r\n\tLogon ID:\t\t0x3e7\r\n\r\nProcess Information:\r\n\tProcess ID:\t0x9c4\r\n\tProcess Name:\tC:\\Windows\\System32\\SearchProtocolHost.exe\r\n\tExit Status:\t0x0",
  "raw": "{\n  \"Event\": {\n    \"#attributes\": {\n      \"xmlns\": \"http://schemas.microsoft.com/win/2004/08/events/event\"\n    },\n    \"EventData\": {\n      \"ProcessId\": \"0x9c4\",\n      \"ProcessName\": \"C:\\\\Windows\\\\System32\\\\SearchProtocolHost.exe\",\n      \"Status\": \"0x0\",\n      \"SubjectDomainName\": \"WORKGROUP\",\n      \"SubjectLogonId\": \"0x3e7\",\n      \"SubjectUserName\": \"WIN-JN0MUCM05TC$\",\n      \"SubjectUserSid\": \"S-1-5-18\"\n    },\n    \"System\": {\n      \"Channel\": \"Security\",\n      \"Computer\": \"WIN-JN0MUCM05TC\",\n      \"Correlation\": null,\n      \"EventID\": 4689,\n      \"EventRecordID\": 5353,\n      \"Execution\": {\n        \"#attributes\": {\n          \"ProcessID\": 4,\n          \"ThreadID\": 64\n        }\n      },\n      \"Keywords\": \"0x8020000000000000\",\n      \"Level\": 0,\n      \"Opcode\": 0,\n      \"Provider\": {\n        \"#attributes\": {\n          \"Guid\": \"54849625-5478-4994-A5BA-3E3B0328C30D\",\n          \"Name\": \"Microsoft-Windows-Security-Auditing\"\n        }\n      },\n      \"Security\": null,\n      \"Task\": 13313,\n      \"TimeCreated\": {\n        \"#attributes\": {\n          \"SystemTime\": \"2021-06-29T13:55:32.812854Z\"\n        }\n      },\n      \"Version\": 0\n    }\n  }\n}"
}============{
  "recordid": "100",
  "channel": "Security",
  "computer": "WIN-JN0MUCM05TC",
  "eventid": "4689",
  "eventrecordid": "5354",
  "execution": {
    "processid": 4,
    "threadid": 64
  },
  "keywords": "0x8020000000000000",
  "level": "0",
  "opcode": "0",
  "provider": {
    "guid": "54849625-5478-4994-A5BA-3E3B0328C30D",
    "name": "Microsoft-Windows-Security-Auditing"
  },
  "task": "13313",
  "timecreated": {
    "systemtime": "2021-06-29T13:55:32.812854Z"
  },
  "version": "0",
  "event_data": {
    "processid": "0x934",
    "processname": "C:\\Windows\\System32\\SearchFilterHost.exe",
    "status": "0x0",
    "subjectdomainname": "WORKGROUP",
    "subjectlogonid": "0x3e7",
    "subjectusername": "WIN-JN0MUCM05TC$",
    "subjectusersid": "S-1-5-18"
  },
  "message": "A process has exited.\r\n\r\nSubject:\r\n\tSecurity ID:\t\tS-1-5-18\r\n\tAccount Name:\t\tWIN-JN0MUCM05TC$\r\n\tAccount Domain:\t\tWORKGROUP\r\n\tLogon ID:\t\t0x3e7\r\n\r\nProcess Information:\r\n\tProcess ID:\t0x934\r\n\tProcess Name:\tC:\\Windows\\System32\\SearchFilterHost.exe\r\n\tExit Status:\t0x0",
  "raw": "{\n  \"Event\": {\n    \"#attributes\": {\n      \"xmlns\": \"http://schemas.microsoft.com/win/2004/08/events/event\"\n    },\n    \"EventData\": {\n      \"ProcessId\": \"0x934\",\n      \"ProcessName\": \"C:\\\\Windows\\\\System32\\\\SearchFilterHost.exe\",\n      \"Status\": \"0x0\",\n      \"SubjectDomainName\": \"WORKGROUP\",\n      \"SubjectLogonId\": \"0x3e7\",\n      \"SubjectUserName\": \"WIN-JN0MUCM05TC$\",\n      \"SubjectUserSid\": \"S-1-5-18\"\n    },\n    \"System\": {\n      \"Channel\": \"Security\",\n      \"Computer\": \"WIN-JN0MUCM05TC\",\n      \"Correlation\": null,\n      \"EventID\": 4689,\n      \"EventRecordID\": 5354,\n      \"Execution\": {\n        \"#attributes\": {\n          \"ProcessID\": 4,\n          \"ThreadID\": 64\n        }\n      },\n      \"Keywords\": \"0x8020000000000000\",\n      \"Level\": 0,\n      \"Opcode\": 0,\n      \"Provider\": {\n        \"#attributes\": {\n          \"Guid\": \"54849625-5478-4994-A5BA-3E3B0328C30D\",\n          \"Name\": \"Microsoft-Windows-Security-Auditing\"\n        }\n      },\n      \"Security\": null,\n      \"Task\": 13313,\n      \"TimeCreated\": {\n        \"#attributes\": {\n          \"SystemTime\": \"2021-06-29T13:55:32.812854Z\"\n        }\n      },\n      \"Version\": 0\n    }\n  }\n}"
}============{
  "recordid": "101",
  "channel": "Security",
  "computer": "WIN-JN0MUCM05TC",
  "eventid": "4689",
  "eventrecordid": "5355",
  "execution": {
    "processid": 4,
    "threadid": 64
  },
  "keywords": "0x8020000000000000",
  "level": "0",
  "opcode": "0",
  "provider": {
    "guid": "54849625-5478-4994-A5BA-3E3B0328C30D",
    "name": "Microsoft-Windows-Security-Auditing"
  },
  "task": "13313",
  "timecreated": {
    "systemtime": "2021-06-29T13:55:38.179263Z"
  },
  "version": "0",
  "event_data": {
    "processid": "0x280",
    "processname": "C:\\Windows\\System32\\wbem\\WmiApSrv.exe",
    "status": "0x0",
    "subjectdomainname": "WORKGROUP",
    "subjectlogonid": "0x3e7",
    "subjectusername": "WIN-JN0MUCM05TC$",
    "subjectusersid": "S-1-5-18"
  },
  "message": "A process has exited.\r\n\r\nSubject:\r\n\tSecurity ID:\t\tS-1-5-18\r\n\tAccount Name:\t\tWIN-JN0MUCM05TC$\r\n\tAccount Domain:\t\tWORKGROUP\r\n\tLogon ID:\t\t0x3e7\r\n\r\nProcess Information:\r\n\tProcess ID:\t0x280\r\n\tProcess Name:\tC:\\Windows\\System32\\wbem\\WmiApSrv.exe\r\n\tExit Status:\t0x0",
  "raw": "{\n  \"Event\": {\n    \"#attributes\": {\n      \"xmlns\": \"http://schemas.microsoft.com/win/2004/08/events/event\"\n    },\n    \"EventData\": {\n      \"ProcessId\": \"0x280\",\n      \"ProcessName\": \"C:\\\\Windows\\\\System32\\\\wbem\\\\WmiApSrv.exe\",\n      \"Status\": \"0x0\",\n      \"SubjectDomainName\": \"WORKGROUP\",\n      \"SubjectLogonId\": \"0x3e7\",\n      \"SubjectUserName\": \"WIN-JN0MUCM05TC$\",\n      \"SubjectUserSid\": \"S-1-5-18\"\n    },\n    \"System\": {\n      \"Channel\": \"Security\",\n      \"Computer\": \"WIN-JN0MUCM05TC\",\n      \"Correlation\": null,\n      \"EventID\": 4689,\n      \"EventRecordID\": 5355,\n      \"Execution\": {\n        \"#attributes\": {\n          \"ProcessID\": 4,\n          \"ThreadID\": 64\n        }\n      },\n      \"Keywords\": \"0x8020000000000000\",\n      \"Level\": 0,\n      \"Opcode\": 0,\n      \"Provider\": {\n        \"#attributes\": {\n          \"Guid\": \"54849625-5478-4994-A5BA-3E3B0328C30D\",\n          \"Name\": \"Microsoft-Windows-Security-Auditing\"\n        }\n      },\n      \"Security\": null,\n      \"Task\": 13313,\n      \"TimeCreated\": {\n        \"#attributes\": {\n          \"SystemTime\": \"2021-06-29T13:55:38.179263Z\"\n        }\n      },\n      \"Version\": 0\n    }\n  }\n}"
}============{
  "recordid": "102",
  "channel": "Security",
  "computer": "WIN-JN0MUCM05TC",
  "eventid": "4776",
  "eventrecordid": "5356",
  "execution": {
    "processid": 512,
    "threadid": 2324
  },
  "keywords": "0x8020000000000000",
  "level": "0",
  "opcode": "0",
  "provider": {
    "guid": "54849625-5478-4994-A5BA-3E3B0328C30D",
    "name": "Microsoft-Windows-Security-Auditing"
  },
  "task": "14336",
  "timecreated": {
    "systemtime": "2021-06-29T13:55:45.714076Z"
  },
  "version": "0",
  "event_data": {
    "packagename": "MICROSOFT_AUTHENTICATION_PACKAGE_V1_0",
    "status": "0x0",
    "targetusername": "user",
    "workstation": "DESKTOP-P08QOV5"
  },
  "message": "The computer attempted to validate the credentials for an account.\r\n\r\nAuthentication Package:\tMICROSOFT_AUTHENTICATION_PACKAGE_V1_0\r\nLogon Account:\tuser\r\nSource Workstation:\tDESKTOP-P08QOV5\r\nError Code:\t0x0",
  "raw": "{\n  \"Event\": {\n    \"#attributes\": {\n      \"xmlns\": \"http://schemas.microsoft.com/win/2004/08/events/event\"\n    },\n    \"EventData\": {\n      \"PackageName\": \"MICROSOFT_AUTHENTICATION_PACKAGE_V1_0\",\n      \"Status\": \"0x0\",\n      \"TargetUserName\": \"user\",\n      \"Workstation\": \"DESKTOP-P08QOV5\"\n    },\n    \"System\": {\n      \"Channel\": \"Security\",\n      \"Computer\": \"WIN-JN0MUCM05TC\",\n      \"Correlation\": null,\n      \"EventID\": 4776,\n      \"EventRecordID\": 5356,\n      \"Execution\": {\n        \"#attributes\": {\n          \"ProcessID\": 512,\n          \"ThreadID\": 2324\n        }\n      },\n      \"Keywords\": \"0x8020000000000000\",\n      \"Level\": 0,\n      \"Opcode\": 0,\n      \"Provider\": {\n        \"#attributes\": {\n          \"Guid\": \"54849625-5478-4994-A5BA-3E3B0328C30D\",\n          \"Name\": \"Microsoft-Windows-Security-Auditing\"\n        }\n      },\n      \"Security\": null,\n      \"Task\": 14336,\n      \"TimeCreated\": {\n        \"#attributes\": {\n          \"SystemTime\": \"2021-06-29T13:55:45.714076Z\"\n        }\n      },\n      \"Version\": 0\n    }\n  }\n}"
}============{
  "recordid": "103",
  "channel": "Security",
  "computer": "WIN-JN0MUCM05TC",
  "eventid": "4672",
  "eventrecordid": "5357",
  "execution": {
    "processid": 512,
    "threadid": 2324
  },
  "keywords": "0x8020000000000000",
  "level": "0",
  "opcode": "0",
  "provider": {
    "guid": "54849625-5478-4994-A5BA-3E3B0328C30D",
    "name": "Microsoft-Windows-Security-Auditing"
  },
  "task": "12548",
  "timecreated": {
    "systemtime": "2021-06-29T13:55:45.714076Z"
  },
  "version": "0",
  "event_data": {
    "privilegelist": "SeSecurityPrivilege\r\n\t\t\tSeBackupPrivilege\r\n\t\t\tSeRestorePrivilege\r\n\t\t\tSeTakeOwnershipPrivilege\r\n\t\t\tSeDebugPrivilege\r\n\t\t\tSeSystemEnvironmentPrivilege\r\n\t\t\tSeLoadDriverPrivilege\r\n\t\t\tSeImpersonatePrivilege",
    "subjectdomainname": "WIN-JN0MUCM05TC",
    "subjectlogonid": "0x1a5e61",
    "subjectusername": "user",
    "subjectusersid": "S-1-5-21-3016438738-995544542-2639181184-1000"
  },
  "message": "Special privileges assigned to new logon.\r\n\r\nSubject:\r\n\tSecurity ID:\t\tS-1-5-21-3016438738-995544542-2639181184-1000\r\n\tAccount Name:\t\tuser\r\n\tAccount Domain:\t\tWIN-JN0MUCM05TC\r\n\tLogon ID:\t\t0x1a5e61\r\n\r\nPrivileges:\t\tSeSecurityPrivilege\r\n\t\t\tSeBackupPrivilege\r\n\t\t\tSeRestorePrivilege\r\n\t\t\tSeTakeOwnershipPrivilege\r\n\t\t\tSeDebugPrivilege\r\n\t\t\tSeSystemEnvironmentPrivilege\r\n\t\t\tSeLoadDriverPrivilege\r\n\t\t\tSeImpersonatePrivilege",
  "raw": "{\n  \"Event\": {\n    \"#attributes\": {\n      \"xmlns\": \"http://schemas.microsoft.com/win/2004/08/events/event\"\n    },\n    \"EventData\": {\n      \"PrivilegeList\": \"SeSecurityPrivilege\\r\\n\\t\\t\\tSeBackupPrivilege\\r\\n\\t\\t\\tSeRestorePrivilege\\r\\n\\t\\t\\tSeTakeOwnershipPrivilege\\r\\n\\t\\t\\tSeDebugPrivilege\\r\\n\\t\\t\\tSeSystemEnvironmentPrivilege\\r\\n\\t\\t\\tSeLoadDriverPrivilege\\r\\n\\t\\t\\tSeImpersonatePrivilege\",\n      \"SubjectDomainName\": \"WIN-JN0MUCM05TC\",\n      \"SubjectLogonId\": \"0x1a5e61\",\n      \"SubjectUserName\": \"user\",\n      \"SubjectUserSid\": \"S-1-5-21-3016438738-995544542-2639181184-1000\"\n    },\n    \"System\": {\n      \"Channel\": \"Security\",\n      \"Computer\": \"WIN-JN0MUCM05TC\",\n      \"Correlation\": null,\n      \"EventID\": 4672,\n      \"EventRecordID\": 5357,\n      \"Execution\": {\n        \"#attributes\": {\n          \"ProcessID\": 512,\n          \"ThreadID\": 2324\n        }\n      },\n      \"Keywords\": \"0x8020000000000000\",\n      \"Level\": 0,\n      \"Opcode\": 0,\n      \"Provider\": {\n        \"#attributes\": {\n          \"Guid\": \"54849625-5478-4994-A5BA-3E3B0328C30D\",\n          \"Name\": \"Microsoft-Windows-Security-Auditing\"\n        }\n      },\n      \"Security\": null,\n      \"Task\": 12548,\n      \"TimeCreated\": {\n        \"#attributes\": {\n          \"SystemTime\": \"2021-06-29T13:55:45.714076Z\"\n        }\n      },\n      \"Version\": 0\n    }\n  }\n}"
}============{
  "recordid": "104",
  "channel": "Security",
  "computer": "WIN-JN0MUCM05TC",
  "eventid": "4672",
  "eventrecordid": "5358",
  "execution": {
    "processid": 512,
    "threadid": 2324
  },
  "keywords": "0x8020000000000000",
  "level": "0",
  "opcode": "0",
  "provider": {
    "guid": "54849625-5478-4994-A5BA-3E3B0328C30D",
    "name": "Microsoft-Windows-Security-Auditing"
  },
  "task": "12548",
  "timecreated": {
    "systemtime": "2021-06-29T13:55:45.714076Z"
  },
  "version": "0",
  "event_data": {
    "privilegelist": "SeSecurityPrivilege\r\n\t\t\tSeTakeOwnershipPrivilege\r\n\t\t\tSeLoadDriverPrivilege\r\n\t\t\tSeBackupPrivilege\r\n\t\t\tSeRestorePrivilege\r\n\t\t\tSeDebugPrivilege\r\n\t\t\tSeSystemEnvironmentPrivilege\r\n\t\t\tSeImpersonatePrivilege",
    "subjectdomainname": "WIN-JN0MUCM05TC",
    "subjectlogonid": "0x1a5e61",
    "subjectusername": "user",
    "subjectusersid": "S-1-5-21-3016438738-995544542-2639181184-1000"
  },
  "message": "Special privileges assigned to new logon.\r\n\r\nSubject:\r\n\tSecurity ID:\t\tS-1-5-21-3016438738-995544542-2639181184-1000\r\n\tAccount Name:\t\tuser\r\n\tAccount Domain:\t\tWIN-JN0MUCM05TC\r\n\tLogon ID:\t\t0x1a5e61\r\n\r\nPrivileges:\t\tSeSecurityPrivilege\r\n\t\t\tSeTakeOwnershipPrivilege\r\n\t\t\tSeLoadDriverPrivilege\r\n\t\t\tSeBackupPrivilege\r\n\t\t\tSeRestorePrivilege\r\n\t\t\tSeDebugPrivilege\r\n\t\t\tSeSystemEnvironmentPrivilege\r\n\t\t\tSeImpersonatePrivilege",
  "raw": "{\n  \"Event\": {\n    \"#attributes\": {\n      \"xmlns\": \"http://schemas.microsoft.com/win/2004/08/events/event\"\n    },\n    \"EventData\": {\n      \"PrivilegeList\": \"SeSecurityPrivilege\\r\\n\\t\\t\\tSeTakeOwnershipPrivilege\\r\\n\\t\\t\\tSeLoadDriverPrivilege\\r\\n\\t\\t\\tSeBackupPrivilege\\r\\n\\t\\t\\tSeRestorePrivilege\\r\\n\\t\\t\\tSeDebugPrivilege\\r\\n\\t\\t\\tSeSystemEnvironmentPrivilege\\r\\n\\t\\t\\tSeImpersonatePrivilege\",\n      \"SubjectDomainName\": \"WIN-JN0MUCM05TC\",\n      \"SubjectLogonId\": \"0x1a5e61\",\n      \"SubjectUserName\": \"user\",\n      \"SubjectUserSid\": \"S-1-5-21-3016438738-995544542-2639181184-1000\"\n    },\n    \"System\": {\n      \"Channel\": \"Security\",\n      \"Computer\": \"WIN-JN0MUCM05TC\",\n      \"Correlation\": null,\n      \"EventID\": 4672,\n      \"EventRecordID\": 5358,\n      \"Execution\": {\n        \"#attributes\": {\n          \"ProcessID\": 512,\n          \"ThreadID\": 2324\n        }\n      },\n      \"Keywords\": \"0x8020000000000000\",\n      \"Level\": 0,\n      \"Opcode\": 0,\n      \"Provider\": {\n        \"#attributes\": {\n          \"Guid\": \"54849625-5478-4994-A5BA-3E3B0328C30D\",\n          \"Name\": \"Microsoft-Windows-Security-Auditing\"\n        }\n      },\n      \"Security\": null,\n      \"Task\": 12548,\n      \"TimeCreated\": {\n        \"#attributes\": {\n          \"SystemTime\": \"2021-06-29T13:55:45.714076Z\"\n        }\n      },\n      \"Version\": 0\n    }\n  }\n}"
}============{
  "recordid": "105",
  "channel": "Security",
  "computer": "WIN-JN0MUCM05TC",
  "eventid": "4624",
  "eventrecordid": "5359",
  "execution": {
    "processid": 512,
    "threadid": 2324
  },
  "keywords": "0x8020000000000000",
  "level": "0",
  "opcode": "0",
  "provider": {
    "guid": "54849625-5478-4994-A5BA-3E3B0328C30D",
    "name": "Microsoft-Windows-Security-Auditing"
  },
  "task": "12544",
  "timecreated": {
    "systemtime": "2021-06-29T13:55:45.714076Z"
  },
  "version": "0",
  "event_data": {
    "authenticationpackagename": "NTLM",
    "ipaddress": "-",
    "ipport": "-",
    "keylength": "128",
    "lmpackagename": "NTLM V2",
    "logonguid": "00000000-0000-0000-0000-000000000000",
    "logonprocessname": "NtLmSsp ",
    "logontype": "3",
    "processid": "0x0",
    "processname": "-",
    "subjectdomainname": "-",
    "subjectlogonid": "0x0",
    "subjectusername": "-",
    "subjectusersid": "S-1-0-0",
    "targetdomainname": "WIN-JN0MUCM05TC",
    "targetlogonid": "0x1a5e61",
    "targetusername": "user",
    "targetusersid": "S-1-5-21-3016438738-995544542-2639181184-1000",
    "transmittedservices": "-",
    "workstationname": "DESKTOP-P08QOV5"
  },
  "message": "An account was successfully logged on.\r\n\r\nSubject:\r\n\tSecurity ID:\t\tS-1-0-0\r\n\tAccount Name:\t\t-\r\n\tAccount Domain:\t\t-\r\n\tLogon ID:\t\t0x0\r\n\r\nLogon Type:\t\t\t3\r\n\r\nNew Logon:\r\n\tSecurity ID:\t\tS-1-5-21-3016438738-995544542-2639181184-1000\r\n\tAccount Name:\t\tuser\r\n\tAccount Domain:\t\tWIN-JN0MUCM05TC\r\n\tLogon ID:\t\t0x1a5e61\r\n\tLogon GUID:\t\t00000000-0000-0000-0000-000000000000\r\n\r\nProcess Information:\r\n\tProcess ID:\t\t0x0\r\n\tProcess Name:\t\t-\r\n\r\nNetwork Information:\r\n\tWorkstation Name:\tDESKTOP-P08QOV5\r\n\tSource Network Address:\t-\r\n\tSource Port:\t\t-\r\n\r\nDetailed Authentication Information:\r\n\tLogon Process:\t\tNtLmSsp \r\n\tAuthentication Package:\tNTLM\r\n\tTransited Services:\t-\r\n\tPackage Name (NTLM only):\tNTLM V2\r\n\tKey Length:\t\t128\r\n\r\nThis event is generated when a logon session is created. It is generated on the computer that was accessed.\r\n\r\nThe subject fields indicate the account on the local system which requested the logon. This is most commonly a service such as the Server service, or a local process such as Winlogon.exe or Services.exe.\r\n\r\nThe logon type field indicates the kind of logon that occurred. The most common types are 2 (interactive) and 3 (network).\r\n\r\nThe New Logon fields indicate the account for whom the new logon was created, i.e. the account that was logged on.\r\n\r\nThe network fields indicate where a remote logon request originated. Workstation name is not always available and may be left blank in some cases.\r\n\r\nThe impersonation level field indicates the extent to which a process in the logon session can impersonate.\r\n\r\nThe authentication information fields provide detailed information about this specific logon request.\r\n\t- Logon GUID is a unique identifier that can be used to correlate this event with a KDC event.\r\n\t- Transited services indicate which intermediate services have participated in this logon request.\r\n\t- Package name indicates which sub-protocol was used among the NTLM protocols.\r\n\t- Key length indicates the length of the generated session key. This will be 0 if no session key was requested.",
  "raw": "{\n  \"Event\": {\n    \"#attributes\": {\n      \"xmlns\": \"http://schemas.microsoft.com/win/2004/08/events/event\"\n    },\n    \"EventData\": {\n      \"AuthenticationPackageName\": \"NTLM\",\n      \"IpAddress\": \"-\",\n      \"IpPort\": \"-\",\n      \"KeyLength\": 128,\n      \"LmPackageName\": \"NTLM V2\",\n      \"LogonGuid\": \"00000000-0000-0000-0000-000000000000\",\n      \"LogonProcessName\": \"NtLmSsp \",\n      \"LogonType\": 3,\n      \"ProcessId\": \"0x0\",\n      \"ProcessName\": \"-\",\n      \"SubjectDomainName\": \"-\",\n      \"SubjectLogonId\": \"0x0\",\n      \"SubjectUserName\": \"-\",\n      \"SubjectUserSid\": \"S-1-0-0\",\n      \"TargetDomainName\": \"WIN-JN0MUCM05TC\",\n      \"TargetLogonId\": \"0x1a5e61\",\n      \"TargetUserName\": \"user\",\n      \"TargetUserSid\": \"S-1-5-21-3016438738-995544542-2639181184-1000\",\n      \"TransmittedServices\": \"-\",\n      \"WorkstationName\": \"DESKTOP-P08QOV5\"\n    },\n    \"System\": {\n      \"Channel\": \"Security\",\n      \"Computer\": \"WIN-JN0MUCM05TC\",\n      \"Correlation\": null,\n      \"EventID\": 4624,\n      \"EventRecordID\": 5359,\n      \"Execution\": {\n        \"#attributes\": {\n          \"ProcessID\": 512,\n          \"ThreadID\": 2324\n        }\n      },\n      \"Keywords\": \"0x8020000000000000\",\n      \"Level\": 0,\n      \"Opcode\": 0,\n      \"Provider\": {\n        \"#attributes\": {\n          \"Guid\": \"54849625-5478-4994-A5BA-3E3B0328C30D\",\n          \"Name\": \"Microsoft-Windows-Security-Auditing\"\n        }\n      },\n      \"Security\": null,\n      \"Task\": 12544,\n      \"TimeCreated\": {\n        \"#attributes\": {\n          \"SystemTime\": \"2021-06-29T13:55:45.714076Z\"\n        }\n      },\n      \"Version\": 0\n    }\n  }\n}"
}============{
  "recordid": "106",
  "channel": "Security",
  "computer": "WIN-JN0MUCM05TC",
  "eventid": "4688",
  "eventrecordid": "5360",
  "execution": {
    "processid": 4,
    "threadid": 64
  },
  "keywords": "0x8020000000000000",
  "level": "0",
  "opcode": "0",
  "provider": {
    "guid": "54849625-5478-4994-A5BA-3E3B0328C30D",
    "name": "Microsoft-Windows-Security-Auditing"
  },
  "task": "13312",
  "timecreated": {
    "systemtime": "2021-06-29T13:55:46.213277Z"
  },
  "version": "1",
  "event_data": {
    "commandline": "\\SystemRoot\\System32\\smss.exe 00000000 0000003c ",
    "newprocessid": "0x964",
    "newprocessname": "C:\\Windows\\System32\\smss.exe",
    "processid": "0x108",
    "subjectdomainname": "WORKGROUP",
    "subjectlogonid": "0x3e7",
    "subjectusername": "WIN-JN0MUCM05TC$",
    "subjectusersid": "S-1-5-18",
    "tokenelevationtype": "%%1936"
  },
  "message": "A new process has been created.\r\n\r\nSubject:\r\n\tSecurity ID:\t\tS-1-5-18\r\n\tAccount Name:\t\tWIN-JN0MUCM05TC$\r\n\tAccount Domain:\t\tWORKGROUP\r\n\tLogon ID:\t\t0x3e7\r\n\r\nProcess Information:\r\n\tNew Process ID:\t\t0x964\r\n\tNew Process Name:\tC:\\Windows\\System32\\smss.exe\r\n\tToken Elevation Type:\t%%1936\r\n\tCreator Process ID:\t0x108\r\n\r\nToken Elevation Type indicates the type of token that was assigned to the new process in accordance with User Account Control policy.\r\n\r\nType 1 is a full token with no privileges removed or groups disabled.  A full token is only used if User Account Control is disabled or if the user is the built-in Administrator account or a service account.\r\n\r\nType 2 is an elevated token with no privileges removed or groups disabled.  An elevated token is used when User Account Control is enabled and the user chooses to start the program using Run as administrator.  An elevated token is also used when an application is configured to always require administrative privilege or to always require maximum privilege, and the user is a member of the Administrators group.\r\n\r\nType 3 is a limited token with administrative privileges removed and administrative groups disabled.  The limited token is used when User Account Control is enabled, the application does not require administrative privilege, and the user does not choose to start the program using Run as administrator.",
  "raw": "{\n  \"Event\": {\n    \"#attributes\": {\n      \"xmlns\": \"http://schemas.microsoft.com/win/2004/08/events/event\"\n    },\n    \"EventData\": {\n      \"CommandLine\": \"\\\\SystemRoot\\\\System32\\\\smss.exe 00000000 0000003c \",\n      \"NewProcessId\": \"0x964\",\n      \"NewProcessName\": \"C:\\\\Windows\\\\System32\\\\smss.exe\",\n      \"ProcessId\": \"0x108\",\n      \"SubjectDomainName\": \"WORKGROUP\",\n      \"SubjectLogonId\": \"0x3e7\",\n      \"SubjectUserName\": \"WIN-JN0MUCM05TC$\",\n      \"SubjectUserSid\": \"S-1-5-18\",\n      \"TokenElevationType\": \"%%1936\"\n    },\n    \"System\": {\n      \"Channel\": \"Security\",\n      \"Computer\": \"WIN-JN0MUCM05TC\",\n      \"Correlation\": null,\n      \"EventID\": 4688,\n      \"EventRecordID\": 5360,\n      \"Execution\": {\n        \"#attributes\": {\n          \"ProcessID\": 4,\n          \"ThreadID\": 64\n        }\n      },\n      \"Keywords\": \"0x8020000000000000\",\n      \"Level\": 0,\n      \"Opcode\": 0,\n      \"Provider\": {\n        \"#attributes\": {\n          \"Guid\": \"54849625-5478-4994-A5BA-3E3B0328C30D\",\n          \"Name\": \"Microsoft-Windows-Security-Auditing\"\n        }\n      },\n      \"Security\": null,\n      \"Task\": 13312,\n      \"TimeCreated\": {\n        \"#attributes\": {\n          \"SystemTime\": \"2021-06-29T13:55:46.213277Z\"\n        }\n      },\n      \"Version\": 1\n    }\n  }\n}"
}============{
  "recordid": "107",
  "channel": "Security",
  "computer": "WIN-JN0MUCM05TC",
  "eventid": "4688",
  "eventrecordid": "5361",
  "execution": {
    "processid": 4,
    "threadid": 64
  },
  "keywords": "0x8020000000000000",
  "level": "0",
  "opcode": "0",
  "provider": {
    "guid": "54849625-5478-4994-A5BA-3E3B0328C30D",
    "name": "Microsoft-Windows-Security-Auditing"
  },
  "task": "13312",
  "timecreated": {
    "systemtime": "2021-06-29T13:55:46.213277Z"
  },
  "version": "1",
  "event_data": {
    "commandline": "%SystemRoot%\\system32\\csrss.exe ObjectDirectory=\\Windows SharedSection=1024,20480,768 Windows=On SubSystemType=Windows ServerDll=basesrv,1 ServerDll=winsrv:UserServerDllInitialization,3 ServerDll=winsrv:ConServerDllInitialization,2 ServerDll=sxssrv,4 ProfileControl=Off MaxRequestThreads=16",
    "newprocessid": "0x864",
    "newprocessname": "C:\\Windows\\System32\\csrss.exe",
    "processid": "0x964",
    "subjectdomainname": "WORKGROUP",
    "subjectlogonid": "0x3e7",
    "subjectusername": "WIN-JN0MUCM05TC$",
    "subjectusersid": "S-1-5-18",
    "tokenelevationtype": "%%1936"
  },
  "message": "A new process has been created.\r\n\r\nSubject:\r\n\tSecurity ID:\t\tS-1-5-18\r\n\tAccount Name:\t\tWIN-JN0MUCM05TC$\r\n\tAccount Domain:\t\tWORKGROUP\r\n\tLogon ID:\t\t0x3e7\r\n\r\nProcess Information:\r\n\tNew Process ID:\t\t0x864\r\n\tNew Process Name:\tC:\\Windows\\System32\\csrss.exe\r\n\tToken Elevation Type:\t%%1936\r\n\tCreator Process ID:\t0x964\r\n\r\nToken Elevation Type indicates the type of token that was assigned to the new process in accordance with User Account Control policy.\r\n\r\nType 1 is a full token with no privileges removed or groups disabled.  A full token is only used if User Account Control is disabled or if the user is the built-in Administrator account or a service account.\r\n\r\nType 2 is an elevated token with no privileges removed or groups disabled.  An elevated token is used when User Account Control is enabled and the user chooses to start the program using Run as administrator.  An elevated token is also used when an application is configured to always require administrative privilege or to always require maximum privilege, and the user is a member of the Administrators group.\r\n\r\nType 3 is a limited token with administrative privileges removed and administrative groups disabled.  The limited token is used when User Account Control is enabled, the application does not require administrative privilege, and the user does not choose to start the program using Run as administrator.",
  "raw": "{\n  \"Event\": {\n    \"#attributes\": {\n      \"xmlns\": \"http://schemas.microsoft.com/win/2004/08/events/event\"\n    },\n    \"EventData\": {\n      \"CommandLine\": \"%SystemRoot%\\\\system32\\\\csrss.exe ObjectDirectory=\\\\Windows SharedSection=1024,20480,768 Windows=On SubSystemType=Windows ServerDll=basesrv,1 ServerDll=winsrv:UserServerDllInitialization,3 ServerDll=winsrv:ConServerDllInitialization,2 ServerDll=sxssrv,4 ProfileControl=Off MaxRequestThreads=16\",\n      \"NewProcessId\": \"0x864\",\n      \"NewProcessName\": \"C:\\\\Windows\\\\System32\\\\csrss.exe\",\n      \"ProcessId\": \"0x964\",\n      \"SubjectDomainName\": \"WORKGROUP\",\n      \"SubjectLogonId\": \"0x3e7\",\n      \"SubjectUserName\": \"WIN-JN0MUCM05TC$\",\n      \"SubjectUserSid\": \"S-1-5-18\",\n      \"TokenElevationType\": \"%%1936\"\n    },\n    \"System\": {\n      \"Channel\": \"Security\",\n      \"Computer\": \"WIN-JN0MUCM05TC\",\n      \"Correlation\": null,\n      \"EventID\": 4688,\n      \"EventRecordID\": 5361,\n      \"Execution\": {\n        \"#attributes\": {\n          \"ProcessID\": 4,\n          \"ThreadID\": 64\n        }\n      },\n      \"Keywords\": \"0x8020000000000000\",\n      \"Level\": 0,\n      \"Opcode\": 0,\n      \"Provider\": {\n        \"#attributes\": {\n          \"Guid\": \"54849625-5478-4994-A5BA-3E3B0328C30D\",\n          \"Name\": \"Microsoft-Windows-Security-Auditing\"\n        }\n      },\n      \"Security\": null,\n      \"Task\": 13312,\n      \"TimeCreated\": {\n        \"#attributes\": {\n          \"SystemTime\": \"2021-06-29T13:55:46.213277Z\"\n        }\n      },\n      \"Version\": 1\n    }\n  }\n}"
}============{
  "recordid": "108",
  "channel": "Security",
  "computer": "WIN-JN0MUCM05TC",
  "eventid": "4688",
  "eventrecordid": "5362",
  "execution": {
    "processid": 4,
    "threadid": 64
  },
  "keywords": "0x8020000000000000",
  "level": "0",
  "opcode": "0",
  "provider": {
    "guid": "54849625-5478-4994-A5BA-3E3B0328C30D",
    "name": "Microsoft-Windows-Security-Auditing"
  },
  "task": "13312",
  "timecreated": {
    "systemtime": "2021-06-29T13:55:46.260077Z"
  },
  "version": "1",
  "event_data": {
    "commandline": "winlogon.exe",
    "newprocessid": "0x954",
    "newprocessname": "C:\\Windows\\System32\\winlogon.exe",
    "processid": "0x964",
    "subjectdomainname": "WORKGROUP",
    "subjectlogonid": "0x3e7",
    "subjectusername": "WIN-JN0MUCM05TC$",
    "subjectusersid": "S-1-5-18",
    "tokenelevationtype": "%%1936"
  },
  "message": "A new process has been created.\r\n\r\nSubject:\r\n\tSecurity ID:\t\tS-1-5-18\r\n\tAccount Name:\t\tWIN-JN0MUCM05TC$\r\n\tAccount Domain:\t\tWORKGROUP\r\n\tLogon ID:\t\t0x3e7\r\n\r\nProcess Information:\r\n\tNew Process ID:\t\t0x954\r\n\tNew Process Name:\tC:\\Windows\\System32\\winlogon.exe\r\n\tToken Elevation Type:\t%%1936\r\n\tCreator Process ID:\t0x964\r\n\r\nToken Elevation Type indicates the type of token that was assigned to the new process in accordance with User Account Control policy.\r\n\r\nType 1 is a full token with no privileges removed or groups disabled.  A full token is only used if User Account Control is disabled or if the user is the built-in Administrator account or a service account.\r\n\r\nType 2 is an elevated token with no privileges removed or groups disabled.  An elevated token is used when User Account Control is enabled and the user chooses to start the program using Run as administrator.  An elevated token is also used when an application is configured to always require administrative privilege or to always require maximum privilege, and the user is a member of the Administrators group.\r\n\r\nType 3 is a limited token with administrative privileges removed and administrative groups disabled.  The limited token is used when User Account Control is enabled, the application does not require administrative privilege, and the user does not choose to start the program using Run as administrator.",
  "raw": "{\n  \"Event\": {\n    \"#attributes\": {\n      \"xmlns\": \"http://schemas.microsoft.com/win/2004/08/events/event\"\n    },\n    \"EventData\": {\n      \"CommandLine\": \"winlogon.exe\",\n      \"NewProcessId\": \"0x954\",\n      \"NewProcessName\": \"C:\\\\Windows\\\\System32\\\\winlogon.exe\",\n      \"ProcessId\": \"0x964\",\n      \"SubjectDomainName\": \"WORKGROUP\",\n      \"SubjectLogonId\": \"0x3e7\",\n      \"SubjectUserName\": \"WIN-JN0MUCM05TC$\",\n      \"SubjectUserSid\": \"S-1-5-18\",\n      \"TokenElevationType\": \"%%1936\"\n    },\n    \"System\": {\n      \"Channel\": \"Security\",\n      \"Computer\": \"WIN-JN0MUCM05TC\",\n      \"Correlation\": null,\n      \"EventID\": 4688,\n      \"EventRecordID\": 5362,\n      \"Execution\": {\n        \"#attributes\": {\n          \"ProcessID\": 4,\n          \"ThreadID\": 64\n        }\n      },\n      \"Keywords\": \"0x8020000000000000\",\n      \"Level\": 0,\n      \"Opcode\": 0,\n      \"Provider\": {\n        \"#attributes\": {\n          \"Guid\": \"54849625-5478-4994-A5BA-3E3B0328C30D\",\n          \"Name\": \"Microsoft-Windows-Security-Auditing\"\n        }\n      },\n      \"Security\": null,\n      \"Task\": 13312,\n      \"TimeCreated\": {\n        \"#attributes\": {\n          \"SystemTime\": \"2021-06-29T13:55:46.260077Z\"\n        }\n      },\n      \"Version\": 1\n    }\n  }\n}"
}============{
  "recordid": "109",
  "channel": "Security",
  "computer": "WIN-JN0MUCM05TC",
  "eventid": "4689",
  "eventrecordid": "5363",
  "execution": {
    "processid": 4,
    "threadid": 64
  },
  "keywords": "0x8020000000000000",
  "level": "0",
  "opcode": "0",
  "provider": {
    "guid": "54849625-5478-4994-A5BA-3E3B0328C30D",
    "name": "Microsoft-Windows-Security-Auditing"
  },
  "task": "13313",
  "timecreated": {
    "systemtime": "2021-06-29T13:55:46.260077Z"
  },
  "version": "0",
  "event_data": {
    "processid": "0x964",
    "processname": "C:\\Windows\\System32\\smss.exe",
    "status": "0x0",
    "subjectdomainname": "WORKGROUP",
    "subjectlogonid": "0x3e7",
    "subjectusername": "WIN-JN0MUCM05TC$",
    "subjectusersid": "S-1-5-18"
  },
  "message": "A process has exited.\r\n\r\nSubject:\r\n\tSecurity ID:\t\tS-1-5-18\r\n\tAccount Name:\t\tWIN-JN0MUCM05TC$\r\n\tAccount Domain:\t\tWORKGROUP\r\n\tLogon ID:\t\t0x3e7\r\n\r\nProcess Information:\r\n\tProcess ID:\t0x964\r\n\tProcess Name:\tC:\\Windows\\System32\\smss.exe\r\n\tExit Status:\t0x0",
  "raw": "{\n  \"Event\": {\n    \"#attributes\": {\n      \"xmlns\": \"http://schemas.microsoft.com/win/2004/08/events/event\"\n    },\n    \"EventData\": {\n      \"ProcessId\": \"0x964\",\n      \"ProcessName\": \"C:\\\\Windows\\\\System32\\\\smss.exe\",\n      \"Status\": \"0x0\",\n      \"SubjectDomainName\": \"WORKGROUP\",\n      \"SubjectLogonId\": \"0x3e7\",\n      \"SubjectUserName\": \"WIN-JN0MUCM05TC$\",\n      \"SubjectUserSid\": \"S-1-5-18\"\n    },\n    \"System\": {\n      \"Channel\": \"Security\",\n      \"Computer\": \"WIN-JN0MUCM05TC\",\n      \"Correlation\": null,\n      \"EventID\": 4689,\n      \"EventRecordID\": 5363,\n      \"Execution\": {\n        \"#attributes\": {\n          \"ProcessID\": 4,\n          \"ThreadID\": 64\n        }\n      },\n      \"Keywords\": \"0x8020000000000000\",\n      \"Level\": 0,\n      \"Opcode\": 0,\n      \"Provider\": {\n        \"#attributes\": {\n          \"Guid\": \"54849625-5478-4994-A5BA-3E3B0328C30D\",\n          \"Name\": \"Microsoft-Windows-Security-Auditing\"\n        }\n      },\n      \"Security\": null,\n      \"Task\": 13313,\n      \"TimeCreated\": {\n        \"#attributes\": {\n          \"SystemTime\": \"2021-06-29T13:55:46.260077Z\"\n        }\n      },\n      \"Version\": 0\n    }\n  }\n}"
}============{
  "recordid": "110",
  "channel": "Security",
  "computer": "WIN-JN0MUCM05TC",
  "eventid": "4688",
  "eventrecordid": "5364",
  "execution": {
    "processid": 4,
    "threadid": 64
  },
  "keywords": "0x8020000000000000",
  "level": "0",
  "opcode": "0",
  "provider": {
    "guid": "54849625-5478-4994-A5BA-3E3B0328C30D",
    "name": "Microsoft-Windows-Security-Auditing"
  },
  "task": "13312",
  "timecreated": {
    "systemtime": "2021-06-29T13:55:46.462878Z"
  },
  "version": "1",
  "event_data": {
    "commandline": "\"LogonUI.exe\" /flags:0x0",
    "newprocessid": "0x144",
    "newprocessname": "C:\\Windows\\System32\\LogonUI.exe",
    "processid": "0x954",
    "subjectdomainname": "WORKGROUP",
    "subjectlogonid": "0x3e7",
    "subjectusername": "WIN-JN0MUCM05TC$",
    "subjectusersid": "S-1-5-18",
    "tokenelevationtype": "%%1936"
  },
  "message": "A new process has been created.\r\n\r\nSubject:\r\n\tSecurity ID:\t\tS-1-5-18\r\n\tAccount Name:\t\tWIN-JN0MUCM05TC$\r\n\tAccount Domain:\t\tWORKGROUP\r\n\tLogon ID:\t\t0x3e7\r\n\r\nProcess Information:\r\n\tNew Process ID:\t\t0x144\r\n\tNew Process Name:\tC:\\Windows\\System32\\LogonUI.exe\r\n\tToken Elevation Type:\t%%1936\r\n\tCreator Process ID:\t0x954\r\n\r\nToken Elevation Type indicates the type of token that was assigned to the new process in accordance with User Account Control policy.\r\n\r\nType 1 is a full token with no privileges removed or groups disabled.  A full token is only used if User Account Control is disabled or if the user is the built-in Administrator account or a service account.\r\n\r\nType 2 is an elevated token with no privileges removed or groups disabled.  An elevated token is used when User Account Control is enabled and the user chooses to start the program using Run as administrator.  An elevated token is also used when an application is configured to always require administrative privilege or to always require maximum privilege, and the user is a member of the Administrators group.\r\n\r\nType 3 is a limited token with administrative privileges removed and administrative groups disabled.  The limited token is used when User Account Control is enabled, the application does not require administrative privilege, and the user does not choose to start the program using Run as administrator.",
  "raw": "{\n  \"Event\": {\n    \"#attributes\": {\n      \"xmlns\": \"http://schemas.microsoft.com/win/2004/08/events/event\"\n    },\n    \"EventData\": {\n      \"CommandLine\": \"\\\"LogonUI.exe\\\" /flags:0x0\",\n      \"NewProcessId\": \"0x144\",\n      \"NewProcessName\": \"C:\\\\Windows\\\\System32\\\\LogonUI.exe\",\n      \"ProcessId\": \"0x954\",\n      \"SubjectDomainName\": \"WORKGROUP\",\n      \"SubjectLogonId\": \"0x3e7\",\n      \"SubjectUserName\": \"WIN-JN0MUCM05TC$\",\n      \"SubjectUserSid\": \"S-1-5-18\",\n      \"TokenElevationType\": \"%%1936\"\n    },\n    \"System\": {\n      \"Channel\": \"Security\",\n      \"Computer\": \"WIN-JN0MUCM05TC\",\n      \"Correlation\": null,\n      \"EventID\": 4688,\n      \"EventRecordID\": 5364,\n      \"Execution\": {\n        \"#attributes\": {\n          \"ProcessID\": 4,\n          \"ThreadID\": 64\n        }\n      },\n      \"Keywords\": \"0x8020000000000000\",\n      \"Level\": 0,\n      \"Opcode\": 0,\n      \"Provider\": {\n        \"#attributes\": {\n          \"Guid\": \"54849625-5478-4994-A5BA-3E3B0328C30D\",\n          \"Name\": \"Microsoft-Windows-Security-Auditing\"\n        }\n      },\n      \"Security\": null,\n      \"Task\": 13312,\n      \"TimeCreated\": {\n        \"#attributes\": {\n          \"SystemTime\": \"2021-06-29T13:55:46.462878Z\"\n        }\n      },\n      \"Version\": 1\n    }\n  }\n}"
}============{
  "recordid": "111",
  "channel": "Security",
  "computer": "WIN-JN0MUCM05TC",
  "eventid": "4776",
  "eventrecordid": "5365",
  "execution": {
    "processid": 512,
    "threadid": 2324
  },
  "keywords": "0x8020000000000000",
  "level": "0",
  "opcode": "0",
  "provider": {
    "guid": "54849625-5478-4994-A5BA-3E3B0328C30D",
    "name": "Microsoft-Windows-Security-Auditing"
  },
  "task": "14336",
  "timecreated": {
    "systemtime": "2021-06-29T13:55:47.118079Z"
  },
  "version": "0",
  "event_data": {
    "packagename": "MICROSOFT_AUTHENTICATION_PACKAGE_V1_0",
    "status": "0x0",
    "targetusername": "user",
    "workstation": "WIN-JN0MUCM05TC"
  },
  "message": "The computer attempted to validate the credentials for an account.\r\n\r\nAuthentication Package:\tMICROSOFT_AUTHENTICATION_PACKAGE_V1_0\r\nLogon Account:\tuser\r\nSource Workstation:\tWIN-JN0MUCM05TC\r\nError Code:\t0x0",
  "raw": "{\n  \"Event\": {\n    \"#attributes\": {\n      \"xmlns\": \"http://schemas.microsoft.com/win/2004/08/events/event\"\n    },\n    \"EventData\": {\n      \"PackageName\": \"MICROSOFT_AUTHENTICATION_PACKAGE_V1_0\",\n      \"Status\": \"0x0\",\n      \"TargetUserName\": \"user\",\n      \"Workstation\": \"WIN-JN0MUCM05TC\"\n    },\n    \"System\": {\n      \"Channel\": \"Security\",\n      \"Computer\": \"WIN-JN0MUCM05TC\",\n      \"Correlation\": null,\n      \"EventID\": 4776,\n      \"EventRecordID\": 5365,\n      \"Execution\": {\n        \"#attributes\": {\n          \"ProcessID\": 512,\n          \"ThreadID\": 2324\n        }\n      },\n      \"Keywords\": \"0x8020000000000000\",\n      \"Level\": 0,\n      \"Opcode\": 0,\n      \"Provider\": {\n        \"#attributes\": {\n          \"Guid\": \"54849625-5478-4994-A5BA-3E3B0328C30D\",\n          \"Name\": \"Microsoft-Windows-Security-Auditing\"\n        }\n      },\n      \"Security\": null,\n      \"Task\": 14336,\n      \"TimeCreated\": {\n        \"#attributes\": {\n          \"SystemTime\": \"2021-06-29T13:55:47.118079Z\"\n        }\n      },\n      \"Version\": 0\n    }\n  }\n}"
}============{
  "recordid": "112",
  "channel": "Security",
  "computer": "WIN-JN0MUCM05TC",
  "eventid": "4648",
  "eventrecordid": "5366",
  "execution": {
    "processid": 512,
    "threadid": 2324
  },
  "keywords": "0x8020000000000000",
  "level": "0",
  "opcode": "0",
  "provider": {
    "guid": "54849625-5478-4994-A5BA-3E3B0328C30D",
    "name": "Microsoft-Windows-Security-Auditing"
  },
  "task": "12544",
  "timecreated": {
    "systemtime": "2021-06-29T13:55:47.118079Z"
  },
  "version": "0",
  "event_data": {
    "ipaddress": "192.168.78.1",
    "ipport": "1055",
    "logonguid": "00000000-0000-0000-0000-000000000000",
    "processid": "0x954",
    "processname": "C:\\Windows\\System32\\winlogon.exe",
    "subjectdomainname": "WORKGROUP",
    "subjectlogonid": "0x3e7",
    "subjectusername": "WIN-JN0MUCM05TC$",
    "subjectusersid": "S-1-5-18",
    "targetdomainname": "WIN-JN0MUCM05TC",
    "targetinfo": "localhost",
    "targetlogonguid": "00000000-0000-0000-0000-000000000000",
    "targetservername": "localhost",
    "targetusername": "user"
  },
  "message": "A logon was attempted using explicit credentials.\r\n\r\nSubject:\r\n\tSecurity ID:\t\tS-1-5-18\r\n\tAccount Name:\t\tWIN-JN0MUCM05TC$\r\n\tAccount Domain:\t\tWORKGROUP\r\n\tLogon ID:\t\t0x3e7\r\n\tLogon GUID:\t\t00000000-0000-0000-0000-000000000000\r\n\r\nAccount Whose Credentials Were Used:\r\n\tAccount Name:\t\tuser\r\n\tAccount Domain:\t\tWIN-JN0MUCM05TC\r\n\tLogon GUID:\t\t00000000-0000-0000-0000-000000000000\r\n\r\nTarget Server:\r\n\tTarget Server Name:\tlocalhost\r\n\tAdditional Information:\tlocalhost\r\n\r\nProcess Information:\r\n\tProcess ID:\t\t0x954\r\n\tProcess Name:\t\tC:\\Windows\\System32\\winlogon.exe\r\n\r\nNetwork Information:\r\n\tNetwork Address:\t192.168.78.1\r\n\tPort:\t\t\t1055\r\n\r\nThis event is generated when a process attempts to log on an account by explicitly specifying that account\u2019s credentials.  This most commonly occurs in batch-type configurations such as scheduled tasks, or when using the RUNAS command.",
