  "raw": "{\n  \"Event\": {\n    \"#attributes\": {\n      \"xmlns\": \"http://schemas.microsoft.com/win/2004/08/events/event\"\n    },\n    \"EventData\": {\n      \"AccessList\": \"%%1537\\r\\n\\t\\t\\t\\t\",\n      \"AccessMask\": \"0x10000\",\n      \"HandleId\": \"0xcf0\",\n      \"ObjectName\": \"C:\\\\Users\\\\user\\\\The X-Files\\\\Documents.txt\",\n      \"ObjectServer\": \"Security\",\n      \"ObjectType\": \"File\",\n      \"ProcessId\": \"0xb80\",\n      \"ProcessName\": \"C:\\\\Windows\\\\explorer.exe\",\n      \"SubjectDomainName\": \"WIN-JN0MUCM05TC\",\n      \"SubjectLogonId\": \"0x1a85af\",\n      \"SubjectUserName\": \"user\",\n      \"SubjectUserSid\": \"S-1-5-21-3016438738-995544542-2639181184-1000\"\n    },\n    \"System\": {\n      \"Channel\": \"Security\",\n      \"Computer\": \"WIN-JN0MUCM05TC\",\n      \"Correlation\": null,\n      \"EventID\": 4663,\n      \"EventRecordID\": 5425,\n      \"Execution\": {\n        \"#attributes\": {\n          \"ProcessID\": 4,\n          \"ThreadID\": 64\n        }\n      },\n      \"Keywords\": \"0x8020000000000000\",\n      \"Level\": 0,\n      \"Opcode\": 0,\n      \"Provider\": {\n        \"#attributes\": {\n          \"Guid\": \"54849625-5478-4994-A5BA-3E3B0328C30D\",\n          \"Name\": \"Microsoft-Windows-Security-Auditing\"\n        }\n      },\n      \"Security\": null,\n      \"Task\": 12800,\n      \"TimeCreated\": {\n        \"#attributes\": {\n          \"SystemTime\": \"2021-06-29T13:56:30.678251Z\"\n        }\n      },\n      \"Version\": 0\n    }\n  }\n}"
}============{
  "recordid": "172",
  "channel": "Security",
  "computer": "WIN-JN0MUCM05TC",
  "eventid": "4660",
  "eventrecordid": "5426",
  "execution": {
    "processid": 4,
    "threadid": 64
  },
  "keywords": "0x8020000000000000",
  "level": "0",
  "opcode": "0",
  "provider": {
    "guid": "54849625-5478-4994-A5BA-3E3B0328C30D",
    "name": "Microsoft-Windows-Security-Auditing"
  },
  "task": "12800",
  "timecreated": {
    "systemtime": "2021-06-29T13:56:30.678251Z"
  },
  "version": "0",
  "event_data": {
    "handleid": "0xcf0",
    "objectserver": "Security",
    "processid": "0xb80",
    "processname": "C:\\Windows\\explorer.exe",
    "subjectdomainname": "WIN-JN0MUCM05TC",
    "subjectlogonid": "0x1a85af",
    "subjectusername": "user",
    "subjectusersid": "S-1-5-21-3016438738-995544542-2639181184-1000",
    "transactionid": "00000000-0000-0000-0000-000000000000"
  },
  "message": "An object was deleted.\r\n\r\nSubject:\r\n\tSecurity ID:\t\tS-1-5-21-3016438738-995544542-2639181184-1000\r\n\tAccount Name:\t\tuser\r\n\tAccount Domain:\t\tWIN-JN0MUCM05TC\r\n\tLogon ID:\t\t0x1a85af\r\n\r\nObject:\r\n\tObject Server:\tSecurity\r\n\tHandle ID:\t0xcf0\r\n\r\nProcess Information:\r\n\tProcess ID:\t0xb80\r\n\tProcess Name:\tC:\\Windows\\explorer.exe\r\n\tTransaction ID:\t00000000-0000-0000-0000-000000000000",
  "raw": "{\n  \"Event\": {\n    \"#attributes\": {\n      \"xmlns\": \"http://schemas.microsoft.com/win/2004/08/events/event\"\n    },\n    \"EventData\": {\n      \"HandleId\": \"0xcf0\",\n      \"ObjectServer\": \"Security\",\n      \"ProcessId\": \"0xb80\",\n      \"ProcessName\": \"C:\\\\Windows\\\\explorer.exe\",\n      \"SubjectDomainName\": \"WIN-JN0MUCM05TC\",\n      \"SubjectLogonId\": \"0x1a85af\",\n      \"SubjectUserName\": \"user\",\n      \"SubjectUserSid\": \"S-1-5-21-3016438738-995544542-2639181184-1000\",\n      \"TransactionId\": \"00000000-0000-0000-0000-000000000000\"\n    },\n    \"System\": {\n      \"Channel\": \"Security\",\n      \"Computer\": \"WIN-JN0MUCM05TC\",\n      \"Correlation\": null,\n      \"EventID\": 4660,\n      \"EventRecordID\": 5426,\n      \"Execution\": {\n        \"#attributes\": {\n          \"ProcessID\": 4,\n          \"ThreadID\": 64\n        }\n      },\n      \"Keywords\": \"0x8020000000000000\",\n      \"Level\": 0,\n      \"Opcode\": 0,\n      \"Provider\": {\n        \"#attributes\": {\n          \"Guid\": \"54849625-5478-4994-A5BA-3E3B0328C30D\",\n          \"Name\": \"Microsoft-Windows-Security-Auditing\"\n        }\n      },\n      \"Security\": null,\n      \"Task\": 12800,\n      \"TimeCreated\": {\n        \"#attributes\": {\n          \"SystemTime\": \"2021-06-29T13:56:30.678251Z\"\n        }\n      },\n      \"Version\": 0\n    }\n  }\n}"
}============{
  "recordid": "173",
  "channel": "Security",
  "computer": "WIN-JN0MUCM05TC",
  "eventid": "4663",
  "eventrecordid": "5427",
  "execution": {
    "processid": 4,
    "threadid": 64
  },
  "keywords": "0x8020000000000000",
  "level": "0",
  "opcode": "0",
  "provider": {
    "guid": "54849625-5478-4994-A5BA-3E3B0328C30D",
    "name": "Microsoft-Windows-Security-Auditing"
  },
  "task": "12800",
  "timecreated": {
    "systemtime": "2021-06-29T13:56:30.678251Z"
  },
  "version": "0",
  "event_data": {
    "accesslist": "%%1538\r\n\t\t\t\t",
    "accessmask": "0x20000",
    "handleid": "0xcf0",
    "objectname": "C:\\Users\\user\\The X-Files\\Documents.txt",
    "objectserver": "Security",
    "objecttype": "File",
    "processid": "0xb80",
    "processname": "C:\\Windows\\explorer.exe",
    "subjectdomainname": "WIN-JN0MUCM05TC",
    "subjectlogonid": "0x1a85af",
    "subjectusername": "user",
    "subjectusersid": "S-1-5-21-3016438738-995544542-2639181184-1000"
  },
  "message": "An attempt was made to access an object.\r\n\r\nSubject:\r\n\tSecurity ID:\t\tS-1-5-21-3016438738-995544542-2639181184-1000\r\n\tAccount Name:\t\tuser\r\n\tAccount Domain:\t\tWIN-JN0MUCM05TC\r\n\tLogon ID:\t\t0x1a85af\r\n\r\nObject:\r\n\tObject Server:\tSecurity\r\n\tObject Type:\tFile\r\n\tObject Name:\tC:\\Users\\user\\The X-Files\\Documents.txt\r\n\tHandle ID:\t0xcf0\r\n\r\nProcess Information:\r\n\tProcess ID:\t0xb80\r\n\tProcess Name:\tC:\\Windows\\explorer.exe\r\n\r\nAccess Request Information:\r\n\tAccesses:\t%%1538\r\n\t\t\t\t\r\n\tAccess Mask:\t0x20000",
  "raw": "{\n  \"Event\": {\n    \"#attributes\": {\n      \"xmlns\": \"http://schemas.microsoft.com/win/2004/08/events/event\"\n    },\n    \"EventData\": {\n      \"AccessList\": \"%%1538\\r\\n\\t\\t\\t\\t\",\n      \"AccessMask\": \"0x20000\",\n      \"HandleId\": \"0xcf0\",\n      \"ObjectName\": \"C:\\\\Users\\\\user\\\\The X-Files\\\\Documents.txt\",\n      \"ObjectServer\": \"Security\",\n      \"ObjectType\": \"File\",\n      \"ProcessId\": \"0xb80\",\n      \"ProcessName\": \"C:\\\\Windows\\\\explorer.exe\",\n      \"SubjectDomainName\": \"WIN-JN0MUCM05TC\",\n      \"SubjectLogonId\": \"0x1a85af\",\n      \"SubjectUserName\": \"user\",\n      \"SubjectUserSid\": \"S-1-5-21-3016438738-995544542-2639181184-1000\"\n    },\n    \"System\": {\n      \"Channel\": \"Security\",\n      \"Computer\": \"WIN-JN0MUCM05TC\",\n      \"Correlation\": null,\n      \"EventID\": 4663,\n      \"EventRecordID\": 5427,\n      \"Execution\": {\n        \"#attributes\": {\n          \"ProcessID\": 4,\n          \"ThreadID\": 64\n        }\n      },\n      \"Keywords\": \"0x8020000000000000\",\n      \"Level\": 0,\n      \"Opcode\": 0,\n      \"Provider\": {\n        \"#attributes\": {\n          \"Guid\": \"54849625-5478-4994-A5BA-3E3B0328C30D\",\n          \"Name\": \"Microsoft-Windows-Security-Auditing\"\n        }\n      },\n      \"Security\": null,\n      \"Task\": 12800,\n      \"TimeCreated\": {\n        \"#attributes\": {\n          \"SystemTime\": \"2021-06-29T13:56:30.678251Z\"\n        }\n      },\n      \"Version\": 0\n    }\n  }\n}"
}============{
  "recordid": "174",
  "channel": "Security",
  "computer": "WIN-JN0MUCM05TC",
  "eventid": "4663",
  "eventrecordid": "5428",
  "execution": {
    "processid": 4,
    "threadid": 64
  },
  "keywords": "0x8020000000000000",
  "level": "0",
  "opcode": "0",
  "provider": {
    "guid": "54849625-5478-4994-A5BA-3E3B0328C30D",
    "name": "Microsoft-Windows-Security-Auditing"
  },
  "task": "12800",
  "timecreated": {
    "systemtime": "2021-06-29T13:56:30.678251Z"
  },
  "version": "0",
  "event_data": {
    "accesslist": "%%4423\r\n\t\t\t\t",
    "accessmask": "0x80",
    "handleid": "0xcf0",
    "objectname": "C:\\Users\\user\\The X-Files\\Documents.txt",
    "objectserver": "Security",
    "objecttype": "File",
    "processid": "0xb80",
    "processname": "C:\\Windows\\explorer.exe",
    "subjectdomainname": "WIN-JN0MUCM05TC",
    "subjectlogonid": "0x1a85af",
    "subjectusername": "user",
    "subjectusersid": "S-1-5-21-3016438738-995544542-2639181184-1000"
  },
  "message": "An attempt was made to access an object.\r\n\r\nSubject:\r\n\tSecurity ID:\t\tS-1-5-21-3016438738-995544542-2639181184-1000\r\n\tAccount Name:\t\tuser\r\n\tAccount Domain:\t\tWIN-JN0MUCM05TC\r\n\tLogon ID:\t\t0x1a85af\r\n\r\nObject:\r\n\tObject Server:\tSecurity\r\n\tObject Type:\tFile\r\n\tObject Name:\tC:\\Users\\user\\The X-Files\\Documents.txt\r\n\tHandle ID:\t0xcf0\r\n\r\nProcess Information:\r\n\tProcess ID:\t0xb80\r\n\tProcess Name:\tC:\\Windows\\explorer.exe\r\n\r\nAccess Request Information:\r\n\tAccesses:\t%%4423\r\n\t\t\t\t\r\n\tAccess Mask:\t0x80",
  "raw": "{\n  \"Event\": {\n    \"#attributes\": {\n      \"xmlns\": \"http://schemas.microsoft.com/win/2004/08/events/event\"\n    },\n    \"EventData\": {\n      \"AccessList\": \"%%4423\\r\\n\\t\\t\\t\\t\",\n      \"AccessMask\": \"0x80\",\n      \"HandleId\": \"0xcf0\",\n      \"ObjectName\": \"C:\\\\Users\\\\user\\\\The X-Files\\\\Documents.txt\",\n      \"ObjectServer\": \"Security\",\n      \"ObjectType\": \"File\",\n      \"ProcessId\": \"0xb80\",\n      \"ProcessName\": \"C:\\\\Windows\\\\explorer.exe\",\n      \"SubjectDomainName\": \"WIN-JN0MUCM05TC\",\n      \"SubjectLogonId\": \"0x1a85af\",\n      \"SubjectUserName\": \"user\",\n      \"SubjectUserSid\": \"S-1-5-21-3016438738-995544542-2639181184-1000\"\n    },\n    \"System\": {\n      \"Channel\": \"Security\",\n      \"Computer\": \"WIN-JN0MUCM05TC\",\n      \"Correlation\": null,\n      \"EventID\": 4663,\n      \"EventRecordID\": 5428,\n      \"Execution\": {\n        \"#attributes\": {\n          \"ProcessID\": 4,\n          \"ThreadID\": 64\n        }\n      },\n      \"Keywords\": \"0x8020000000000000\",\n      \"Level\": 0,\n      \"Opcode\": 0,\n      \"Provider\": {\n        \"#attributes\": {\n          \"Guid\": \"54849625-5478-4994-A5BA-3E3B0328C30D\",\n          \"Name\": \"Microsoft-Windows-Security-Auditing\"\n        }\n      },\n      \"Security\": null,\n      \"Task\": 12800,\n      \"TimeCreated\": {\n        \"#attributes\": {\n          \"SystemTime\": \"2021-06-29T13:56:30.678251Z\"\n        }\n      },\n      \"Version\": 0\n    }\n  }\n}"
}============{
  "recordid": "175",
  "channel": "Security",
  "computer": "WIN-JN0MUCM05TC",
  "eventid": "4663",
  "eventrecordid": "5429",
  "execution": {
    "processid": 4,
    "threadid": 64
  },
  "keywords": "0x8020000000000000",
  "level": "0",
  "opcode": "0",
  "provider": {
    "guid": "54849625-5478-4994-A5BA-3E3B0328C30D",
    "name": "Microsoft-Windows-Security-Auditing"
  },
  "task": "12800",
  "timecreated": {
    "systemtime": "2021-06-29T13:56:30.678251Z"
  },
  "version": "0",
  "event_data": {
    "accesslist": "%%1537\r\n\t\t\t\t",
    "accessmask": "0x10000",
    "handleid": "0xcf0",
    "objectname": "C:\\Users\\user\\The X-Files\\Documents.txt",
    "objectserver": "Security",
    "objecttype": "File",
    "processid": "0xb80",
    "processname": "C:\\Windows\\explorer.exe",
    "subjectdomainname": "WIN-JN0MUCM05TC",
    "subjectlogonid": "0x1a85af",
    "subjectusername": "user",
    "subjectusersid": "S-1-5-21-3016438738-995544542-2639181184-1000"
  },
  "message": "An attempt was made to access an object.\r\n\r\nSubject:\r\n\tSecurity ID:\t\tS-1-5-21-3016438738-995544542-2639181184-1000\r\n\tAccount Name:\t\tuser\r\n\tAccount Domain:\t\tWIN-JN0MUCM05TC\r\n\tLogon ID:\t\t0x1a85af\r\n\r\nObject:\r\n\tObject Server:\tSecurity\r\n\tObject Type:\tFile\r\n\tObject Name:\tC:\\Users\\user\\The X-Files\\Documents.txt\r\n\tHandle ID:\t0xcf0\r\n\r\nProcess Information:\r\n\tProcess ID:\t0xb80\r\n\tProcess Name:\tC:\\Windows\\explorer.exe\r\n\r\nAccess Request Information:\r\n\tAccesses:\t%%1537\r\n\t\t\t\t\r\n\tAccess Mask:\t0x10000",
  "raw": "{\n  \"Event\": {\n    \"#attributes\": {\n      \"xmlns\": \"http://schemas.microsoft.com/win/2004/08/events/event\"\n    },\n    \"EventData\": {\n      \"AccessList\": \"%%1537\\r\\n\\t\\t\\t\\t\",\n      \"AccessMask\": \"0x10000\",\n      \"HandleId\": \"0xcf0\",\n      \"ObjectName\": \"C:\\\\Users\\\\user\\\\The X-Files\\\\Documents.txt\",\n      \"ObjectServer\": \"Security\",\n      \"ObjectType\": \"File\",\n      \"ProcessId\": \"0xb80\",\n      \"ProcessName\": \"C:\\\\Windows\\\\explorer.exe\",\n      \"SubjectDomainName\": \"WIN-JN0MUCM05TC\",\n      \"SubjectLogonId\": \"0x1a85af\",\n      \"SubjectUserName\": \"user\",\n      \"SubjectUserSid\": \"S-1-5-21-3016438738-995544542-2639181184-1000\"\n    },\n    \"System\": {\n      \"Channel\": \"Security\",\n      \"Computer\": \"WIN-JN0MUCM05TC\",\n      \"Correlation\": null,\n      \"EventID\": 4663,\n      \"EventRecordID\": 5429,\n      \"Execution\": {\n        \"#attributes\": {\n          \"ProcessID\": 4,\n          \"ThreadID\": 64\n        }\n      },\n      \"Keywords\": \"0x8020000000000000\",\n      \"Level\": 0,\n      \"Opcode\": 0,\n      \"Provider\": {\n        \"#attributes\": {\n          \"Guid\": \"54849625-5478-4994-A5BA-3E3B0328C30D\",\n          \"Name\": \"Microsoft-Windows-Security-Auditing\"\n        }\n      },\n      \"Security\": null,\n      \"Task\": 12800,\n      \"TimeCreated\": {\n        \"#attributes\": {\n          \"SystemTime\": \"2021-06-29T13:56:30.678251Z\"\n        }\n      },\n      \"Version\": 0\n    }\n  }\n}"
}============{
  "recordid": "176",
  "channel": "Security",
  "computer": "WIN-JN0MUCM05TC",
  "eventid": "4663",
  "eventrecordid": "5430",
  "execution": {
    "processid": 4,
    "threadid": 64
  },
  "keywords": "0x8020000000000000",
  "level": "0",
  "opcode": "0",
  "provider": {
    "guid": "54849625-5478-4994-A5BA-3E3B0328C30D",
    "name": "Microsoft-Windows-Security-Auditing"
  },
  "task": "12800",
  "timecreated": {
    "systemtime": "2021-06-29T13:56:30.678251Z"
  },
  "version": "0",
  "event_data": {
    "accesslist": "%%1538\r\n\t\t\t\t",
    "accessmask": "0x20000",
    "handleid": "0xcf0",
    "objectname": "C:\\$Recycle.Bin\\S-1-5-21-3016438738-995544542-2639181184-1000\\$R1E7QE6.txt",
    "objectserver": "Security",
    "objecttype": "File",
    "processid": "0xb80",
    "processname": "C:\\Windows\\explorer.exe",
    "subjectdomainname": "WIN-JN0MUCM05TC",
    "subjectlogonid": "0x1a85af",
    "subjectusername": "user",
    "subjectusersid": "S-1-5-21-3016438738-995544542-2639181184-1000"
  },
  "message": "An attempt was made to access an object.\r\n\r\nSubject:\r\n\tSecurity ID:\t\tS-1-5-21-3016438738-995544542-2639181184-1000\r\n\tAccount Name:\t\tuser\r\n\tAccount Domain:\t\tWIN-JN0MUCM05TC\r\n\tLogon ID:\t\t0x1a85af\r\n\r\nObject:\r\n\tObject Server:\tSecurity\r\n\tObject Type:\tFile\r\n\tObject Name:\tC:\\$Recycle.Bin\\S-1-5-21-3016438738-995544542-2639181184-1000\\$R1E7QE6.txt\r\n\tHandle ID:\t0xcf0\r\n\r\nProcess Information:\r\n\tProcess ID:\t0xb80\r\n\tProcess Name:\tC:\\Windows\\explorer.exe\r\n\r\nAccess Request Information:\r\n\tAccesses:\t%%1538\r\n\t\t\t\t\r\n\tAccess Mask:\t0x20000",
  "raw": "{\n  \"Event\": {\n    \"#attributes\": {\n      \"xmlns\": \"http://schemas.microsoft.com/win/2004/08/events/event\"\n    },\n    \"EventData\": {\n      \"AccessList\": \"%%1538\\r\\n\\t\\t\\t\\t\",\n      \"AccessMask\": \"0x20000\",\n      \"HandleId\": \"0xcf0\",\n      \"ObjectName\": \"C:\\\\$Recycle.Bin\\\\S-1-5-21-3016438738-995544542-2639181184-1000\\\\$R1E7QE6.txt\",\n      \"ObjectServer\": \"Security\",\n      \"ObjectType\": \"File\",\n      \"ProcessId\": \"0xb80\",\n      \"ProcessName\": \"C:\\\\Windows\\\\explorer.exe\",\n      \"SubjectDomainName\": \"WIN-JN0MUCM05TC\",\n      \"SubjectLogonId\": \"0x1a85af\",\n      \"SubjectUserName\": \"user\",\n      \"SubjectUserSid\": \"S-1-5-21-3016438738-995544542-2639181184-1000\"\n    },\n    \"System\": {\n      \"Channel\": \"Security\",\n      \"Computer\": \"WIN-JN0MUCM05TC\",\n      \"Correlation\": null,\n      \"EventID\": 4663,\n      \"EventRecordID\": 5430,\n      \"Execution\": {\n        \"#attributes\": {\n          \"ProcessID\": 4,\n          \"ThreadID\": 64\n        }\n      },\n      \"Keywords\": \"0x8020000000000000\",\n      \"Level\": 0,\n      \"Opcode\": 0,\n      \"Provider\": {\n        \"#attributes\": {\n          \"Guid\": \"54849625-5478-4994-A5BA-3E3B0328C30D\",\n          \"Name\": \"Microsoft-Windows-Security-Auditing\"\n        }\n      },\n      \"Security\": null,\n      \"Task\": 12800,\n      \"TimeCreated\": {\n        \"#attributes\": {\n          \"SystemTime\": \"2021-06-29T13:56:30.678251Z\"\n        }\n      },\n      \"Version\": 0\n    }\n  }\n}"
}============{
  "recordid": "177",
  "channel": "Security",
  "computer": "WIN-JN0MUCM05TC",
  "eventid": "4663",
  "eventrecordid": "5431",
  "execution": {
    "processid": 4,
    "threadid": 64
  },
  "keywords": "0x8020000000000000",
  "level": "0",
  "opcode": "0",
  "provider": {
    "guid": "54849625-5478-4994-A5BA-3E3B0328C30D",
    "name": "Microsoft-Windows-Security-Auditing"
  },
  "task": "12800",
  "timecreated": {
    "systemtime": "2021-06-29T13:56:30.678251Z"
  },
  "version": "0",
  "event_data": {
    "accesslist": "%%4423\r\n\t\t\t\t",
    "accessmask": "0x80",
    "handleid": "0xcf0",
    "objectname": "C:\\$Recycle.Bin\\S-1-5-21-3016438738-995544542-2639181184-1000\\$R1E7QE6.txt",
    "objectserver": "Security",
    "objecttype": "File",
    "processid": "0xb80",
    "processname": "C:\\Windows\\explorer.exe",
    "subjectdomainname": "WIN-JN0MUCM05TC",
    "subjectlogonid": "0x1a85af",
    "subjectusername": "user",
    "subjectusersid": "S-1-5-21-3016438738-995544542-2639181184-1000"
  },
  "message": "An attempt was made to access an object.\r\n\r\nSubject:\r\n\tSecurity ID:\t\tS-1-5-21-3016438738-995544542-2639181184-1000\r\n\tAccount Name:\t\tuser\r\n\tAccount Domain:\t\tWIN-JN0MUCM05TC\r\n\tLogon ID:\t\t0x1a85af\r\n\r\nObject:\r\n\tObject Server:\tSecurity\r\n\tObject Type:\tFile\r\n\tObject Name:\tC:\\$Recycle.Bin\\S-1-5-21-3016438738-995544542-2639181184-1000\\$R1E7QE6.txt\r\n\tHandle ID:\t0xcf0\r\n\r\nProcess Information:\r\n\tProcess ID:\t0xb80\r\n\tProcess Name:\tC:\\Windows\\explorer.exe\r\n\r\nAccess Request Information:\r\n\tAccesses:\t%%4423\r\n\t\t\t\t\r\n\tAccess Mask:\t0x80",
  "raw": "{\n  \"Event\": {\n    \"#attributes\": {\n      \"xmlns\": \"http://schemas.microsoft.com/win/2004/08/events/event\"\n    },\n    \"EventData\": {\n      \"AccessList\": \"%%4423\\r\\n\\t\\t\\t\\t\",\n      \"AccessMask\": \"0x80\",\n      \"HandleId\": \"0xcf0\",\n      \"ObjectName\": \"C:\\\\$Recycle.Bin\\\\S-1-5-21-3016438738-995544542-2639181184-1000\\\\$R1E7QE6.txt\",\n      \"ObjectServer\": \"Security\",\n      \"ObjectType\": \"File\",\n      \"ProcessId\": \"0xb80\",\n      \"ProcessName\": \"C:\\\\Windows\\\\explorer.exe\",\n      \"SubjectDomainName\": \"WIN-JN0MUCM05TC\",\n      \"SubjectLogonId\": \"0x1a85af\",\n      \"SubjectUserName\": \"user\",\n      \"SubjectUserSid\": \"S-1-5-21-3016438738-995544542-2639181184-1000\"\n    },\n    \"System\": {\n      \"Channel\": \"Security\",\n      \"Computer\": \"WIN-JN0MUCM05TC\",\n      \"Correlation\": null,\n      \"EventID\": 4663,\n      \"EventRecordID\": 5431,\n      \"Execution\": {\n        \"#attributes\": {\n          \"ProcessID\": 4,\n          \"ThreadID\": 64\n        }\n      },\n      \"Keywords\": \"0x8020000000000000\",\n      \"Level\": 0,\n      \"Opcode\": 0,\n      \"Provider\": {\n        \"#attributes\": {\n          \"Guid\": \"54849625-5478-4994-A5BA-3E3B0328C30D\",\n          \"Name\": \"Microsoft-Windows-Security-Auditing\"\n        }\n      },\n      \"Security\": null,\n      \"Task\": 12800,\n      \"TimeCreated\": {\n        \"#attributes\": {\n          \"SystemTime\": \"2021-06-29T13:56:30.678251Z\"\n        }\n      },\n      \"Version\": 0\n    }\n  }\n}"
}============{
  "recordid": "178",
  "channel": "Security",
  "computer": "WIN-JN0MUCM05TC",
  "eventid": "4663",
  "eventrecordid": "5432",
  "execution": {
    "processid": 4,
    "threadid": 64
  },
  "keywords": "0x8020000000000000",
  "level": "0",
  "opcode": "0",
  "provider": {
    "guid": "54849625-5478-4994-A5BA-3E3B0328C30D",
    "name": "Microsoft-Windows-Security-Auditing"
  },
  "task": "12800",
  "timecreated": {
    "systemtime": "2021-06-29T13:56:30.678251Z"
  },
  "version": "0",
  "event_data": {
    "accesslist": "%%1539\r\n\t\t\t\t",
    "accessmask": "0x40000",
    "handleid": "0xcf0",
    "objectname": "C:\\$Recycle.Bin\\S-1-5-21-3016438738-995544542-2639181184-1000\\$R1E7QE6.txt",
    "objectserver": "Security",
    "objecttype": "File",
    "processid": "0xb80",
    "processname": "C:\\Windows\\explorer.exe",
    "subjectdomainname": "WIN-JN0MUCM05TC",
    "subjectlogonid": "0x1a85af",
    "subjectusername": "user",
    "subjectusersid": "S-1-5-21-3016438738-995544542-2639181184-1000"
  },
  "message": "An attempt was made to access an object.\r\n\r\nSubject:\r\n\tSecurity ID:\t\tS-1-5-21-3016438738-995544542-2639181184-1000\r\n\tAccount Name:\t\tuser\r\n\tAccount Domain:\t\tWIN-JN0MUCM05TC\r\n\tLogon ID:\t\t0x1a85af\r\n\r\nObject:\r\n\tObject Server:\tSecurity\r\n\tObject Type:\tFile\r\n\tObject Name:\tC:\\$Recycle.Bin\\S-1-5-21-3016438738-995544542-2639181184-1000\\$R1E7QE6.txt\r\n\tHandle ID:\t0xcf0\r\n\r\nProcess Information:\r\n\tProcess ID:\t0xb80\r\n\tProcess Name:\tC:\\Windows\\explorer.exe\r\n\r\nAccess Request Information:\r\n\tAccesses:\t%%1539\r\n\t\t\t\t\r\n\tAccess Mask:\t0x40000",
  "raw": "{\n  \"Event\": {\n    \"#attributes\": {\n      \"xmlns\": \"http://schemas.microsoft.com/win/2004/08/events/event\"\n    },\n    \"EventData\": {\n      \"AccessList\": \"%%1539\\r\\n\\t\\t\\t\\t\",\n      \"AccessMask\": \"0x40000\",\n      \"HandleId\": \"0xcf0\",\n      \"ObjectName\": \"C:\\\\$Recycle.Bin\\\\S-1-5-21-3016438738-995544542-2639181184-1000\\\\$R1E7QE6.txt\",\n      \"ObjectServer\": \"Security\",\n      \"ObjectType\": \"File\",\n      \"ProcessId\": \"0xb80\",\n      \"ProcessName\": \"C:\\\\Windows\\\\explorer.exe\",\n      \"SubjectDomainName\": \"WIN-JN0MUCM05TC\",\n      \"SubjectLogonId\": \"0x1a85af\",\n      \"SubjectUserName\": \"user\",\n      \"SubjectUserSid\": \"S-1-5-21-3016438738-995544542-2639181184-1000\"\n    },\n    \"System\": {\n      \"Channel\": \"Security\",\n      \"Computer\": \"WIN-JN0MUCM05TC\",\n      \"Correlation\": null,\n      \"EventID\": 4663,\n      \"EventRecordID\": 5432,\n      \"Execution\": {\n        \"#attributes\": {\n          \"ProcessID\": 4,\n          \"ThreadID\": 64\n        }\n      },\n      \"Keywords\": \"0x8020000000000000\",\n      \"Level\": 0,\n      \"Opcode\": 0,\n      \"Provider\": {\n        \"#attributes\": {\n          \"Guid\": \"54849625-5478-4994-A5BA-3E3B0328C30D\",\n          \"Name\": \"Microsoft-Windows-Security-Auditing\"\n        }\n      },\n      \"Security\": null,\n      \"Task\": 12800,\n      \"TimeCreated\": {\n        \"#attributes\": {\n          \"SystemTime\": \"2021-06-29T13:56:30.678251Z\"\n        }\n      },\n      \"Version\": 0\n    }\n  }\n}"
}============{
  "recordid": "179",
  "channel": "Security",
  "computer": "WIN-JN0MUCM05TC",
  "eventid": "4670",
  "eventrecordid": "5433",
  "execution": {
    "processid": 512,
    "threadid": 520
  },
  "keywords": "0x8020000000000000",
  "level": "0",
  "opcode": "0",
  "provider": {
    "guid": "54849625-5478-4994-A5BA-3E3B0328C30D",
    "name": "Microsoft-Windows-Security-Auditing"
  },
  "task": "13570",
  "timecreated": {
    "systemtime": "2021-06-29T13:56:30.683251Z"
  },
  "version": "0",
  "event_data": {
    "handleid": "0xcf0",
    "newsd": "D:ARAI(A;ID;FA;;;BA)(A;ID;FA;;;SY)(A;ID;FA;;;S-1-5-21-3016438738-995544542-2639181184-1000)",
    "objectname": "C:\\$Recycle.Bin\\S-1-5-21-3016438738-995544542-2639181184-1000\\$R1E7QE6.txt",
    "objectserver": "Security",
    "objecttype": "File",
    "oldsd": "D:AI(A;ID;FA;;;SY)(A;ID;FA;;;BA)(A;ID;FA;;;S-1-5-21-3016438738-995544542-2639181184-1000)",
    "processid": "0xb80",
    "processname": "C:\\Windows\\explorer.exe",
    "subjectdomainname": "WIN-JN0MUCM05TC",
    "subjectlogonid": "0x1a85af",
    "subjectusername": "user",
    "subjectusersid": "S-1-5-21-3016438738-995544542-2639181184-1000"
  },
  "message": "Permissions on an object were changed.\r\n\r\nSubject:\r\n\tSecurity ID:\t\tS-1-5-21-3016438738-995544542-2639181184-1000\r\n\tAccount Name:\t\tuser\r\n\tAccount Domain:\t\tWIN-JN0MUCM05TC\r\n\tLogon ID:\t\t0x1a85af\r\n\r\nObject:\r\n\tObject Server:\tSecurity\r\n\tObject Type:\tFile\r\n\tObject Name:\tC:\\$Recycle.Bin\\S-1-5-21-3016438738-995544542-2639181184-1000\\$R1E7QE6.txt\r\n\tHandle ID:\t0xcf0\r\n\r\nProcess:\r\n\tProcess ID:\t0xb80\r\n\tProcess Name:\tC:\\Windows\\explorer.exe\r\n\r\nPermissions Change:\r\n\tOriginal Security Descriptor:\tD:AI(A;ID;FA;;;SY)(A;ID;FA;;;BA)(A;ID;FA;;;S-1-5-21-3016438738-995544542-2639181184-1000)\r\n\tNew Security Descriptor:\tD:ARAI(A;ID;FA;;;BA)(A;ID;FA;;;SY)(A;ID;FA;;;S-1-5-21-3016438738-995544542-2639181184-1000)",
  "raw": "{\n  \"Event\": {\n    \"#attributes\": {\n      \"xmlns\": \"http://schemas.microsoft.com/win/2004/08/events/event\"\n    },\n    \"EventData\": {\n      \"HandleId\": \"0xcf0\",\n      \"NewSd\": \"D:ARAI(A;ID;FA;;;BA)(A;ID;FA;;;SY)(A;ID;FA;;;S-1-5-21-3016438738-995544542-2639181184-1000)\",\n      \"ObjectName\": \"C:\\\\$Recycle.Bin\\\\S-1-5-21-3016438738-995544542-2639181184-1000\\\\$R1E7QE6.txt\",\n      \"ObjectServer\": \"Security\",\n      \"ObjectType\": \"File\",\n      \"OldSd\": \"D:AI(A;ID;FA;;;SY)(A;ID;FA;;;BA)(A;ID;FA;;;S-1-5-21-3016438738-995544542-2639181184-1000)\",\n      \"ProcessId\": \"0xb80\",\n      \"ProcessName\": \"C:\\\\Windows\\\\explorer.exe\",\n      \"SubjectDomainName\": \"WIN-JN0MUCM05TC\",\n      \"SubjectLogonId\": \"0x1a85af\",\n      \"SubjectUserName\": \"user\",\n      \"SubjectUserSid\": \"S-1-5-21-3016438738-995544542-2639181184-1000\"\n    },\n    \"System\": {\n      \"Channel\": \"Security\",\n      \"Computer\": \"WIN-JN0MUCM05TC\",\n      \"Correlation\": null,\n      \"EventID\": 4670,\n      \"EventRecordID\": 5433,\n      \"Execution\": {\n        \"#attributes\": {\n          \"ProcessID\": 512,\n          \"ThreadID\": 520\n        }\n      },\n      \"Keywords\": \"0x8020000000000000\",\n      \"Level\": 0,\n      \"Opcode\": 0,\n      \"Provider\": {\n        \"#attributes\": {\n          \"Guid\": \"54849625-5478-4994-A5BA-3E3B0328C30D\",\n          \"Name\": \"Microsoft-Windows-Security-Auditing\"\n        }\n      },\n      \"Security\": null,\n      \"Task\": 13570,\n      \"TimeCreated\": {\n        \"#attributes\": {\n          \"SystemTime\": \"2021-06-29T13:56:30.683251Z\"\n        }\n      },\n      \"Version\": 0\n    }\n  }\n}"
}============{
  "recordid": "180",
  "channel": "Security",
  "computer": "WIN-JN0MUCM05TC",
  "eventid": "4663",
  "eventrecordid": "5434",
  "execution": {
    "processid": 4,
    "threadid": 64
  },
  "keywords": "0x8020000000000000",
  "level": "0",
  "opcode": "0",
  "provider": {
    "guid": "54849625-5478-4994-A5BA-3E3B0328C30D",
    "name": "Microsoft-Windows-Security-Auditing"
  },
  "task": "12800",
  "timecreated": {
    "systemtime": "2021-06-29T13:56:31.868319Z"
  },
  "version": "0",
  "event_data": {
    "accesslist": "%%1538\r\n\t\t\t\t",
    "accessmask": "0x20000",
    "handleid": "0xd14",
    "objectname": "C:\\Users\\user\\The X-Files\\Top Management.txt",
    "objectserver": "Security",
    "objecttype": "File",
    "processid": "0xb80",
    "processname": "C:\\Windows\\explorer.exe",
    "subjectdomainname": "WIN-JN0MUCM05TC",
    "subjectlogonid": "0x1a85af",
    "subjectusername": "user",
    "subjectusersid": "S-1-5-21-3016438738-995544542-2639181184-1000"
  },
  "message": "An attempt was made to access an object.\r\n\r\nSubject:\r\n\tSecurity ID:\t\tS-1-5-21-3016438738-995544542-2639181184-1000\r\n\tAccount Name:\t\tuser\r\n\tAccount Domain:\t\tWIN-JN0MUCM05TC\r\n\tLogon ID:\t\t0x1a85af\r\n\r\nObject:\r\n\tObject Server:\tSecurity\r\n\tObject Type:\tFile\r\n\tObject Name:\tC:\\Users\\user\\The X-Files\\Top Management.txt\r\n\tHandle ID:\t0xd14\r\n\r\nProcess Information:\r\n\tProcess ID:\t0xb80\r\n\tProcess Name:\tC:\\Windows\\explorer.exe\r\n\r\nAccess Request Information:\r\n\tAccesses:\t%%1538\r\n\t\t\t\t\r\n\tAccess Mask:\t0x20000",
  "raw": "{\n  \"Event\": {\n    \"#attributes\": {\n      \"xmlns\": \"http://schemas.microsoft.com/win/2004/08/events/event\"\n    },\n    \"EventData\": {\n      \"AccessList\": \"%%1538\\r\\n\\t\\t\\t\\t\",\n      \"AccessMask\": \"0x20000\",\n      \"HandleId\": \"0xd14\",\n      \"ObjectName\": \"C:\\\\Users\\\\user\\\\The X-Files\\\\Top Management.txt\",\n      \"ObjectServer\": \"Security\",\n      \"ObjectType\": \"File\",\n      \"ProcessId\": \"0xb80\",\n      \"ProcessName\": \"C:\\\\Windows\\\\explorer.exe\",\n      \"SubjectDomainName\": \"WIN-JN0MUCM05TC\",\n      \"SubjectLogonId\": \"0x1a85af\",\n      \"SubjectUserName\": \"user\",\n      \"SubjectUserSid\": \"S-1-5-21-3016438738-995544542-2639181184-1000\"\n    },\n    \"System\": {\n      \"Channel\": \"Security\",\n      \"Computer\": \"WIN-JN0MUCM05TC\",\n      \"Correlation\": null,\n      \"EventID\": 4663,\n      \"EventRecordID\": 5434,\n      \"Execution\": {\n        \"#attributes\": {\n          \"ProcessID\": 4,\n          \"ThreadID\": 64\n        }\n      },\n      \"Keywords\": \"0x8020000000000000\",\n      \"Level\": 0,\n      \"Opcode\": 0,\n      \"Provider\": {\n        \"#attributes\": {\n          \"Guid\": \"54849625-5478-4994-A5BA-3E3B0328C30D\",\n          \"Name\": \"Microsoft-Windows-Security-Auditing\"\n        }\n      },\n      \"Security\": null,\n      \"Task\": 12800,\n      \"TimeCreated\": {\n        \"#attributes\": {\n          \"SystemTime\": \"2021-06-29T13:56:31.868319Z\"\n        }\n      },\n      \"Version\": 0\n    }\n  }\n}"
}============{
  "recordid": "181",
  "channel": "Security",
  "computer": "WIN-JN0MUCM05TC",
  "eventid": "4663",
  "eventrecordid": "5435",
  "execution": {
    "processid": 4,
    "threadid": 64
  },
  "keywords": "0x8020000000000000",
  "level": "0",
  "opcode": "0",
  "provider": {
    "guid": "54849625-5478-4994-A5BA-3E3B0328C30D",
    "name": "Microsoft-Windows-Security-Auditing"
  },
  "task": "12800",
  "timecreated": {
    "systemtime": "2021-06-29T13:56:31.872319Z"
  },
  "version": "0",
  "event_data": {
    "accesslist": "%%1538\r\n\t\t\t\t",
    "accessmask": "0x20000",
    "handleid": "0xdd0",
    "objectname": "C:\\Users\\user\\The X-Files\\Top Management.txt",
    "objectserver": "Security",
    "objecttype": "File",
    "processid": "0xb80",
    "processname": "C:\\Windows\\explorer.exe",
    "subjectdomainname": "WIN-JN0MUCM05TC",
    "subjectlogonid": "0x1a85af",
    "subjectusername": "user",
    "subjectusersid": "S-1-5-21-3016438738-995544542-2639181184-1000"
  },
  "message": "An attempt was made to access an object.\r\n\r\nSubject:\r\n\tSecurity ID:\t\tS-1-5-21-3016438738-995544542-2639181184-1000\r\n\tAccount Name:\t\tuser\r\n\tAccount Domain:\t\tWIN-JN0MUCM05TC\r\n\tLogon ID:\t\t0x1a85af\r\n\r\nObject:\r\n\tObject Server:\tSecurity\r\n\tObject Type:\tFile\r\n\tObject Name:\tC:\\Users\\user\\The X-Files\\Top Management.txt\r\n\tHandle ID:\t0xdd0\r\n\r\nProcess Information:\r\n\tProcess ID:\t0xb80\r\n\tProcess Name:\tC:\\Windows\\explorer.exe\r\n\r\nAccess Request Information:\r\n\tAccesses:\t%%1538\r\n\t\t\t\t\r\n\tAccess Mask:\t0x20000",
  "raw": "{\n  \"Event\": {\n    \"#attributes\": {\n      \"xmlns\": \"http://schemas.microsoft.com/win/2004/08/events/event\"\n    },\n    \"EventData\": {\n      \"AccessList\": \"%%1538\\r\\n\\t\\t\\t\\t\",\n      \"AccessMask\": \"0x20000\",\n      \"HandleId\": \"0xdd0\",\n      \"ObjectName\": \"C:\\\\Users\\\\user\\\\The X-Files\\\\Top Management.txt\",\n      \"ObjectServer\": \"Security\",\n      \"ObjectType\": \"File\",\n      \"ProcessId\": \"0xb80\",\n      \"ProcessName\": \"C:\\\\Windows\\\\explorer.exe\",\n      \"SubjectDomainName\": \"WIN-JN0MUCM05TC\",\n      \"SubjectLogonId\": \"0x1a85af\",\n      \"SubjectUserName\": \"user\",\n      \"SubjectUserSid\": \"S-1-5-21-3016438738-995544542-2639181184-1000\"\n    },\n    \"System\": {\n      \"Channel\": \"Security\",\n      \"Computer\": \"WIN-JN0MUCM05TC\",\n      \"Correlation\": null,\n      \"EventID\": 4663,\n      \"EventRecordID\": 5435,\n      \"Execution\": {\n        \"#attributes\": {\n          \"ProcessID\": 4,\n          \"ThreadID\": 64\n        }\n      },\n      \"Keywords\": \"0x8020000000000000\",\n      \"Level\": 0,\n      \"Opcode\": 0,\n      \"Provider\": {\n        \"#attributes\": {\n          \"Guid\": \"54849625-5478-4994-A5BA-3E3B0328C30D\",\n          \"Name\": \"Microsoft-Windows-Security-Auditing\"\n        }\n      },\n      \"Security\": null,\n      \"Task\": 12800,\n      \"TimeCreated\": {\n        \"#attributes\": {\n          \"SystemTime\": \"2021-06-29T13:56:31.872319Z\"\n        }\n      },\n      \"Version\": 0\n    }\n  }\n}"
}============{
  "recordid": "182",
  "channel": "Security",
  "computer": "WIN-JN0MUCM05TC",
  "eventid": "4663",
  "eventrecordid": "5436",
  "execution": {
    "processid": 4,
    "threadid": 64
  },
  "keywords": "0x8020000000000000",
  "level": "0",
  "opcode": "0",
  "provider": {
    "guid": "54849625-5478-4994-A5BA-3E3B0328C30D",
    "name": "Microsoft-Windows-Security-Auditing"
  },
  "task": "12800",
  "timecreated": {
    "systemtime": "2021-06-29T13:56:31.872319Z"
  },
  "version": "0",
  "event_data": {
    "accesslist": "%%1538\r\n\t\t\t\t",
    "accessmask": "0x20000",
    "handleid": "0xdd0",
    "objectname": "C:\\Users\\user\\The X-Files\\Top Management.txt",
    "objectserver": "Security",
    "objecttype": "File",
    "processid": "0xb80",
    "processname": "C:\\Windows\\explorer.exe",
    "subjectdomainname": "WIN-JN0MUCM05TC",
    "subjectlogonid": "0x1a85af",
    "subjectusername": "user",
    "subjectusersid": "S-1-5-21-3016438738-995544542-2639181184-1000"
  },
  "message": "An attempt was made to access an object.\r\n\r\nSubject:\r\n\tSecurity ID:\t\tS-1-5-21-3016438738-995544542-2639181184-1000\r\n\tAccount Name:\t\tuser\r\n\tAccount Domain:\t\tWIN-JN0MUCM05TC\r\n\tLogon ID:\t\t0x1a85af\r\n\r\nObject:\r\n\tObject Server:\tSecurity\r\n\tObject Type:\tFile\r\n\tObject Name:\tC:\\Users\\user\\The X-Files\\Top Management.txt\r\n\tHandle ID:\t0xdd0\r\n\r\nProcess Information:\r\n\tProcess ID:\t0xb80\r\n\tProcess Name:\tC:\\Windows\\explorer.exe\r\n\r\nAccess Request Information:\r\n\tAccesses:\t%%1538\r\n\t\t\t\t\r\n\tAccess Mask:\t0x20000",
  "raw": "{\n  \"Event\": {\n    \"#attributes\": {\n      \"xmlns\": \"http://schemas.microsoft.com/win/2004/08/events/event\"\n    },\n    \"EventData\": {\n      \"AccessList\": \"%%1538\\r\\n\\t\\t\\t\\t\",\n      \"AccessMask\": \"0x20000\",\n      \"HandleId\": \"0xdd0\",\n      \"ObjectName\": \"C:\\\\Users\\\\user\\\\The X-Files\\\\Top Management.txt\",\n      \"ObjectServer\": \"Security\",\n      \"ObjectType\": \"File\",\n      \"ProcessId\": \"0xb80\",\n      \"ProcessName\": \"C:\\\\Windows\\\\explorer.exe\",\n      \"SubjectDomainName\": \"WIN-JN0MUCM05TC\",\n      \"SubjectLogonId\": \"0x1a85af\",\n      \"SubjectUserName\": \"user\",\n      \"SubjectUserSid\": \"S-1-5-21-3016438738-995544542-2639181184-1000\"\n    },\n    \"System\": {\n      \"Channel\": \"Security\",\n      \"Computer\": \"WIN-JN0MUCM05TC\",\n      \"Correlation\": null,\n      \"EventID\": 4663,\n      \"EventRecordID\": 5436,\n      \"Execution\": {\n        \"#attributes\": {\n          \"ProcessID\": 4,\n          \"ThreadID\": 64\n        }\n      },\n      \"Keywords\": \"0x8020000000000000\",\n      \"Level\": 0,\n      \"Opcode\": 0,\n      \"Provider\": {\n        \"#attributes\": {\n          \"Guid\": \"54849625-5478-4994-A5BA-3E3B0328C30D\",\n          \"Name\": \"Microsoft-Windows-Security-Auditing\"\n        }\n      },\n      \"Security\": null,\n      \"Task\": 12800,\n      \"TimeCreated\": {\n        \"#attributes\": {\n          \"SystemTime\": \"2021-06-29T13:56:31.872319Z\"\n        }\n      },\n      \"Version\": 0\n    }\n  }\n}"
}============{
  "recordid": "183",
  "channel": "Security",
  "computer": "WIN-JN0MUCM05TC",
  "eventid": "4688",
  "eventrecordid": "5437",
  "execution": {
    "processid": 4,
    "threadid": 64
  },
  "keywords": "0x8020000000000000",
  "level": "0",
  "opcode": "0",
  "provider": {
    "guid": "54849625-5478-4994-A5BA-3E3B0328C30D",
    "name": "Microsoft-Windows-Security-Auditing"
  },
  "task": "13312",
  "timecreated": {
    "systemtime": "2021-06-29T13:56:32.049329Z"
  },
  "version": "1",
  "event_data": {
    "commandline": "\"C:\\Windows\\system32\\NOTEPAD.EXE\" C:\\Users\\user\\The X-Files\\Top Management.txt",
    "newprocessid": "0x830",
    "newprocessname": "C:\\Windows\\System32\\notepad.exe",
    "processid": "0xb80",
    "subjectdomainname": "WIN-JN0MUCM05TC",
    "subjectlogonid": "0x1a85af",
    "subjectusername": "user",
    "subjectusersid": "S-1-5-21-3016438738-995544542-2639181184-1000",
    "tokenelevationtype": "%%1938"
  },
  "message": "A new process has been created.\r\n\r\nSubject:\r\n\tSecurity ID:\t\tS-1-5-21-3016438738-995544542-2639181184-1000\r\n\tAccount Name:\t\tuser\r\n\tAccount Domain:\t\tWIN-JN0MUCM05TC\r\n\tLogon ID:\t\t0x1a85af\r\n\r\nProcess Information:\r\n\tNew Process ID:\t\t0x830\r\n\tNew Process Name:\tC:\\Windows\\System32\\notepad.exe\r\n\tToken Elevation Type:\t%%1938\r\n\tCreator Process ID:\t0xb80\r\n\r\nToken Elevation Type indicates the type of token that was assigned to the new process in accordance with User Account Control policy.\r\n\r\nType 1 is a full token with no privileges removed or groups disabled.  A full token is only used if User Account Control is disabled or if the user is the built-in Administrator account or a service account.\r\n\r\nType 2 is an elevated token with no privileges removed or groups disabled.  An elevated token is used when User Account Control is enabled and the user chooses to start the program using Run as administrator.  An elevated token is also used when an application is configured to always require administrative privilege or to always require maximum privilege, and the user is a member of the Administrators group.\r\n\r\nType 3 is a limited token with administrative privileges removed and administrative groups disabled.  The limited token is used when User Account Control is enabled, the application does not require administrative privilege, and the user does not choose to start the program using Run as administrator.",
  "raw": "{\n  \"Event\": {\n    \"#attributes\": {\n      \"xmlns\": \"http://schemas.microsoft.com/win/2004/08/events/event\"\n    },\n    \"EventData\": {\n      \"CommandLine\": \"\\\"C:\\\\Windows\\\\system32\\\\NOTEPAD.EXE\\\" C:\\\\Users\\\\user\\\\The X-Files\\\\Top Management.txt\",\n      \"NewProcessId\": \"0x830\",\n      \"NewProcessName\": \"C:\\\\Windows\\\\System32\\\\notepad.exe\",\n      \"ProcessId\": \"0xb80\",\n      \"SubjectDomainName\": \"WIN-JN0MUCM05TC\",\n      \"SubjectLogonId\": \"0x1a85af\",\n      \"SubjectUserName\": \"user\",\n      \"SubjectUserSid\": \"S-1-5-21-3016438738-995544542-2639181184-1000\",\n      \"TokenElevationType\": \"%%1938\"\n    },\n    \"System\": {\n      \"Channel\": \"Security\",\n      \"Computer\": \"WIN-JN0MUCM05TC\",\n      \"Correlation\": null,\n      \"EventID\": 4688,\n      \"EventRecordID\": 5437,\n      \"Execution\": {\n        \"#attributes\": {\n          \"ProcessID\": 4,\n          \"ThreadID\": 64\n        }\n      },\n      \"Keywords\": \"0x8020000000000000\",\n      \"Level\": 0,\n      \"Opcode\": 0,\n      \"Provider\": {\n        \"#attributes\": {\n          \"Guid\": \"54849625-5478-4994-A5BA-3E3B0328C30D\",\n          \"Name\": \"Microsoft-Windows-Security-Auditing\"\n        }\n      },\n      \"Security\": null,\n      \"Task\": 13312,\n      \"TimeCreated\": {\n        \"#attributes\": {\n          \"SystemTime\": \"2021-06-29T13:56:32.049329Z\"\n        }\n      },\n      \"Version\": 1\n    }\n  }\n}"
}============{
  "recordid": "184",
  "channel": "Security",
  "computer": "WIN-JN0MUCM05TC",
  "eventid": "4663",
  "eventrecordid": "5438",
  "execution": {
    "processid": 4,
    "threadid": 64
  },
  "keywords": "0x8020000000000000",
  "level": "0",
  "opcode": "0",
  "provider": {
    "guid": "54849625-5478-4994-A5BA-3E3B0328C30D",
    "name": "Microsoft-Windows-Security-Auditing"
  },
  "task": "12800",
  "timecreated": {
    "systemtime": "2021-06-29T13:56:32.094332Z"
  },
  "version": "0",
  "event_data": {
    "accesslist": "%%4423\r\n\t\t\t\t",
    "accessmask": "0x80",
    "handleid": "0xef0",
    "objectname": "C:\\Users\\user\\The X-Files\\Top Management.txt",
    "objectserver": "Security",
    "objecttype": "File",
    "processid": "0xb80",
    "processname": "C:\\Windows\\explorer.exe",
    "subjectdomainname": "WIN-JN0MUCM05TC",
    "subjectlogonid": "0x1a85af",
    "subjectusername": "user",
    "subjectusersid": "S-1-5-21-3016438738-995544542-2639181184-1000"
  },
  "message": "An attempt was made to access an object.\r\n\r\nSubject:\r\n\tSecurity ID:\t\tS-1-5-21-3016438738-995544542-2639181184-1000\r\n\tAccount Name:\t\tuser\r\n\tAccount Domain:\t\tWIN-JN0MUCM05TC\r\n\tLogon ID:\t\t0x1a85af\r\n\r\nObject:\r\n\tObject Server:\tSecurity\r\n\tObject Type:\tFile\r\n\tObject Name:\tC:\\Users\\user\\The X-Files\\Top Management.txt\r\n\tHandle ID:\t0xef0\r\n\r\nProcess Information:\r\n\tProcess ID:\t0xb80\r\n\tProcess Name:\tC:\\Windows\\explorer.exe\r\n\r\nAccess Request Information:\r\n\tAccesses:\t%%4423\r\n\t\t\t\t\r\n\tAccess Mask:\t0x80",
  "raw": "{\n  \"Event\": {\n    \"#attributes\": {\n      \"xmlns\": \"http://schemas.microsoft.com/win/2004/08/events/event\"\n    },\n    \"EventData\": {\n      \"AccessList\": \"%%4423\\r\\n\\t\\t\\t\\t\",\n      \"AccessMask\": \"0x80\",\n      \"HandleId\": \"0xef0\",\n      \"ObjectName\": \"C:\\\\Users\\\\user\\\\The X-Files\\\\Top Management.txt\",\n      \"ObjectServer\": \"Security\",\n      \"ObjectType\": \"File\",\n      \"ProcessId\": \"0xb80\",\n      \"ProcessName\": \"C:\\\\Windows\\\\explorer.exe\",\n      \"SubjectDomainName\": \"WIN-JN0MUCM05TC\",\n      \"SubjectLogonId\": \"0x1a85af\",\n      \"SubjectUserName\": \"user\",\n      \"SubjectUserSid\": \"S-1-5-21-3016438738-995544542-2639181184-1000\"\n    },\n    \"System\": {\n      \"Channel\": \"Security\",\n      \"Computer\": \"WIN-JN0MUCM05TC\",\n      \"Correlation\": null,\n      \"EventID\": 4663,\n      \"EventRecordID\": 5438,\n      \"Execution\": {\n        \"#attributes\": {\n          \"ProcessID\": 4,\n          \"ThreadID\": 64\n        }\n      },\n      \"Keywords\": \"0x8020000000000000\",\n      \"Level\": 0,\n      \"Opcode\": 0,\n      \"Provider\": {\n        \"#attributes\": {\n          \"Guid\": \"54849625-5478-4994-A5BA-3E3B0328C30D\",\n          \"Name\": \"Microsoft-Windows-Security-Auditing\"\n        }\n      },\n      \"Security\": null,\n      \"Task\": 12800,\n      \"TimeCreated\": {\n        \"#attributes\": {\n          \"SystemTime\": \"2021-06-29T13:56:32.094332Z\"\n        }\n      },\n      \"Version\": 0\n    }\n  }\n}"
}============{
  "recordid": "185",
  "channel": "Security",
  "computer": "WIN-JN0MUCM05TC",
  "eventid": "4663",
  "eventrecordid": "5439",
  "execution": {
    "processid": 4,
    "threadid": 64
  },
  "keywords": "0x8020000000000000",
  "level": "0",
  "opcode": "0",
  "provider": {
    "guid": "54849625-5478-4994-A5BA-3E3B0328C30D",
    "name": "Microsoft-Windows-Security-Auditing"
  },
  "task": "12800",
  "timecreated": {
    "systemtime": "2021-06-29T13:56:32.104332Z"
  },
  "version": "0",
  "event_data": {
    "accesslist": "%%4423\r\n\t\t\t\t",
    "accessmask": "0x80",
    "handleid": "0xf0",
    "objectname": "C:\\Users\\user\\The X-Files\\Top Management.txt",
    "objectserver": "Security",
    "objecttype": "File",
    "processid": "0x830",
    "processname": "C:\\Windows\\System32\\notepad.exe",
    "subjectdomainname": "WIN-JN0MUCM05TC",
    "subjectlogonid": "0x1a85af",
    "subjectusername": "user",
    "subjectusersid": "S-1-5-21-3016438738-995544542-2639181184-1000"
  },
  "message": "An attempt was made to access an object.\r\n\r\nSubject:\r\n\tSecurity ID:\t\tS-1-5-21-3016438738-995544542-2639181184-1000\r\n\tAccount Name:\t\tuser\r\n\tAccount Domain:\t\tWIN-JN0MUCM05TC\r\n\tLogon ID:\t\t0x1a85af\r\n\r\nObject:\r\n\tObject Server:\tSecurity\r\n\tObject Type:\tFile\r\n\tObject Name:\tC:\\Users\\user\\The X-Files\\Top Management.txt\r\n\tHandle ID:\t0xf0\r\n\r\nProcess Information:\r\n\tProcess ID:\t0x830\r\n\tProcess Name:\tC:\\Windows\\System32\\notepad.exe\r\n\r\nAccess Request Information:\r\n\tAccesses:\t%%4423\r\n\t\t\t\t\r\n\tAccess Mask:\t0x80",
  "raw": "{\n  \"Event\": {\n    \"#attributes\": {\n      \"xmlns\": \"http://schemas.microsoft.com/win/2004/08/events/event\"\n    },\n    \"EventData\": {\n      \"AccessList\": \"%%4423\\r\\n\\t\\t\\t\\t\",\n      \"AccessMask\": \"0x80\",\n      \"HandleId\": \"0xf0\",\n      \"ObjectName\": \"C:\\\\Users\\\\user\\\\The X-Files\\\\Top Management.txt\",\n      \"ObjectServer\": \"Security\",\n      \"ObjectType\": \"File\",\n      \"ProcessId\": \"0x830\",\n      \"ProcessName\": \"C:\\\\Windows\\\\System32\\\\notepad.exe\",\n      \"SubjectDomainName\": \"WIN-JN0MUCM05TC\",\n      \"SubjectLogonId\": \"0x1a85af\",\n      \"SubjectUserName\": \"user\",\n      \"SubjectUserSid\": \"S-1-5-21-3016438738-995544542-2639181184-1000\"\n    },\n    \"System\": {\n      \"Channel\": \"Security\",\n      \"Computer\": \"WIN-JN0MUCM05TC\",\n      \"Correlation\": null,\n      \"EventID\": 4663,\n      \"EventRecordID\": 5439,\n      \"Execution\": {\n        \"#attributes\": {\n          \"ProcessID\": 4,\n          \"ThreadID\": 64\n        }\n      },\n      \"Keywords\": \"0x8020000000000000\",\n      \"Level\": 0,\n      \"Opcode\": 0,\n      \"Provider\": {\n        \"#attributes\": {\n          \"Guid\": \"54849625-5478-4994-A5BA-3E3B0328C30D\",\n          \"Name\": \"Microsoft-Windows-Security-Auditing\"\n        }\n      },\n      \"Security\": null,\n      \"Task\": 12800,\n      \"TimeCreated\": {\n        \"#attributes\": {\n          \"SystemTime\": \"2021-06-29T13:56:32.104332Z\"\n        }\n      },\n      \"Version\": 0\n    }\n  }\n}"
}============{
  "recordid": "186",
  "channel": "Security",
  "computer": "WIN-JN0MUCM05TC",
  "eventid": "4663",
  "eventrecordid": "5440",
  "execution": {
    "processid": 4,
    "threadid": 64
  },
  "keywords": "0x8020000000000000",
  "level": "0",
  "opcode": "0",
  "provider": {
    "guid": "54849625-5478-4994-A5BA-3E3B0328C30D",
    "name": "Microsoft-Windows-Security-Auditing"
  },
  "task": "12800",
  "timecreated": {
    "systemtime": "2021-06-29T13:56:32.104332Z"
  },
  "version": "0",
  "event_data": {
    "accesslist": "%%4416\r\n\t\t\t\t",
    "accessmask": "0x1",
    "handleid": "0xf0",
    "objectname": "C:\\Users\\user\\The X-Files\\Top Management.txt",
    "objectserver": "Security",
    "objecttype": "File",
    "processid": "0x830",
    "processname": "C:\\Windows\\System32\\notepad.exe",
    "subjectdomainname": "WIN-JN0MUCM05TC",
    "subjectlogonid": "0x1a85af",
    "subjectusername": "user",
    "subjectusersid": "S-1-5-21-3016438738-995544542-2639181184-1000"
  },
  "message": "An attempt was made to access an object.\r\n\r\nSubject:\r\n\tSecurity ID:\t\tS-1-5-21-3016438738-995544542-2639181184-1000\r\n\tAccount Name:\t\tuser\r\n\tAccount Domain:\t\tWIN-JN0MUCM05TC\r\n\tLogon ID:\t\t0x1a85af\r\n\r\nObject:\r\n\tObject Server:\tSecurity\r\n\tObject Type:\tFile\r\n\tObject Name:\tC:\\Users\\user\\The X-Files\\Top Management.txt\r\n\tHandle ID:\t0xf0\r\n\r\nProcess Information:\r\n\tProcess ID:\t0x830\r\n\tProcess Name:\tC:\\Windows\\System32\\notepad.exe\r\n\r\nAccess Request Information:\r\n\tAccesses:\t%%4416\r\n\t\t\t\t\r\n\tAccess Mask:\t0x1",
