  "raw": "{\n  \"Event\": {\n    \"#attributes\": {\n      \"xmlns\": \"http://schemas.microsoft.com/win/2004/08/events/event\"\n    },\n    \"EventData\": {\n      \"ProcessId\": \"0x740\",\n      \"ProcessName\": \"C:\\\\Windows\\\\System32\\\\notepad.exe\",\n      \"Status\": \"0x0\",\n      \"SubjectDomainName\": \"WIN-JN0MUCM05TC\",\n      \"SubjectLogonId\": \"0x17221e\",\n      \"SubjectUserName\": \"goodboy\",\n      \"SubjectUserSid\": \"S-1-5-21-3016438738-995544542-2639181184-1001\"\n    },\n    \"System\": {\n      \"Channel\": \"Security\",\n      \"Computer\": \"WIN-JN0MUCM05TC\",\n      \"Correlation\": null,\n      \"EventID\": 4689,\n      \"EventRecordID\": 5332,\n      \"Execution\": {\n        \"#attributes\": {\n          \"ProcessID\": 4,\n          \"ThreadID\": 64\n        }\n      },\n      \"Keywords\": \"0x8020000000000000\",\n      \"Level\": 0,\n      \"Opcode\": 0,\n      \"Provider\": {\n        \"#attributes\": {\n          \"Guid\": \"54849625-5478-4994-A5BA-3E3B0328C30D\",\n          \"Name\": \"Microsoft-Windows-Security-Auditing\"\n        }\n      },\n      \"Security\": null,\n      \"Task\": 13313,\n      \"TimeCreated\": {\n        \"#attributes\": {\n          \"SystemTime\": \"2021-06-29T13:54:16.369977Z\"\n        }\n      },\n      \"Version\": 0\n    }\n  }\n}"
}============{
  "recordid": "79",
  "channel": "Security",
  "computer": "WIN-JN0MUCM05TC",
  "eventid": "4688",
  "eventrecordid": "5333",
  "execution": {
    "processid": 4,
    "threadid": 64
  },
  "keywords": "0x8020000000000000",
  "level": "0",
  "opcode": "0",
  "provider": {
    "guid": "54849625-5478-4994-A5BA-3E3B0328C30D",
    "name": "Microsoft-Windows-Security-Auditing"
  },
  "task": "13312",
  "timecreated": {
    "systemtime": "2021-06-29T13:54:20.172194Z"
  },
  "version": "1",
  "event_data": {
    "commandline": "\"LogonUI.exe\" /flags:0x0",
    "newprocessid": "0x330",
    "newprocessname": "C:\\Windows\\System32\\LogonUI.exe",
    "processid": "0x55c",
    "subjectdomainname": "WORKGROUP",
    "subjectlogonid": "0x3e7",
    "subjectusername": "WIN-JN0MUCM05TC$",
    "subjectusersid": "S-1-5-18",
    "tokenelevationtype": "%%1936"
  },
  "message": "A new process has been created.\r\n\r\nSubject:\r\n\tSecurity ID:\t\tS-1-5-18\r\n\tAccount Name:\t\tWIN-JN0MUCM05TC$\r\n\tAccount Domain:\t\tWORKGROUP\r\n\tLogon ID:\t\t0x3e7\r\n\r\nProcess Information:\r\n\tNew Process ID:\t\t0x330\r\n\tNew Process Name:\tC:\\Windows\\System32\\LogonUI.exe\r\n\tToken Elevation Type:\t%%1936\r\n\tCreator Process ID:\t0x55c\r\n\r\nToken Elevation Type indicates the type of token that was assigned to the new process in accordance with User Account Control policy.\r\n\r\nType 1 is a full token with no privileges removed or groups disabled.  A full token is only used if User Account Control is disabled or if the user is the built-in Administrator account or a service account.\r\n\r\nType 2 is an elevated token with no privileges removed or groups disabled.  An elevated token is used when User Account Control is enabled and the user chooses to start the program using Run as administrator.  An elevated token is also used when an application is configured to always require administrative privilege or to always require maximum privilege, and the user is a member of the Administrators group.\r\n\r\nType 3 is a limited token with administrative privileges removed and administrative groups disabled.  The limited token is used when User Account Control is enabled, the application does not require administrative privilege, and the user does not choose to start the program using Run as administrator.",
  "raw": "{\n  \"Event\": {\n    \"#attributes\": {\n      \"xmlns\": \"http://schemas.microsoft.com/win/2004/08/events/event\"\n    },\n    \"EventData\": {\n      \"CommandLine\": \"\\\"LogonUI.exe\\\" /flags:0x0\",\n      \"NewProcessId\": \"0x330\",\n      \"NewProcessName\": \"C:\\\\Windows\\\\System32\\\\LogonUI.exe\",\n      \"ProcessId\": \"0x55c\",\n      \"SubjectDomainName\": \"WORKGROUP\",\n      \"SubjectLogonId\": \"0x3e7\",\n      \"SubjectUserName\": \"WIN-JN0MUCM05TC$\",\n      \"SubjectUserSid\": \"S-1-5-18\",\n      \"TokenElevationType\": \"%%1936\"\n    },\n    \"System\": {\n      \"Channel\": \"Security\",\n      \"Computer\": \"WIN-JN0MUCM05TC\",\n      \"Correlation\": null,\n      \"EventID\": 4688,\n      \"EventRecordID\": 5333,\n      \"Execution\": {\n        \"#attributes\": {\n          \"ProcessID\": 4,\n          \"ThreadID\": 64\n        }\n      },\n      \"Keywords\": \"0x8020000000000000\",\n      \"Level\": 0,\n      \"Opcode\": 0,\n      \"Provider\": {\n        \"#attributes\": {\n          \"Guid\": \"54849625-5478-4994-A5BA-3E3B0328C30D\",\n          \"Name\": \"Microsoft-Windows-Security-Auditing\"\n        }\n      },\n      \"Security\": null,\n      \"Task\": 13312,\n      \"TimeCreated\": {\n        \"#attributes\": {\n          \"SystemTime\": \"2021-06-29T13:54:20.172194Z\"\n        }\n      },\n      \"Version\": 1\n    }\n  }\n}"
}============{
  "recordid": "80",
  "channel": "Security",
  "computer": "WIN-JN0MUCM05TC",
  "eventid": "4689",
  "eventrecordid": "5334",
  "execution": {
    "processid": 4,
    "threadid": 64
  },
  "keywords": "0x8020000000000000",
  "level": "0",
  "opcode": "0",
  "provider": {
    "guid": "54849625-5478-4994-A5BA-3E3B0328C30D",
    "name": "Microsoft-Windows-Security-Auditing"
  },
  "task": "13313",
  "timecreated": {
    "systemtime": "2021-06-29T13:54:20.370206Z"
  },
  "version": "0",
  "event_data": {
    "processid": "0x258",
    "processname": "C:\\Windows\\System32\\dllhost.exe",
    "status": "0x40010004",
    "subjectdomainname": "WIN-JN0MUCM05TC",
    "subjectlogonid": "0x17221e",
    "subjectusername": "goodboy",
    "subjectusersid": "S-1-5-21-3016438738-995544542-2639181184-1001"
  },
  "message": "A process has exited.\r\n\r\nSubject:\r\n\tSecurity ID:\t\tS-1-5-21-3016438738-995544542-2639181184-1001\r\n\tAccount Name:\t\tgoodboy\r\n\tAccount Domain:\t\tWIN-JN0MUCM05TC\r\n\tLogon ID:\t\t0x17221e\r\n\r\nProcess Information:\r\n\tProcess ID:\t0x258\r\n\tProcess Name:\tC:\\Windows\\System32\\dllhost.exe\r\n\tExit Status:\t0x40010004",
  "raw": "{\n  \"Event\": {\n    \"#attributes\": {\n      \"xmlns\": \"http://schemas.microsoft.com/win/2004/08/events/event\"\n    },\n    \"EventData\": {\n      \"ProcessId\": \"0x258\",\n      \"ProcessName\": \"C:\\\\Windows\\\\System32\\\\dllhost.exe\",\n      \"Status\": \"0x40010004\",\n      \"SubjectDomainName\": \"WIN-JN0MUCM05TC\",\n      \"SubjectLogonId\": \"0x17221e\",\n      \"SubjectUserName\": \"goodboy\",\n      \"SubjectUserSid\": \"S-1-5-21-3016438738-995544542-2639181184-1001\"\n    },\n    \"System\": {\n      \"Channel\": \"Security\",\n      \"Computer\": \"WIN-JN0MUCM05TC\",\n      \"Correlation\": null,\n      \"EventID\": 4689,\n      \"EventRecordID\": 5334,\n      \"Execution\": {\n        \"#attributes\": {\n          \"ProcessID\": 4,\n          \"ThreadID\": 64\n        }\n      },\n      \"Keywords\": \"0x8020000000000000\",\n      \"Level\": 0,\n      \"Opcode\": 0,\n      \"Provider\": {\n        \"#attributes\": {\n          \"Guid\": \"54849625-5478-4994-A5BA-3E3B0328C30D\",\n          \"Name\": \"Microsoft-Windows-Security-Auditing\"\n        }\n      },\n      \"Security\": null,\n      \"Task\": 13313,\n      \"TimeCreated\": {\n        \"#attributes\": {\n          \"SystemTime\": \"2021-06-29T13:54:20.370206Z\"\n        }\n      },\n      \"Version\": 0\n    }\n  }\n}"
}============{
  "recordid": "81",
  "channel": "Security",
  "computer": "WIN-JN0MUCM05TC",
  "eventid": "4689",
  "eventrecordid": "5335",
  "execution": {
    "processid": 4,
    "threadid": 64
  },
  "keywords": "0x8020000000000000",
  "level": "0",
  "opcode": "0",
  "provider": {
    "guid": "54849625-5478-4994-A5BA-3E3B0328C30D",
    "name": "Microsoft-Windows-Security-Auditing"
  },
  "task": "13313",
  "timecreated": {
    "systemtime": "2021-06-29T13:54:20.377206Z"
  },
  "version": "0",
  "event_data": {
    "processid": "0xacc",
    "processname": "C:\\Windows\\System32\\SearchProtocolHost.exe",
    "status": "0x40010004",
    "subjectdomainname": "WIN-JN0MUCM05TC",
    "subjectlogonid": "0x17221e",
    "subjectusername": "goodboy",
    "subjectusersid": "S-1-5-21-3016438738-995544542-2639181184-1001"
  },
  "message": "A process has exited.\r\n\r\nSubject:\r\n\tSecurity ID:\t\tS-1-5-21-3016438738-995544542-2639181184-1001\r\n\tAccount Name:\t\tgoodboy\r\n\tAccount Domain:\t\tWIN-JN0MUCM05TC\r\n\tLogon ID:\t\t0x17221e\r\n\r\nProcess Information:\r\n\tProcess ID:\t0xacc\r\n\tProcess Name:\tC:\\Windows\\System32\\SearchProtocolHost.exe\r\n\tExit Status:\t0x40010004",
  "raw": "{\n  \"Event\": {\n    \"#attributes\": {\n      \"xmlns\": \"http://schemas.microsoft.com/win/2004/08/events/event\"\n    },\n    \"EventData\": {\n      \"ProcessId\": \"0xacc\",\n      \"ProcessName\": \"C:\\\\Windows\\\\System32\\\\SearchProtocolHost.exe\",\n      \"Status\": \"0x40010004\",\n      \"SubjectDomainName\": \"WIN-JN0MUCM05TC\",\n      \"SubjectLogonId\": \"0x17221e\",\n      \"SubjectUserName\": \"goodboy\",\n      \"SubjectUserSid\": \"S-1-5-21-3016438738-995544542-2639181184-1001\"\n    },\n    \"System\": {\n      \"Channel\": \"Security\",\n      \"Computer\": \"WIN-JN0MUCM05TC\",\n      \"Correlation\": null,\n      \"EventID\": 4689,\n      \"EventRecordID\": 5335,\n      \"Execution\": {\n        \"#attributes\": {\n          \"ProcessID\": 4,\n          \"ThreadID\": 64\n        }\n      },\n      \"Keywords\": \"0x8020000000000000\",\n      \"Level\": 0,\n      \"Opcode\": 0,\n      \"Provider\": {\n        \"#attributes\": {\n          \"Guid\": \"54849625-5478-4994-A5BA-3E3B0328C30D\",\n          \"Name\": \"Microsoft-Windows-Security-Auditing\"\n        }\n      },\n      \"Security\": null,\n      \"Task\": 13313,\n      \"TimeCreated\": {\n        \"#attributes\": {\n          \"SystemTime\": \"2021-06-29T13:54:20.377206Z\"\n        }\n      },\n      \"Version\": 0\n    }\n  }\n}"
}============{
  "recordid": "82",
  "channel": "Security",
  "computer": "WIN-JN0MUCM05TC",
  "eventid": "4689",
  "eventrecordid": "5336",
  "execution": {
    "processid": 4,
    "threadid": 64
  },
  "keywords": "0x8020000000000000",
  "level": "0",
  "opcode": "0",
  "provider": {
    "guid": "54849625-5478-4994-A5BA-3E3B0328C30D",
    "name": "Microsoft-Windows-Security-Auditing"
  },
  "task": "13313",
  "timecreated": {
    "systemtime": "2021-06-29T13:54:20.507213Z"
  },
  "version": "0",
  "event_data": {
    "processid": "0x948",
    "processname": "C:\\Program Files\\VMware\\VMware Tools\\vmtoolsd.exe",
    "status": "0x0",
    "subjectdomainname": "WIN-JN0MUCM05TC",
    "subjectlogonid": "0x17221e",
    "subjectusername": "goodboy",
    "subjectusersid": "S-1-5-21-3016438738-995544542-2639181184-1001"
  },
  "message": "A process has exited.\r\n\r\nSubject:\r\n\tSecurity ID:\t\tS-1-5-21-3016438738-995544542-2639181184-1001\r\n\tAccount Name:\t\tgoodboy\r\n\tAccount Domain:\t\tWIN-JN0MUCM05TC\r\n\tLogon ID:\t\t0x17221e\r\n\r\nProcess Information:\r\n\tProcess ID:\t0x948\r\n\tProcess Name:\tC:\\Program Files\\VMware\\VMware Tools\\vmtoolsd.exe\r\n\tExit Status:\t0x0",
  "raw": "{\n  \"Event\": {\n    \"#attributes\": {\n      \"xmlns\": \"http://schemas.microsoft.com/win/2004/08/events/event\"\n    },\n    \"EventData\": {\n      \"ProcessId\": \"0x948\",\n      \"ProcessName\": \"C:\\\\Program Files\\\\VMware\\\\VMware Tools\\\\vmtoolsd.exe\",\n      \"Status\": \"0x0\",\n      \"SubjectDomainName\": \"WIN-JN0MUCM05TC\",\n      \"SubjectLogonId\": \"0x17221e\",\n      \"SubjectUserName\": \"goodboy\",\n      \"SubjectUserSid\": \"S-1-5-21-3016438738-995544542-2639181184-1001\"\n    },\n    \"System\": {\n      \"Channel\": \"Security\",\n      \"Computer\": \"WIN-JN0MUCM05TC\",\n      \"Correlation\": null,\n      \"EventID\": 4689,\n      \"EventRecordID\": 5336,\n      \"Execution\": {\n        \"#attributes\": {\n          \"ProcessID\": 4,\n          \"ThreadID\": 64\n        }\n      },\n      \"Keywords\": \"0x8020000000000000\",\n      \"Level\": 0,\n      \"Opcode\": 0,\n      \"Provider\": {\n        \"#attributes\": {\n          \"Guid\": \"54849625-5478-4994-A5BA-3E3B0328C30D\",\n          \"Name\": \"Microsoft-Windows-Security-Auditing\"\n        }\n      },\n      \"Security\": null,\n      \"Task\": 13313,\n      \"TimeCreated\": {\n        \"#attributes\": {\n          \"SystemTime\": \"2021-06-29T13:54:20.507213Z\"\n        }\n      },\n      \"Version\": 0\n    }\n  }\n}"
}============{
  "recordid": "83",
  "channel": "Security",
  "computer": "WIN-JN0MUCM05TC",
  "eventid": "4689",
  "eventrecordid": "5337",
  "execution": {
    "processid": 4,
    "threadid": 64
  },
  "keywords": "0x8020000000000000",
  "level": "0",
  "opcode": "0",
  "provider": {
    "guid": "54849625-5478-4994-A5BA-3E3B0328C30D",
    "name": "Microsoft-Windows-Security-Auditing"
  },
  "task": "13313",
  "timecreated": {
    "systemtime": "2021-06-29T13:54:20.514214Z"
  },
  "version": "0",
  "event_data": {
    "processid": "0x848",
    "processname": "C:\\Windows\\System32\\vm3dservice.exe",
    "status": "0x40010004",
    "subjectdomainname": "WIN-JN0MUCM05TC",
    "subjectlogonid": "0x17221e",
    "subjectusername": "goodboy",
    "subjectusersid": "S-1-5-21-3016438738-995544542-2639181184-1001"
  },
  "message": "A process has exited.\r\n\r\nSubject:\r\n\tSecurity ID:\t\tS-1-5-21-3016438738-995544542-2639181184-1001\r\n\tAccount Name:\t\tgoodboy\r\n\tAccount Domain:\t\tWIN-JN0MUCM05TC\r\n\tLogon ID:\t\t0x17221e\r\n\r\nProcess Information:\r\n\tProcess ID:\t0x848\r\n\tProcess Name:\tC:\\Windows\\System32\\vm3dservice.exe\r\n\tExit Status:\t0x40010004",
  "raw": "{\n  \"Event\": {\n    \"#attributes\": {\n      \"xmlns\": \"http://schemas.microsoft.com/win/2004/08/events/event\"\n    },\n    \"EventData\": {\n      \"ProcessId\": \"0x848\",\n      \"ProcessName\": \"C:\\\\Windows\\\\System32\\\\vm3dservice.exe\",\n      \"Status\": \"0x40010004\",\n      \"SubjectDomainName\": \"WIN-JN0MUCM05TC\",\n      \"SubjectLogonId\": \"0x17221e\",\n      \"SubjectUserName\": \"goodboy\",\n      \"SubjectUserSid\": \"S-1-5-21-3016438738-995544542-2639181184-1001\"\n    },\n    \"System\": {\n      \"Channel\": \"Security\",\n      \"Computer\": \"WIN-JN0MUCM05TC\",\n      \"Correlation\": null,\n      \"EventID\": 4689,\n      \"EventRecordID\": 5337,\n      \"Execution\": {\n        \"#attributes\": {\n          \"ProcessID\": 4,\n          \"ThreadID\": 64\n        }\n      },\n      \"Keywords\": \"0x8020000000000000\",\n      \"Level\": 0,\n      \"Opcode\": 0,\n      \"Provider\": {\n        \"#attributes\": {\n          \"Guid\": \"54849625-5478-4994-A5BA-3E3B0328C30D\",\n          \"Name\": \"Microsoft-Windows-Security-Auditing\"\n        }\n      },\n      \"Security\": null,\n      \"Task\": 13313,\n      \"TimeCreated\": {\n        \"#attributes\": {\n          \"SystemTime\": \"2021-06-29T13:54:20.514214Z\"\n        }\n      },\n      \"Version\": 0\n    }\n  }\n}"
}============{
  "recordid": "84",
  "channel": "Security",
  "computer": "WIN-JN0MUCM05TC",
  "eventid": "4689",
  "eventrecordid": "5338",
  "execution": {
    "processid": 4,
    "threadid": 64
  },
  "keywords": "0x8020000000000000",
  "level": "0",
  "opcode": "0",
  "provider": {
    "guid": "54849625-5478-4994-A5BA-3E3B0328C30D",
    "name": "Microsoft-Windows-Security-Auditing"
  },
  "task": "13313",
  "timecreated": {
    "systemtime": "2021-06-29T13:54:20.521214Z"
  },
  "version": "0",
  "event_data": {
    "processid": "0xa90",
    "processname": "C:\\Windows\\System32\\rdpclip.exe",
    "status": "0x40010004",
    "subjectdomainname": "WIN-JN0MUCM05TC",
    "subjectlogonid": "0x17221e",
    "subjectusername": "goodboy",
    "subjectusersid": "S-1-5-21-3016438738-995544542-2639181184-1001"
  },
  "message": "A process has exited.\r\n\r\nSubject:\r\n\tSecurity ID:\t\tS-1-5-21-3016438738-995544542-2639181184-1001\r\n\tAccount Name:\t\tgoodboy\r\n\tAccount Domain:\t\tWIN-JN0MUCM05TC\r\n\tLogon ID:\t\t0x17221e\r\n\r\nProcess Information:\r\n\tProcess ID:\t0xa90\r\n\tProcess Name:\tC:\\Windows\\System32\\rdpclip.exe\r\n\tExit Status:\t0x40010004",
  "raw": "{\n  \"Event\": {\n    \"#attributes\": {\n      \"xmlns\": \"http://schemas.microsoft.com/win/2004/08/events/event\"\n    },\n    \"EventData\": {\n      \"ProcessId\": \"0xa90\",\n      \"ProcessName\": \"C:\\\\Windows\\\\System32\\\\rdpclip.exe\",\n      \"Status\": \"0x40010004\",\n      \"SubjectDomainName\": \"WIN-JN0MUCM05TC\",\n      \"SubjectLogonId\": \"0x17221e\",\n      \"SubjectUserName\": \"goodboy\",\n      \"SubjectUserSid\": \"S-1-5-21-3016438738-995544542-2639181184-1001\"\n    },\n    \"System\": {\n      \"Channel\": \"Security\",\n      \"Computer\": \"WIN-JN0MUCM05TC\",\n      \"Correlation\": null,\n      \"EventID\": 4689,\n      \"EventRecordID\": 5338,\n      \"Execution\": {\n        \"#attributes\": {\n          \"ProcessID\": 4,\n          \"ThreadID\": 64\n        }\n      },\n      \"Keywords\": \"0x8020000000000000\",\n      \"Level\": 0,\n      \"Opcode\": 0,\n      \"Provider\": {\n        \"#attributes\": {\n          \"Guid\": \"54849625-5478-4994-A5BA-3E3B0328C30D\",\n          \"Name\": \"Microsoft-Windows-Security-Auditing\"\n        }\n      },\n      \"Security\": null,\n      \"Task\": 13313,\n      \"TimeCreated\": {\n        \"#attributes\": {\n          \"SystemTime\": \"2021-06-29T13:54:20.521214Z\"\n        }\n      },\n      \"Version\": 0\n    }\n  }\n}"
}============{
  "recordid": "85",
  "channel": "Security",
  "computer": "WIN-JN0MUCM05TC",
  "eventid": "4689",
  "eventrecordid": "5339",
  "execution": {
    "processid": 4,
    "threadid": 64
  },
  "keywords": "0x8020000000000000",
  "level": "0",
  "opcode": "0",
  "provider": {
    "guid": "54849625-5478-4994-A5BA-3E3B0328C30D",
    "name": "Microsoft-Windows-Security-Auditing"
  },
  "task": "13313",
  "timecreated": {
    "systemtime": "2021-06-29T13:54:21.827289Z"
  },
  "version": "0",
  "event_data": {
    "processid": "0x99c",
    "processname": "C:\\Windows\\explorer.exe",
    "status": "0x40010004",
    "subjectdomainname": "WIN-JN0MUCM05TC",
    "subjectlogonid": "0x17221e",
    "subjectusername": "goodboy",
    "subjectusersid": "S-1-5-21-3016438738-995544542-2639181184-1001"
  },
  "message": "A process has exited.\r\n\r\nSubject:\r\n\tSecurity ID:\t\tS-1-5-21-3016438738-995544542-2639181184-1001\r\n\tAccount Name:\t\tgoodboy\r\n\tAccount Domain:\t\tWIN-JN0MUCM05TC\r\n\tLogon ID:\t\t0x17221e\r\n\r\nProcess Information:\r\n\tProcess ID:\t0x99c\r\n\tProcess Name:\tC:\\Windows\\explorer.exe\r\n\tExit Status:\t0x40010004",
  "raw": "{\n  \"Event\": {\n    \"#attributes\": {\n      \"xmlns\": \"http://schemas.microsoft.com/win/2004/08/events/event\"\n    },\n    \"EventData\": {\n      \"ProcessId\": \"0x99c\",\n      \"ProcessName\": \"C:\\\\Windows\\\\explorer.exe\",\n      \"Status\": \"0x40010004\",\n      \"SubjectDomainName\": \"WIN-JN0MUCM05TC\",\n      \"SubjectLogonId\": \"0x17221e\",\n      \"SubjectUserName\": \"goodboy\",\n      \"SubjectUserSid\": \"S-1-5-21-3016438738-995544542-2639181184-1001\"\n    },\n    \"System\": {\n      \"Channel\": \"Security\",\n      \"Computer\": \"WIN-JN0MUCM05TC\",\n      \"Correlation\": null,\n      \"EventID\": 4689,\n      \"EventRecordID\": 5339,\n      \"Execution\": {\n        \"#attributes\": {\n          \"ProcessID\": 4,\n          \"ThreadID\": 64\n        }\n      },\n      \"Keywords\": \"0x8020000000000000\",\n      \"Level\": 0,\n      \"Opcode\": 0,\n      \"Provider\": {\n        \"#attributes\": {\n          \"Guid\": \"54849625-5478-4994-A5BA-3E3B0328C30D\",\n          \"Name\": \"Microsoft-Windows-Security-Auditing\"\n        }\n      },\n      \"Security\": null,\n      \"Task\": 13313,\n      \"TimeCreated\": {\n        \"#attributes\": {\n          \"SystemTime\": \"2021-06-29T13:54:21.827289Z\"\n        }\n      },\n      \"Version\": 0\n    }\n  }\n}"
}============{
  "recordid": "86",
  "channel": "Security",
  "computer": "WIN-JN0MUCM05TC",
  "eventid": "4689",
  "eventrecordid": "5340",
  "execution": {
    "processid": 4,
    "threadid": 64
  },
  "keywords": "0x8020000000000000",
  "level": "0",
  "opcode": "0",
  "provider": {
    "guid": "54849625-5478-4994-A5BA-3E3B0328C30D",
    "name": "Microsoft-Windows-Security-Auditing"
  },
  "task": "13313",
  "timecreated": {
    "systemtime": "2021-06-29T13:54:21.852290Z"
  },
  "version": "0",
  "event_data": {
    "processid": "0x8c4",
    "processname": "C:\\Windows\\System32\\taskhost.exe",
    "status": "0x40010004",
    "subjectdomainname": "WIN-JN0MUCM05TC",
    "subjectlogonid": "0x17221e",
    "subjectusername": "goodboy",
    "subjectusersid": "S-1-5-21-3016438738-995544542-2639181184-1001"
  },
  "message": "A process has exited.\r\n\r\nSubject:\r\n\tSecurity ID:\t\tS-1-5-21-3016438738-995544542-2639181184-1001\r\n\tAccount Name:\t\tgoodboy\r\n\tAccount Domain:\t\tWIN-JN0MUCM05TC\r\n\tLogon ID:\t\t0x17221e\r\n\r\nProcess Information:\r\n\tProcess ID:\t0x8c4\r\n\tProcess Name:\tC:\\Windows\\System32\\taskhost.exe\r\n\tExit Status:\t0x40010004",
  "raw": "{\n  \"Event\": {\n    \"#attributes\": {\n      \"xmlns\": \"http://schemas.microsoft.com/win/2004/08/events/event\"\n    },\n    \"EventData\": {\n      \"ProcessId\": \"0x8c4\",\n      \"ProcessName\": \"C:\\\\Windows\\\\System32\\\\taskhost.exe\",\n      \"Status\": \"0x40010004\",\n      \"SubjectDomainName\": \"WIN-JN0MUCM05TC\",\n      \"SubjectLogonId\": \"0x17221e\",\n      \"SubjectUserName\": \"goodboy\",\n      \"SubjectUserSid\": \"S-1-5-21-3016438738-995544542-2639181184-1001\"\n    },\n    \"System\": {\n      \"Channel\": \"Security\",\n      \"Computer\": \"WIN-JN0MUCM05TC\",\n      \"Correlation\": null,\n      \"EventID\": 4689,\n      \"EventRecordID\": 5340,\n      \"Execution\": {\n        \"#attributes\": {\n          \"ProcessID\": 4,\n          \"ThreadID\": 64\n        }\n      },\n      \"Keywords\": \"0x8020000000000000\",\n      \"Level\": 0,\n      \"Opcode\": 0,\n      \"Provider\": {\n        \"#attributes\": {\n          \"Guid\": \"54849625-5478-4994-A5BA-3E3B0328C30D\",\n          \"Name\": \"Microsoft-Windows-Security-Auditing\"\n        }\n      },\n      \"Security\": null,\n      \"Task\": 13313,\n      \"TimeCreated\": {\n        \"#attributes\": {\n          \"SystemTime\": \"2021-06-29T13:54:21.852290Z\"\n        }\n      },\n      \"Version\": 0\n    }\n  }\n}"
}============{
  "recordid": "87",
  "channel": "Security",
  "computer": "WIN-JN0MUCM05TC",
  "eventid": "4689",
  "eventrecordid": "5341",
  "execution": {
    "processid": 4,
    "threadid": 64
  },
  "keywords": "0x8020000000000000",
  "level": "0",
  "opcode": "0",
  "provider": {
    "guid": "54849625-5478-4994-A5BA-3E3B0328C30D",
    "name": "Microsoft-Windows-Security-Auditing"
  },
  "task": "13313",
  "timecreated": {
    "systemtime": "2021-06-29T13:54:22.461325Z"
  },
  "version": "0",
  "event_data": {
    "processid": "0xb80",
    "processname": "C:\\Windows\\System32\\dwm.exe",
    "status": "0x40010004",
    "subjectdomainname": "WIN-JN0MUCM05TC",
    "subjectlogonid": "0x17221e",
    "subjectusername": "goodboy",
    "subjectusersid": "S-1-5-21-3016438738-995544542-2639181184-1001"
  },
  "message": "A process has exited.\r\n\r\nSubject:\r\n\tSecurity ID:\t\tS-1-5-21-3016438738-995544542-2639181184-1001\r\n\tAccount Name:\t\tgoodboy\r\n\tAccount Domain:\t\tWIN-JN0MUCM05TC\r\n\tLogon ID:\t\t0x17221e\r\n\r\nProcess Information:\r\n\tProcess ID:\t0xb80\r\n\tProcess Name:\tC:\\Windows\\System32\\dwm.exe\r\n\tExit Status:\t0x40010004",
  "raw": "{\n  \"Event\": {\n    \"#attributes\": {\n      \"xmlns\": \"http://schemas.microsoft.com/win/2004/08/events/event\"\n    },\n    \"EventData\": {\n      \"ProcessId\": \"0xb80\",\n      \"ProcessName\": \"C:\\\\Windows\\\\System32\\\\dwm.exe\",\n      \"Status\": \"0x40010004\",\n      \"SubjectDomainName\": \"WIN-JN0MUCM05TC\",\n      \"SubjectLogonId\": \"0x17221e\",\n      \"SubjectUserName\": \"goodboy\",\n      \"SubjectUserSid\": \"S-1-5-21-3016438738-995544542-2639181184-1001\"\n    },\n    \"System\": {\n      \"Channel\": \"Security\",\n      \"Computer\": \"WIN-JN0MUCM05TC\",\n      \"Correlation\": null,\n      \"EventID\": 4689,\n      \"EventRecordID\": 5341,\n      \"Execution\": {\n        \"#attributes\": {\n          \"ProcessID\": 4,\n          \"ThreadID\": 64\n        }\n      },\n      \"Keywords\": \"0x8020000000000000\",\n      \"Level\": 0,\n      \"Opcode\": 0,\n      \"Provider\": {\n        \"#attributes\": {\n          \"Guid\": \"54849625-5478-4994-A5BA-3E3B0328C30D\",\n          \"Name\": \"Microsoft-Windows-Security-Auditing\"\n        }\n      },\n      \"Security\": null,\n      \"Task\": 13313,\n      \"TimeCreated\": {\n        \"#attributes\": {\n          \"SystemTime\": \"2021-06-29T13:54:22.461325Z\"\n        }\n      },\n      \"Version\": 0\n    }\n  }\n}"
}============{
  "recordid": "88",
  "channel": "Security",
  "computer": "WIN-JN0MUCM05TC",
  "eventid": "4647",
  "eventrecordid": "5342",
  "execution": {
    "processid": 512,
    "threadid": 548
  },
  "keywords": "0x8020000000000000",
  "level": "0",
  "opcode": "0",
  "provider": {
    "guid": "54849625-5478-4994-A5BA-3E3B0328C30D",
    "name": "Microsoft-Windows-Security-Auditing"
  },
  "task": "12545",
  "timecreated": {
    "systemtime": "2021-06-29T13:54:22.463325Z"
  },
  "version": "0",
  "event_data": {
    "targetdomainname": "WIN-JN0MUCM05TC",
    "targetlogonid": "0x17221e",
    "targetusername": "goodboy",
    "targetusersid": "S-1-5-21-3016438738-995544542-2639181184-1001"
  },
  "message": "User initiated logoff:\r\n\r\nSubject:\r\n\tSecurity ID:\t\tS-1-5-21-3016438738-995544542-2639181184-1001\r\n\tAccount Name:\t\tgoodboy\r\n\tAccount Domain:\t\tWIN-JN0MUCM05TC\r\n\tLogon ID:\t\t0x17221e\r\n\r\nThis event is generated when a logoff is initiated. No further user-initiated activity can occur. This event can be interpreted as a logoff event.",
  "raw": "{\n  \"Event\": {\n    \"#attributes\": {\n      \"xmlns\": \"http://schemas.microsoft.com/win/2004/08/events/event\"\n    },\n    \"EventData\": {\n      \"TargetDomainName\": \"WIN-JN0MUCM05TC\",\n      \"TargetLogonId\": \"0x17221e\",\n      \"TargetUserName\": \"goodboy\",\n      \"TargetUserSid\": \"S-1-5-21-3016438738-995544542-2639181184-1001\"\n    },\n    \"System\": {\n      \"Channel\": \"Security\",\n      \"Computer\": \"WIN-JN0MUCM05TC\",\n      \"Correlation\": null,\n      \"EventID\": 4647,\n      \"EventRecordID\": 5342,\n      \"Execution\": {\n        \"#attributes\": {\n          \"ProcessID\": 512,\n          \"ThreadID\": 548\n        }\n      },\n      \"Keywords\": \"0x8020000000000000\",\n      \"Level\": 0,\n      \"Opcode\": 0,\n      \"Provider\": {\n        \"#attributes\": {\n          \"Guid\": \"54849625-5478-4994-A5BA-3E3B0328C30D\",\n          \"Name\": \"Microsoft-Windows-Security-Auditing\"\n        }\n      },\n      \"Security\": null,\n      \"Task\": 12545,\n      \"TimeCreated\": {\n        \"#attributes\": {\n          \"SystemTime\": \"2021-06-29T13:54:22.463325Z\"\n        }\n      },\n      \"Version\": 0\n    }\n  }\n}"
}============{
  "recordid": "89",
  "channel": "Security",
  "computer": "WIN-JN0MUCM05TC",
  "eventid": "4689",
  "eventrecordid": "5343",
  "execution": {
    "processid": 4,
    "threadid": 64
  },
  "keywords": "0x8020000000000000",
  "level": "0",
  "opcode": "0",
  "provider": {
    "guid": "54849625-5478-4994-A5BA-3E3B0328C30D",
    "name": "Microsoft-Windows-Security-Auditing"
  },
  "task": "13313",
  "timecreated": {
    "systemtime": "2021-06-29T13:54:23.143131Z"
  },
  "version": "0",
  "event_data": {
    "processid": "0x330",
    "processname": "C:\\Windows\\System32\\LogonUI.exe",
    "status": "0x0",
    "subjectdomainname": "WORKGROUP",
    "subjectlogonid": "0x3e7",
    "subjectusername": "WIN-JN0MUCM05TC$",
    "subjectusersid": "S-1-5-18"
  },
  "message": "A process has exited.\r\n\r\nSubject:\r\n\tSecurity ID:\t\tS-1-5-18\r\n\tAccount Name:\t\tWIN-JN0MUCM05TC$\r\n\tAccount Domain:\t\tWORKGROUP\r\n\tLogon ID:\t\t0x3e7\r\n\r\nProcess Information:\r\n\tProcess ID:\t0x330\r\n\tProcess Name:\tC:\\Windows\\System32\\LogonUI.exe\r\n\tExit Status:\t0x0",
  "raw": "{\n  \"Event\": {\n    \"#attributes\": {\n      \"xmlns\": \"http://schemas.microsoft.com/win/2004/08/events/event\"\n    },\n    \"EventData\": {\n      \"ProcessId\": \"0x330\",\n      \"ProcessName\": \"C:\\\\Windows\\\\System32\\\\LogonUI.exe\",\n      \"Status\": \"0x0\",\n      \"SubjectDomainName\": \"WORKGROUP\",\n      \"SubjectLogonId\": \"0x3e7\",\n      \"SubjectUserName\": \"WIN-JN0MUCM05TC$\",\n      \"SubjectUserSid\": \"S-1-5-18\"\n    },\n    \"System\": {\n      \"Channel\": \"Security\",\n      \"Computer\": \"WIN-JN0MUCM05TC\",\n      \"Correlation\": null,\n      \"EventID\": 4689,\n      \"EventRecordID\": 5343,\n      \"Execution\": {\n        \"#attributes\": {\n          \"ProcessID\": 4,\n          \"ThreadID\": 64\n        }\n      },\n      \"Keywords\": \"0x8020000000000000\",\n      \"Level\": 0,\n      \"Opcode\": 0,\n      \"Provider\": {\n        \"#attributes\": {\n          \"Guid\": \"54849625-5478-4994-A5BA-3E3B0328C30D\",\n          \"Name\": \"Microsoft-Windows-Security-Auditing\"\n        }\n      },\n      \"Security\": null,\n      \"Task\": 13313,\n      \"TimeCreated\": {\n        \"#attributes\": {\n          \"SystemTime\": \"2021-06-29T13:54:23.143131Z\"\n        }\n      },\n      \"Version\": 0\n    }\n  }\n}"
}============{
  "recordid": "90",
  "channel": "Security",
  "computer": "WIN-JN0MUCM05TC",
  "eventid": "4689",
  "eventrecordid": "5344",
  "execution": {
    "processid": 4,
    "threadid": 64
  },
  "keywords": "0x8020000000000000",
  "level": "0",
  "opcode": "0",
  "provider": {
    "guid": "54849625-5478-4994-A5BA-3E3B0328C30D",
    "name": "Microsoft-Windows-Security-Auditing"
  },
  "task": "13313",
  "timecreated": {
    "systemtime": "2021-06-29T13:54:23.143131Z"
  },
  "version": "0",
  "event_data": {
    "processid": "0x55c",
    "processname": "C:\\Windows\\System32\\winlogon.exe",
    "status": "0x0",
    "subjectdomainname": "WORKGROUP",
    "subjectlogonid": "0x3e7",
    "subjectusername": "WIN-JN0MUCM05TC$",
    "subjectusersid": "S-1-5-18"
  },
  "message": "A process has exited.\r\n\r\nSubject:\r\n\tSecurity ID:\t\tS-1-5-18\r\n\tAccount Name:\t\tWIN-JN0MUCM05TC$\r\n\tAccount Domain:\t\tWORKGROUP\r\n\tLogon ID:\t\t0x3e7\r\n\r\nProcess Information:\r\n\tProcess ID:\t0x55c\r\n\tProcess Name:\tC:\\Windows\\System32\\winlogon.exe\r\n\tExit Status:\t0x0",
  "raw": "{\n  \"Event\": {\n    \"#attributes\": {\n      \"xmlns\": \"http://schemas.microsoft.com/win/2004/08/events/event\"\n    },\n    \"EventData\": {\n      \"ProcessId\": \"0x55c\",\n      \"ProcessName\": \"C:\\\\Windows\\\\System32\\\\winlogon.exe\",\n      \"Status\": \"0x0\",\n      \"SubjectDomainName\": \"WORKGROUP\",\n      \"SubjectLogonId\": \"0x3e7\",\n      \"SubjectUserName\": \"WIN-JN0MUCM05TC$\",\n      \"SubjectUserSid\": \"S-1-5-18\"\n    },\n    \"System\": {\n      \"Channel\": \"Security\",\n      \"Computer\": \"WIN-JN0MUCM05TC\",\n      \"Correlation\": null,\n      \"EventID\": 4689,\n      \"EventRecordID\": 5344,\n      \"Execution\": {\n        \"#attributes\": {\n          \"ProcessID\": 4,\n          \"ThreadID\": 64\n        }\n      },\n      \"Keywords\": \"0x8020000000000000\",\n      \"Level\": 0,\n      \"Opcode\": 0,\n      \"Provider\": {\n        \"#attributes\": {\n          \"Guid\": \"54849625-5478-4994-A5BA-3E3B0328C30D\",\n          \"Name\": \"Microsoft-Windows-Security-Auditing\"\n        }\n      },\n      \"Security\": null,\n      \"Task\": 13313,\n      \"TimeCreated\": {\n        \"#attributes\": {\n          \"SystemTime\": \"2021-06-29T13:54:23.143131Z\"\n        }\n      },\n      \"Version\": 0\n    }\n  }\n}"
}============{
  "recordid": "91",
  "channel": "Security",
  "computer": "WIN-JN0MUCM05TC",
  "eventid": "4634",
  "eventrecordid": "5345",
  "execution": {
    "processid": 512,
    "threadid": 548
  },
  "keywords": "0x8020000000000000",
  "level": "0",
  "opcode": "0",
  "provider": {
    "guid": "54849625-5478-4994-A5BA-3E3B0328C30D",
    "name": "Microsoft-Windows-Security-Auditing"
  },
  "task": "12545",
  "timecreated": {
    "systemtime": "2021-06-29T13:54:23.143131Z"
  },
  "version": "0",
  "event_data": {
    "logontype": "10",
    "targetdomainname": "WIN-JN0MUCM05TC",
    "targetlogonid": "0x17221e",
    "targetusername": "goodboy",
    "targetusersid": "S-1-5-21-3016438738-995544542-2639181184-1001"
  },
  "message": "An account was logged off.\r\n\r\nSubject:\r\n\tSecurity ID:\t\tS-1-5-21-3016438738-995544542-2639181184-1001\r\n\tAccount Name:\t\tgoodboy\r\n\tAccount Domain:\t\tWIN-JN0MUCM05TC\r\n\tLogon ID:\t\t0x17221e\r\n\r\nLogon Type:\t\t\t10\r\n\r\nThis event is generated when a logon session is destroyed. It may be positively correlated with a logon event using the Logon ID value. Logon IDs are only unique between reboots on the same computer.",
  "raw": "{\n  \"Event\": {\n    \"#attributes\": {\n      \"xmlns\": \"http://schemas.microsoft.com/win/2004/08/events/event\"\n    },\n    \"EventData\": {\n      \"LogonType\": 10,\n      \"TargetDomainName\": \"WIN-JN0MUCM05TC\",\n      \"TargetLogonId\": \"0x17221e\",\n      \"TargetUserName\": \"goodboy\",\n      \"TargetUserSid\": \"S-1-5-21-3016438738-995544542-2639181184-1001\"\n    },\n    \"System\": {\n      \"Channel\": \"Security\",\n      \"Computer\": \"WIN-JN0MUCM05TC\",\n      \"Correlation\": null,\n      \"EventID\": 4634,\n      \"EventRecordID\": 5345,\n      \"Execution\": {\n        \"#attributes\": {\n          \"ProcessID\": 512,\n          \"ThreadID\": 548\n        }\n      },\n      \"Keywords\": \"0x8020000000000000\",\n      \"Level\": 0,\n      \"Opcode\": 0,\n      \"Provider\": {\n        \"#attributes\": {\n          \"Guid\": \"54849625-5478-4994-A5BA-3E3B0328C30D\",\n          \"Name\": \"Microsoft-Windows-Security-Auditing\"\n        }\n      },\n      \"Security\": null,\n      \"Task\": 12545,\n      \"TimeCreated\": {\n        \"#attributes\": {\n          \"SystemTime\": \"2021-06-29T13:54:23.143131Z\"\n        }\n      },\n      \"Version\": 0\n    }\n  }\n}"
}============{
  "recordid": "92",
  "channel": "Security",
  "computer": "WIN-JN0MUCM05TC",
  "eventid": "4634",
  "eventrecordid": "5346",
  "execution": {
    "processid": 512,
    "threadid": 548
  },
  "keywords": "0x8020000000000000",
  "level": "0",
  "opcode": "0",
  "provider": {
    "guid": "54849625-5478-4994-A5BA-3E3B0328C30D",
    "name": "Microsoft-Windows-Security-Auditing"
  },
  "task": "12545",
  "timecreated": {
    "systemtime": "2021-06-29T13:54:23.158731Z"
  },
  "version": "0",
  "event_data": {
    "logontype": "3",
    "targetdomainname": "WIN-JN0MUCM05TC",
    "targetlogonid": "0x16f9bc",
    "targetusername": "goodboy",
    "targetusersid": "S-1-5-21-3016438738-995544542-2639181184-1001"
  },
  "message": "An account was logged off.\r\n\r\nSubject:\r\n\tSecurity ID:\t\tS-1-5-21-3016438738-995544542-2639181184-1001\r\n\tAccount Name:\t\tgoodboy\r\n\tAccount Domain:\t\tWIN-JN0MUCM05TC\r\n\tLogon ID:\t\t0x16f9bc\r\n\r\nLogon Type:\t\t\t3\r\n\r\nThis event is generated when a logon session is destroyed. It may be positively correlated with a logon event using the Logon ID value. Logon IDs are only unique between reboots on the same computer.",
  "raw": "{\n  \"Event\": {\n    \"#attributes\": {\n      \"xmlns\": \"http://schemas.microsoft.com/win/2004/08/events/event\"\n    },\n    \"EventData\": {\n      \"LogonType\": 3,\n      \"TargetDomainName\": \"WIN-JN0MUCM05TC\",\n      \"TargetLogonId\": \"0x16f9bc\",\n      \"TargetUserName\": \"goodboy\",\n      \"TargetUserSid\": \"S-1-5-21-3016438738-995544542-2639181184-1001\"\n    },\n    \"System\": {\n      \"Channel\": \"Security\",\n      \"Computer\": \"WIN-JN0MUCM05TC\",\n      \"Correlation\": null,\n      \"EventID\": 4634,\n      \"EventRecordID\": 5346,\n      \"Execution\": {\n        \"#attributes\": {\n          \"ProcessID\": 512,\n          \"ThreadID\": 548\n        }\n      },\n      \"Keywords\": \"0x8020000000000000\",\n      \"Level\": 0,\n      \"Opcode\": 0,\n      \"Provider\": {\n        \"#attributes\": {\n          \"Guid\": \"54849625-5478-4994-A5BA-3E3B0328C30D\",\n          \"Name\": \"Microsoft-Windows-Security-Auditing\"\n        }\n      },\n      \"Security\": null,\n      \"Task\": 12545,\n      \"TimeCreated\": {\n        \"#attributes\": {\n          \"SystemTime\": \"2021-06-29T13:54:23.158731Z\"\n        }\n      },\n      \"Version\": 0\n    }\n  }\n}"
}============{
  "recordid": "93",
  "channel": "Security",
  "computer": "WIN-JN0MUCM05TC",
  "eventid": "4689",
  "eventrecordid": "5347",
  "execution": {
    "processid": 4,
    "threadid": 64
  },
  "keywords": "0x8020000000000000",
  "level": "0",
  "opcode": "0",
  "provider": {
    "guid": "54849625-5478-4994-A5BA-3E3B0328C30D",
    "name": "Microsoft-Windows-Security-Auditing"
  },
  "task": "13313",
  "timecreated": {
    "systemtime": "2021-06-29T13:54:23.158731Z"
  },
  "version": "0",
  "event_data": {
    "processid": "0x4c4",
    "processname": "C:\\Windows\\System32\\csrss.exe",
    "status": "0x0",
    "subjectdomainname": "WORKGROUP",
    "subjectlogonid": "0x3e7",
    "subjectusername": "WIN-JN0MUCM05TC$",
    "subjectusersid": "S-1-5-18"
  },
  "message": "A process has exited.\r\n\r\nSubject:\r\n\tSecurity ID:\t\tS-1-5-18\r\n\tAccount Name:\t\tWIN-JN0MUCM05TC$\r\n\tAccount Domain:\t\tWORKGROUP\r\n\tLogon ID:\t\t0x3e7\r\n\r\nProcess Information:\r\n\tProcess ID:\t0x4c4\r\n\tProcess Name:\tC:\\Windows\\System32\\csrss.exe\r\n\tExit Status:\t0x0",
  "raw": "{\n  \"Event\": {\n    \"#attributes\": {\n      \"xmlns\": \"http://schemas.microsoft.com/win/2004/08/events/event\"\n    },\n    \"EventData\": {\n      \"ProcessId\": \"0x4c4\",\n      \"ProcessName\": \"C:\\\\Windows\\\\System32\\\\csrss.exe\",\n      \"Status\": \"0x0\",\n      \"SubjectDomainName\": \"WORKGROUP\",\n      \"SubjectLogonId\": \"0x3e7\",\n      \"SubjectUserName\": \"WIN-JN0MUCM05TC$\",\n      \"SubjectUserSid\": \"S-1-5-18\"\n    },\n    \"System\": {\n      \"Channel\": \"Security\",\n      \"Computer\": \"WIN-JN0MUCM05TC\",\n      \"Correlation\": null,\n      \"EventID\": 4689,\n      \"EventRecordID\": 5347,\n      \"Execution\": {\n        \"#attributes\": {\n          \"ProcessID\": 4,\n          \"ThreadID\": 64\n        }\n      },\n      \"Keywords\": \"0x8020000000000000\",\n      \"Level\": 0,\n      \"Opcode\": 0,\n      \"Provider\": {\n        \"#attributes\": {\n          \"Guid\": \"54849625-5478-4994-A5BA-3E3B0328C30D\",\n          \"Name\": \"Microsoft-Windows-Security-Auditing\"\n        }\n      },\n      \"Security\": null,\n      \"Task\": 13313,\n      \"TimeCreated\": {\n        \"#attributes\": {\n          \"SystemTime\": \"2021-06-29T13:54:23.158731Z\"\n        }\n      },\n      \"Version\": 0\n    }\n  }\n}"
}============{
  "recordid": "94",
  "channel": "Security",
  "computer": "WIN-JN0MUCM05TC",
  "eventid": "4776",
  "eventrecordid": "5348",
  "execution": {
    "processid": 512,
    "threadid": 2324
  },
  "keywords": "0x8020000000000000",
  "level": "0",
  "opcode": "0",
  "provider": {
    "guid": "54849625-5478-4994-A5BA-3E3B0328C30D",
    "name": "Microsoft-Windows-Security-Auditing"
  },
  "task": "14336",
  "timecreated": {
    "systemtime": "2021-06-29T13:54:43.204766Z"
  },
  "version": "0",
  "event_data": {
    "packagename": "MICROSOFT_AUTHENTICATION_PACKAGE_V1_0",
    "status": "0x0",
    "targetusername": "user",
    "workstation": "DESKTOP-P08QOV5"
  },
  "message": "The computer attempted to validate the credentials for an account.\r\n\r\nAuthentication Package:\tMICROSOFT_AUTHENTICATION_PACKAGE_V1_0\r\nLogon Account:\tuser\r\nSource Workstation:\tDESKTOP-P08QOV5\r\nError Code:\t0x0",
  "raw": "{\n  \"Event\": {\n    \"#attributes\": {\n      \"xmlns\": \"http://schemas.microsoft.com/win/2004/08/events/event\"\n    },\n    \"EventData\": {\n      \"PackageName\": \"MICROSOFT_AUTHENTICATION_PACKAGE_V1_0\",\n      \"Status\": \"0x0\",\n      \"TargetUserName\": \"user\",\n      \"Workstation\": \"DESKTOP-P08QOV5\"\n    },\n    \"System\": {\n      \"Channel\": \"Security\",\n      \"Computer\": \"WIN-JN0MUCM05TC\",\n      \"Correlation\": null,\n      \"EventID\": 4776,\n      \"EventRecordID\": 5348,\n      \"Execution\": {\n        \"#attributes\": {\n          \"ProcessID\": 512,\n          \"ThreadID\": 2324\n        }\n      },\n      \"Keywords\": \"0x8020000000000000\",\n      \"Level\": 0,\n      \"Opcode\": 0,\n      \"Provider\": {\n        \"#attributes\": {\n          \"Guid\": \"54849625-5478-4994-A5BA-3E3B0328C30D\",\n          \"Name\": \"Microsoft-Windows-Security-Auditing\"\n        }\n      },\n      \"Security\": null,\n      \"Task\": 14336,\n      \"TimeCreated\": {\n        \"#attributes\": {\n          \"SystemTime\": \"2021-06-29T13:54:43.204766Z\"\n        }\n      },\n      \"Version\": 0\n    }\n  }\n}"
}============{
  "recordid": "95",
  "channel": "Security",
  "computer": "WIN-JN0MUCM05TC",
  "eventid": "4672",
  "eventrecordid": "5349",
  "execution": {
    "processid": 512,
    "threadid": 2324
  },
  "keywords": "0x8020000000000000",
  "level": "0",
  "opcode": "0",
  "provider": {
    "guid": "54849625-5478-4994-A5BA-3E3B0328C30D",
    "name": "Microsoft-Windows-Security-Auditing"
  },
  "task": "12548",
  "timecreated": {
    "systemtime": "2021-06-29T13:54:43.204766Z"
  },
  "version": "0",
  "event_data": {
    "privilegelist": "SeSecurityPrivilege\r\n\t\t\tSeBackupPrivilege\r\n\t\t\tSeRestorePrivilege\r\n\t\t\tSeTakeOwnershipPrivilege\r\n\t\t\tSeDebugPrivilege\r\n\t\t\tSeSystemEnvironmentPrivilege\r\n\t\t\tSeLoadDriverPrivilege\r\n\t\t\tSeImpersonatePrivilege",
    "subjectdomainname": "WIN-JN0MUCM05TC",
    "subjectlogonid": "0x1a2fd0",
    "subjectusername": "user",
    "subjectusersid": "S-1-5-21-3016438738-995544542-2639181184-1000"
  },
  "message": "Special privileges assigned to new logon.\r\n\r\nSubject:\r\n\tSecurity ID:\t\tS-1-5-21-3016438738-995544542-2639181184-1000\r\n\tAccount Name:\t\tuser\r\n\tAccount Domain:\t\tWIN-JN0MUCM05TC\r\n\tLogon ID:\t\t0x1a2fd0\r\n\r\nPrivileges:\t\tSeSecurityPrivilege\r\n\t\t\tSeBackupPrivilege\r\n\t\t\tSeRestorePrivilege\r\n\t\t\tSeTakeOwnershipPrivilege\r\n\t\t\tSeDebugPrivilege\r\n\t\t\tSeSystemEnvironmentPrivilege\r\n\t\t\tSeLoadDriverPrivilege\r\n\t\t\tSeImpersonatePrivilege",
  "raw": "{\n  \"Event\": {\n    \"#attributes\": {\n      \"xmlns\": \"http://schemas.microsoft.com/win/2004/08/events/event\"\n    },\n    \"EventData\": {\n      \"PrivilegeList\": \"SeSecurityPrivilege\\r\\n\\t\\t\\tSeBackupPrivilege\\r\\n\\t\\t\\tSeRestorePrivilege\\r\\n\\t\\t\\tSeTakeOwnershipPrivilege\\r\\n\\t\\t\\tSeDebugPrivilege\\r\\n\\t\\t\\tSeSystemEnvironmentPrivilege\\r\\n\\t\\t\\tSeLoadDriverPrivilege\\r\\n\\t\\t\\tSeImpersonatePrivilege\",\n      \"SubjectDomainName\": \"WIN-JN0MUCM05TC\",\n      \"SubjectLogonId\": \"0x1a2fd0\",\n      \"SubjectUserName\": \"user\",\n      \"SubjectUserSid\": \"S-1-5-21-3016438738-995544542-2639181184-1000\"\n    },\n    \"System\": {\n      \"Channel\": \"Security\",\n      \"Computer\": \"WIN-JN0MUCM05TC\",\n      \"Correlation\": null,\n      \"EventID\": 4672,\n      \"EventRecordID\": 5349,\n      \"Execution\": {\n        \"#attributes\": {\n          \"ProcessID\": 512,\n          \"ThreadID\": 2324\n        }\n      },\n      \"Keywords\": \"0x8020000000000000\",\n      \"Level\": 0,\n      \"Opcode\": 0,\n      \"Provider\": {\n        \"#attributes\": {\n          \"Guid\": \"54849625-5478-4994-A5BA-3E3B0328C30D\",\n          \"Name\": \"Microsoft-Windows-Security-Auditing\"\n        }\n      },\n      \"Security\": null,\n      \"Task\": 12548,\n      \"TimeCreated\": {\n        \"#attributes\": {\n          \"SystemTime\": \"2021-06-29T13:54:43.204766Z\"\n        }\n      },\n      \"Version\": 0\n    }\n  }\n}"
}============{
  "recordid": "96",
  "channel": "Security",
  "computer": "WIN-JN0MUCM05TC",
  "eventid": "4672",
  "eventrecordid": "5350",
  "execution": {
    "processid": 512,
    "threadid": 2324
  },
  "keywords": "0x8020000000000000",
  "level": "0",
  "opcode": "0",
  "provider": {
    "guid": "54849625-5478-4994-A5BA-3E3B0328C30D",
    "name": "Microsoft-Windows-Security-Auditing"
  },
  "task": "12548",
  "timecreated": {
    "systemtime": "2021-06-29T13:54:43.204766Z"
  },
  "version": "0",
  "event_data": {
    "privilegelist": "SeSecurityPrivilege\r\n\t\t\tSeTakeOwnershipPrivilege\r\n\t\t\tSeLoadDriverPrivilege\r\n\t\t\tSeBackupPrivilege\r\n\t\t\tSeRestorePrivilege\r\n\t\t\tSeDebugPrivilege\r\n\t\t\tSeSystemEnvironmentPrivilege\r\n\t\t\tSeImpersonatePrivilege",
    "subjectdomainname": "WIN-JN0MUCM05TC",
    "subjectlogonid": "0x1a2fd0",
    "subjectusername": "user",
    "subjectusersid": "S-1-5-21-3016438738-995544542-2639181184-1000"
  },
  "message": "Special privileges assigned to new logon.\r\n\r\nSubject:\r\n\tSecurity ID:\t\tS-1-5-21-3016438738-995544542-2639181184-1000\r\n\tAccount Name:\t\tuser\r\n\tAccount Domain:\t\tWIN-JN0MUCM05TC\r\n\tLogon ID:\t\t0x1a2fd0\r\n\r\nPrivileges:\t\tSeSecurityPrivilege\r\n\t\t\tSeTakeOwnershipPrivilege\r\n\t\t\tSeLoadDriverPrivilege\r\n\t\t\tSeBackupPrivilege\r\n\t\t\tSeRestorePrivilege\r\n\t\t\tSeDebugPrivilege\r\n\t\t\tSeSystemEnvironmentPrivilege\r\n\t\t\tSeImpersonatePrivilege",
  "raw": "{\n  \"Event\": {\n    \"#attributes\": {\n      \"xmlns\": \"http://schemas.microsoft.com/win/2004/08/events/event\"\n    },\n    \"EventData\": {\n      \"PrivilegeList\": \"SeSecurityPrivilege\\r\\n\\t\\t\\tSeTakeOwnershipPrivilege\\r\\n\\t\\t\\tSeLoadDriverPrivilege\\r\\n\\t\\t\\tSeBackupPrivilege\\r\\n\\t\\t\\tSeRestorePrivilege\\r\\n\\t\\t\\tSeDebugPrivilege\\r\\n\\t\\t\\tSeSystemEnvironmentPrivilege\\r\\n\\t\\t\\tSeImpersonatePrivilege\",\n      \"SubjectDomainName\": \"WIN-JN0MUCM05TC\",\n      \"SubjectLogonId\": \"0x1a2fd0\",\n      \"SubjectUserName\": \"user\",\n      \"SubjectUserSid\": \"S-1-5-21-3016438738-995544542-2639181184-1000\"\n    },\n    \"System\": {\n      \"Channel\": \"Security\",\n      \"Computer\": \"WIN-JN0MUCM05TC\",\n      \"Correlation\": null,\n      \"EventID\": 4672,\n      \"EventRecordID\": 5350,\n      \"Execution\": {\n        \"#attributes\": {\n          \"ProcessID\": 512,\n          \"ThreadID\": 2324\n        }\n      },\n      \"Keywords\": \"0x8020000000000000\",\n      \"Level\": 0,\n      \"Opcode\": 0,\n      \"Provider\": {\n        \"#attributes\": {\n          \"Guid\": \"54849625-5478-4994-A5BA-3E3B0328C30D\",\n          \"Name\": \"Microsoft-Windows-Security-Auditing\"\n        }\n      },\n      \"Security\": null,\n      \"Task\": 12548,\n      \"TimeCreated\": {\n        \"#attributes\": {\n          \"SystemTime\": \"2021-06-29T13:54:43.204766Z\"\n        }\n      },\n      \"Version\": 0\n    }\n  }\n}"
}============{
  "recordid": "97",
  "channel": "Security",
  "computer": "WIN-JN0MUCM05TC",
  "eventid": "4624",
