  "eventrecordid": "5410",
  "execution": {
    "processid": 4,
    "threadid": 64
  },
  "keywords": "0x8020000000000000",
  "level": "0",
  "opcode": "0",
  "provider": {
    "guid": "54849625-5478-4994-A5BA-3E3B0328C30D",
    "name": "Microsoft-Windows-Security-Auditing"
  },
  "task": "12800",
  "timecreated": {
    "systemtime": "2021-06-29T13:56:24.720910Z"
  },
  "version": "0",
  "event_data": {
    "accesslist": "%%1538\r\n\t\t\t\t",
    "accessmask": "0x20000",
    "handleid": "0xed0",
    "objectname": "C:\\Users\\user\\The X-Files\\Documents.txt",
    "objectserver": "Security",
    "objecttype": "File",
    "processid": "0xb80",
    "processname": "C:\\Windows\\explorer.exe",
    "subjectdomainname": "WIN-JN0MUCM05TC",
    "subjectlogonid": "0x1a85af",
    "subjectusername": "user",
    "subjectusersid": "S-1-5-21-3016438738-995544542-2639181184-1000"
  },
  "message": "An attempt was made to access an object.\r\n\r\nSubject:\r\n\tSecurity ID:\t\tS-1-5-21-3016438738-995544542-2639181184-1000\r\n\tAccount Name:\t\tuser\r\n\tAccount Domain:\t\tWIN-JN0MUCM05TC\r\n\tLogon ID:\t\t0x1a85af\r\n\r\nObject:\r\n\tObject Server:\tSecurity\r\n\tObject Type:\tFile\r\n\tObject Name:\tC:\\Users\\user\\The X-Files\\Documents.txt\r\n\tHandle ID:\t0xed0\r\n\r\nProcess Information:\r\n\tProcess ID:\t0xb80\r\n\tProcess Name:\tC:\\Windows\\explorer.exe\r\n\r\nAccess Request Information:\r\n\tAccesses:\t%%1538\r\n\t\t\t\t\r\n\tAccess Mask:\t0x20000",
  "raw": "{\n  \"Event\": {\n    \"#attributes\": {\n      \"xmlns\": \"http://schemas.microsoft.com/win/2004/08/events/event\"\n    },\n    \"EventData\": {\n      \"AccessList\": \"%%1538\\r\\n\\t\\t\\t\\t\",\n      \"AccessMask\": \"0x20000\",\n      \"HandleId\": \"0xed0\",\n      \"ObjectName\": \"C:\\\\Users\\\\user\\\\The X-Files\\\\Documents.txt\",\n      \"ObjectServer\": \"Security\",\n      \"ObjectType\": \"File\",\n      \"ProcessId\": \"0xb80\",\n      \"ProcessName\": \"C:\\\\Windows\\\\explorer.exe\",\n      \"SubjectDomainName\": \"WIN-JN0MUCM05TC\",\n      \"SubjectLogonId\": \"0x1a85af\",\n      \"SubjectUserName\": \"user\",\n      \"SubjectUserSid\": \"S-1-5-21-3016438738-995544542-2639181184-1000\"\n    },\n    \"System\": {\n      \"Channel\": \"Security\",\n      \"Computer\": \"WIN-JN0MUCM05TC\",\n      \"Correlation\": null,\n      \"EventID\": 4663,\n      \"EventRecordID\": 5410,\n      \"Execution\": {\n        \"#attributes\": {\n          \"ProcessID\": 4,\n          \"ThreadID\": 64\n        }\n      },\n      \"Keywords\": \"0x8020000000000000\",\n      \"Level\": 0,\n      \"Opcode\": 0,\n      \"Provider\": {\n        \"#attributes\": {\n          \"Guid\": \"54849625-5478-4994-A5BA-3E3B0328C30D\",\n          \"Name\": \"Microsoft-Windows-Security-Auditing\"\n        }\n      },\n      \"Security\": null,\n      \"Task\": 12800,\n      \"TimeCreated\": {\n        \"#attributes\": {\n          \"SystemTime\": \"2021-06-29T13:56:24.720910Z\"\n        }\n      },\n      \"Version\": 0\n    }\n  }\n}"
}============{
  "recordid": "157",
  "channel": "Security",
  "computer": "WIN-JN0MUCM05TC",
  "eventid": "4688",
  "eventrecordid": "5411",
  "execution": {
    "processid": 4,
    "threadid": 64
  },
  "keywords": "0x8020000000000000",
  "level": "0",
  "opcode": "0",
  "provider": {
    "guid": "54849625-5478-4994-A5BA-3E3B0328C30D",
    "name": "Microsoft-Windows-Security-Auditing"
  },
  "task": "13312",
  "timecreated": {
    "systemtime": "2021-06-29T13:56:24.796914Z"
  },
  "version": "1",
  "event_data": {
    "commandline": "\"C:\\Windows\\system32\\NOTEPAD.EXE\" C:\\Users\\user\\The X-Files\\Documents.txt",
    "newprocessid": "0x598",
    "newprocessname": "C:\\Windows\\System32\\notepad.exe",
    "processid": "0xb80",
    "subjectdomainname": "WIN-JN0MUCM05TC",
    "subjectlogonid": "0x1a85af",
    "subjectusername": "user",
    "subjectusersid": "S-1-5-21-3016438738-995544542-2639181184-1000",
    "tokenelevationtype": "%%1938"
  },
  "message": "A new process has been created.\r\n\r\nSubject:\r\n\tSecurity ID:\t\tS-1-5-21-3016438738-995544542-2639181184-1000\r\n\tAccount Name:\t\tuser\r\n\tAccount Domain:\t\tWIN-JN0MUCM05TC\r\n\tLogon ID:\t\t0x1a85af\r\n\r\nProcess Information:\r\n\tNew Process ID:\t\t0x598\r\n\tNew Process Name:\tC:\\Windows\\System32\\notepad.exe\r\n\tToken Elevation Type:\t%%1938\r\n\tCreator Process ID:\t0xb80\r\n\r\nToken Elevation Type indicates the type of token that was assigned to the new process in accordance with User Account Control policy.\r\n\r\nType 1 is a full token with no privileges removed or groups disabled.  A full token is only used if User Account Control is disabled or if the user is the built-in Administrator account or a service account.\r\n\r\nType 2 is an elevated token with no privileges removed or groups disabled.  An elevated token is used when User Account Control is enabled and the user chooses to start the program using Run as administrator.  An elevated token is also used when an application is configured to always require administrative privilege or to always require maximum privilege, and the user is a member of the Administrators group.\r\n\r\nType 3 is a limited token with administrative privileges removed and administrative groups disabled.  The limited token is used when User Account Control is enabled, the application does not require administrative privilege, and the user does not choose to start the program using Run as administrator.",
  "raw": "{\n  \"Event\": {\n    \"#attributes\": {\n      \"xmlns\": \"http://schemas.microsoft.com/win/2004/08/events/event\"\n    },\n    \"EventData\": {\n      \"CommandLine\": \"\\\"C:\\\\Windows\\\\system32\\\\NOTEPAD.EXE\\\" C:\\\\Users\\\\user\\\\The X-Files\\\\Documents.txt\",\n      \"NewProcessId\": \"0x598\",\n      \"NewProcessName\": \"C:\\\\Windows\\\\System32\\\\notepad.exe\",\n      \"ProcessId\": \"0xb80\",\n      \"SubjectDomainName\": \"WIN-JN0MUCM05TC\",\n      \"SubjectLogonId\": \"0x1a85af\",\n      \"SubjectUserName\": \"user\",\n      \"SubjectUserSid\": \"S-1-5-21-3016438738-995544542-2639181184-1000\",\n      \"TokenElevationType\": \"%%1938\"\n    },\n    \"System\": {\n      \"Channel\": \"Security\",\n      \"Computer\": \"WIN-JN0MUCM05TC\",\n      \"Correlation\": null,\n      \"EventID\": 4688,\n      \"EventRecordID\": 5411,\n      \"Execution\": {\n        \"#attributes\": {\n          \"ProcessID\": 4,\n          \"ThreadID\": 64\n        }\n      },\n      \"Keywords\": \"0x8020000000000000\",\n      \"Level\": 0,\n      \"Opcode\": 0,\n      \"Provider\": {\n        \"#attributes\": {\n          \"Guid\": \"54849625-5478-4994-A5BA-3E3B0328C30D\",\n          \"Name\": \"Microsoft-Windows-Security-Auditing\"\n        }\n      },\n      \"Security\": null,\n      \"Task\": 13312,\n      \"TimeCreated\": {\n        \"#attributes\": {\n          \"SystemTime\": \"2021-06-29T13:56:24.796914Z\"\n        }\n      },\n      \"Version\": 1\n    }\n  }\n}"
}============{
  "recordid": "158",
  "channel": "Security",
  "computer": "WIN-JN0MUCM05TC",
  "eventid": "4663",
  "eventrecordid": "5412",
  "execution": {
    "processid": 4,
    "threadid": 64
  },
  "keywords": "0x8020000000000000",
  "level": "0",
  "opcode": "0",
  "provider": {
    "guid": "54849625-5478-4994-A5BA-3E3B0328C30D",
    "name": "Microsoft-Windows-Security-Auditing"
  },
  "task": "12800",
  "timecreated": {
    "systemtime": "2021-06-29T13:56:24.807915Z"
  },
  "version": "0",
  "event_data": {
    "accesslist": "%%4423\r\n\t\t\t\t",
    "accessmask": "0x80",
    "handleid": "0xd30",
    "objectname": "C:\\Users\\user\\The X-Files\\Documents.txt",
    "objectserver": "Security",
    "objecttype": "File",
    "processid": "0xb80",
    "processname": "C:\\Windows\\explorer.exe",
    "subjectdomainname": "WIN-JN0MUCM05TC",
    "subjectlogonid": "0x1a85af",
    "subjectusername": "user",
    "subjectusersid": "S-1-5-21-3016438738-995544542-2639181184-1000"
  },
  "message": "An attempt was made to access an object.\r\n\r\nSubject:\r\n\tSecurity ID:\t\tS-1-5-21-3016438738-995544542-2639181184-1000\r\n\tAccount Name:\t\tuser\r\n\tAccount Domain:\t\tWIN-JN0MUCM05TC\r\n\tLogon ID:\t\t0x1a85af\r\n\r\nObject:\r\n\tObject Server:\tSecurity\r\n\tObject Type:\tFile\r\n\tObject Name:\tC:\\Users\\user\\The X-Files\\Documents.txt\r\n\tHandle ID:\t0xd30\r\n\r\nProcess Information:\r\n\tProcess ID:\t0xb80\r\n\tProcess Name:\tC:\\Windows\\explorer.exe\r\n\r\nAccess Request Information:\r\n\tAccesses:\t%%4423\r\n\t\t\t\t\r\n\tAccess Mask:\t0x80",
  "raw": "{\n  \"Event\": {\n    \"#attributes\": {\n      \"xmlns\": \"http://schemas.microsoft.com/win/2004/08/events/event\"\n    },\n    \"EventData\": {\n      \"AccessList\": \"%%4423\\r\\n\\t\\t\\t\\t\",\n      \"AccessMask\": \"0x80\",\n      \"HandleId\": \"0xd30\",\n      \"ObjectName\": \"C:\\\\Users\\\\user\\\\The X-Files\\\\Documents.txt\",\n      \"ObjectServer\": \"Security\",\n      \"ObjectType\": \"File\",\n      \"ProcessId\": \"0xb80\",\n      \"ProcessName\": \"C:\\\\Windows\\\\explorer.exe\",\n      \"SubjectDomainName\": \"WIN-JN0MUCM05TC\",\n      \"SubjectLogonId\": \"0x1a85af\",\n      \"SubjectUserName\": \"user\",\n      \"SubjectUserSid\": \"S-1-5-21-3016438738-995544542-2639181184-1000\"\n    },\n    \"System\": {\n      \"Channel\": \"Security\",\n      \"Computer\": \"WIN-JN0MUCM05TC\",\n      \"Correlation\": null,\n      \"EventID\": 4663,\n      \"EventRecordID\": 5412,\n      \"Execution\": {\n        \"#attributes\": {\n          \"ProcessID\": 4,\n          \"ThreadID\": 64\n        }\n      },\n      \"Keywords\": \"0x8020000000000000\",\n      \"Level\": 0,\n      \"Opcode\": 0,\n      \"Provider\": {\n        \"#attributes\": {\n          \"Guid\": \"54849625-5478-4994-A5BA-3E3B0328C30D\",\n          \"Name\": \"Microsoft-Windows-Security-Auditing\"\n        }\n      },\n      \"Security\": null,\n      \"Task\": 12800,\n      \"TimeCreated\": {\n        \"#attributes\": {\n          \"SystemTime\": \"2021-06-29T13:56:24.807915Z\"\n        }\n      },\n      \"Version\": 0\n    }\n  }\n}"
}============{
  "recordid": "159",
  "channel": "Security",
  "computer": "WIN-JN0MUCM05TC",
  "eventid": "4663",
  "eventrecordid": "5413",
  "execution": {
    "processid": 4,
    "threadid": 64
  },
  "keywords": "0x8020000000000000",
  "level": "0",
  "opcode": "0",
  "provider": {
    "guid": "54849625-5478-4994-A5BA-3E3B0328C30D",
    "name": "Microsoft-Windows-Security-Auditing"
  },
  "task": "12800",
  "timecreated": {
    "systemtime": "2021-06-29T13:56:24.854918Z"
  },
  "version": "0",
  "event_data": {
    "accesslist": "%%4423\r\n\t\t\t\t",
    "accessmask": "0x80",
    "handleid": "0xf0",
    "objectname": "C:\\Users\\user\\The X-Files\\Documents.txt",
    "objectserver": "Security",
    "objecttype": "File",
    "processid": "0x598",
    "processname": "C:\\Windows\\System32\\notepad.exe",
    "subjectdomainname": "WIN-JN0MUCM05TC",
    "subjectlogonid": "0x1a85af",
    "subjectusername": "user",
    "subjectusersid": "S-1-5-21-3016438738-995544542-2639181184-1000"
  },
  "message": "An attempt was made to access an object.\r\n\r\nSubject:\r\n\tSecurity ID:\t\tS-1-5-21-3016438738-995544542-2639181184-1000\r\n\tAccount Name:\t\tuser\r\n\tAccount Domain:\t\tWIN-JN0MUCM05TC\r\n\tLogon ID:\t\t0x1a85af\r\n\r\nObject:\r\n\tObject Server:\tSecurity\r\n\tObject Type:\tFile\r\n\tObject Name:\tC:\\Users\\user\\The X-Files\\Documents.txt\r\n\tHandle ID:\t0xf0\r\n\r\nProcess Information:\r\n\tProcess ID:\t0x598\r\n\tProcess Name:\tC:\\Windows\\System32\\notepad.exe\r\n\r\nAccess Request Information:\r\n\tAccesses:\t%%4423\r\n\t\t\t\t\r\n\tAccess Mask:\t0x80",
  "raw": "{\n  \"Event\": {\n    \"#attributes\": {\n      \"xmlns\": \"http://schemas.microsoft.com/win/2004/08/events/event\"\n    },\n    \"EventData\": {\n      \"AccessList\": \"%%4423\\r\\n\\t\\t\\t\\t\",\n      \"AccessMask\": \"0x80\",\n      \"HandleId\": \"0xf0\",\n      \"ObjectName\": \"C:\\\\Users\\\\user\\\\The X-Files\\\\Documents.txt\",\n      \"ObjectServer\": \"Security\",\n      \"ObjectType\": \"File\",\n      \"ProcessId\": \"0x598\",\n      \"ProcessName\": \"C:\\\\Windows\\\\System32\\\\notepad.exe\",\n      \"SubjectDomainName\": \"WIN-JN0MUCM05TC\",\n      \"SubjectLogonId\": \"0x1a85af\",\n      \"SubjectUserName\": \"user\",\n      \"SubjectUserSid\": \"S-1-5-21-3016438738-995544542-2639181184-1000\"\n    },\n    \"System\": {\n      \"Channel\": \"Security\",\n      \"Computer\": \"WIN-JN0MUCM05TC\",\n      \"Correlation\": null,\n      \"EventID\": 4663,\n      \"EventRecordID\": 5413,\n      \"Execution\": {\n        \"#attributes\": {\n          \"ProcessID\": 4,\n          \"ThreadID\": 64\n        }\n      },\n      \"Keywords\": \"0x8020000000000000\",\n      \"Level\": 0,\n      \"Opcode\": 0,\n      \"Provider\": {\n        \"#attributes\": {\n          \"Guid\": \"54849625-5478-4994-A5BA-3E3B0328C30D\",\n          \"Name\": \"Microsoft-Windows-Security-Auditing\"\n        }\n      },\n      \"Security\": null,\n      \"Task\": 12800,\n      \"TimeCreated\": {\n        \"#attributes\": {\n          \"SystemTime\": \"2021-06-29T13:56:24.854918Z\"\n        }\n      },\n      \"Version\": 0\n    }\n  }\n}"
}============{
  "recordid": "160",
  "channel": "Security",
  "computer": "WIN-JN0MUCM05TC",
  "eventid": "4663",
  "eventrecordid": "5414",
  "execution": {
    "processid": 4,
    "threadid": 64
  },
  "keywords": "0x8020000000000000",
  "level": "0",
  "opcode": "0",
  "provider": {
    "guid": "54849625-5478-4994-A5BA-3E3B0328C30D",
    "name": "Microsoft-Windows-Security-Auditing"
  },
  "task": "12800",
  "timecreated": {
    "systemtime": "2021-06-29T13:56:24.854918Z"
  },
  "version": "0",
  "event_data": {
    "accesslist": "%%4416\r\n\t\t\t\t",
    "accessmask": "0x1",
    "handleid": "0xf0",
    "objectname": "C:\\Users\\user\\The X-Files\\Documents.txt",
    "objectserver": "Security",
    "objecttype": "File",
    "processid": "0x598",
    "processname": "C:\\Windows\\System32\\notepad.exe",
    "subjectdomainname": "WIN-JN0MUCM05TC",
    "subjectlogonid": "0x1a85af",
    "subjectusername": "user",
    "subjectusersid": "S-1-5-21-3016438738-995544542-2639181184-1000"
  },
  "message": "An attempt was made to access an object.\r\n\r\nSubject:\r\n\tSecurity ID:\t\tS-1-5-21-3016438738-995544542-2639181184-1000\r\n\tAccount Name:\t\tuser\r\n\tAccount Domain:\t\tWIN-JN0MUCM05TC\r\n\tLogon ID:\t\t0x1a85af\r\n\r\nObject:\r\n\tObject Server:\tSecurity\r\n\tObject Type:\tFile\r\n\tObject Name:\tC:\\Users\\user\\The X-Files\\Documents.txt\r\n\tHandle ID:\t0xf0\r\n\r\nProcess Information:\r\n\tProcess ID:\t0x598\r\n\tProcess Name:\tC:\\Windows\\System32\\notepad.exe\r\n\r\nAccess Request Information:\r\n\tAccesses:\t%%4416\r\n\t\t\t\t\r\n\tAccess Mask:\t0x1",
  "raw": "{\n  \"Event\": {\n    \"#attributes\": {\n      \"xmlns\": \"http://schemas.microsoft.com/win/2004/08/events/event\"\n    },\n    \"EventData\": {\n      \"AccessList\": \"%%4416\\r\\n\\t\\t\\t\\t\",\n      \"AccessMask\": \"0x1\",\n      \"HandleId\": \"0xf0\",\n      \"ObjectName\": \"C:\\\\Users\\\\user\\\\The X-Files\\\\Documents.txt\",\n      \"ObjectServer\": \"Security\",\n      \"ObjectType\": \"File\",\n      \"ProcessId\": \"0x598\",\n      \"ProcessName\": \"C:\\\\Windows\\\\System32\\\\notepad.exe\",\n      \"SubjectDomainName\": \"WIN-JN0MUCM05TC\",\n      \"SubjectLogonId\": \"0x1a85af\",\n      \"SubjectUserName\": \"user\",\n      \"SubjectUserSid\": \"S-1-5-21-3016438738-995544542-2639181184-1000\"\n    },\n    \"System\": {\n      \"Channel\": \"Security\",\n      \"Computer\": \"WIN-JN0MUCM05TC\",\n      \"Correlation\": null,\n      \"EventID\": 4663,\n      \"EventRecordID\": 5414,\n      \"Execution\": {\n        \"#attributes\": {\n          \"ProcessID\": 4,\n          \"ThreadID\": 64\n        }\n      },\n      \"Keywords\": \"0x8020000000000000\",\n      \"Level\": 0,\n      \"Opcode\": 0,\n      \"Provider\": {\n        \"#attributes\": {\n          \"Guid\": \"54849625-5478-4994-A5BA-3E3B0328C30D\",\n          \"Name\": \"Microsoft-Windows-Security-Auditing\"\n        }\n      },\n      \"Security\": null,\n      \"Task\": 12800,\n      \"TimeCreated\": {\n        \"#attributes\": {\n          \"SystemTime\": \"2021-06-29T13:56:24.854918Z\"\n        }\n      },\n      \"Version\": 0\n    }\n  }\n}"
}============{
  "recordid": "161",
  "channel": "Security",
  "computer": "WIN-JN0MUCM05TC",
  "eventid": "4689",
  "eventrecordid": "5415",
  "execution": {
    "processid": 4,
    "threadid": 64
  },
  "keywords": "0x8020000000000000",
  "level": "0",
  "opcode": "0",
  "provider": {
    "guid": "54849625-5478-4994-A5BA-3E3B0328C30D",
    "name": "Microsoft-Windows-Security-Auditing"
  },
  "task": "13313",
  "timecreated": {
    "systemtime": "2021-06-29T13:56:26.422007Z"
  },
  "version": "0",
  "event_data": {
    "processid": "0x598",
    "processname": "C:\\Windows\\System32\\notepad.exe",
    "status": "0x0",
    "subjectdomainname": "WIN-JN0MUCM05TC",
    "subjectlogonid": "0x1a85af",
    "subjectusername": "user",
    "subjectusersid": "S-1-5-21-3016438738-995544542-2639181184-1000"
  },
  "message": "A process has exited.\r\n\r\nSubject:\r\n\tSecurity ID:\t\tS-1-5-21-3016438738-995544542-2639181184-1000\r\n\tAccount Name:\t\tuser\r\n\tAccount Domain:\t\tWIN-JN0MUCM05TC\r\n\tLogon ID:\t\t0x1a85af\r\n\r\nProcess Information:\r\n\tProcess ID:\t0x598\r\n\tProcess Name:\tC:\\Windows\\System32\\notepad.exe\r\n\tExit Status:\t0x0",
  "raw": "{\n  \"Event\": {\n    \"#attributes\": {\n      \"xmlns\": \"http://schemas.microsoft.com/win/2004/08/events/event\"\n    },\n    \"EventData\": {\n      \"ProcessId\": \"0x598\",\n      \"ProcessName\": \"C:\\\\Windows\\\\System32\\\\notepad.exe\",\n      \"Status\": \"0x0\",\n      \"SubjectDomainName\": \"WIN-JN0MUCM05TC\",\n      \"SubjectLogonId\": \"0x1a85af\",\n      \"SubjectUserName\": \"user\",\n      \"SubjectUserSid\": \"S-1-5-21-3016438738-995544542-2639181184-1000\"\n    },\n    \"System\": {\n      \"Channel\": \"Security\",\n      \"Computer\": \"WIN-JN0MUCM05TC\",\n      \"Correlation\": null,\n      \"EventID\": 4689,\n      \"EventRecordID\": 5415,\n      \"Execution\": {\n        \"#attributes\": {\n          \"ProcessID\": 4,\n          \"ThreadID\": 64\n        }\n      },\n      \"Keywords\": \"0x8020000000000000\",\n      \"Level\": 0,\n      \"Opcode\": 0,\n      \"Provider\": {\n        \"#attributes\": {\n          \"Guid\": \"54849625-5478-4994-A5BA-3E3B0328C30D\",\n          \"Name\": \"Microsoft-Windows-Security-Auditing\"\n        }\n      },\n      \"Security\": null,\n      \"Task\": 13313,\n      \"TimeCreated\": {\n        \"#attributes\": {\n          \"SystemTime\": \"2021-06-29T13:56:26.422007Z\"\n        }\n      },\n      \"Version\": 0\n    }\n  }\n}"
}============{
  "recordid": "162",
  "channel": "Security",
  "computer": "WIN-JN0MUCM05TC",
  "eventid": "4663",
  "eventrecordid": "5416",
  "execution": {
    "processid": 4,
    "threadid": 64
  },
  "keywords": "0x8020000000000000",
  "level": "0",
  "opcode": "0",
  "provider": {
    "guid": "54849625-5478-4994-A5BA-3E3B0328C30D",
    "name": "Microsoft-Windows-Security-Auditing"
  },
  "task": "12800",
  "timecreated": {
    "systemtime": "2021-06-29T13:56:27.383062Z"
  },
  "version": "0",
  "event_data": {
    "accesslist": "%%1538\r\n\t\t\t\t",
    "accessmask": "0x20000",
    "handleid": "0x9d4",
    "objectname": "C:\\Users\\user\\The X-Files\\Documents.txt",
    "objectserver": "Security",
    "objecttype": "File",
    "processid": "0xb80",
    "processname": "C:\\Windows\\explorer.exe",
    "subjectdomainname": "WIN-JN0MUCM05TC",
    "subjectlogonid": "0x1a85af",
    "subjectusername": "user",
    "subjectusersid": "S-1-5-21-3016438738-995544542-2639181184-1000"
  },
  "message": "An attempt was made to access an object.\r\n\r\nSubject:\r\n\tSecurity ID:\t\tS-1-5-21-3016438738-995544542-2639181184-1000\r\n\tAccount Name:\t\tuser\r\n\tAccount Domain:\t\tWIN-JN0MUCM05TC\r\n\tLogon ID:\t\t0x1a85af\r\n\r\nObject:\r\n\tObject Server:\tSecurity\r\n\tObject Type:\tFile\r\n\tObject Name:\tC:\\Users\\user\\The X-Files\\Documents.txt\r\n\tHandle ID:\t0x9d4\r\n\r\nProcess Information:\r\n\tProcess ID:\t0xb80\r\n\tProcess Name:\tC:\\Windows\\explorer.exe\r\n\r\nAccess Request Information:\r\n\tAccesses:\t%%1538\r\n\t\t\t\t\r\n\tAccess Mask:\t0x20000",
  "raw": "{\n  \"Event\": {\n    \"#attributes\": {\n      \"xmlns\": \"http://schemas.microsoft.com/win/2004/08/events/event\"\n    },\n    \"EventData\": {\n      \"AccessList\": \"%%1538\\r\\n\\t\\t\\t\\t\",\n      \"AccessMask\": \"0x20000\",\n      \"HandleId\": \"0x9d4\",\n      \"ObjectName\": \"C:\\\\Users\\\\user\\\\The X-Files\\\\Documents.txt\",\n      \"ObjectServer\": \"Security\",\n      \"ObjectType\": \"File\",\n      \"ProcessId\": \"0xb80\",\n      \"ProcessName\": \"C:\\\\Windows\\\\explorer.exe\",\n      \"SubjectDomainName\": \"WIN-JN0MUCM05TC\",\n      \"SubjectLogonId\": \"0x1a85af\",\n      \"SubjectUserName\": \"user\",\n      \"SubjectUserSid\": \"S-1-5-21-3016438738-995544542-2639181184-1000\"\n    },\n    \"System\": {\n      \"Channel\": \"Security\",\n      \"Computer\": \"WIN-JN0MUCM05TC\",\n      \"Correlation\": null,\n      \"EventID\": 4663,\n      \"EventRecordID\": 5416,\n      \"Execution\": {\n        \"#attributes\": {\n          \"ProcessID\": 4,\n          \"ThreadID\": 64\n        }\n      },\n      \"Keywords\": \"0x8020000000000000\",\n      \"Level\": 0,\n      \"Opcode\": 0,\n      \"Provider\": {\n        \"#attributes\": {\n          \"Guid\": \"54849625-5478-4994-A5BA-3E3B0328C30D\",\n          \"Name\": \"Microsoft-Windows-Security-Auditing\"\n        }\n      },\n      \"Security\": null,\n      \"Task\": 12800,\n      \"TimeCreated\": {\n        \"#attributes\": {\n          \"SystemTime\": \"2021-06-29T13:56:27.383062Z\"\n        }\n      },\n      \"Version\": 0\n    }\n  }\n}"
}============{
  "recordid": "163",
  "channel": "Security",
  "computer": "WIN-JN0MUCM05TC",
  "eventid": "4663",
  "eventrecordid": "5417",
  "execution": {
    "processid": 4,
    "threadid": 64
  },
  "keywords": "0x8020000000000000",
  "level": "0",
  "opcode": "0",
  "provider": {
    "guid": "54849625-5478-4994-A5BA-3E3B0328C30D",
    "name": "Microsoft-Windows-Security-Auditing"
  },
  "task": "12800",
  "timecreated": {
    "systemtime": "2021-06-29T13:56:27.385063Z"
  },
  "version": "0",
  "event_data": {
    "accesslist": "%%1538\r\n\t\t\t\t",
    "accessmask": "0x20000",
    "handleid": "0x9e4",
    "objectname": "C:\\Users\\user\\The X-Files\\Documents.txt",
    "objectserver": "Security",
    "objecttype": "File",
    "processid": "0xb80",
    "processname": "C:\\Windows\\explorer.exe",
    "subjectdomainname": "WIN-JN0MUCM05TC",
    "subjectlogonid": "0x1a85af",
    "subjectusername": "user",
    "subjectusersid": "S-1-5-21-3016438738-995544542-2639181184-1000"
  },
  "message": "An attempt was made to access an object.\r\n\r\nSubject:\r\n\tSecurity ID:\t\tS-1-5-21-3016438738-995544542-2639181184-1000\r\n\tAccount Name:\t\tuser\r\n\tAccount Domain:\t\tWIN-JN0MUCM05TC\r\n\tLogon ID:\t\t0x1a85af\r\n\r\nObject:\r\n\tObject Server:\tSecurity\r\n\tObject Type:\tFile\r\n\tObject Name:\tC:\\Users\\user\\The X-Files\\Documents.txt\r\n\tHandle ID:\t0x9e4\r\n\r\nProcess Information:\r\n\tProcess ID:\t0xb80\r\n\tProcess Name:\tC:\\Windows\\explorer.exe\r\n\r\nAccess Request Information:\r\n\tAccesses:\t%%1538\r\n\t\t\t\t\r\n\tAccess Mask:\t0x20000",
  "raw": "{\n  \"Event\": {\n    \"#attributes\": {\n      \"xmlns\": \"http://schemas.microsoft.com/win/2004/08/events/event\"\n    },\n    \"EventData\": {\n      \"AccessList\": \"%%1538\\r\\n\\t\\t\\t\\t\",\n      \"AccessMask\": \"0x20000\",\n      \"HandleId\": \"0x9e4\",\n      \"ObjectName\": \"C:\\\\Users\\\\user\\\\The X-Files\\\\Documents.txt\",\n      \"ObjectServer\": \"Security\",\n      \"ObjectType\": \"File\",\n      \"ProcessId\": \"0xb80\",\n      \"ProcessName\": \"C:\\\\Windows\\\\explorer.exe\",\n      \"SubjectDomainName\": \"WIN-JN0MUCM05TC\",\n      \"SubjectLogonId\": \"0x1a85af\",\n      \"SubjectUserName\": \"user\",\n      \"SubjectUserSid\": \"S-1-5-21-3016438738-995544542-2639181184-1000\"\n    },\n    \"System\": {\n      \"Channel\": \"Security\",\n      \"Computer\": \"WIN-JN0MUCM05TC\",\n      \"Correlation\": null,\n      \"EventID\": 4663,\n      \"EventRecordID\": 5417,\n      \"Execution\": {\n        \"#attributes\": {\n          \"ProcessID\": 4,\n          \"ThreadID\": 64\n        }\n      },\n      \"Keywords\": \"0x8020000000000000\",\n      \"Level\": 0,\n      \"Opcode\": 0,\n      \"Provider\": {\n        \"#attributes\": {\n          \"Guid\": \"54849625-5478-4994-A5BA-3E3B0328C30D\",\n          \"Name\": \"Microsoft-Windows-Security-Auditing\"\n        }\n      },\n      \"Security\": null,\n      \"Task\": 12800,\n      \"TimeCreated\": {\n        \"#attributes\": {\n          \"SystemTime\": \"2021-06-29T13:56:27.385063Z\"\n        }\n      },\n      \"Version\": 0\n    }\n  }\n}"
}============{
  "recordid": "164",
  "channel": "Security",
  "computer": "WIN-JN0MUCM05TC",
  "eventid": "4663",
  "eventrecordid": "5418",
  "execution": {
    "processid": 4,
    "threadid": 64
  },
  "keywords": "0x8020000000000000",
  "level": "0",
  "opcode": "0",
  "provider": {
    "guid": "54849625-5478-4994-A5BA-3E3B0328C30D",
    "name": "Microsoft-Windows-Security-Auditing"
  },
  "task": "12800",
  "timecreated": {
    "systemtime": "2021-06-29T13:56:27.385063Z"
  },
  "version": "0",
  "event_data": {
    "accesslist": "%%1538\r\n\t\t\t\t",
    "accessmask": "0x20000",
    "handleid": "0x9e4",
    "objectname": "C:\\Users\\user\\The X-Files\\Documents.txt",
    "objectserver": "Security",
    "objecttype": "File",
    "processid": "0xb80",
    "processname": "C:\\Windows\\explorer.exe",
    "subjectdomainname": "WIN-JN0MUCM05TC",
    "subjectlogonid": "0x1a85af",
    "subjectusername": "user",
    "subjectusersid": "S-1-5-21-3016438738-995544542-2639181184-1000"
  },
  "message": "An attempt was made to access an object.\r\n\r\nSubject:\r\n\tSecurity ID:\t\tS-1-5-21-3016438738-995544542-2639181184-1000\r\n\tAccount Name:\t\tuser\r\n\tAccount Domain:\t\tWIN-JN0MUCM05TC\r\n\tLogon ID:\t\t0x1a85af\r\n\r\nObject:\r\n\tObject Server:\tSecurity\r\n\tObject Type:\tFile\r\n\tObject Name:\tC:\\Users\\user\\The X-Files\\Documents.txt\r\n\tHandle ID:\t0x9e4\r\n\r\nProcess Information:\r\n\tProcess ID:\t0xb80\r\n\tProcess Name:\tC:\\Windows\\explorer.exe\r\n\r\nAccess Request Information:\r\n\tAccesses:\t%%1538\r\n\t\t\t\t\r\n\tAccess Mask:\t0x20000",
  "raw": "{\n  \"Event\": {\n    \"#attributes\": {\n      \"xmlns\": \"http://schemas.microsoft.com/win/2004/08/events/event\"\n    },\n    \"EventData\": {\n      \"AccessList\": \"%%1538\\r\\n\\t\\t\\t\\t\",\n      \"AccessMask\": \"0x20000\",\n      \"HandleId\": \"0x9e4\",\n      \"ObjectName\": \"C:\\\\Users\\\\user\\\\The X-Files\\\\Documents.txt\",\n      \"ObjectServer\": \"Security\",\n      \"ObjectType\": \"File\",\n      \"ProcessId\": \"0xb80\",\n      \"ProcessName\": \"C:\\\\Windows\\\\explorer.exe\",\n      \"SubjectDomainName\": \"WIN-JN0MUCM05TC\",\n      \"SubjectLogonId\": \"0x1a85af\",\n      \"SubjectUserName\": \"user\",\n      \"SubjectUserSid\": \"S-1-5-21-3016438738-995544542-2639181184-1000\"\n    },\n    \"System\": {\n      \"Channel\": \"Security\",\n      \"Computer\": \"WIN-JN0MUCM05TC\",\n      \"Correlation\": null,\n      \"EventID\": 4663,\n      \"EventRecordID\": 5418,\n      \"Execution\": {\n        \"#attributes\": {\n          \"ProcessID\": 4,\n          \"ThreadID\": 64\n        }\n      },\n      \"Keywords\": \"0x8020000000000000\",\n      \"Level\": 0,\n      \"Opcode\": 0,\n      \"Provider\": {\n        \"#attributes\": {\n          \"Guid\": \"54849625-5478-4994-A5BA-3E3B0328C30D\",\n          \"Name\": \"Microsoft-Windows-Security-Auditing\"\n        }\n      },\n      \"Security\": null,\n      \"Task\": 12800,\n      \"TimeCreated\": {\n        \"#attributes\": {\n          \"SystemTime\": \"2021-06-29T13:56:27.385063Z\"\n        }\n      },\n      \"Version\": 0\n    }\n  }\n}"
}============{
  "recordid": "165",
  "channel": "Security",
  "computer": "WIN-JN0MUCM05TC",
  "eventid": "4663",
  "eventrecordid": "5419",
  "execution": {
    "processid": 4,
    "threadid": 64
  },
  "keywords": "0x8020000000000000",
  "level": "0",
  "opcode": "0",
  "provider": {
    "guid": "54849625-5478-4994-A5BA-3E3B0328C30D",
    "name": "Microsoft-Windows-Security-Auditing"
  },
  "task": "12800",
  "timecreated": {
    "systemtime": "2021-06-29T13:56:28.709138Z"
  },
  "version": "0",
  "event_data": {
    "accesslist": "%%1538\r\n\t\t\t\t",
    "accessmask": "0x20000",
    "handleid": "0x9cc",
    "objectname": "C:\\Users\\user\\The X-Files\\Documents.txt",
    "objectserver": "Security",
    "objecttype": "File",
    "processid": "0xb80",
    "processname": "C:\\Windows\\explorer.exe",
    "subjectdomainname": "WIN-JN0MUCM05TC",
    "subjectlogonid": "0x1a85af",
    "subjectusername": "user",
    "subjectusersid": "S-1-5-21-3016438738-995544542-2639181184-1000"
  },
  "message": "An attempt was made to access an object.\r\n\r\nSubject:\r\n\tSecurity ID:\t\tS-1-5-21-3016438738-995544542-2639181184-1000\r\n\tAccount Name:\t\tuser\r\n\tAccount Domain:\t\tWIN-JN0MUCM05TC\r\n\tLogon ID:\t\t0x1a85af\r\n\r\nObject:\r\n\tObject Server:\tSecurity\r\n\tObject Type:\tFile\r\n\tObject Name:\tC:\\Users\\user\\The X-Files\\Documents.txt\r\n\tHandle ID:\t0x9cc\r\n\r\nProcess Information:\r\n\tProcess ID:\t0xb80\r\n\tProcess Name:\tC:\\Windows\\explorer.exe\r\n\r\nAccess Request Information:\r\n\tAccesses:\t%%1538\r\n\t\t\t\t\r\n\tAccess Mask:\t0x20000",
  "raw": "{\n  \"Event\": {\n    \"#attributes\": {\n      \"xmlns\": \"http://schemas.microsoft.com/win/2004/08/events/event\"\n    },\n    \"EventData\": {\n      \"AccessList\": \"%%1538\\r\\n\\t\\t\\t\\t\",\n      \"AccessMask\": \"0x20000\",\n      \"HandleId\": \"0x9cc\",\n      \"ObjectName\": \"C:\\\\Users\\\\user\\\\The X-Files\\\\Documents.txt\",\n      \"ObjectServer\": \"Security\",\n      \"ObjectType\": \"File\",\n      \"ProcessId\": \"0xb80\",\n      \"ProcessName\": \"C:\\\\Windows\\\\explorer.exe\",\n      \"SubjectDomainName\": \"WIN-JN0MUCM05TC\",\n      \"SubjectLogonId\": \"0x1a85af\",\n      \"SubjectUserName\": \"user\",\n      \"SubjectUserSid\": \"S-1-5-21-3016438738-995544542-2639181184-1000\"\n    },\n    \"System\": {\n      \"Channel\": \"Security\",\n      \"Computer\": \"WIN-JN0MUCM05TC\",\n      \"Correlation\": null,\n      \"EventID\": 4663,\n      \"EventRecordID\": 5419,\n      \"Execution\": {\n        \"#attributes\": {\n          \"ProcessID\": 4,\n          \"ThreadID\": 64\n        }\n      },\n      \"Keywords\": \"0x8020000000000000\",\n      \"Level\": 0,\n      \"Opcode\": 0,\n      \"Provider\": {\n        \"#attributes\": {\n          \"Guid\": \"54849625-5478-4994-A5BA-3E3B0328C30D\",\n          \"Name\": \"Microsoft-Windows-Security-Auditing\"\n        }\n      },\n      \"Security\": null,\n      \"Task\": 12800,\n      \"TimeCreated\": {\n        \"#attributes\": {\n          \"SystemTime\": \"2021-06-29T13:56:28.709138Z\"\n        }\n      },\n      \"Version\": 0\n    }\n  }\n}"
}============{
  "recordid": "166",
  "channel": "Security",
  "computer": "WIN-JN0MUCM05TC",
  "eventid": "4663",
  "eventrecordid": "5420",
  "execution": {
    "processid": 4,
    "threadid": 64
  },
  "keywords": "0x8020000000000000",
  "level": "0",
  "opcode": "0",
  "provider": {
    "guid": "54849625-5478-4994-A5BA-3E3B0328C30D",
    "name": "Microsoft-Windows-Security-Auditing"
  },
  "task": "12800",
  "timecreated": {
    "systemtime": "2021-06-29T13:56:28.710138Z"
  },
  "version": "0",
  "event_data": {
    "accesslist": "%%1538\r\n\t\t\t\t",
    "accessmask": "0x20000",
    "handleid": "0xeac",
    "objectname": "C:\\Users\\user\\The X-Files\\Documents.txt",
    "objectserver": "Security",
    "objecttype": "File",
    "processid": "0xb80",
    "processname": "C:\\Windows\\explorer.exe",
    "subjectdomainname": "WIN-JN0MUCM05TC",
    "subjectlogonid": "0x1a85af",
    "subjectusername": "user",
    "subjectusersid": "S-1-5-21-3016438738-995544542-2639181184-1000"
  },
  "message": "An attempt was made to access an object.\r\n\r\nSubject:\r\n\tSecurity ID:\t\tS-1-5-21-3016438738-995544542-2639181184-1000\r\n\tAccount Name:\t\tuser\r\n\tAccount Domain:\t\tWIN-JN0MUCM05TC\r\n\tLogon ID:\t\t0x1a85af\r\n\r\nObject:\r\n\tObject Server:\tSecurity\r\n\tObject Type:\tFile\r\n\tObject Name:\tC:\\Users\\user\\The X-Files\\Documents.txt\r\n\tHandle ID:\t0xeac\r\n\r\nProcess Information:\r\n\tProcess ID:\t0xb80\r\n\tProcess Name:\tC:\\Windows\\explorer.exe\r\n\r\nAccess Request Information:\r\n\tAccesses:\t%%1538\r\n\t\t\t\t\r\n\tAccess Mask:\t0x20000",
  "raw": "{\n  \"Event\": {\n    \"#attributes\": {\n      \"xmlns\": \"http://schemas.microsoft.com/win/2004/08/events/event\"\n    },\n    \"EventData\": {\n      \"AccessList\": \"%%1538\\r\\n\\t\\t\\t\\t\",\n      \"AccessMask\": \"0x20000\",\n      \"HandleId\": \"0xeac\",\n      \"ObjectName\": \"C:\\\\Users\\\\user\\\\The X-Files\\\\Documents.txt\",\n      \"ObjectServer\": \"Security\",\n      \"ObjectType\": \"File\",\n      \"ProcessId\": \"0xb80\",\n      \"ProcessName\": \"C:\\\\Windows\\\\explorer.exe\",\n      \"SubjectDomainName\": \"WIN-JN0MUCM05TC\",\n      \"SubjectLogonId\": \"0x1a85af\",\n      \"SubjectUserName\": \"user\",\n      \"SubjectUserSid\": \"S-1-5-21-3016438738-995544542-2639181184-1000\"\n    },\n    \"System\": {\n      \"Channel\": \"Security\",\n      \"Computer\": \"WIN-JN0MUCM05TC\",\n      \"Correlation\": null,\n      \"EventID\": 4663,\n      \"EventRecordID\": 5420,\n      \"Execution\": {\n        \"#attributes\": {\n          \"ProcessID\": 4,\n          \"ThreadID\": 64\n        }\n      },\n      \"Keywords\": \"0x8020000000000000\",\n      \"Level\": 0,\n      \"Opcode\": 0,\n      \"Provider\": {\n        \"#attributes\": {\n          \"Guid\": \"54849625-5478-4994-A5BA-3E3B0328C30D\",\n          \"Name\": \"Microsoft-Windows-Security-Auditing\"\n        }\n      },\n      \"Security\": null,\n      \"Task\": 12800,\n      \"TimeCreated\": {\n        \"#attributes\": {\n          \"SystemTime\": \"2021-06-29T13:56:28.710138Z\"\n        }\n      },\n      \"Version\": 0\n    }\n  }\n}"
}============{
  "recordid": "167",
  "channel": "Security",
  "computer": "WIN-JN0MUCM05TC",
  "eventid": "4663",
  "eventrecordid": "5421",
  "execution": {
    "processid": 4,
    "threadid": 64
  },
  "keywords": "0x8020000000000000",
  "level": "0",
  "opcode": "0",
  "provider": {
    "guid": "54849625-5478-4994-A5BA-3E3B0328C30D",
    "name": "Microsoft-Windows-Security-Auditing"
  },
  "task": "12800",
  "timecreated": {
    "systemtime": "2021-06-29T13:56:28.711138Z"
  },
  "version": "0",
  "event_data": {
    "accesslist": "%%1538\r\n\t\t\t\t",
    "accessmask": "0x20000",
    "handleid": "0xeac",
    "objectname": "C:\\Users\\user\\The X-Files\\Documents.txt",
    "objectserver": "Security",
    "objecttype": "File",
    "processid": "0xb80",
    "processname": "C:\\Windows\\explorer.exe",
    "subjectdomainname": "WIN-JN0MUCM05TC",
    "subjectlogonid": "0x1a85af",
    "subjectusername": "user",
    "subjectusersid": "S-1-5-21-3016438738-995544542-2639181184-1000"
  },
  "message": "An attempt was made to access an object.\r\n\r\nSubject:\r\n\tSecurity ID:\t\tS-1-5-21-3016438738-995544542-2639181184-1000\r\n\tAccount Name:\t\tuser\r\n\tAccount Domain:\t\tWIN-JN0MUCM05TC\r\n\tLogon ID:\t\t0x1a85af\r\n\r\nObject:\r\n\tObject Server:\tSecurity\r\n\tObject Type:\tFile\r\n\tObject Name:\tC:\\Users\\user\\The X-Files\\Documents.txt\r\n\tHandle ID:\t0xeac\r\n\r\nProcess Information:\r\n\tProcess ID:\t0xb80\r\n\tProcess Name:\tC:\\Windows\\explorer.exe\r\n\r\nAccess Request Information:\r\n\tAccesses:\t%%1538\r\n\t\t\t\t\r\n\tAccess Mask:\t0x20000",
  "raw": "{\n  \"Event\": {\n    \"#attributes\": {\n      \"xmlns\": \"http://schemas.microsoft.com/win/2004/08/events/event\"\n    },\n    \"EventData\": {\n      \"AccessList\": \"%%1538\\r\\n\\t\\t\\t\\t\",\n      \"AccessMask\": \"0x20000\",\n      \"HandleId\": \"0xeac\",\n      \"ObjectName\": \"C:\\\\Users\\\\user\\\\The X-Files\\\\Documents.txt\",\n      \"ObjectServer\": \"Security\",\n      \"ObjectType\": \"File\",\n      \"ProcessId\": \"0xb80\",\n      \"ProcessName\": \"C:\\\\Windows\\\\explorer.exe\",\n      \"SubjectDomainName\": \"WIN-JN0MUCM05TC\",\n      \"SubjectLogonId\": \"0x1a85af\",\n      \"SubjectUserName\": \"user\",\n      \"SubjectUserSid\": \"S-1-5-21-3016438738-995544542-2639181184-1000\"\n    },\n    \"System\": {\n      \"Channel\": \"Security\",\n      \"Computer\": \"WIN-JN0MUCM05TC\",\n      \"Correlation\": null,\n      \"EventID\": 4663,\n      \"EventRecordID\": 5421,\n      \"Execution\": {\n        \"#attributes\": {\n          \"ProcessID\": 4,\n          \"ThreadID\": 64\n        }\n      },\n      \"Keywords\": \"0x8020000000000000\",\n      \"Level\": 0,\n      \"Opcode\": 0,\n      \"Provider\": {\n        \"#attributes\": {\n          \"Guid\": \"54849625-5478-4994-A5BA-3E3B0328C30D\",\n          \"Name\": \"Microsoft-Windows-Security-Auditing\"\n        }\n      },\n      \"Security\": null,\n      \"Task\": 12800,\n      \"TimeCreated\": {\n        \"#attributes\": {\n          \"SystemTime\": \"2021-06-29T13:56:28.711138Z\"\n        }\n      },\n      \"Version\": 0\n    }\n  }\n}"
}============{
  "recordid": "168",
  "channel": "Security",
  "computer": "WIN-JN0MUCM05TC",
  "eventid": "4663",
  "eventrecordid": "5422",
  "execution": {
    "processid": 4,
    "threadid": 64
  },
  "keywords": "0x8020000000000000",
  "level": "0",
  "opcode": "0",
  "provider": {
    "guid": "54849625-5478-4994-A5BA-3E3B0328C30D",
    "name": "Microsoft-Windows-Security-Auditing"
  },
  "task": "12800",
  "timecreated": {
    "systemtime": "2021-06-29T13:56:29.166164Z"
  },
  "version": "0",
  "event_data": {
    "accesslist": "%%1538\r\n\t\t\t\t",
    "accessmask": "0x20000",
    "handleid": "0xe14",
    "objectname": "C:\\Users\\user\\The X-Files\\Documents.txt",
    "objectserver": "Security",
    "objecttype": "File",
    "processid": "0xb80",
    "processname": "C:\\Windows\\explorer.exe",
    "subjectdomainname": "WIN-JN0MUCM05TC",
    "subjectlogonid": "0x1a85af",
    "subjectusername": "user",
    "subjectusersid": "S-1-5-21-3016438738-995544542-2639181184-1000"
  },
  "message": "An attempt was made to access an object.\r\n\r\nSubject:\r\n\tSecurity ID:\t\tS-1-5-21-3016438738-995544542-2639181184-1000\r\n\tAccount Name:\t\tuser\r\n\tAccount Domain:\t\tWIN-JN0MUCM05TC\r\n\tLogon ID:\t\t0x1a85af\r\n\r\nObject:\r\n\tObject Server:\tSecurity\r\n\tObject Type:\tFile\r\n\tObject Name:\tC:\\Users\\user\\The X-Files\\Documents.txt\r\n\tHandle ID:\t0xe14\r\n\r\nProcess Information:\r\n\tProcess ID:\t0xb80\r\n\tProcess Name:\tC:\\Windows\\explorer.exe\r\n\r\nAccess Request Information:\r\n\tAccesses:\t%%1538\r\n\t\t\t\t\r\n\tAccess Mask:\t0x20000",
  "raw": "{\n  \"Event\": {\n    \"#attributes\": {\n      \"xmlns\": \"http://schemas.microsoft.com/win/2004/08/events/event\"\n    },\n    \"EventData\": {\n      \"AccessList\": \"%%1538\\r\\n\\t\\t\\t\\t\",\n      \"AccessMask\": \"0x20000\",\n      \"HandleId\": \"0xe14\",\n      \"ObjectName\": \"C:\\\\Users\\\\user\\\\The X-Files\\\\Documents.txt\",\n      \"ObjectServer\": \"Security\",\n      \"ObjectType\": \"File\",\n      \"ProcessId\": \"0xb80\",\n      \"ProcessName\": \"C:\\\\Windows\\\\explorer.exe\",\n      \"SubjectDomainName\": \"WIN-JN0MUCM05TC\",\n      \"SubjectLogonId\": \"0x1a85af\",\n      \"SubjectUserName\": \"user\",\n      \"SubjectUserSid\": \"S-1-5-21-3016438738-995544542-2639181184-1000\"\n    },\n    \"System\": {\n      \"Channel\": \"Security\",\n      \"Computer\": \"WIN-JN0MUCM05TC\",\n      \"Correlation\": null,\n      \"EventID\": 4663,\n      \"EventRecordID\": 5422,\n      \"Execution\": {\n        \"#attributes\": {\n          \"ProcessID\": 4,\n          \"ThreadID\": 64\n        }\n      },\n      \"Keywords\": \"0x8020000000000000\",\n      \"Level\": 0,\n      \"Opcode\": 0,\n      \"Provider\": {\n        \"#attributes\": {\n          \"Guid\": \"54849625-5478-4994-A5BA-3E3B0328C30D\",\n          \"Name\": \"Microsoft-Windows-Security-Auditing\"\n        }\n      },\n      \"Security\": null,\n      \"Task\": 12800,\n      \"TimeCreated\": {\n        \"#attributes\": {\n          \"SystemTime\": \"2021-06-29T13:56:29.166164Z\"\n        }\n      },\n      \"Version\": 0\n    }\n  }\n}"
}============{
  "recordid": "169",
  "channel": "Security",
  "computer": "WIN-JN0MUCM05TC",
  "eventid": "4663",
  "eventrecordid": "5423",
  "execution": {
    "processid": 4,
    "threadid": 64
  },
  "keywords": "0x8020000000000000",
  "level": "0",
  "opcode": "0",
  "provider": {
    "guid": "54849625-5478-4994-A5BA-3E3B0328C30D",
    "name": "Microsoft-Windows-Security-Auditing"
  },
  "task": "12800",
  "timecreated": {
    "systemtime": "2021-06-29T13:56:29.167164Z"
  },
  "version": "0",
  "event_data": {
    "accesslist": "%%1538\r\n\t\t\t\t",
    "accessmask": "0x20000",
    "handleid": "0xe14",
    "objectname": "C:\\Users\\user\\The X-Files\\Documents.txt",
    "objectserver": "Security",
    "objecttype": "File",
    "processid": "0xb80",
    "processname": "C:\\Windows\\explorer.exe",
    "subjectdomainname": "WIN-JN0MUCM05TC",
    "subjectlogonid": "0x1a85af",
    "subjectusername": "user",
    "subjectusersid": "S-1-5-21-3016438738-995544542-2639181184-1000"
  },
  "message": "An attempt was made to access an object.\r\n\r\nSubject:\r\n\tSecurity ID:\t\tS-1-5-21-3016438738-995544542-2639181184-1000\r\n\tAccount Name:\t\tuser\r\n\tAccount Domain:\t\tWIN-JN0MUCM05TC\r\n\tLogon ID:\t\t0x1a85af\r\n\r\nObject:\r\n\tObject Server:\tSecurity\r\n\tObject Type:\tFile\r\n\tObject Name:\tC:\\Users\\user\\The X-Files\\Documents.txt\r\n\tHandle ID:\t0xe14\r\n\r\nProcess Information:\r\n\tProcess ID:\t0xb80\r\n\tProcess Name:\tC:\\Windows\\explorer.exe\r\n\r\nAccess Request Information:\r\n\tAccesses:\t%%1538\r\n\t\t\t\t\r\n\tAccess Mask:\t0x20000",
  "raw": "{\n  \"Event\": {\n    \"#attributes\": {\n      \"xmlns\": \"http://schemas.microsoft.com/win/2004/08/events/event\"\n    },\n    \"EventData\": {\n      \"AccessList\": \"%%1538\\r\\n\\t\\t\\t\\t\",\n      \"AccessMask\": \"0x20000\",\n      \"HandleId\": \"0xe14\",\n      \"ObjectName\": \"C:\\\\Users\\\\user\\\\The X-Files\\\\Documents.txt\",\n      \"ObjectServer\": \"Security\",\n      \"ObjectType\": \"File\",\n      \"ProcessId\": \"0xb80\",\n      \"ProcessName\": \"C:\\\\Windows\\\\explorer.exe\",\n      \"SubjectDomainName\": \"WIN-JN0MUCM05TC\",\n      \"SubjectLogonId\": \"0x1a85af\",\n      \"SubjectUserName\": \"user\",\n      \"SubjectUserSid\": \"S-1-5-21-3016438738-995544542-2639181184-1000\"\n    },\n    \"System\": {\n      \"Channel\": \"Security\",\n      \"Computer\": \"WIN-JN0MUCM05TC\",\n      \"Correlation\": null,\n      \"EventID\": 4663,\n      \"EventRecordID\": 5423,\n      \"Execution\": {\n        \"#attributes\": {\n          \"ProcessID\": 4,\n          \"ThreadID\": 64\n        }\n      },\n      \"Keywords\": \"0x8020000000000000\",\n      \"Level\": 0,\n      \"Opcode\": 0,\n      \"Provider\": {\n        \"#attributes\": {\n          \"Guid\": \"54849625-5478-4994-A5BA-3E3B0328C30D\",\n          \"Name\": \"Microsoft-Windows-Security-Auditing\"\n        }\n      },\n      \"Security\": null,\n      \"Task\": 12800,\n      \"TimeCreated\": {\n        \"#attributes\": {\n          \"SystemTime\": \"2021-06-29T13:56:29.167164Z\"\n        }\n      },\n      \"Version\": 0\n    }\n  }\n}"
}============{
  "recordid": "170",
  "channel": "Security",
  "computer": "WIN-JN0MUCM05TC",
  "eventid": "4663",
  "eventrecordid": "5424",
  "execution": {
    "processid": 4,
    "threadid": 64
  },
  "keywords": "0x8020000000000000",
  "level": "0",
  "opcode": "0",
  "provider": {
    "guid": "54849625-5478-4994-A5BA-3E3B0328C30D",
    "name": "Microsoft-Windows-Security-Auditing"
  },
  "task": "12800",
  "timecreated": {
    "systemtime": "2021-06-29T13:56:30.677251Z"
  },
  "version": "0",
  "event_data": {
    "accesslist": "%%4423\r\n\t\t\t\t",
    "accessmask": "0x80",
    "handleid": "0xcf0",
    "objectname": "C:\\Users\\user\\The X-Files\\Documents.txt",
    "objectserver": "Security",
    "objecttype": "File",
    "processid": "0xb80",
    "processname": "C:\\Windows\\explorer.exe",
    "subjectdomainname": "WIN-JN0MUCM05TC",
    "subjectlogonid": "0x1a85af",
    "subjectusername": "user",
    "subjectusersid": "S-1-5-21-3016438738-995544542-2639181184-1000"
  },
  "message": "An attempt was made to access an object.\r\n\r\nSubject:\r\n\tSecurity ID:\t\tS-1-5-21-3016438738-995544542-2639181184-1000\r\n\tAccount Name:\t\tuser\r\n\tAccount Domain:\t\tWIN-JN0MUCM05TC\r\n\tLogon ID:\t\t0x1a85af\r\n\r\nObject:\r\n\tObject Server:\tSecurity\r\n\tObject Type:\tFile\r\n\tObject Name:\tC:\\Users\\user\\The X-Files\\Documents.txt\r\n\tHandle ID:\t0xcf0\r\n\r\nProcess Information:\r\n\tProcess ID:\t0xb80\r\n\tProcess Name:\tC:\\Windows\\explorer.exe\r\n\r\nAccess Request Information:\r\n\tAccesses:\t%%4423\r\n\t\t\t\t\r\n\tAccess Mask:\t0x80",
  "raw": "{\n  \"Event\": {\n    \"#attributes\": {\n      \"xmlns\": \"http://schemas.microsoft.com/win/2004/08/events/event\"\n    },\n    \"EventData\": {\n      \"AccessList\": \"%%4423\\r\\n\\t\\t\\t\\t\",\n      \"AccessMask\": \"0x80\",\n      \"HandleId\": \"0xcf0\",\n      \"ObjectName\": \"C:\\\\Users\\\\user\\\\The X-Files\\\\Documents.txt\",\n      \"ObjectServer\": \"Security\",\n      \"ObjectType\": \"File\",\n      \"ProcessId\": \"0xb80\",\n      \"ProcessName\": \"C:\\\\Windows\\\\explorer.exe\",\n      \"SubjectDomainName\": \"WIN-JN0MUCM05TC\",\n      \"SubjectLogonId\": \"0x1a85af\",\n      \"SubjectUserName\": \"user\",\n      \"SubjectUserSid\": \"S-1-5-21-3016438738-995544542-2639181184-1000\"\n    },\n    \"System\": {\n      \"Channel\": \"Security\",\n      \"Computer\": \"WIN-JN0MUCM05TC\",\n      \"Correlation\": null,\n      \"EventID\": 4663,\n      \"EventRecordID\": 5424,\n      \"Execution\": {\n        \"#attributes\": {\n          \"ProcessID\": 4,\n          \"ThreadID\": 64\n        }\n      },\n      \"Keywords\": \"0x8020000000000000\",\n      \"Level\": 0,\n      \"Opcode\": 0,\n      \"Provider\": {\n        \"#attributes\": {\n          \"Guid\": \"54849625-5478-4994-A5BA-3E3B0328C30D\",\n          \"Name\": \"Microsoft-Windows-Security-Auditing\"\n        }\n      },\n      \"Security\": null,\n      \"Task\": 12800,\n      \"TimeCreated\": {\n        \"#attributes\": {\n          \"SystemTime\": \"2021-06-29T13:56:30.677251Z\"\n        }\n      },\n      \"Version\": 0\n    }\n  }\n}"
}============{
  "recordid": "171",
  "channel": "Security",
  "computer": "WIN-JN0MUCM05TC",
  "eventid": "4663",
  "eventrecordid": "5425",
  "execution": {
    "processid": 4,
    "threadid": 64
  },
  "keywords": "0x8020000000000000",
  "level": "0",
  "opcode": "0",
  "provider": {
    "guid": "54849625-5478-4994-A5BA-3E3B0328C30D",
    "name": "Microsoft-Windows-Security-Auditing"
  },
  "task": "12800",
  "timecreated": {
    "systemtime": "2021-06-29T13:56:30.678251Z"
  },
  "version": "0",
  "event_data": {
    "accesslist": "%%1537\r\n\t\t\t\t",
    "accessmask": "0x10000",
    "handleid": "0xcf0",
    "objectname": "C:\\Users\\user\\The X-Files\\Documents.txt",
    "objectserver": "Security",
    "objecttype": "File",
    "processid": "0xb80",
    "processname": "C:\\Windows\\explorer.exe",
    "subjectdomainname": "WIN-JN0MUCM05TC",
    "subjectlogonid": "0x1a85af",
    "subjectusername": "user",
    "subjectusersid": "S-1-5-21-3016438738-995544542-2639181184-1000"
  },
  "message": "An attempt was made to access an object.\r\n\r\nSubject:\r\n\tSecurity ID:\t\tS-1-5-21-3016438738-995544542-2639181184-1000\r\n\tAccount Name:\t\tuser\r\n\tAccount Domain:\t\tWIN-JN0MUCM05TC\r\n\tLogon ID:\t\t0x1a85af\r\n\r\nObject:\r\n\tObject Server:\tSecurity\r\n\tObject Type:\tFile\r\n\tObject Name:\tC:\\Users\\user\\The X-Files\\Documents.txt\r\n\tHandle ID:\t0xcf0\r\n\r\nProcess Information:\r\n\tProcess ID:\t0xb80\r\n\tProcess Name:\tC:\\Windows\\explorer.exe\r\n\r\nAccess Request Information:\r\n\tAccesses:\t%%1537\r\n\t\t\t\t\r\n\tAccess Mask:\t0x10000",
