{
  "recordid": "1",
  "channel": "Security",
  "computer": "WIN-JN0MUCM05TC",
  "eventid": "1102",
  "eventrecordid": "5255",
  "execution": {
    "processid": 776,
    "threadid": 2016
  },
  "keywords": "0x4020000000000000",
  "level": "4",
  "opcode": "0",
  "provider": {
    "guid": "{fc65ddd8-d6ef-4962-83d5-6e5cfe9ce148}",
    "name": "Microsoft-Windows-Eventlog"
  },
  "task": "104",
  "timecreated": {
    "systemtime": "2021-06-29T13:52:27.662565Z"
  },
  "version": "0",
  "event_data": {
    "#attributes": {
      "xmlns": "http://manifests.microsoft.com/win/2004/08/windows/eventlog",
      "xmlns:auto-ns3": "http://schemas.microsoft.com/win/2004/08/events"
    },
    "subjectdomainname": "WIN-JN0MUCM05TC",
    "subjectlogonid": "0x3186f",
    "subjectusername": "user",
    "subjectusersid": "S-1-5-21-3016438738-995544542-2639181184-1000"
  },
  "message": "The audit log was cleared.\r\nSubject:\r\n\tSecurity ID:\tS-1-5-21-3016438738-995544542-2639181184-1000\r\n\tAccount Name:\tuser\r\n\tDomain Name:\tWIN-JN0MUCM05TC\r\n\tLogon ID:\t0x3186f",
  "raw": "{\n  \"Event\": {\n    \"#attributes\": {\n      \"xmlns\": \"http://schemas.microsoft.com/win/2004/08/events/event\"\n    },\n    \"System\": {\n      \"Channel\": \"Security\",\n      \"Computer\": \"WIN-JN0MUCM05TC\",\n      \"Correlation\": null,\n      \"EventID\": 1102,\n      \"EventRecordID\": 5255,\n      \"Execution\": {\n        \"#attributes\": {\n          \"ProcessID\": 776,\n          \"ThreadID\": 2016\n        }\n      },\n      \"Keywords\": \"0x4020000000000000\",\n      \"Level\": 4,\n      \"Opcode\": 0,\n      \"Provider\": {\n        \"#attributes\": {\n          \"Guid\": \"{fc65ddd8-d6ef-4962-83d5-6e5cfe9ce148}\",\n          \"Name\": \"Microsoft-Windows-Eventlog\"\n        }\n      },\n      \"Security\": null,\n      \"Task\": 104,\n      \"TimeCreated\": {\n        \"#attributes\": {\n          \"SystemTime\": \"2021-06-29T13:52:27.662565Z\"\n        }\n      },\n      \"Version\": 0\n    },\n    \"UserData\": {\n      \"LogFileCleared\": {\n        \"#attributes\": {\n          \"xmlns\": \"http://manifests.microsoft.com/win/2004/08/windows/eventlog\",\n          \"xmlns:auto-ns3\": \"http://schemas.microsoft.com/win/2004/08/events\"\n        },\n        \"SubjectDomainName\": \"WIN-JN0MUCM05TC\",\n        \"SubjectLogonId\": \"0x3186f\",\n        \"SubjectUserName\": \"user\",\n        \"SubjectUserSid\": \"S-1-5-21-3016438738-995544542-2639181184-1000\"\n      }\n    }\n  }\n}"
}============{
  "recordid": "2",
  "channel": "Security",
  "computer": "WIN-JN0MUCM05TC",
  "eventid": "4689",
  "eventrecordid": "5256",
  "execution": {
    "processid": 4,
    "threadid": 64
  },
  "keywords": "0x8020000000000000",
  "level": "0",
  "opcode": "0",
  "provider": {
    "guid": "54849625-5478-4994-A5BA-3E3B0328C30D",
    "name": "Microsoft-Windows-Security-Auditing"
  },
  "task": "13313",
  "timecreated": {
    "systemtime": "2021-06-29T13:52:26.820163Z"
  },
  "version": "0",
  "event_data": {
    "processid": "0x1d4",
    "processname": "C:\\Windows\\System32\\SearchProtocolHost.exe",
    "status": "0x0",
    "subjectdomainname": "WORKGROUP",
    "subjectlogonid": "0x3e7",
    "subjectusername": "WIN-JN0MUCM05TC$",
    "subjectusersid": "S-1-5-18"
  },
  "message": "A process has exited.\r\n\r\nSubject:\r\n\tSecurity ID:\t\tS-1-5-18\r\n\tAccount Name:\t\tWIN-JN0MUCM05TC$\r\n\tAccount Domain:\t\tWORKGROUP\r\n\tLogon ID:\t\t0x3e7\r\n\r\nProcess Information:\r\n\tProcess ID:\t0x1d4\r\n\tProcess Name:\tC:\\Windows\\System32\\SearchProtocolHost.exe\r\n\tExit Status:\t0x0",
  "raw": "{\n  \"Event\": {\n    \"#attributes\": {\n      \"xmlns\": \"http://schemas.microsoft.com/win/2004/08/events/event\"\n    },\n    \"EventData\": {\n      \"ProcessId\": \"0x1d4\",\n      \"ProcessName\": \"C:\\\\Windows\\\\System32\\\\SearchProtocolHost.exe\",\n      \"Status\": \"0x0\",\n      \"SubjectDomainName\": \"WORKGROUP\",\n      \"SubjectLogonId\": \"0x3e7\",\n      \"SubjectUserName\": \"WIN-JN0MUCM05TC$\",\n      \"SubjectUserSid\": \"S-1-5-18\"\n    },\n    \"System\": {\n      \"Channel\": \"Security\",\n      \"Computer\": \"WIN-JN0MUCM05TC\",\n      \"Correlation\": null,\n      \"EventID\": 4689,\n      \"EventRecordID\": 5256,\n      \"Execution\": {\n        \"#attributes\": {\n          \"ProcessID\": 4,\n          \"ThreadID\": 64\n        }\n      },\n      \"Keywords\": \"0x8020000000000000\",\n      \"Level\": 0,\n      \"Opcode\": 0,\n      \"Provider\": {\n        \"#attributes\": {\n          \"Guid\": \"54849625-5478-4994-A5BA-3E3B0328C30D\",\n          \"Name\": \"Microsoft-Windows-Security-Auditing\"\n        }\n      },\n      \"Security\": null,\n      \"Task\": 13313,\n      \"TimeCreated\": {\n        \"#attributes\": {\n          \"SystemTime\": \"2021-06-29T13:52:26.820163Z\"\n        }\n      },\n      \"Version\": 0\n    }\n  }\n}"
}============{
  "recordid": "3",
  "channel": "Security",
  "computer": "WIN-JN0MUCM05TC",
  "eventid": "4689",
  "eventrecordid": "5257",
  "execution": {
    "processid": 4,
    "threadid": 64
  },
  "keywords": "0x8020000000000000",
  "level": "0",
  "opcode": "0",
  "provider": {
    "guid": "54849625-5478-4994-A5BA-3E3B0328C30D",
    "name": "Microsoft-Windows-Security-Auditing"
  },
  "task": "13313",
  "timecreated": {
    "systemtime": "2021-06-29T13:52:26.820163Z"
  },
  "version": "0",
  "event_data": {
    "processid": "0x584",
    "processname": "C:\\Windows\\System32\\SearchFilterHost.exe",
    "status": "0x0",
    "subjectdomainname": "WORKGROUP",
    "subjectlogonid": "0x3e7",
    "subjectusername": "WIN-JN0MUCM05TC$",
    "subjectusersid": "S-1-5-18"
  },
  "message": "A process has exited.\r\n\r\nSubject:\r\n\tSecurity ID:\t\tS-1-5-18\r\n\tAccount Name:\t\tWIN-JN0MUCM05TC$\r\n\tAccount Domain:\t\tWORKGROUP\r\n\tLogon ID:\t\t0x3e7\r\n\r\nProcess Information:\r\n\tProcess ID:\t0x584\r\n\tProcess Name:\tC:\\Windows\\System32\\SearchFilterHost.exe\r\n\tExit Status:\t0x0",
  "raw": "{\n  \"Event\": {\n    \"#attributes\": {\n      \"xmlns\": \"http://schemas.microsoft.com/win/2004/08/events/event\"\n    },\n    \"EventData\": {\n      \"ProcessId\": \"0x584\",\n      \"ProcessName\": \"C:\\\\Windows\\\\System32\\\\SearchFilterHost.exe\",\n      \"Status\": \"0x0\",\n      \"SubjectDomainName\": \"WORKGROUP\",\n      \"SubjectLogonId\": \"0x3e7\",\n      \"SubjectUserName\": \"WIN-JN0MUCM05TC$\",\n      \"SubjectUserSid\": \"S-1-5-18\"\n    },\n    \"System\": {\n      \"Channel\": \"Security\",\n      \"Computer\": \"WIN-JN0MUCM05TC\",\n      \"Correlation\": null,\n      \"EventID\": 4689,\n      \"EventRecordID\": 5257,\n      \"Execution\": {\n        \"#attributes\": {\n          \"ProcessID\": 4,\n          \"ThreadID\": 64\n        }\n      },\n      \"Keywords\": \"0x8020000000000000\",\n      \"Level\": 0,\n      \"Opcode\": 0,\n      \"Provider\": {\n        \"#attributes\": {\n          \"Guid\": \"54849625-5478-4994-A5BA-3E3B0328C30D\",\n          \"Name\": \"Microsoft-Windows-Security-Auditing\"\n        }\n      },\n      \"Security\": null,\n      \"Task\": 13313,\n      \"TimeCreated\": {\n        \"#attributes\": {\n          \"SystemTime\": \"2021-06-29T13:52:26.820163Z\"\n        }\n      },\n      \"Version\": 0\n    }\n  }\n}"
}============{
  "recordid": "4",
  "channel": "Security",
  "computer": "WIN-JN0MUCM05TC",
  "eventid": "4689",
  "eventrecordid": "5258",
  "execution": {
    "processid": 4,
    "threadid": 64
  },
  "keywords": "0x8020000000000000",
  "level": "0",
  "opcode": "0",
  "provider": {
    "guid": "54849625-5478-4994-A5BA-3E3B0328C30D",
    "name": "Microsoft-Windows-Security-Auditing"
  },
  "task": "13313",
  "timecreated": {
    "systemtime": "2021-06-29T13:52:42.903792Z"
  },
  "version": "0",
  "event_data": {
    "processid": "0x8b8",
    "processname": "C:\\Windows\\System32\\taskeng.exe",
    "status": "0x0",
    "subjectdomainname": "WORKGROUP",
    "subjectlogonid": "0x3e7",
    "subjectusername": "WIN-JN0MUCM05TC$",
    "subjectusersid": "S-1-5-18"
  },
  "message": "A process has exited.\r\n\r\nSubject:\r\n\tSecurity ID:\t\tS-1-5-18\r\n\tAccount Name:\t\tWIN-JN0MUCM05TC$\r\n\tAccount Domain:\t\tWORKGROUP\r\n\tLogon ID:\t\t0x3e7\r\n\r\nProcess Information:\r\n\tProcess ID:\t0x8b8\r\n\tProcess Name:\tC:\\Windows\\System32\\taskeng.exe\r\n\tExit Status:\t0x0",
  "raw": "{\n  \"Event\": {\n    \"#attributes\": {\n      \"xmlns\": \"http://schemas.microsoft.com/win/2004/08/events/event\"\n    },\n    \"EventData\": {\n      \"ProcessId\": \"0x8b8\",\n      \"ProcessName\": \"C:\\\\Windows\\\\System32\\\\taskeng.exe\",\n      \"Status\": \"0x0\",\n      \"SubjectDomainName\": \"WORKGROUP\",\n      \"SubjectLogonId\": \"0x3e7\",\n      \"SubjectUserName\": \"WIN-JN0MUCM05TC$\",\n      \"SubjectUserSid\": \"S-1-5-18\"\n    },\n    \"System\": {\n      \"Channel\": \"Security\",\n      \"Computer\": \"WIN-JN0MUCM05TC\",\n      \"Correlation\": null,\n      \"EventID\": 4689,\n      \"EventRecordID\": 5258,\n      \"Execution\": {\n        \"#attributes\": {\n          \"ProcessID\": 4,\n          \"ThreadID\": 64\n        }\n      },\n      \"Keywords\": \"0x8020000000000000\",\n      \"Level\": 0,\n      \"Opcode\": 0,\n      \"Provider\": {\n        \"#attributes\": {\n          \"Guid\": \"54849625-5478-4994-A5BA-3E3B0328C30D\",\n          \"Name\": \"Microsoft-Windows-Security-Auditing\"\n        }\n      },\n      \"Security\": null,\n      \"Task\": 13313,\n      \"TimeCreated\": {\n        \"#attributes\": {\n          \"SystemTime\": \"2021-06-29T13:52:42.903792Z\"\n        }\n      },\n      \"Version\": 0\n    }\n  }\n}"
}============{
  "recordid": "5",
  "channel": "Security",
  "computer": "WIN-JN0MUCM05TC",
  "eventid": "4689",
  "eventrecordid": "5259",
  "execution": {
    "processid": 4,
    "threadid": 64
  },
  "keywords": "0x8020000000000000",
  "level": "0",
  "opcode": "0",
  "provider": {
    "guid": "54849625-5478-4994-A5BA-3E3B0328C30D",
    "name": "Microsoft-Windows-Security-Auditing"
  },
  "task": "13313",
  "timecreated": {
    "systemtime": "2021-06-29T13:52:58.301019Z"
  },
  "version": "0",
  "event_data": {
    "processid": "0x68c",
    "processname": "C:\\Windows\\System32\\mmc.exe",
    "status": "0x0",
    "subjectdomainname": "WIN-JN0MUCM05TC",
    "subjectlogonid": "0x3186f",
    "subjectusername": "user",
    "subjectusersid": "S-1-5-21-3016438738-995544542-2639181184-1000"
  },
  "message": "A process has exited.\r\n\r\nSubject:\r\n\tSecurity ID:\t\tS-1-5-21-3016438738-995544542-2639181184-1000\r\n\tAccount Name:\t\tuser\r\n\tAccount Domain:\t\tWIN-JN0MUCM05TC\r\n\tLogon ID:\t\t0x3186f\r\n\r\nProcess Information:\r\n\tProcess ID:\t0x68c\r\n\tProcess Name:\tC:\\Windows\\System32\\mmc.exe\r\n\tExit Status:\t0x0",
  "raw": "{\n  \"Event\": {\n    \"#attributes\": {\n      \"xmlns\": \"http://schemas.microsoft.com/win/2004/08/events/event\"\n    },\n    \"EventData\": {\n      \"ProcessId\": \"0x68c\",\n      \"ProcessName\": \"C:\\\\Windows\\\\System32\\\\mmc.exe\",\n      \"Status\": \"0x0\",\n      \"SubjectDomainName\": \"WIN-JN0MUCM05TC\",\n      \"SubjectLogonId\": \"0x3186f\",\n      \"SubjectUserName\": \"user\",\n      \"SubjectUserSid\": \"S-1-5-21-3016438738-995544542-2639181184-1000\"\n    },\n    \"System\": {\n      \"Channel\": \"Security\",\n      \"Computer\": \"WIN-JN0MUCM05TC\",\n      \"Correlation\": null,\n      \"EventID\": 4689,\n      \"EventRecordID\": 5259,\n      \"Execution\": {\n        \"#attributes\": {\n          \"ProcessID\": 4,\n          \"ThreadID\": 64\n        }\n      },\n      \"Keywords\": \"0x8020000000000000\",\n      \"Level\": 0,\n      \"Opcode\": 0,\n      \"Provider\": {\n        \"#attributes\": {\n          \"Guid\": \"54849625-5478-4994-A5BA-3E3B0328C30D\",\n          \"Name\": \"Microsoft-Windows-Security-Auditing\"\n        }\n      },\n      \"Security\": null,\n      \"Task\": 13313,\n      \"TimeCreated\": {\n        \"#attributes\": {\n          \"SystemTime\": \"2021-06-29T13:52:58.301019Z\"\n        }\n      },\n      \"Version\": 0\n    }\n  }\n}"
}============{
  "recordid": "6",
  "channel": "Security",
  "computer": "WIN-JN0MUCM05TC",
  "eventid": "4688",
  "eventrecordid": "5260",
  "execution": {
    "processid": 4,
    "threadid": 64
  },
  "keywords": "0x8020000000000000",
  "level": "0",
  "opcode": "0",
  "provider": {
    "guid": "54849625-5478-4994-A5BA-3E3B0328C30D",
    "name": "Microsoft-Windows-Security-Auditing"
  },
  "task": "13312",
  "timecreated": {
    "systemtime": "2021-06-29T13:53:02.715826Z"
  },
  "version": "1",
  "event_data": {
    "commandline": "\"LogonUI.exe\" /flags:0x0",
    "newprocessid": "0x830",
    "newprocessname": "C:\\Windows\\System32\\LogonUI.exe",
    "processid": "0x1c8",
    "subjectdomainname": "WORKGROUP",
    "subjectlogonid": "0x3e7",
    "subjectusername": "WIN-JN0MUCM05TC$",
    "subjectusersid": "S-1-5-18",
    "tokenelevationtype": "%%1936"
  },
  "message": "A new process has been created.\r\n\r\nSubject:\r\n\tSecurity ID:\t\tS-1-5-18\r\n\tAccount Name:\t\tWIN-JN0MUCM05TC$\r\n\tAccount Domain:\t\tWORKGROUP\r\n\tLogon ID:\t\t0x3e7\r\n\r\nProcess Information:\r\n\tNew Process ID:\t\t0x830\r\n\tNew Process Name:\tC:\\Windows\\System32\\LogonUI.exe\r\n\tToken Elevation Type:\t%%1936\r\n\tCreator Process ID:\t0x1c8\r\n\r\nToken Elevation Type indicates the type of token that was assigned to the new process in accordance with User Account Control policy.\r\n\r\nType 1 is a full token with no privileges removed or groups disabled.  A full token is only used if User Account Control is disabled or if the user is the built-in Administrator account or a service account.\r\n\r\nType 2 is an elevated token with no privileges removed or groups disabled.  An elevated token is used when User Account Control is enabled and the user chooses to start the program using Run as administrator.  An elevated token is also used when an application is configured to always require administrative privilege or to always require maximum privilege, and the user is a member of the Administrators group.\r\n\r\nType 3 is a limited token with administrative privileges removed and administrative groups disabled.  The limited token is used when User Account Control is enabled, the application does not require administrative privilege, and the user does not choose to start the program using Run as administrator.",
  "raw": "{\n  \"Event\": {\n    \"#attributes\": {\n      \"xmlns\": \"http://schemas.microsoft.com/win/2004/08/events/event\"\n    },\n    \"EventData\": {\n      \"CommandLine\": \"\\\"LogonUI.exe\\\" /flags:0x0\",\n      \"NewProcessId\": \"0x830\",\n      \"NewProcessName\": \"C:\\\\Windows\\\\System32\\\\LogonUI.exe\",\n      \"ProcessId\": \"0x1c8\",\n      \"SubjectDomainName\": \"WORKGROUP\",\n      \"SubjectLogonId\": \"0x3e7\",\n      \"SubjectUserName\": \"WIN-JN0MUCM05TC$\",\n      \"SubjectUserSid\": \"S-1-5-18\",\n      \"TokenElevationType\": \"%%1936\"\n    },\n    \"System\": {\n      \"Channel\": \"Security\",\n      \"Computer\": \"WIN-JN0MUCM05TC\",\n      \"Correlation\": null,\n      \"EventID\": 4688,\n      \"EventRecordID\": 5260,\n      \"Execution\": {\n        \"#attributes\": {\n          \"ProcessID\": 4,\n          \"ThreadID\": 64\n        }\n      },\n      \"Keywords\": \"0x8020000000000000\",\n      \"Level\": 0,\n      \"Opcode\": 0,\n      \"Provider\": {\n        \"#attributes\": {\n          \"Guid\": \"54849625-5478-4994-A5BA-3E3B0328C30D\",\n          \"Name\": \"Microsoft-Windows-Security-Auditing\"\n        }\n      },\n      \"Security\": null,\n      \"Task\": 13312,\n      \"TimeCreated\": {\n        \"#attributes\": {\n          \"SystemTime\": \"2021-06-29T13:53:02.715826Z\"\n        }\n      },\n      \"Version\": 1\n    }\n  }\n}"
}============{
  "recordid": "7",
  "channel": "Security",
  "computer": "WIN-JN0MUCM05TC",
  "eventid": "4689",
  "eventrecordid": "5261",
  "execution": {
    "processid": 4,
    "threadid": 64
  },
  "keywords": "0x8020000000000000",
  "level": "0",
  "opcode": "0",
  "provider": {
    "guid": "54849625-5478-4994-A5BA-3E3B0328C30D",
    "name": "Microsoft-Windows-Security-Auditing"
  },
  "task": "13313",
  "timecreated": {
    "systemtime": "2021-06-29T13:53:03.495828Z"
  },
  "version": "0",
  "event_data": {
    "processid": "0xaa4",
    "processname": "C:\\Program Files\\VMware\\VMware Tools\\vmtoolsd.exe",
    "status": "0x0",
    "subjectdomainname": "WIN-JN0MUCM05TC",
    "subjectlogonid": "0x31897",
    "subjectusername": "user",
    "subjectusersid": "S-1-5-21-3016438738-995544542-2639181184-1000"
  },
  "message": "A process has exited.\r\n\r\nSubject:\r\n\tSecurity ID:\t\tS-1-5-21-3016438738-995544542-2639181184-1000\r\n\tAccount Name:\t\tuser\r\n\tAccount Domain:\t\tWIN-JN0MUCM05TC\r\n\tLogon ID:\t\t0x31897\r\n\r\nProcess Information:\r\n\tProcess ID:\t0xaa4\r\n\tProcess Name:\tC:\\Program Files\\VMware\\VMware Tools\\vmtoolsd.exe\r\n\tExit Status:\t0x0",
  "raw": "{\n  \"Event\": {\n    \"#attributes\": {\n      \"xmlns\": \"http://schemas.microsoft.com/win/2004/08/events/event\"\n    },\n    \"EventData\": {\n      \"ProcessId\": \"0xaa4\",\n      \"ProcessName\": \"C:\\\\Program Files\\\\VMware\\\\VMware Tools\\\\vmtoolsd.exe\",\n      \"Status\": \"0x0\",\n      \"SubjectDomainName\": \"WIN-JN0MUCM05TC\",\n      \"SubjectLogonId\": \"0x31897\",\n      \"SubjectUserName\": \"user\",\n      \"SubjectUserSid\": \"S-1-5-21-3016438738-995544542-2639181184-1000\"\n    },\n    \"System\": {\n      \"Channel\": \"Security\",\n      \"Computer\": \"WIN-JN0MUCM05TC\",\n      \"Correlation\": null,\n      \"EventID\": 4689,\n      \"EventRecordID\": 5261,\n      \"Execution\": {\n        \"#attributes\": {\n          \"ProcessID\": 4,\n          \"ThreadID\": 64\n        }\n      },\n      \"Keywords\": \"0x8020000000000000\",\n      \"Level\": 0,\n      \"Opcode\": 0,\n      \"Provider\": {\n        \"#attributes\": {\n          \"Guid\": \"54849625-5478-4994-A5BA-3E3B0328C30D\",\n          \"Name\": \"Microsoft-Windows-Security-Auditing\"\n        }\n      },\n      \"Security\": null,\n      \"Task\": 13313,\n      \"TimeCreated\": {\n        \"#attributes\": {\n          \"SystemTime\": \"2021-06-29T13:53:03.495828Z\"\n        }\n      },\n      \"Version\": 0\n    }\n  }\n}"
}============{
  "recordid": "8",
  "channel": "Security",
  "computer": "WIN-JN0MUCM05TC",
  "eventid": "4689",
  "eventrecordid": "5262",
  "execution": {
    "processid": 4,
    "threadid": 64
  },
  "keywords": "0x8020000000000000",
  "level": "0",
  "opcode": "0",
  "provider": {
    "guid": "54849625-5478-4994-A5BA-3E3B0328C30D",
    "name": "Microsoft-Windows-Security-Auditing"
  },
  "task": "13313",
  "timecreated": {
    "systemtime": "2021-06-29T13:53:03.511428Z"
  },
  "version": "0",
  "event_data": {
    "processid": "0xa94",
    "processname": "C:\\Windows\\System32\\vm3dservice.exe",
    "status": "0x40010004",
    "subjectdomainname": "WIN-JN0MUCM05TC",
    "subjectlogonid": "0x31897",
    "subjectusername": "user",
    "subjectusersid": "S-1-5-21-3016438738-995544542-2639181184-1000"
  },
  "message": "A process has exited.\r\n\r\nSubject:\r\n\tSecurity ID:\t\tS-1-5-21-3016438738-995544542-2639181184-1000\r\n\tAccount Name:\t\tuser\r\n\tAccount Domain:\t\tWIN-JN0MUCM05TC\r\n\tLogon ID:\t\t0x31897\r\n\r\nProcess Information:\r\n\tProcess ID:\t0xa94\r\n\tProcess Name:\tC:\\Windows\\System32\\vm3dservice.exe\r\n\tExit Status:\t0x40010004",
  "raw": "{\n  \"Event\": {\n    \"#attributes\": {\n      \"xmlns\": \"http://schemas.microsoft.com/win/2004/08/events/event\"\n    },\n    \"EventData\": {\n      \"ProcessId\": \"0xa94\",\n      \"ProcessName\": \"C:\\\\Windows\\\\System32\\\\vm3dservice.exe\",\n      \"Status\": \"0x40010004\",\n      \"SubjectDomainName\": \"WIN-JN0MUCM05TC\",\n      \"SubjectLogonId\": \"0x31897\",\n      \"SubjectUserName\": \"user\",\n      \"SubjectUserSid\": \"S-1-5-21-3016438738-995544542-2639181184-1000\"\n    },\n    \"System\": {\n      \"Channel\": \"Security\",\n      \"Computer\": \"WIN-JN0MUCM05TC\",\n      \"Correlation\": null,\n      \"EventID\": 4689,\n      \"EventRecordID\": 5262,\n      \"Execution\": {\n        \"#attributes\": {\n          \"ProcessID\": 4,\n          \"ThreadID\": 64\n        }\n      },\n      \"Keywords\": \"0x8020000000000000\",\n      \"Level\": 0,\n      \"Opcode\": 0,\n      \"Provider\": {\n        \"#attributes\": {\n          \"Guid\": \"54849625-5478-4994-A5BA-3E3B0328C30D\",\n          \"Name\": \"Microsoft-Windows-Security-Auditing\"\n        }\n      },\n      \"Security\": null,\n      \"Task\": 13313,\n      \"TimeCreated\": {\n        \"#attributes\": {\n          \"SystemTime\": \"2021-06-29T13:53:03.511428Z\"\n        }\n      },\n      \"Version\": 0\n    }\n  }\n}"
}============{
  "recordid": "9",
  "channel": "Security",
  "computer": "WIN-JN0MUCM05TC",
  "eventid": "4689",
  "eventrecordid": "5263",
  "execution": {
    "processid": 4,
    "threadid": 64
  },
  "keywords": "0x8020000000000000",
  "level": "0",
  "opcode": "0",
  "provider": {
    "guid": "54849625-5478-4994-A5BA-3E3B0328C30D",
    "name": "Microsoft-Windows-Security-Auditing"
  },
  "task": "13313",
  "timecreated": {
    "systemtime": "2021-06-29T13:53:03.511428Z"
  },
  "version": "0",
  "event_data": {
    "processid": "0x88c",
    "processname": "C:\\Windows\\System32\\rundll32.exe",
    "status": "0x40010004",
    "subjectdomainname": "WIN-JN0MUCM05TC",
    "subjectlogonid": "0x31897",
    "subjectusername": "user",
    "subjectusersid": "S-1-5-21-3016438738-995544542-2639181184-1000"
  },
  "message": "A process has exited.\r\n\r\nSubject:\r\n\tSecurity ID:\t\tS-1-5-21-3016438738-995544542-2639181184-1000\r\n\tAccount Name:\t\tuser\r\n\tAccount Domain:\t\tWIN-JN0MUCM05TC\r\n\tLogon ID:\t\t0x31897\r\n\r\nProcess Information:\r\n\tProcess ID:\t0x88c\r\n\tProcess Name:\tC:\\Windows\\System32\\rundll32.exe\r\n\tExit Status:\t0x40010004",
  "raw": "{\n  \"Event\": {\n    \"#attributes\": {\n      \"xmlns\": \"http://schemas.microsoft.com/win/2004/08/events/event\"\n    },\n    \"EventData\": {\n      \"ProcessId\": \"0x88c\",\n      \"ProcessName\": \"C:\\\\Windows\\\\System32\\\\rundll32.exe\",\n      \"Status\": \"0x40010004\",\n      \"SubjectDomainName\": \"WIN-JN0MUCM05TC\",\n      \"SubjectLogonId\": \"0x31897\",\n      \"SubjectUserName\": \"user\",\n      \"SubjectUserSid\": \"S-1-5-21-3016438738-995544542-2639181184-1000\"\n    },\n    \"System\": {\n      \"Channel\": \"Security\",\n      \"Computer\": \"WIN-JN0MUCM05TC\",\n      \"Correlation\": null,\n      \"EventID\": 4689,\n      \"EventRecordID\": 5263,\n      \"Execution\": {\n        \"#attributes\": {\n          \"ProcessID\": 4,\n          \"ThreadID\": 64\n        }\n      },\n      \"Keywords\": \"0x8020000000000000\",\n      \"Level\": 0,\n      \"Opcode\": 0,\n      \"Provider\": {\n        \"#attributes\": {\n          \"Guid\": \"54849625-5478-4994-A5BA-3E3B0328C30D\",\n          \"Name\": \"Microsoft-Windows-Security-Auditing\"\n        }\n      },\n      \"Security\": null,\n      \"Task\": 13313,\n      \"TimeCreated\": {\n        \"#attributes\": {\n          \"SystemTime\": \"2021-06-29T13:53:03.511428Z\"\n        }\n      },\n      \"Version\": 0\n    }\n  }\n}"
}============{
  "recordid": "10",
  "channel": "Security",
  "computer": "WIN-JN0MUCM05TC",
  "eventid": "4689",
  "eventrecordid": "5264",
  "execution": {
    "processid": 4,
    "threadid": 60
  },
  "keywords": "0x8020000000000000",
  "level": "0",
  "opcode": "0",
  "provider": {
    "guid": "54849625-5478-4994-A5BA-3E3B0328C30D",
    "name": "Microsoft-Windows-Security-Auditing"
  },
  "task": "13313",
  "timecreated": {
    "systemtime": "2021-06-29T13:53:04.894835Z"
  },
  "version": "0",
  "event_data": {
    "processid": "0x8e8",
    "processname": "C:\\Windows\\explorer.exe",
    "status": "0x40010004",
    "subjectdomainname": "WIN-JN0MUCM05TC",
    "subjectlogonid": "0x31897",
    "subjectusername": "user",
    "subjectusersid": "S-1-5-21-3016438738-995544542-2639181184-1000"
  },
  "message": "A process has exited.\r\n\r\nSubject:\r\n\tSecurity ID:\t\tS-1-5-21-3016438738-995544542-2639181184-1000\r\n\tAccount Name:\t\tuser\r\n\tAccount Domain:\t\tWIN-JN0MUCM05TC\r\n\tLogon ID:\t\t0x31897\r\n\r\nProcess Information:\r\n\tProcess ID:\t0x8e8\r\n\tProcess Name:\tC:\\Windows\\explorer.exe\r\n\tExit Status:\t0x40010004",
  "raw": "{\n  \"Event\": {\n    \"#attributes\": {\n      \"xmlns\": \"http://schemas.microsoft.com/win/2004/08/events/event\"\n    },\n    \"EventData\": {\n      \"ProcessId\": \"0x8e8\",\n      \"ProcessName\": \"C:\\\\Windows\\\\explorer.exe\",\n      \"Status\": \"0x40010004\",\n      \"SubjectDomainName\": \"WIN-JN0MUCM05TC\",\n      \"SubjectLogonId\": \"0x31897\",\n      \"SubjectUserName\": \"user\",\n      \"SubjectUserSid\": \"S-1-5-21-3016438738-995544542-2639181184-1000\"\n    },\n    \"System\": {\n      \"Channel\": \"Security\",\n      \"Computer\": \"WIN-JN0MUCM05TC\",\n      \"Correlation\": null,\n      \"EventID\": 4689,\n      \"EventRecordID\": 5264,\n      \"Execution\": {\n        \"#attributes\": {\n          \"ProcessID\": 4,\n          \"ThreadID\": 60\n        }\n      },\n      \"Keywords\": \"0x8020000000000000\",\n      \"Level\": 0,\n      \"Opcode\": 0,\n      \"Provider\": {\n        \"#attributes\": {\n          \"Guid\": \"54849625-5478-4994-A5BA-3E3B0328C30D\",\n          \"Name\": \"Microsoft-Windows-Security-Auditing\"\n        }\n      },\n      \"Security\": null,\n      \"Task\": 13313,\n      \"TimeCreated\": {\n        \"#attributes\": {\n          \"SystemTime\": \"2021-06-29T13:53:04.894835Z\"\n        }\n      },\n      \"Version\": 0\n    }\n  }\n}"
}============{
  "recordid": "11",
  "channel": "Security",
  "computer": "WIN-JN0MUCM05TC",
  "eventid": "4689",
  "eventrecordid": "5265",
  "execution": {
    "processid": 4,
    "threadid": 64
  },
  "keywords": "0x8020000000000000",
  "level": "0",
  "opcode": "0",
  "provider": {
    "guid": "54849625-5478-4994-A5BA-3E3B0328C30D",
    "name": "Microsoft-Windows-Security-Auditing"
  },
  "task": "13313",
  "timecreated": {
    "systemtime": "2021-06-29T13:53:04.936035Z"
  },
  "version": "0",
  "event_data": {
    "processid": "0x834",
    "processname": "C:\\Windows\\System32\\taskhost.exe",
    "status": "0x40010004",
    "subjectdomainname": "WIN-JN0MUCM05TC",
    "subjectlogonid": "0x31897",
    "subjectusername": "user",
    "subjectusersid": "S-1-5-21-3016438738-995544542-2639181184-1000"
  },
  "message": "A process has exited.\r\n\r\nSubject:\r\n\tSecurity ID:\t\tS-1-5-21-3016438738-995544542-2639181184-1000\r\n\tAccount Name:\t\tuser\r\n\tAccount Domain:\t\tWIN-JN0MUCM05TC\r\n\tLogon ID:\t\t0x31897\r\n\r\nProcess Information:\r\n\tProcess ID:\t0x834\r\n\tProcess Name:\tC:\\Windows\\System32\\taskhost.exe\r\n\tExit Status:\t0x40010004",
  "raw": "{\n  \"Event\": {\n    \"#attributes\": {\n      \"xmlns\": \"http://schemas.microsoft.com/win/2004/08/events/event\"\n    },\n    \"EventData\": {\n      \"ProcessId\": \"0x834\",\n      \"ProcessName\": \"C:\\\\Windows\\\\System32\\\\taskhost.exe\",\n      \"Status\": \"0x40010004\",\n      \"SubjectDomainName\": \"WIN-JN0MUCM05TC\",\n      \"SubjectLogonId\": \"0x31897\",\n      \"SubjectUserName\": \"user\",\n      \"SubjectUserSid\": \"S-1-5-21-3016438738-995544542-2639181184-1000\"\n    },\n    \"System\": {\n      \"Channel\": \"Security\",\n      \"Computer\": \"WIN-JN0MUCM05TC\",\n      \"Correlation\": null,\n      \"EventID\": 4689,\n      \"EventRecordID\": 5265,\n      \"Execution\": {\n        \"#attributes\": {\n          \"ProcessID\": 4,\n          \"ThreadID\": 64\n        }\n      },\n      \"Keywords\": \"0x8020000000000000\",\n      \"Level\": 0,\n      \"Opcode\": 0,\n      \"Provider\": {\n        \"#attributes\": {\n          \"Guid\": \"54849625-5478-4994-A5BA-3E3B0328C30D\",\n          \"Name\": \"Microsoft-Windows-Security-Auditing\"\n        }\n      },\n      \"Security\": null,\n      \"Task\": 13313,\n      \"TimeCreated\": {\n        \"#attributes\": {\n          \"SystemTime\": \"2021-06-29T13:53:04.936035Z\"\n        }\n      },\n      \"Version\": 0\n    }\n  }\n}"
}============{
  "recordid": "12",
  "channel": "Security",
  "computer": "WIN-JN0MUCM05TC",
  "eventid": "4689",
  "eventrecordid": "5266",
  "execution": {
    "processid": 4,
    "threadid": 64
  },
  "keywords": "0x8020000000000000",
  "level": "0",
  "opcode": "0",
  "provider": {
    "guid": "54849625-5478-4994-A5BA-3E3B0328C30D",
    "name": "Microsoft-Windows-Security-Auditing"
  },
  "task": "13313",
  "timecreated": {
    "systemtime": "2021-06-29T13:53:05.622436Z"
  },
  "version": "0",
  "event_data": {
    "processid": "0x908",
    "processname": "C:\\Windows\\System32\\dwm.exe",
    "status": "0x40010004",
    "subjectdomainname": "WIN-JN0MUCM05TC",
    "subjectlogonid": "0x31897",
    "subjectusername": "user",
    "subjectusersid": "S-1-5-21-3016438738-995544542-2639181184-1000"
  },
  "message": "A process has exited.\r\n\r\nSubject:\r\n\tSecurity ID:\t\tS-1-5-21-3016438738-995544542-2639181184-1000\r\n\tAccount Name:\t\tuser\r\n\tAccount Domain:\t\tWIN-JN0MUCM05TC\r\n\tLogon ID:\t\t0x31897\r\n\r\nProcess Information:\r\n\tProcess ID:\t0x908\r\n\tProcess Name:\tC:\\Windows\\System32\\dwm.exe\r\n\tExit Status:\t0x40010004",
  "raw": "{\n  \"Event\": {\n    \"#attributes\": {\n      \"xmlns\": \"http://schemas.microsoft.com/win/2004/08/events/event\"\n    },\n    \"EventData\": {\n      \"ProcessId\": \"0x908\",\n      \"ProcessName\": \"C:\\\\Windows\\\\System32\\\\dwm.exe\",\n      \"Status\": \"0x40010004\",\n      \"SubjectDomainName\": \"WIN-JN0MUCM05TC\",\n      \"SubjectLogonId\": \"0x31897\",\n      \"SubjectUserName\": \"user\",\n      \"SubjectUserSid\": \"S-1-5-21-3016438738-995544542-2639181184-1000\"\n    },\n    \"System\": {\n      \"Channel\": \"Security\",\n      \"Computer\": \"WIN-JN0MUCM05TC\",\n      \"Correlation\": null,\n      \"EventID\": 4689,\n      \"EventRecordID\": 5266,\n      \"Execution\": {\n        \"#attributes\": {\n          \"ProcessID\": 4,\n          \"ThreadID\": 64\n        }\n      },\n      \"Keywords\": \"0x8020000000000000\",\n      \"Level\": 0,\n      \"Opcode\": 0,\n      \"Provider\": {\n        \"#attributes\": {\n          \"Guid\": \"54849625-5478-4994-A5BA-3E3B0328C30D\",\n          \"Name\": \"Microsoft-Windows-Security-Auditing\"\n        }\n      },\n      \"Security\": null,\n      \"Task\": 13313,\n      \"TimeCreated\": {\n        \"#attributes\": {\n          \"SystemTime\": \"2021-06-29T13:53:05.622436Z\"\n        }\n      },\n      \"Version\": 0\n    }\n  }\n}"
}============{
  "recordid": "13",
  "channel": "Security",
  "computer": "WIN-JN0MUCM05TC",
  "eventid": "4647",
  "eventrecordid": "5267",
  "execution": {
    "processid": 512,
    "threadid": 560
  },
  "keywords": "0x8020000000000000",
  "level": "0",
  "opcode": "0",
  "provider": {
    "guid": "54849625-5478-4994-A5BA-3E3B0328C30D",
    "name": "Microsoft-Windows-Security-Auditing"
  },
  "task": "12545",
  "timecreated": {
    "systemtime": "2021-06-29T13:53:05.622436Z"
  },
  "version": "0",
  "event_data": {
    "targetdomainname": "WIN-JN0MUCM05TC",
    "targetlogonid": "0x31897",
    "targetusername": "user",
    "targetusersid": "S-1-5-21-3016438738-995544542-2639181184-1000"
  },
  "message": "User initiated logoff:\r\n\r\nSubject:\r\n\tSecurity ID:\t\tS-1-5-21-3016438738-995544542-2639181184-1000\r\n\tAccount Name:\t\tuser\r\n\tAccount Domain:\t\tWIN-JN0MUCM05TC\r\n\tLogon ID:\t\t0x31897\r\n\r\nThis event is generated when a logoff is initiated. No further user-initiated activity can occur. This event can be interpreted as a logoff event.",
  "raw": "{\n  \"Event\": {\n    \"#attributes\": {\n      \"xmlns\": \"http://schemas.microsoft.com/win/2004/08/events/event\"\n    },\n    \"EventData\": {\n      \"TargetDomainName\": \"WIN-JN0MUCM05TC\",\n      \"TargetLogonId\": \"0x31897\",\n      \"TargetUserName\": \"user\",\n      \"TargetUserSid\": \"S-1-5-21-3016438738-995544542-2639181184-1000\"\n    },\n    \"System\": {\n      \"Channel\": \"Security\",\n      \"Computer\": \"WIN-JN0MUCM05TC\",\n      \"Correlation\": null,\n      \"EventID\": 4647,\n      \"EventRecordID\": 5267,\n      \"Execution\": {\n        \"#attributes\": {\n          \"ProcessID\": 512,\n          \"ThreadID\": 560\n        }\n      },\n      \"Keywords\": \"0x8020000000000000\",\n      \"Level\": 0,\n      \"Opcode\": 0,\n      \"Provider\": {\n        \"#attributes\": {\n          \"Guid\": \"54849625-5478-4994-A5BA-3E3B0328C30D\",\n          \"Name\": \"Microsoft-Windows-Security-Auditing\"\n        }\n      },\n      \"Security\": null,\n      \"Task\": 12545,\n      \"TimeCreated\": {\n        \"#attributes\": {\n          \"SystemTime\": \"2021-06-29T13:53:05.622436Z\"\n        }\n      },\n      \"Version\": 0\n    }\n  }\n}"
}============{
  "recordid": "14",
  "channel": "Security",
  "computer": "WIN-JN0MUCM05TC",
  "eventid": "4688",
  "eventrecordid": "5268",
  "execution": {
    "processid": 4,
    "threadid": 64
  },
  "keywords": "0x8020000000000000",
  "level": "0",
  "opcode": "0",
  "provider": {
    "guid": "54849625-5478-4994-A5BA-3E3B0328C30D",
    "name": "Microsoft-Windows-Security-Auditing"
  },
  "task": "13312",
  "timecreated": {
    "systemtime": "2021-06-29T13:53:05.731637Z"
  },
  "version": "1",
  "event_data": {
    "commandline": "\"C:\\Windows\\system32\\SearchProtocolHost.exe\" Global\\UsGthrFltPipeMssGthrPipe3_ Global\\UsGthrCtrlFltPipeMssGthrPipe3 1 -2147483646 \"Software\\Microsoft\\Windows Search\" \"Mozilla/4.0 (compatible; MSIE 6.0; Windows NT; MS Search 4.0 Robot)\" \"C:\\ProgramData\\Microsoft\\Search\\Data\\Temp\\usgthrsvc\" \"DownLevelDaemon\" ",
    "newprocessid": "0x9c4",
    "newprocessname": "C:\\Windows\\System32\\SearchProtocolHost.exe",
    "processid": "0xb5c",
    "subjectdomainname": "WORKGROUP",
    "subjectlogonid": "0x3e7",
    "subjectusername": "WIN-JN0MUCM05TC$",
    "subjectusersid": "S-1-5-18",
    "tokenelevationtype": "%%1936"
  },
  "message": "A new process has been created.\r\n\r\nSubject:\r\n\tSecurity ID:\t\tS-1-5-18\r\n\tAccount Name:\t\tWIN-JN0MUCM05TC$\r\n\tAccount Domain:\t\tWORKGROUP\r\n\tLogon ID:\t\t0x3e7\r\n\r\nProcess Information:\r\n\tNew Process ID:\t\t0x9c4\r\n\tNew Process Name:\tC:\\Windows\\System32\\SearchProtocolHost.exe\r\n\tToken Elevation Type:\t%%1936\r\n\tCreator Process ID:\t0xb5c\r\n\r\nToken Elevation Type indicates the type of token that was assigned to the new process in accordance with User Account Control policy.\r\n\r\nType 1 is a full token with no privileges removed or groups disabled.  A full token is only used if User Account Control is disabled or if the user is the built-in Administrator account or a service account.\r\n\r\nType 2 is an elevated token with no privileges removed or groups disabled.  An elevated token is used when User Account Control is enabled and the user chooses to start the program using Run as administrator.  An elevated token is also used when an application is configured to always require administrative privilege or to always require maximum privilege, and the user is a member of the Administrators group.\r\n\r\nType 3 is a limited token with administrative privileges removed and administrative groups disabled.  The limited token is used when User Account Control is enabled, the application does not require administrative privilege, and the user does not choose to start the program using Run as administrator.",
  "raw": "{\n  \"Event\": {\n    \"#attributes\": {\n      \"xmlns\": \"http://schemas.microsoft.com/win/2004/08/events/event\"\n    },\n    \"EventData\": {\n      \"CommandLine\": \"\\\"C:\\\\Windows\\\\system32\\\\SearchProtocolHost.exe\\\" Global\\\\UsGthrFltPipeMssGthrPipe3_ Global\\\\UsGthrCtrlFltPipeMssGthrPipe3 1 -2147483646 \\\"Software\\\\Microsoft\\\\Windows Search\\\" \\\"Mozilla/4.0 (compatible; MSIE 6.0; Windows NT; MS Search 4.0 Robot)\\\" \\\"C:\\\\ProgramData\\\\Microsoft\\\\Search\\\\Data\\\\Temp\\\\usgthrsvc\\\" \\\"DownLevelDaemon\\\" \",\n      \"NewProcessId\": \"0x9c4\",\n      \"NewProcessName\": \"C:\\\\Windows\\\\System32\\\\SearchProtocolHost.exe\",\n      \"ProcessId\": \"0xb5c\",\n      \"SubjectDomainName\": \"WORKGROUP\",\n      \"SubjectLogonId\": \"0x3e7\",\n      \"SubjectUserName\": \"WIN-JN0MUCM05TC$\",\n      \"SubjectUserSid\": \"S-1-5-18\",\n      \"TokenElevationType\": \"%%1936\"\n    },\n    \"System\": {\n      \"Channel\": \"Security\",\n      \"Computer\": \"WIN-JN0MUCM05TC\",\n      \"Correlation\": null,\n      \"EventID\": 4688,\n      \"EventRecordID\": 5268,\n      \"Execution\": {\n        \"#attributes\": {\n          \"ProcessID\": 4,\n          \"ThreadID\": 64\n        }\n      },\n      \"Keywords\": \"0x8020000000000000\",\n      \"Level\": 0,\n      \"Opcode\": 0,\n      \"Provider\": {\n        \"#attributes\": {\n          \"Guid\": \"54849625-5478-4994-A5BA-3E3B0328C30D\",\n          \"Name\": \"Microsoft-Windows-Security-Auditing\"\n        }\n      },\n      \"Security\": null,\n      \"Task\": 13312,\n      \"TimeCreated\": {\n        \"#attributes\": {\n          \"SystemTime\": \"2021-06-29T13:53:05.731637Z\"\n        }\n      },\n      \"Version\": 1\n    }\n  }\n}"
}============{
  "recordid": "15",
  "channel": "Security",
  "computer": "WIN-JN0MUCM05TC",
  "eventid": "4688",
  "eventrecordid": "5269",
  "execution": {
    "processid": 4,
    "threadid": 64
  },
  "keywords": "0x8020000000000000",
  "level": "0",
  "opcode": "0",
  "provider": {
    "guid": "54849625-5478-4994-A5BA-3E3B0328C30D",
    "name": "Microsoft-Windows-Security-Auditing"
  },
  "task": "13312",
  "timecreated": {
    "systemtime": "2021-06-29T13:53:05.762837Z"
  },
  "version": "1",
  "event_data": {
    "commandline": "\"C:\\Windows\\system32\\SearchFilterHost.exe\" 0 528 532 540 65536 536 ",
    "newprocessid": "0x934",
    "newprocessname": "C:\\Windows\\System32\\SearchFilterHost.exe",
    "processid": "0xb5c",
    "subjectdomainname": "WORKGROUP",
    "subjectlogonid": "0x3e7",
    "subjectusername": "WIN-JN0MUCM05TC$",
    "subjectusersid": "S-1-5-18",
    "tokenelevationtype": "%%1936"
  },
  "message": "A new process has been created.\r\n\r\nSubject:\r\n\tSecurity ID:\t\tS-1-5-18\r\n\tAccount Name:\t\tWIN-JN0MUCM05TC$\r\n\tAccount Domain:\t\tWORKGROUP\r\n\tLogon ID:\t\t0x3e7\r\n\r\nProcess Information:\r\n\tNew Process ID:\t\t0x934\r\n\tNew Process Name:\tC:\\Windows\\System32\\SearchFilterHost.exe\r\n\tToken Elevation Type:\t%%1936\r\n\tCreator Process ID:\t0xb5c\r\n\r\nToken Elevation Type indicates the type of token that was assigned to the new process in accordance with User Account Control policy.\r\n\r\nType 1 is a full token with no privileges removed or groups disabled.  A full token is only used if User Account Control is disabled or if the user is the built-in Administrator account or a service account.\r\n\r\nType 2 is an elevated token with no privileges removed or groups disabled.  An elevated token is used when User Account Control is enabled and the user chooses to start the program using Run as administrator.  An elevated token is also used when an application is configured to always require administrative privilege or to always require maximum privilege, and the user is a member of the Administrators group.\r\n\r\nType 3 is a limited token with administrative privileges removed and administrative groups disabled.  The limited token is used when User Account Control is enabled, the application does not require administrative privilege, and the user does not choose to start the program using Run as administrator.",
  "raw": "{\n  \"Event\": {\n    \"#attributes\": {\n      \"xmlns\": \"http://schemas.microsoft.com/win/2004/08/events/event\"\n    },\n    \"EventData\": {\n      \"CommandLine\": \"\\\"C:\\\\Windows\\\\system32\\\\SearchFilterHost.exe\\\" 0 528 532 540 65536 536 \",\n      \"NewProcessId\": \"0x934\",\n      \"NewProcessName\": \"C:\\\\Windows\\\\System32\\\\SearchFilterHost.exe\",\n      \"ProcessId\": \"0xb5c\",\n      \"SubjectDomainName\": \"WORKGROUP\",\n      \"SubjectLogonId\": \"0x3e7\",\n      \"SubjectUserName\": \"WIN-JN0MUCM05TC$\",\n      \"SubjectUserSid\": \"S-1-5-18\",\n      \"TokenElevationType\": \"%%1936\"\n    },\n    \"System\": {\n      \"Channel\": \"Security\",\n      \"Computer\": \"WIN-JN0MUCM05TC\",\n      \"Correlation\": null,\n      \"EventID\": 4688,\n      \"EventRecordID\": 5269,\n      \"Execution\": {\n        \"#attributes\": {\n          \"ProcessID\": 4,\n          \"ThreadID\": 64\n        }\n      },\n      \"Keywords\": \"0x8020000000000000\",\n      \"Level\": 0,\n      \"Opcode\": 0,\n      \"Provider\": {\n        \"#attributes\": {\n          \"Guid\": \"54849625-5478-4994-A5BA-3E3B0328C30D\",\n          \"Name\": \"Microsoft-Windows-Security-Auditing\"\n        }\n      },\n      \"Security\": null,\n      \"Task\": 13312,\n      \"TimeCreated\": {\n        \"#attributes\": {\n          \"SystemTime\": \"2021-06-29T13:53:05.762837Z\"\n        }\n      },\n      \"Version\": 1\n    }\n  }\n}"
}============{
  "recordid": "16",
  "channel": "Security",
  "computer": "WIN-JN0MUCM05TC",
  "eventid": "4688",
  "eventrecordid": "5270",
  "execution": {
    "processid": 4,
    "threadid": 64
  },
  "keywords": "0x8020000000000000",
  "level": "0",
  "opcode": "0",
  "provider": {
    "guid": "54849625-5478-4994-A5BA-3E3B0328C30D",
    "name": "Microsoft-Windows-Security-Auditing"
  },
  "task": "13312",
  "timecreated": {
    "systemtime": "2021-06-29T13:53:06.246437Z"
  },
  "version": "1",
  "event_data": {
    "commandline": "\\SystemRoot\\System32\\smss.exe 00000000 0000003c ",
    "newprocessid": "0x16c",
    "newprocessname": "C:\\Windows\\System32\\smss.exe",
    "processid": "0x108",
    "subjectdomainname": "WORKGROUP",
    "subjectlogonid": "0x3e7",
    "subjectusername": "WIN-JN0MUCM05TC$",
    "subjectusersid": "S-1-5-18",
    "tokenelevationtype": "%%1936"
  },
  "message": "A new process has been created.\r\n\r\nSubject:\r\n\tSecurity ID:\t\tS-1-5-18\r\n\tAccount Name:\t\tWIN-JN0MUCM05TC$\r\n\tAccount Domain:\t\tWORKGROUP\r\n\tLogon ID:\t\t0x3e7\r\n\r\nProcess Information:\r\n\tNew Process ID:\t\t0x16c\r\n\tNew Process Name:\tC:\\Windows\\System32\\smss.exe\r\n\tToken Elevation Type:\t%%1936\r\n\tCreator Process ID:\t0x108\r\n\r\nToken Elevation Type indicates the type of token that was assigned to the new process in accordance with User Account Control policy.\r\n\r\nType 1 is a full token with no privileges removed or groups disabled.  A full token is only used if User Account Control is disabled or if the user is the built-in Administrator account or a service account.\r\n\r\nType 2 is an elevated token with no privileges removed or groups disabled.  An elevated token is used when User Account Control is enabled and the user chooses to start the program using Run as administrator.  An elevated token is also used when an application is configured to always require administrative privilege or to always require maximum privilege, and the user is a member of the Administrators group.\r\n\r\nType 3 is a limited token with administrative privileges removed and administrative groups disabled.  The limited token is used when User Account Control is enabled, the application does not require administrative privilege, and the user does not choose to start the program using Run as administrator.",
  "raw": "{\n  \"Event\": {\n    \"#attributes\": {\n      \"xmlns\": \"http://schemas.microsoft.com/win/2004/08/events/event\"\n    },\n    \"EventData\": {\n      \"CommandLine\": \"\\\\SystemRoot\\\\System32\\\\smss.exe 00000000 0000003c \",\n      \"NewProcessId\": \"0x16c\",\n      \"NewProcessName\": \"C:\\\\Windows\\\\System32\\\\smss.exe\",\n      \"ProcessId\": \"0x108\",\n      \"SubjectDomainName\": \"WORKGROUP\",\n      \"SubjectLogonId\": \"0x3e7\",\n      \"SubjectUserName\": \"WIN-JN0MUCM05TC$\",\n      \"SubjectUserSid\": \"S-1-5-18\",\n      \"TokenElevationType\": \"%%1936\"\n    },\n    \"System\": {\n      \"Channel\": \"Security\",\n      \"Computer\": \"WIN-JN0MUCM05TC\",\n      \"Correlation\": null,\n      \"EventID\": 4688,\n      \"EventRecordID\": 5270,\n      \"Execution\": {\n        \"#attributes\": {\n          \"ProcessID\": 4,\n          \"ThreadID\": 64\n        }\n      },\n      \"Keywords\": \"0x8020000000000000\",\n      \"Level\": 0,\n      \"Opcode\": 0,\n      \"Provider\": {\n        \"#attributes\": {\n          \"Guid\": \"54849625-5478-4994-A5BA-3E3B0328C30D\",\n          \"Name\": \"Microsoft-Windows-Security-Auditing\"\n        }\n      },\n      \"Security\": null,\n      \"Task\": 13312,\n      \"TimeCreated\": {\n        \"#attributes\": {\n          \"SystemTime\": \"2021-06-29T13:53:06.246437Z\"\n        }\n      },\n      \"Version\": 1\n    }\n  }\n}"
}============{
  "recordid": "17",
  "channel": "Security",
  "computer": "WIN-JN0MUCM05TC",
  "eventid": "4688",
  "eventrecordid": "5271",
  "execution": {
    "processid": 4,
    "threadid": 64
  },
  "keywords": "0x8020000000000000",
  "level": "0",
  "opcode": "0",
  "provider": {
    "guid": "54849625-5478-4994-A5BA-3E3B0328C30D",
    "name": "Microsoft-Windows-Security-Auditing"
  },
  "task": "13312",
  "timecreated": {
    "systemtime": "2021-06-29T13:53:06.246437Z"
  },
  "version": "1",
  "event_data": {
    "commandline": "%SystemRoot%\\system32\\csrss.exe ObjectDirectory=\\Windows SharedSection=1024,20480,768 Windows=On SubSystemType=Windows ServerDll=basesrv,1 ServerDll=winsrv:UserServerDllInitialization,3 ServerDll=winsrv:ConServerDllInitialization,2 ServerDll=sxssrv,4 ProfileControl=Off MaxRequestThreads=16",
    "newprocessid": "0xb0",
    "newprocessname": "C:\\Windows\\System32\\csrss.exe",
    "processid": "0x16c",
    "subjectdomainname": "WORKGROUP",
    "subjectlogonid": "0x3e7",
    "subjectusername": "WIN-JN0MUCM05TC$",
    "subjectusersid": "S-1-5-18",
    "tokenelevationtype": "%%1936"
  },
  "message": "A new process has been created.\r\n\r\nSubject:\r\n\tSecurity ID:\t\tS-1-5-18\r\n\tAccount Name:\t\tWIN-JN0MUCM05TC$\r\n\tAccount Domain:\t\tWORKGROUP\r\n\tLogon ID:\t\t0x3e7\r\n\r\nProcess Information:\r\n\tNew Process ID:\t\t0xb0\r\n\tNew Process Name:\tC:\\Windows\\System32\\csrss.exe\r\n\tToken Elevation Type:\t%%1936\r\n\tCreator Process ID:\t0x16c\r\n\r\nToken Elevation Type indicates the type of token that was assigned to the new process in accordance with User Account Control policy.\r\n\r\nType 1 is a full token with no privileges removed or groups disabled.  A full token is only used if User Account Control is disabled or if the user is the built-in Administrator account or a service account.\r\n\r\nType 2 is an elevated token with no privileges removed or groups disabled.  An elevated token is used when User Account Control is enabled and the user chooses to start the program using Run as administrator.  An elevated token is also used when an application is configured to always require administrative privilege or to always require maximum privilege, and the user is a member of the Administrators group.\r\n\r\nType 3 is a limited token with administrative privileges removed and administrative groups disabled.  The limited token is used when User Account Control is enabled, the application does not require administrative privilege, and the user does not choose to start the program using Run as administrator.",
  "raw": "{\n  \"Event\": {\n    \"#attributes\": {\n      \"xmlns\": \"http://schemas.microsoft.com/win/2004/08/events/event\"\n    },\n    \"EventData\": {\n      \"CommandLine\": \"%SystemRoot%\\\\system32\\\\csrss.exe ObjectDirectory=\\\\Windows SharedSection=1024,20480,768 Windows=On SubSystemType=Windows ServerDll=basesrv,1 ServerDll=winsrv:UserServerDllInitialization,3 ServerDll=winsrv:ConServerDllInitialization,2 ServerDll=sxssrv,4 ProfileControl=Off MaxRequestThreads=16\",\n      \"NewProcessId\": \"0xb0\",\n      \"NewProcessName\": \"C:\\\\Windows\\\\System32\\\\csrss.exe\",\n      \"ProcessId\": \"0x16c\",\n      \"SubjectDomainName\": \"WORKGROUP\",\n      \"SubjectLogonId\": \"0x3e7\",\n      \"SubjectUserName\": \"WIN-JN0MUCM05TC$\",\n      \"SubjectUserSid\": \"S-1-5-18\",\n      \"TokenElevationType\": \"%%1936\"\n    },\n    \"System\": {\n      \"Channel\": \"Security\",\n      \"Computer\": \"WIN-JN0MUCM05TC\",\n      \"Correlation\": null,\n      \"EventID\": 4688,\n      \"EventRecordID\": 5271,\n      \"Execution\": {\n        \"#attributes\": {\n          \"ProcessID\": 4,\n          \"ThreadID\": 64\n        }\n      },\n      \"Keywords\": \"0x8020000000000000\",\n      \"Level\": 0,\n      \"Opcode\": 0,\n      \"Provider\": {\n        \"#attributes\": {\n          \"Guid\": \"54849625-5478-4994-A5BA-3E3B0328C30D\",\n          \"Name\": \"Microsoft-Windows-Security-Auditing\"\n        }\n      },\n      \"Security\": null,\n      \"Task\": 13312,\n      \"TimeCreated\": {\n        \"#attributes\": {\n          \"SystemTime\": \"2021-06-29T13:53:06.246437Z\"\n        }\n      },\n      \"Version\": 1\n    }\n  }\n}"
}============{
  "recordid": "18",
  "channel": "Security",
  "computer": "WIN-JN0MUCM05TC",
  "eventid": "4688",
