  "eventrecordid": "5456",
  "execution": {
    "processid": 4,
    "threadid": 64
  },
  "keywords": "0x8020000000000000",
  "level": "0",
  "opcode": "0",
  "provider": {
    "guid": "54849625-5478-4994-A5BA-3E3B0328C30D",
    "name": "Microsoft-Windows-Security-Auditing"
  },
  "task": "12800",
  "timecreated": {
    "systemtime": "2021-06-29T13:57:03.707140Z"
  },
  "version": "0",
  "event_data": {
    "accesslist": "%%4423\r\n\t\t\t\t",
    "accessmask": "0x80",
    "handleid": "0x3c0",
    "objectname": "C:\\Users\\user\\The X-Files\\Big Plan.txt",
    "objectserver": "Security",
    "objecttype": "File",
    "processid": "0x8b8",
    "processname": "C:\\Windows\\System32\\SearchProtocolHost.exe",
    "subjectdomainname": "WORKGROUP",
    "subjectlogonid": "0x3e7",
    "subjectusername": "WIN-JN0MUCM05TC$",
    "subjectusersid": "S-1-5-18"
  },
  "message": "An attempt was made to access an object.\r\n\r\nSubject:\r\n\tSecurity ID:\t\tS-1-5-18\r\n\tAccount Name:\t\tWIN-JN0MUCM05TC$\r\n\tAccount Domain:\t\tWORKGROUP\r\n\tLogon ID:\t\t0x3e7\r\n\r\nObject:\r\n\tObject Server:\tSecurity\r\n\tObject Type:\tFile\r\n\tObject Name:\tC:\\Users\\user\\The X-Files\\Big Plan.txt\r\n\tHandle ID:\t0x3c0\r\n\r\nProcess Information:\r\n\tProcess ID:\t0x8b8\r\n\tProcess Name:\tC:\\Windows\\System32\\SearchProtocolHost.exe\r\n\r\nAccess Request Information:\r\n\tAccesses:\t%%4423\r\n\t\t\t\t\r\n\tAccess Mask:\t0x80",
  "raw": "{\n  \"Event\": {\n    \"#attributes\": {\n      \"xmlns\": \"http://schemas.microsoft.com/win/2004/08/events/event\"\n    },\n    \"EventData\": {\n      \"AccessList\": \"%%4423\\r\\n\\t\\t\\t\\t\",\n      \"AccessMask\": \"0x80\",\n      \"HandleId\": \"0x3c0\",\n      \"ObjectName\": \"C:\\\\Users\\\\user\\\\The X-Files\\\\Big Plan.txt\",\n      \"ObjectServer\": \"Security\",\n      \"ObjectType\": \"File\",\n      \"ProcessId\": \"0x8b8\",\n      \"ProcessName\": \"C:\\\\Windows\\\\System32\\\\SearchProtocolHost.exe\",\n      \"SubjectDomainName\": \"WORKGROUP\",\n      \"SubjectLogonId\": \"0x3e7\",\n      \"SubjectUserName\": \"WIN-JN0MUCM05TC$\",\n      \"SubjectUserSid\": \"S-1-5-18\"\n    },\n    \"System\": {\n      \"Channel\": \"Security\",\n      \"Computer\": \"WIN-JN0MUCM05TC\",\n      \"Correlation\": null,\n      \"EventID\": 4663,\n      \"EventRecordID\": 5456,\n      \"Execution\": {\n        \"#attributes\": {\n          \"ProcessID\": 4,\n          \"ThreadID\": 64\n        }\n      },\n      \"Keywords\": \"0x8020000000000000\",\n      \"Level\": 0,\n      \"Opcode\": 0,\n      \"Provider\": {\n        \"#attributes\": {\n          \"Guid\": \"54849625-5478-4994-A5BA-3E3B0328C30D\",\n          \"Name\": \"Microsoft-Windows-Security-Auditing\"\n        }\n      },\n      \"Security\": null,\n      \"Task\": 12800,\n      \"TimeCreated\": {\n        \"#attributes\": {\n          \"SystemTime\": \"2021-06-29T13:57:03.707140Z\"\n        }\n      },\n      \"Version\": 0\n    }\n  }\n}"
}============{
  "recordid": "203",
  "channel": "Security",
  "computer": "WIN-JN0MUCM05TC",
  "eventid": "4663",
  "eventrecordid": "5457",
  "execution": {
    "processid": 4,
    "threadid": 64
  },
  "keywords": "0x8020000000000000",
  "level": "0",
  "opcode": "0",
  "provider": {
    "guid": "54849625-5478-4994-A5BA-3E3B0328C30D",
    "name": "Microsoft-Windows-Security-Auditing"
  },
  "task": "12800",
  "timecreated": {
    "systemtime": "2021-06-29T13:57:03.708140Z"
  },
  "version": "0",
  "event_data": {
    "accesslist": "%%1538\r\n\t\t\t\t",
    "accessmask": "0x20000",
    "handleid": "0x3c8",
    "objectname": "C:\\Users\\user\\The X-Files\\Big Plan.txt",
    "objectserver": "Security",
    "objecttype": "File",
    "processid": "0x8b8",
    "processname": "C:\\Windows\\System32\\SearchProtocolHost.exe",
    "subjectdomainname": "WORKGROUP",
    "subjectlogonid": "0x3e7",
    "subjectusername": "WIN-JN0MUCM05TC$",
    "subjectusersid": "S-1-5-18"
  },
  "message": "An attempt was made to access an object.\r\n\r\nSubject:\r\n\tSecurity ID:\t\tS-1-5-18\r\n\tAccount Name:\t\tWIN-JN0MUCM05TC$\r\n\tAccount Domain:\t\tWORKGROUP\r\n\tLogon ID:\t\t0x3e7\r\n\r\nObject:\r\n\tObject Server:\tSecurity\r\n\tObject Type:\tFile\r\n\tObject Name:\tC:\\Users\\user\\The X-Files\\Big Plan.txt\r\n\tHandle ID:\t0x3c8\r\n\r\nProcess Information:\r\n\tProcess ID:\t0x8b8\r\n\tProcess Name:\tC:\\Windows\\System32\\SearchProtocolHost.exe\r\n\r\nAccess Request Information:\r\n\tAccesses:\t%%1538\r\n\t\t\t\t\r\n\tAccess Mask:\t0x20000",
  "raw": "{\n  \"Event\": {\n    \"#attributes\": {\n      \"xmlns\": \"http://schemas.microsoft.com/win/2004/08/events/event\"\n    },\n    \"EventData\": {\n      \"AccessList\": \"%%1538\\r\\n\\t\\t\\t\\t\",\n      \"AccessMask\": \"0x20000\",\n      \"HandleId\": \"0x3c8\",\n      \"ObjectName\": \"C:\\\\Users\\\\user\\\\The X-Files\\\\Big Plan.txt\",\n      \"ObjectServer\": \"Security\",\n      \"ObjectType\": \"File\",\n      \"ProcessId\": \"0x8b8\",\n      \"ProcessName\": \"C:\\\\Windows\\\\System32\\\\SearchProtocolHost.exe\",\n      \"SubjectDomainName\": \"WORKGROUP\",\n      \"SubjectLogonId\": \"0x3e7\",\n      \"SubjectUserName\": \"WIN-JN0MUCM05TC$\",\n      \"SubjectUserSid\": \"S-1-5-18\"\n    },\n    \"System\": {\n      \"Channel\": \"Security\",\n      \"Computer\": \"WIN-JN0MUCM05TC\",\n      \"Correlation\": null,\n      \"EventID\": 4663,\n      \"EventRecordID\": 5457,\n      \"Execution\": {\n        \"#attributes\": {\n          \"ProcessID\": 4,\n          \"ThreadID\": 64\n        }\n      },\n      \"Keywords\": \"0x8020000000000000\",\n      \"Level\": 0,\n      \"Opcode\": 0,\n      \"Provider\": {\n        \"#attributes\": {\n          \"Guid\": \"54849625-5478-4994-A5BA-3E3B0328C30D\",\n          \"Name\": \"Microsoft-Windows-Security-Auditing\"\n        }\n      },\n      \"Security\": null,\n      \"Task\": 12800,\n      \"TimeCreated\": {\n        \"#attributes\": {\n          \"SystemTime\": \"2021-06-29T13:57:03.708140Z\"\n        }\n      },\n      \"Version\": 0\n    }\n  }\n}"
}============{
  "recordid": "204",
  "channel": "Security",
  "computer": "WIN-JN0MUCM05TC",
  "eventid": "4663",
  "eventrecordid": "5458",
  "execution": {
    "processid": 4,
    "threadid": 64
  },
  "keywords": "0x8020000000000000",
  "level": "0",
  "opcode": "0",
  "provider": {
    "guid": "54849625-5478-4994-A5BA-3E3B0328C30D",
    "name": "Microsoft-Windows-Security-Auditing"
  },
  "task": "12800",
  "timecreated": {
    "systemtime": "2021-06-29T13:57:03.731141Z"
  },
  "version": "0",
  "event_data": {
    "accesslist": "%%1538\r\n\t\t\t\t",
    "accessmask": "0x20000",
    "handleid": "0x47c",
    "objectname": "C:\\Users\\user\\The X-Files\\Big Plan.txt",
    "objectserver": "Security",
    "objecttype": "File",
    "processid": "0x8b8",
    "processname": "C:\\Windows\\System32\\SearchProtocolHost.exe",
    "subjectdomainname": "WORKGROUP",
    "subjectlogonid": "0x3e7",
    "subjectusername": "WIN-JN0MUCM05TC$",
    "subjectusersid": "S-1-5-18"
  },
  "message": "An attempt was made to access an object.\r\n\r\nSubject:\r\n\tSecurity ID:\t\tS-1-5-18\r\n\tAccount Name:\t\tWIN-JN0MUCM05TC$\r\n\tAccount Domain:\t\tWORKGROUP\r\n\tLogon ID:\t\t0x3e7\r\n\r\nObject:\r\n\tObject Server:\tSecurity\r\n\tObject Type:\tFile\r\n\tObject Name:\tC:\\Users\\user\\The X-Files\\Big Plan.txt\r\n\tHandle ID:\t0x47c\r\n\r\nProcess Information:\r\n\tProcess ID:\t0x8b8\r\n\tProcess Name:\tC:\\Windows\\System32\\SearchProtocolHost.exe\r\n\r\nAccess Request Information:\r\n\tAccesses:\t%%1538\r\n\t\t\t\t\r\n\tAccess Mask:\t0x20000",
  "raw": "{\n  \"Event\": {\n    \"#attributes\": {\n      \"xmlns\": \"http://schemas.microsoft.com/win/2004/08/events/event\"\n    },\n    \"EventData\": {\n      \"AccessList\": \"%%1538\\r\\n\\t\\t\\t\\t\",\n      \"AccessMask\": \"0x20000\",\n      \"HandleId\": \"0x47c\",\n      \"ObjectName\": \"C:\\\\Users\\\\user\\\\The X-Files\\\\Big Plan.txt\",\n      \"ObjectServer\": \"Security\",\n      \"ObjectType\": \"File\",\n      \"ProcessId\": \"0x8b8\",\n      \"ProcessName\": \"C:\\\\Windows\\\\System32\\\\SearchProtocolHost.exe\",\n      \"SubjectDomainName\": \"WORKGROUP\",\n      \"SubjectLogonId\": \"0x3e7\",\n      \"SubjectUserName\": \"WIN-JN0MUCM05TC$\",\n      \"SubjectUserSid\": \"S-1-5-18\"\n    },\n    \"System\": {\n      \"Channel\": \"Security\",\n      \"Computer\": \"WIN-JN0MUCM05TC\",\n      \"Correlation\": null,\n      \"EventID\": 4663,\n      \"EventRecordID\": 5458,\n      \"Execution\": {\n        \"#attributes\": {\n          \"ProcessID\": 4,\n          \"ThreadID\": 64\n        }\n      },\n      \"Keywords\": \"0x8020000000000000\",\n      \"Level\": 0,\n      \"Opcode\": 0,\n      \"Provider\": {\n        \"#attributes\": {\n          \"Guid\": \"54849625-5478-4994-A5BA-3E3B0328C30D\",\n          \"Name\": \"Microsoft-Windows-Security-Auditing\"\n        }\n      },\n      \"Security\": null,\n      \"Task\": 12800,\n      \"TimeCreated\": {\n        \"#attributes\": {\n          \"SystemTime\": \"2021-06-29T13:57:03.731141Z\"\n        }\n      },\n      \"Version\": 0\n    }\n  }\n}"
}============{
  "recordid": "205",
  "channel": "Security",
  "computer": "WIN-JN0MUCM05TC",
  "eventid": "4663",
  "eventrecordid": "5459",
  "execution": {
    "processid": 4,
    "threadid": 64
  },
  "keywords": "0x8020000000000000",
  "level": "0",
  "opcode": "0",
  "provider": {
    "guid": "54849625-5478-4994-A5BA-3E3B0328C30D",
    "name": "Microsoft-Windows-Security-Auditing"
  },
  "task": "12800",
  "timecreated": {
    "systemtime": "2021-06-29T13:57:03.736142Z"
  },
  "version": "0",
  "event_data": {
    "accesslist": "%%4416\r\n\t\t\t\t",
    "accessmask": "0x1",
    "handleid": "0x3c8",
    "objectname": "C:\\Users\\user\\The X-Files\\Big Plan.txt",
    "objectserver": "Security",
    "objecttype": "File",
    "processid": "0x8b8",
    "processname": "C:\\Windows\\System32\\SearchProtocolHost.exe",
    "subjectdomainname": "WORKGROUP",
    "subjectlogonid": "0x3e7",
    "subjectusername": "WIN-JN0MUCM05TC$",
    "subjectusersid": "S-1-5-18"
  },
  "message": "An attempt was made to access an object.\r\n\r\nSubject:\r\n\tSecurity ID:\t\tS-1-5-18\r\n\tAccount Name:\t\tWIN-JN0MUCM05TC$\r\n\tAccount Domain:\t\tWORKGROUP\r\n\tLogon ID:\t\t0x3e7\r\n\r\nObject:\r\n\tObject Server:\tSecurity\r\n\tObject Type:\tFile\r\n\tObject Name:\tC:\\Users\\user\\The X-Files\\Big Plan.txt\r\n\tHandle ID:\t0x3c8\r\n\r\nProcess Information:\r\n\tProcess ID:\t0x8b8\r\n\tProcess Name:\tC:\\Windows\\System32\\SearchProtocolHost.exe\r\n\r\nAccess Request Information:\r\n\tAccesses:\t%%4416\r\n\t\t\t\t\r\n\tAccess Mask:\t0x1",
  "raw": "{\n  \"Event\": {\n    \"#attributes\": {\n      \"xmlns\": \"http://schemas.microsoft.com/win/2004/08/events/event\"\n    },\n    \"EventData\": {\n      \"AccessList\": \"%%4416\\r\\n\\t\\t\\t\\t\",\n      \"AccessMask\": \"0x1\",\n      \"HandleId\": \"0x3c8\",\n      \"ObjectName\": \"C:\\\\Users\\\\user\\\\The X-Files\\\\Big Plan.txt\",\n      \"ObjectServer\": \"Security\",\n      \"ObjectType\": \"File\",\n      \"ProcessId\": \"0x8b8\",\n      \"ProcessName\": \"C:\\\\Windows\\\\System32\\\\SearchProtocolHost.exe\",\n      \"SubjectDomainName\": \"WORKGROUP\",\n      \"SubjectLogonId\": \"0x3e7\",\n      \"SubjectUserName\": \"WIN-JN0MUCM05TC$\",\n      \"SubjectUserSid\": \"S-1-5-18\"\n    },\n    \"System\": {\n      \"Channel\": \"Security\",\n      \"Computer\": \"WIN-JN0MUCM05TC\",\n      \"Correlation\": null,\n      \"EventID\": 4663,\n      \"EventRecordID\": 5459,\n      \"Execution\": {\n        \"#attributes\": {\n          \"ProcessID\": 4,\n          \"ThreadID\": 64\n        }\n      },\n      \"Keywords\": \"0x8020000000000000\",\n      \"Level\": 0,\n      \"Opcode\": 0,\n      \"Provider\": {\n        \"#attributes\": {\n          \"Guid\": \"54849625-5478-4994-A5BA-3E3B0328C30D\",\n          \"Name\": \"Microsoft-Windows-Security-Auditing\"\n        }\n      },\n      \"Security\": null,\n      \"Task\": 12800,\n      \"TimeCreated\": {\n        \"#attributes\": {\n          \"SystemTime\": \"2021-06-29T13:57:03.736142Z\"\n        }\n      },\n      \"Version\": 0\n    }\n  }\n}"
}============{
  "recordid": "206",
  "channel": "Security",
  "computer": "WIN-JN0MUCM05TC",
  "eventid": "4663",
  "eventrecordid": "5460",
  "execution": {
    "processid": 4,
    "threadid": 64
  },
  "keywords": "0x8020000000000000",
  "level": "0",
  "opcode": "0",
  "provider": {
    "guid": "54849625-5478-4994-A5BA-3E3B0328C30D",
    "name": "Microsoft-Windows-Security-Auditing"
  },
  "task": "12800",
  "timecreated": {
    "systemtime": "2021-06-29T13:57:04.687196Z"
  },
  "version": "0",
  "event_data": {
    "accesslist": "%%1538\r\n\t\t\t\t",
    "accessmask": "0x20000",
    "handleid": "0x59c",
    "objectname": "C:\\Users\\user\\The X-Files\\Big Plan.txt",
    "objectserver": "Security",
    "objecttype": "File",
    "processid": "0xb80",
    "processname": "C:\\Windows\\explorer.exe",
    "subjectdomainname": "WIN-JN0MUCM05TC",
    "subjectlogonid": "0x1a85af",
    "subjectusername": "user",
    "subjectusersid": "S-1-5-21-3016438738-995544542-2639181184-1000"
  },
  "message": "An attempt was made to access an object.\r\n\r\nSubject:\r\n\tSecurity ID:\t\tS-1-5-21-3016438738-995544542-2639181184-1000\r\n\tAccount Name:\t\tuser\r\n\tAccount Domain:\t\tWIN-JN0MUCM05TC\r\n\tLogon ID:\t\t0x1a85af\r\n\r\nObject:\r\n\tObject Server:\tSecurity\r\n\tObject Type:\tFile\r\n\tObject Name:\tC:\\Users\\user\\The X-Files\\Big Plan.txt\r\n\tHandle ID:\t0x59c\r\n\r\nProcess Information:\r\n\tProcess ID:\t0xb80\r\n\tProcess Name:\tC:\\Windows\\explorer.exe\r\n\r\nAccess Request Information:\r\n\tAccesses:\t%%1538\r\n\t\t\t\t\r\n\tAccess Mask:\t0x20000",
  "raw": "{\n  \"Event\": {\n    \"#attributes\": {\n      \"xmlns\": \"http://schemas.microsoft.com/win/2004/08/events/event\"\n    },\n    \"EventData\": {\n      \"AccessList\": \"%%1538\\r\\n\\t\\t\\t\\t\",\n      \"AccessMask\": \"0x20000\",\n      \"HandleId\": \"0x59c\",\n      \"ObjectName\": \"C:\\\\Users\\\\user\\\\The X-Files\\\\Big Plan.txt\",\n      \"ObjectServer\": \"Security\",\n      \"ObjectType\": \"File\",\n      \"ProcessId\": \"0xb80\",\n      \"ProcessName\": \"C:\\\\Windows\\\\explorer.exe\",\n      \"SubjectDomainName\": \"WIN-JN0MUCM05TC\",\n      \"SubjectLogonId\": \"0x1a85af\",\n      \"SubjectUserName\": \"user\",\n      \"SubjectUserSid\": \"S-1-5-21-3016438738-995544542-2639181184-1000\"\n    },\n    \"System\": {\n      \"Channel\": \"Security\",\n      \"Computer\": \"WIN-JN0MUCM05TC\",\n      \"Correlation\": null,\n      \"EventID\": 4663,\n      \"EventRecordID\": 5460,\n      \"Execution\": {\n        \"#attributes\": {\n          \"ProcessID\": 4,\n          \"ThreadID\": 64\n        }\n      },\n      \"Keywords\": \"0x8020000000000000\",\n      \"Level\": 0,\n      \"Opcode\": 0,\n      \"Provider\": {\n        \"#attributes\": {\n          \"Guid\": \"54849625-5478-4994-A5BA-3E3B0328C30D\",\n          \"Name\": \"Microsoft-Windows-Security-Auditing\"\n        }\n      },\n      \"Security\": null,\n      \"Task\": 12800,\n      \"TimeCreated\": {\n        \"#attributes\": {\n          \"SystemTime\": \"2021-06-29T13:57:04.687196Z\"\n        }\n      },\n      \"Version\": 0\n    }\n  }\n}"
}============{
  "recordid": "207",
  "channel": "Security",
  "computer": "WIN-JN0MUCM05TC",
  "eventid": "4663",
  "eventrecordid": "5461",
  "execution": {
    "processid": 4,
    "threadid": 64
  },
  "keywords": "0x8020000000000000",
  "level": "0",
  "opcode": "0",
  "provider": {
    "guid": "54849625-5478-4994-A5BA-3E3B0328C30D",
    "name": "Microsoft-Windows-Security-Auditing"
  },
  "task": "12800",
  "timecreated": {
    "systemtime": "2021-06-29T13:57:04.688196Z"
  },
  "version": "0",
  "event_data": {
    "accesslist": "%%1538\r\n\t\t\t\t",
    "accessmask": "0x20000",
    "handleid": "0x59c",
    "objectname": "C:\\Users\\user\\The X-Files\\Big Plan.txt",
    "objectserver": "Security",
    "objecttype": "File",
    "processid": "0xb80",
    "processname": "C:\\Windows\\explorer.exe",
    "subjectdomainname": "WIN-JN0MUCM05TC",
    "subjectlogonid": "0x1a85af",
    "subjectusername": "user",
    "subjectusersid": "S-1-5-21-3016438738-995544542-2639181184-1000"
  },
  "message": "An attempt was made to access an object.\r\n\r\nSubject:\r\n\tSecurity ID:\t\tS-1-5-21-3016438738-995544542-2639181184-1000\r\n\tAccount Name:\t\tuser\r\n\tAccount Domain:\t\tWIN-JN0MUCM05TC\r\n\tLogon ID:\t\t0x1a85af\r\n\r\nObject:\r\n\tObject Server:\tSecurity\r\n\tObject Type:\tFile\r\n\tObject Name:\tC:\\Users\\user\\The X-Files\\Big Plan.txt\r\n\tHandle ID:\t0x59c\r\n\r\nProcess Information:\r\n\tProcess ID:\t0xb80\r\n\tProcess Name:\tC:\\Windows\\explorer.exe\r\n\r\nAccess Request Information:\r\n\tAccesses:\t%%1538\r\n\t\t\t\t\r\n\tAccess Mask:\t0x20000",
  "raw": "{\n  \"Event\": {\n    \"#attributes\": {\n      \"xmlns\": \"http://schemas.microsoft.com/win/2004/08/events/event\"\n    },\n    \"EventData\": {\n      \"AccessList\": \"%%1538\\r\\n\\t\\t\\t\\t\",\n      \"AccessMask\": \"0x20000\",\n      \"HandleId\": \"0x59c\",\n      \"ObjectName\": \"C:\\\\Users\\\\user\\\\The X-Files\\\\Big Plan.txt\",\n      \"ObjectServer\": \"Security\",\n      \"ObjectType\": \"File\",\n      \"ProcessId\": \"0xb80\",\n      \"ProcessName\": \"C:\\\\Windows\\\\explorer.exe\",\n      \"SubjectDomainName\": \"WIN-JN0MUCM05TC\",\n      \"SubjectLogonId\": \"0x1a85af\",\n      \"SubjectUserName\": \"user\",\n      \"SubjectUserSid\": \"S-1-5-21-3016438738-995544542-2639181184-1000\"\n    },\n    \"System\": {\n      \"Channel\": \"Security\",\n      \"Computer\": \"WIN-JN0MUCM05TC\",\n      \"Correlation\": null,\n      \"EventID\": 4663,\n      \"EventRecordID\": 5461,\n      \"Execution\": {\n        \"#attributes\": {\n          \"ProcessID\": 4,\n          \"ThreadID\": 64\n        }\n      },\n      \"Keywords\": \"0x8020000000000000\",\n      \"Level\": 0,\n      \"Opcode\": 0,\n      \"Provider\": {\n        \"#attributes\": {\n          \"Guid\": \"54849625-5478-4994-A5BA-3E3B0328C30D\",\n          \"Name\": \"Microsoft-Windows-Security-Auditing\"\n        }\n      },\n      \"Security\": null,\n      \"Task\": 12800,\n      \"TimeCreated\": {\n        \"#attributes\": {\n          \"SystemTime\": \"2021-06-29T13:57:04.688196Z\"\n        }\n      },\n      \"Version\": 0\n    }\n  }\n}"
}============{
  "recordid": "208",
  "channel": "Security",
  "computer": "WIN-JN0MUCM05TC",
  "eventid": "4663",
  "eventrecordid": "5462",
  "execution": {
    "processid": 4,
    "threadid": 64
  },
  "keywords": "0x8020000000000000",
  "level": "0",
  "opcode": "0",
  "provider": {
    "guid": "54849625-5478-4994-A5BA-3E3B0328C30D",
    "name": "Microsoft-Windows-Security-Auditing"
  },
  "task": "12800",
  "timecreated": {
    "systemtime": "2021-06-29T13:57:04.688196Z"
  },
  "version": "0",
  "event_data": {
    "accesslist": "%%1538\r\n\t\t\t\t",
    "accessmask": "0x20000",
    "handleid": "0x59c",
    "objectname": "C:\\Users\\user\\The X-Files\\Big Plan.txt",
    "objectserver": "Security",
    "objecttype": "File",
    "processid": "0xb80",
    "processname": "C:\\Windows\\explorer.exe",
    "subjectdomainname": "WIN-JN0MUCM05TC",
    "subjectlogonid": "0x1a85af",
    "subjectusername": "user",
    "subjectusersid": "S-1-5-21-3016438738-995544542-2639181184-1000"
  },
  "message": "An attempt was made to access an object.\r\n\r\nSubject:\r\n\tSecurity ID:\t\tS-1-5-21-3016438738-995544542-2639181184-1000\r\n\tAccount Name:\t\tuser\r\n\tAccount Domain:\t\tWIN-JN0MUCM05TC\r\n\tLogon ID:\t\t0x1a85af\r\n\r\nObject:\r\n\tObject Server:\tSecurity\r\n\tObject Type:\tFile\r\n\tObject Name:\tC:\\Users\\user\\The X-Files\\Big Plan.txt\r\n\tHandle ID:\t0x59c\r\n\r\nProcess Information:\r\n\tProcess ID:\t0xb80\r\n\tProcess Name:\tC:\\Windows\\explorer.exe\r\n\r\nAccess Request Information:\r\n\tAccesses:\t%%1538\r\n\t\t\t\t\r\n\tAccess Mask:\t0x20000",
  "raw": "{\n  \"Event\": {\n    \"#attributes\": {\n      \"xmlns\": \"http://schemas.microsoft.com/win/2004/08/events/event\"\n    },\n    \"EventData\": {\n      \"AccessList\": \"%%1538\\r\\n\\t\\t\\t\\t\",\n      \"AccessMask\": \"0x20000\",\n      \"HandleId\": \"0x59c\",\n      \"ObjectName\": \"C:\\\\Users\\\\user\\\\The X-Files\\\\Big Plan.txt\",\n      \"ObjectServer\": \"Security\",\n      \"ObjectType\": \"File\",\n      \"ProcessId\": \"0xb80\",\n      \"ProcessName\": \"C:\\\\Windows\\\\explorer.exe\",\n      \"SubjectDomainName\": \"WIN-JN0MUCM05TC\",\n      \"SubjectLogonId\": \"0x1a85af\",\n      \"SubjectUserName\": \"user\",\n      \"SubjectUserSid\": \"S-1-5-21-3016438738-995544542-2639181184-1000\"\n    },\n    \"System\": {\n      \"Channel\": \"Security\",\n      \"Computer\": \"WIN-JN0MUCM05TC\",\n      \"Correlation\": null,\n      \"EventID\": 4663,\n      \"EventRecordID\": 5462,\n      \"Execution\": {\n        \"#attributes\": {\n          \"ProcessID\": 4,\n          \"ThreadID\": 64\n        }\n      },\n      \"Keywords\": \"0x8020000000000000\",\n      \"Level\": 0,\n      \"Opcode\": 0,\n      \"Provider\": {\n        \"#attributes\": {\n          \"Guid\": \"54849625-5478-4994-A5BA-3E3B0328C30D\",\n          \"Name\": \"Microsoft-Windows-Security-Auditing\"\n        }\n      },\n      \"Security\": null,\n      \"Task\": 12800,\n      \"TimeCreated\": {\n        \"#attributes\": {\n          \"SystemTime\": \"2021-06-29T13:57:04.688196Z\"\n        }\n      },\n      \"Version\": 0\n    }\n  }\n}"
}============{
  "recordid": "209",
  "channel": "Security",
  "computer": "WIN-JN0MUCM05TC",
  "eventid": "4688",
  "eventrecordid": "5463",
  "execution": {
    "processid": 4,
    "threadid": 64
  },
  "keywords": "0x8020000000000000",
  "level": "0",
  "opcode": "0",
  "provider": {
    "guid": "54849625-5478-4994-A5BA-3E3B0328C30D",
    "name": "Microsoft-Windows-Security-Auditing"
  },
  "task": "13312",
  "timecreated": {
    "systemtime": "2021-06-29T13:57:04.710197Z"
  },
  "version": "1",
  "event_data": {
    "commandline": "C:\\Windows\\system32\\DllHost.exe /Processid:{AB8902B4-09CA-4BB6-B78D-A8F59079A8D5}",
    "newprocessid": "0xaa0",
    "newprocessname": "C:\\Windows\\System32\\dllhost.exe",
    "processid": "0x264",
    "subjectdomainname": "WORKGROUP",
    "subjectlogonid": "0x3e7",
    "subjectusername": "WIN-JN0MUCM05TC$",
    "subjectusersid": "S-1-5-18",
    "tokenelevationtype": "%%1938"
  },
  "message": "A new process has been created.\r\n\r\nSubject:\r\n\tSecurity ID:\t\tS-1-5-18\r\n\tAccount Name:\t\tWIN-JN0MUCM05TC$\r\n\tAccount Domain:\t\tWORKGROUP\r\n\tLogon ID:\t\t0x3e7\r\n\r\nProcess Information:\r\n\tNew Process ID:\t\t0xaa0\r\n\tNew Process Name:\tC:\\Windows\\System32\\dllhost.exe\r\n\tToken Elevation Type:\t%%1938\r\n\tCreator Process ID:\t0x264\r\n\r\nToken Elevation Type indicates the type of token that was assigned to the new process in accordance with User Account Control policy.\r\n\r\nType 1 is a full token with no privileges removed or groups disabled.  A full token is only used if User Account Control is disabled or if the user is the built-in Administrator account or a service account.\r\n\r\nType 2 is an elevated token with no privileges removed or groups disabled.  An elevated token is used when User Account Control is enabled and the user chooses to start the program using Run as administrator.  An elevated token is also used when an application is configured to always require administrative privilege or to always require maximum privilege, and the user is a member of the Administrators group.\r\n\r\nType 3 is a limited token with administrative privileges removed and administrative groups disabled.  The limited token is used when User Account Control is enabled, the application does not require administrative privilege, and the user does not choose to start the program using Run as administrator.",
  "raw": "{\n  \"Event\": {\n    \"#attributes\": {\n      \"xmlns\": \"http://schemas.microsoft.com/win/2004/08/events/event\"\n    },\n    \"EventData\": {\n      \"CommandLine\": \"C:\\\\Windows\\\\system32\\\\DllHost.exe /Processid:{AB8902B4-09CA-4BB6-B78D-A8F59079A8D5}\",\n      \"NewProcessId\": \"0xaa0\",\n      \"NewProcessName\": \"C:\\\\Windows\\\\System32\\\\dllhost.exe\",\n      \"ProcessId\": \"0x264\",\n      \"SubjectDomainName\": \"WORKGROUP\",\n      \"SubjectLogonId\": \"0x3e7\",\n      \"SubjectUserName\": \"WIN-JN0MUCM05TC$\",\n      \"SubjectUserSid\": \"S-1-5-18\",\n      \"TokenElevationType\": \"%%1938\"\n    },\n    \"System\": {\n      \"Channel\": \"Security\",\n      \"Computer\": \"WIN-JN0MUCM05TC\",\n      \"Correlation\": null,\n      \"EventID\": 4688,\n      \"EventRecordID\": 5463,\n      \"Execution\": {\n        \"#attributes\": {\n          \"ProcessID\": 4,\n          \"ThreadID\": 64\n        }\n      },\n      \"Keywords\": \"0x8020000000000000\",\n      \"Level\": 0,\n      \"Opcode\": 0,\n      \"Provider\": {\n        \"#attributes\": {\n          \"Guid\": \"54849625-5478-4994-A5BA-3E3B0328C30D\",\n          \"Name\": \"Microsoft-Windows-Security-Auditing\"\n        }\n      },\n      \"Security\": null,\n      \"Task\": 13312,\n      \"TimeCreated\": {\n        \"#attributes\": {\n          \"SystemTime\": \"2021-06-29T13:57:04.710197Z\"\n        }\n      },\n      \"Version\": 1\n    }\n  }\n}"
}============{
  "recordid": "210",
  "channel": "Security",
  "computer": "WIN-JN0MUCM05TC",
  "eventid": "4689",
  "eventrecordid": "5464",
  "execution": {
    "processid": 4,
    "threadid": 64
  },
  "keywords": "0x8020000000000000",
  "level": "0",
  "opcode": "0",
  "provider": {
    "guid": "54849625-5478-4994-A5BA-3E3B0328C30D",
    "name": "Microsoft-Windows-Security-Auditing"
  },
  "task": "13313",
  "timecreated": {
    "systemtime": "2021-06-29T13:57:09.737485Z"
  },
  "version": "0",
  "event_data": {
    "processid": "0xaa0",
    "processname": "C:\\Windows\\System32\\dllhost.exe",
    "status": "0x0",
    "subjectdomainname": "WIN-JN0MUCM05TC",
    "subjectlogonid": "0x1a85af",
    "subjectusername": "user",
    "subjectusersid": "S-1-5-21-3016438738-995544542-2639181184-1000"
  },
  "message": "A process has exited.\r\n\r\nSubject:\r\n\tSecurity ID:\t\tS-1-5-21-3016438738-995544542-2639181184-1000\r\n\tAccount Name:\t\tuser\r\n\tAccount Domain:\t\tWIN-JN0MUCM05TC\r\n\tLogon ID:\t\t0x1a85af\r\n\r\nProcess Information:\r\n\tProcess ID:\t0xaa0\r\n\tProcess Name:\tC:\\Windows\\System32\\dllhost.exe\r\n\tExit Status:\t0x0",
  "raw": "{\n  \"Event\": {\n    \"#attributes\": {\n      \"xmlns\": \"http://schemas.microsoft.com/win/2004/08/events/event\"\n    },\n    \"EventData\": {\n      \"ProcessId\": \"0xaa0\",\n      \"ProcessName\": \"C:\\\\Windows\\\\System32\\\\dllhost.exe\",\n      \"Status\": \"0x0\",\n      \"SubjectDomainName\": \"WIN-JN0MUCM05TC\",\n      \"SubjectLogonId\": \"0x1a85af\",\n      \"SubjectUserName\": \"user\",\n      \"SubjectUserSid\": \"S-1-5-21-3016438738-995544542-2639181184-1000\"\n    },\n    \"System\": {\n      \"Channel\": \"Security\",\n      \"Computer\": \"WIN-JN0MUCM05TC\",\n      \"Correlation\": null,\n      \"EventID\": 4689,\n      \"EventRecordID\": 5464,\n      \"Execution\": {\n        \"#attributes\": {\n          \"ProcessID\": 4,\n          \"ThreadID\": 64\n        }\n      },\n      \"Keywords\": \"0x8020000000000000\",\n      \"Level\": 0,\n      \"Opcode\": 0,\n      \"Provider\": {\n        \"#attributes\": {\n          \"Guid\": \"54849625-5478-4994-A5BA-3E3B0328C30D\",\n          \"Name\": \"Microsoft-Windows-Security-Auditing\"\n        }\n      },\n      \"Security\": null,\n      \"Task\": 13313,\n      \"TimeCreated\": {\n        \"#attributes\": {\n          \"SystemTime\": \"2021-06-29T13:57:09.737485Z\"\n        }\n      },\n      \"Version\": 0\n    }\n  }\n}"
}============{
  "recordid": "211",
  "channel": "Security",
  "computer": "WIN-JN0MUCM05TC",
  "eventid": "4663",
  "eventrecordid": "5465",
  "execution": {
    "processid": 4,
    "threadid": 64
  },
  "keywords": "0x8020000000000000",
  "level": "0",
  "opcode": "0",
  "provider": {
    "guid": "54849625-5478-4994-A5BA-3E3B0328C30D",
    "name": "Microsoft-Windows-Security-Auditing"
  },
  "task": "12800",
  "timecreated": {
    "systemtime": "2021-06-29T13:57:21.016130Z"
  },
  "version": "0",
  "event_data": {
    "accesslist": "%%4417\r\n\t\t\t\t%%4418\r\n\t\t\t\t",
    "accessmask": "0x6",
    "handleid": "0xf0",
    "objectname": "C:\\Users\\user\\The X-Files\\Big Plan.txt",
    "objectserver": "Security",
    "objecttype": "File",
    "processid": "0xb90",
    "processname": "C:\\Windows\\System32\\notepad.exe",
    "subjectdomainname": "WIN-JN0MUCM05TC",
    "subjectlogonid": "0x1a85af",
    "subjectusername": "user",
    "subjectusersid": "S-1-5-21-3016438738-995544542-2639181184-1000"
  },
  "message": "An attempt was made to access an object.\r\n\r\nSubject:\r\n\tSecurity ID:\t\tS-1-5-21-3016438738-995544542-2639181184-1000\r\n\tAccount Name:\t\tuser\r\n\tAccount Domain:\t\tWIN-JN0MUCM05TC\r\n\tLogon ID:\t\t0x1a85af\r\n\r\nObject:\r\n\tObject Server:\tSecurity\r\n\tObject Type:\tFile\r\n\tObject Name:\tC:\\Users\\user\\The X-Files\\Big Plan.txt\r\n\tHandle ID:\t0xf0\r\n\r\nProcess Information:\r\n\tProcess ID:\t0xb90\r\n\tProcess Name:\tC:\\Windows\\System32\\notepad.exe\r\n\r\nAccess Request Information:\r\n\tAccesses:\t%%4417\r\n\t\t\t\t%%4418\r\n\t\t\t\t\r\n\tAccess Mask:\t0x6",
  "raw": "{\n  \"Event\": {\n    \"#attributes\": {\n      \"xmlns\": \"http://schemas.microsoft.com/win/2004/08/events/event\"\n    },\n    \"EventData\": {\n      \"AccessList\": \"%%4417\\r\\n\\t\\t\\t\\t%%4418\\r\\n\\t\\t\\t\\t\",\n      \"AccessMask\": \"0x6\",\n      \"HandleId\": \"0xf0\",\n      \"ObjectName\": \"C:\\\\Users\\\\user\\\\The X-Files\\\\Big Plan.txt\",\n      \"ObjectServer\": \"Security\",\n      \"ObjectType\": \"File\",\n      \"ProcessId\": \"0xb90\",\n      \"ProcessName\": \"C:\\\\Windows\\\\System32\\\\notepad.exe\",\n      \"SubjectDomainName\": \"WIN-JN0MUCM05TC\",\n      \"SubjectLogonId\": \"0x1a85af\",\n      \"SubjectUserName\": \"user\",\n      \"SubjectUserSid\": \"S-1-5-21-3016438738-995544542-2639181184-1000\"\n    },\n    \"System\": {\n      \"Channel\": \"Security\",\n      \"Computer\": \"WIN-JN0MUCM05TC\",\n      \"Correlation\": null,\n      \"EventID\": 4663,\n      \"EventRecordID\": 5465,\n      \"Execution\": {\n        \"#attributes\": {\n          \"ProcessID\": 4,\n          \"ThreadID\": 64\n        }\n      },\n      \"Keywords\": \"0x8020000000000000\",\n      \"Level\": 0,\n      \"Opcode\": 0,\n      \"Provider\": {\n        \"#attributes\": {\n          \"Guid\": \"54849625-5478-4994-A5BA-3E3B0328C30D\",\n          \"Name\": \"Microsoft-Windows-Security-Auditing\"\n        }\n      },\n      \"Security\": null,\n      \"Task\": 12800,\n      \"TimeCreated\": {\n        \"#attributes\": {\n          \"SystemTime\": \"2021-06-29T13:57:21.016130Z\"\n        }\n      },\n      \"Version\": 0\n    }\n  }\n}"
}============{
  "recordid": "212",
  "channel": "Security",
  "computer": "WIN-JN0MUCM05TC",
  "eventid": "4663",
  "eventrecordid": "5466",
  "execution": {
    "processid": 4,
    "threadid": 64
  },
  "keywords": "0x8020000000000000",
  "level": "0",
  "opcode": "0",
  "provider": {
    "guid": "54849625-5478-4994-A5BA-3E3B0328C30D",
    "name": "Microsoft-Windows-Security-Auditing"
  },
  "task": "12800",
  "timecreated": {
    "systemtime": "2021-06-29T13:57:21.017130Z"
  },
  "version": "0",
  "event_data": {
    "accesslist": "%%4423\r\n\t\t\t\t",
    "accessmask": "0x80",
    "handleid": "0x3c0",
    "objectname": "C:\\Users\\user\\The X-Files\\Big Plan.txt",
    "objectserver": "Security",
    "objecttype": "File",
    "processid": "0x8b8",
    "processname": "C:\\Windows\\System32\\SearchProtocolHost.exe",
    "subjectdomainname": "WORKGROUP",
    "subjectlogonid": "0x3e7",
    "subjectusername": "WIN-JN0MUCM05TC$",
    "subjectusersid": "S-1-5-18"
  },
  "message": "An attempt was made to access an object.\r\n\r\nSubject:\r\n\tSecurity ID:\t\tS-1-5-18\r\n\tAccount Name:\t\tWIN-JN0MUCM05TC$\r\n\tAccount Domain:\t\tWORKGROUP\r\n\tLogon ID:\t\t0x3e7\r\n\r\nObject:\r\n\tObject Server:\tSecurity\r\n\tObject Type:\tFile\r\n\tObject Name:\tC:\\Users\\user\\The X-Files\\Big Plan.txt\r\n\tHandle ID:\t0x3c0\r\n\r\nProcess Information:\r\n\tProcess ID:\t0x8b8\r\n\tProcess Name:\tC:\\Windows\\System32\\SearchProtocolHost.exe\r\n\r\nAccess Request Information:\r\n\tAccesses:\t%%4423\r\n\t\t\t\t\r\n\tAccess Mask:\t0x80",
  "raw": "{\n  \"Event\": {\n    \"#attributes\": {\n      \"xmlns\": \"http://schemas.microsoft.com/win/2004/08/events/event\"\n    },\n    \"EventData\": {\n      \"AccessList\": \"%%4423\\r\\n\\t\\t\\t\\t\",\n      \"AccessMask\": \"0x80\",\n      \"HandleId\": \"0x3c0\",\n      \"ObjectName\": \"C:\\\\Users\\\\user\\\\The X-Files\\\\Big Plan.txt\",\n      \"ObjectServer\": \"Security\",\n      \"ObjectType\": \"File\",\n      \"ProcessId\": \"0x8b8\",\n      \"ProcessName\": \"C:\\\\Windows\\\\System32\\\\SearchProtocolHost.exe\",\n      \"SubjectDomainName\": \"WORKGROUP\",\n      \"SubjectLogonId\": \"0x3e7\",\n      \"SubjectUserName\": \"WIN-JN0MUCM05TC$\",\n      \"SubjectUserSid\": \"S-1-5-18\"\n    },\n    \"System\": {\n      \"Channel\": \"Security\",\n      \"Computer\": \"WIN-JN0MUCM05TC\",\n      \"Correlation\": null,\n      \"EventID\": 4663,\n      \"EventRecordID\": 5466,\n      \"Execution\": {\n        \"#attributes\": {\n          \"ProcessID\": 4,\n          \"ThreadID\": 64\n        }\n      },\n      \"Keywords\": \"0x8020000000000000\",\n      \"Level\": 0,\n      \"Opcode\": 0,\n      \"Provider\": {\n        \"#attributes\": {\n          \"Guid\": \"54849625-5478-4994-A5BA-3E3B0328C30D\",\n          \"Name\": \"Microsoft-Windows-Security-Auditing\"\n        }\n      },\n      \"Security\": null,\n      \"Task\": 12800,\n      \"TimeCreated\": {\n        \"#attributes\": {\n          \"SystemTime\": \"2021-06-29T13:57:21.017130Z\"\n        }\n      },\n      \"Version\": 0\n    }\n  }\n}"
}============{
  "recordid": "213",
  "channel": "Security",
  "computer": "WIN-JN0MUCM05TC",
  "eventid": "4663",
  "eventrecordid": "5467",
  "execution": {
    "processid": 4,
    "threadid": 64
  },
  "keywords": "0x8020000000000000",
  "level": "0",
  "opcode": "0",
  "provider": {
    "guid": "54849625-5478-4994-A5BA-3E3B0328C30D",
    "name": "Microsoft-Windows-Security-Auditing"
  },
  "task": "12800",
  "timecreated": {
    "systemtime": "2021-06-29T13:57:21.017130Z"
  },
  "version": "0",
  "event_data": {
    "accesslist": "%%1538\r\n\t\t\t\t",
    "accessmask": "0x20000",
    "handleid": "0x43c",
    "objectname": "C:\\Users\\user\\The X-Files\\Big Plan.txt",
    "objectserver": "Security",
    "objecttype": "File",
    "processid": "0x8b8",
    "processname": "C:\\Windows\\System32\\SearchProtocolHost.exe",
    "subjectdomainname": "WORKGROUP",
    "subjectlogonid": "0x3e7",
    "subjectusername": "WIN-JN0MUCM05TC$",
    "subjectusersid": "S-1-5-18"
  },
  "message": "An attempt was made to access an object.\r\n\r\nSubject:\r\n\tSecurity ID:\t\tS-1-5-18\r\n\tAccount Name:\t\tWIN-JN0MUCM05TC$\r\n\tAccount Domain:\t\tWORKGROUP\r\n\tLogon ID:\t\t0x3e7\r\n\r\nObject:\r\n\tObject Server:\tSecurity\r\n\tObject Type:\tFile\r\n\tObject Name:\tC:\\Users\\user\\The X-Files\\Big Plan.txt\r\n\tHandle ID:\t0x43c\r\n\r\nProcess Information:\r\n\tProcess ID:\t0x8b8\r\n\tProcess Name:\tC:\\Windows\\System32\\SearchProtocolHost.exe\r\n\r\nAccess Request Information:\r\n\tAccesses:\t%%1538\r\n\t\t\t\t\r\n\tAccess Mask:\t0x20000",
  "raw": "{\n  \"Event\": {\n    \"#attributes\": {\n      \"xmlns\": \"http://schemas.microsoft.com/win/2004/08/events/event\"\n    },\n    \"EventData\": {\n      \"AccessList\": \"%%1538\\r\\n\\t\\t\\t\\t\",\n      \"AccessMask\": \"0x20000\",\n      \"HandleId\": \"0x43c\",\n      \"ObjectName\": \"C:\\\\Users\\\\user\\\\The X-Files\\\\Big Plan.txt\",\n      \"ObjectServer\": \"Security\",\n      \"ObjectType\": \"File\",\n      \"ProcessId\": \"0x8b8\",\n      \"ProcessName\": \"C:\\\\Windows\\\\System32\\\\SearchProtocolHost.exe\",\n      \"SubjectDomainName\": \"WORKGROUP\",\n      \"SubjectLogonId\": \"0x3e7\",\n      \"SubjectUserName\": \"WIN-JN0MUCM05TC$\",\n      \"SubjectUserSid\": \"S-1-5-18\"\n    },\n    \"System\": {\n      \"Channel\": \"Security\",\n      \"Computer\": \"WIN-JN0MUCM05TC\",\n      \"Correlation\": null,\n      \"EventID\": 4663,\n      \"EventRecordID\": 5467,\n      \"Execution\": {\n        \"#attributes\": {\n          \"ProcessID\": 4,\n          \"ThreadID\": 64\n        }\n      },\n      \"Keywords\": \"0x8020000000000000\",\n      \"Level\": 0,\n      \"Opcode\": 0,\n      \"Provider\": {\n        \"#attributes\": {\n          \"Guid\": \"54849625-5478-4994-A5BA-3E3B0328C30D\",\n          \"Name\": \"Microsoft-Windows-Security-Auditing\"\n        }\n      },\n      \"Security\": null,\n      \"Task\": 12800,\n      \"TimeCreated\": {\n        \"#attributes\": {\n          \"SystemTime\": \"2021-06-29T13:57:21.017130Z\"\n        }\n      },\n      \"Version\": 0\n    }\n  }\n}"
}============{
  "recordid": "214",
  "channel": "Security",
  "computer": "WIN-JN0MUCM05TC",
  "eventid": "4663",
  "eventrecordid": "5468",
  "execution": {
    "processid": 4,
    "threadid": 64
  },
  "keywords": "0x8020000000000000",
  "level": "0",
  "opcode": "0",
  "provider": {
    "guid": "54849625-5478-4994-A5BA-3E3B0328C30D",
    "name": "Microsoft-Windows-Security-Auditing"
  },
  "task": "12800",
  "timecreated": {
    "systemtime": "2021-06-29T13:57:21.018130Z"
  },
  "version": "0",
  "event_data": {
    "accesslist": "%%1538\r\n\t\t\t\t",
    "accessmask": "0x20000",
    "handleid": "0x488",
    "objectname": "C:\\Users\\user\\The X-Files\\Big Plan.txt",
    "objectserver": "Security",
    "objecttype": "File",
    "processid": "0x8b8",
    "processname": "C:\\Windows\\System32\\SearchProtocolHost.exe",
    "subjectdomainname": "WORKGROUP",
    "subjectlogonid": "0x3e7",
    "subjectusername": "WIN-JN0MUCM05TC$",
    "subjectusersid": "S-1-5-18"
  },
  "message": "An attempt was made to access an object.\r\n\r\nSubject:\r\n\tSecurity ID:\t\tS-1-5-18\r\n\tAccount Name:\t\tWIN-JN0MUCM05TC$\r\n\tAccount Domain:\t\tWORKGROUP\r\n\tLogon ID:\t\t0x3e7\r\n\r\nObject:\r\n\tObject Server:\tSecurity\r\n\tObject Type:\tFile\r\n\tObject Name:\tC:\\Users\\user\\The X-Files\\Big Plan.txt\r\n\tHandle ID:\t0x488\r\n\r\nProcess Information:\r\n\tProcess ID:\t0x8b8\r\n\tProcess Name:\tC:\\Windows\\System32\\SearchProtocolHost.exe\r\n\r\nAccess Request Information:\r\n\tAccesses:\t%%1538\r\n\t\t\t\t\r\n\tAccess Mask:\t0x20000",
  "raw": "{\n  \"Event\": {\n    \"#attributes\": {\n      \"xmlns\": \"http://schemas.microsoft.com/win/2004/08/events/event\"\n    },\n    \"EventData\": {\n      \"AccessList\": \"%%1538\\r\\n\\t\\t\\t\\t\",\n      \"AccessMask\": \"0x20000\",\n      \"HandleId\": \"0x488\",\n      \"ObjectName\": \"C:\\\\Users\\\\user\\\\The X-Files\\\\Big Plan.txt\",\n      \"ObjectServer\": \"Security\",\n      \"ObjectType\": \"File\",\n      \"ProcessId\": \"0x8b8\",\n      \"ProcessName\": \"C:\\\\Windows\\\\System32\\\\SearchProtocolHost.exe\",\n      \"SubjectDomainName\": \"WORKGROUP\",\n      \"SubjectLogonId\": \"0x3e7\",\n      \"SubjectUserName\": \"WIN-JN0MUCM05TC$\",\n      \"SubjectUserSid\": \"S-1-5-18\"\n    },\n    \"System\": {\n      \"Channel\": \"Security\",\n      \"Computer\": \"WIN-JN0MUCM05TC\",\n      \"Correlation\": null,\n      \"EventID\": 4663,\n      \"EventRecordID\": 5468,\n      \"Execution\": {\n        \"#attributes\": {\n          \"ProcessID\": 4,\n          \"ThreadID\": 64\n        }\n      },\n      \"Keywords\": \"0x8020000000000000\",\n      \"Level\": 0,\n      \"Opcode\": 0,\n      \"Provider\": {\n        \"#attributes\": {\n          \"Guid\": \"54849625-5478-4994-A5BA-3E3B0328C30D\",\n          \"Name\": \"Microsoft-Windows-Security-Auditing\"\n        }\n      },\n      \"Security\": null,\n      \"Task\": 12800,\n      \"TimeCreated\": {\n        \"#attributes\": {\n          \"SystemTime\": \"2021-06-29T13:57:21.018130Z\"\n        }\n      },\n      \"Version\": 0\n    }\n  }\n}"
}============{
  "recordid": "215",
  "channel": "Security",
  "computer": "WIN-JN0MUCM05TC",
  "eventid": "4663",
  "eventrecordid": "5469",
  "execution": {
    "processid": 4,
    "threadid": 64
  },
  "keywords": "0x8020000000000000",
  "level": "0",
  "opcode": "0",
  "provider": {
    "guid": "54849625-5478-4994-A5BA-3E3B0328C30D",
    "name": "Microsoft-Windows-Security-Auditing"
  },
  "task": "12800",
  "timecreated": {
    "systemtime": "2021-06-29T13:57:21.019130Z"
  },
  "version": "0",
  "event_data": {
    "accesslist": "%%4416\r\n\t\t\t\t",
    "accessmask": "0x1",
    "handleid": "0x43c",
    "objectname": "C:\\Users\\user\\The X-Files\\Big Plan.txt",
    "objectserver": "Security",
    "objecttype": "File",
    "processid": "0x8b8",
    "processname": "C:\\Windows\\System32\\SearchProtocolHost.exe",
    "subjectdomainname": "WORKGROUP",
    "subjectlogonid": "0x3e7",
    "subjectusername": "WIN-JN0MUCM05TC$",
    "subjectusersid": "S-1-5-18"
  },
  "message": "An attempt was made to access an object.\r\n\r\nSubject:\r\n\tSecurity ID:\t\tS-1-5-18\r\n\tAccount Name:\t\tWIN-JN0MUCM05TC$\r\n\tAccount Domain:\t\tWORKGROUP\r\n\tLogon ID:\t\t0x3e7\r\n\r\nObject:\r\n\tObject Server:\tSecurity\r\n\tObject Type:\tFile\r\n\tObject Name:\tC:\\Users\\user\\The X-Files\\Big Plan.txt\r\n\tHandle ID:\t0x43c\r\n\r\nProcess Information:\r\n\tProcess ID:\t0x8b8\r\n\tProcess Name:\tC:\\Windows\\System32\\SearchProtocolHost.exe\r\n\r\nAccess Request Information:\r\n\tAccesses:\t%%4416\r\n\t\t\t\t\r\n\tAccess Mask:\t0x1",
  "raw": "{\n  \"Event\": {\n    \"#attributes\": {\n      \"xmlns\": \"http://schemas.microsoft.com/win/2004/08/events/event\"\n    },\n    \"EventData\": {\n      \"AccessList\": \"%%4416\\r\\n\\t\\t\\t\\t\",\n      \"AccessMask\": \"0x1\",\n      \"HandleId\": \"0x43c\",\n      \"ObjectName\": \"C:\\\\Users\\\\user\\\\The X-Files\\\\Big Plan.txt\",\n      \"ObjectServer\": \"Security\",\n      \"ObjectType\": \"File\",\n      \"ProcessId\": \"0x8b8\",\n      \"ProcessName\": \"C:\\\\Windows\\\\System32\\\\SearchProtocolHost.exe\",\n      \"SubjectDomainName\": \"WORKGROUP\",\n      \"SubjectLogonId\": \"0x3e7\",\n      \"SubjectUserName\": \"WIN-JN0MUCM05TC$\",\n      \"SubjectUserSid\": \"S-1-5-18\"\n    },\n    \"System\": {\n      \"Channel\": \"Security\",\n      \"Computer\": \"WIN-JN0MUCM05TC\",\n      \"Correlation\": null,\n      \"EventID\": 4663,\n      \"EventRecordID\": 5469,\n      \"Execution\": {\n        \"#attributes\": {\n          \"ProcessID\": 4,\n          \"ThreadID\": 64\n        }\n      },\n      \"Keywords\": \"0x8020000000000000\",\n      \"Level\": 0,\n      \"Opcode\": 0,\n      \"Provider\": {\n        \"#attributes\": {\n          \"Guid\": \"54849625-5478-4994-A5BA-3E3B0328C30D\",\n          \"Name\": \"Microsoft-Windows-Security-Auditing\"\n        }\n      },\n      \"Security\": null,\n      \"Task\": 12800,\n      \"TimeCreated\": {\n        \"#attributes\": {\n          \"SystemTime\": \"2021-06-29T13:57:21.019130Z\"\n        }\n      },\n      \"Version\": 0\n    }\n  }\n}"
}============{
  "recordid": "216",
  "channel": "Security",
  "computer": "WIN-JN0MUCM05TC",
  "eventid": "4663",
  "eventrecordid": "5470",
  "execution": {
    "processid": 4,
    "threadid": 64
  },
  "keywords": "0x8020000000000000",
  "level": "0",
  "opcode": "0",
  "provider": {
    "guid": "54849625-5478-4994-A5BA-3E3B0328C30D",
    "name": "Microsoft-Windows-Security-Auditing"
  },
  "task": "12800",
  "timecreated": {
    "systemtime": "2021-06-29T13:57:22.065190Z"
  },
  "version": "0",
  "event_data": {
    "accesslist": "%%1538\r\n\t\t\t\t",
    "accessmask": "0x20000",
    "handleid": "0xd34",
    "objectname": "C:\\Users\\user\\The X-Files\\Big Plan.txt",
    "objectserver": "Security",
    "objecttype": "File",
    "processid": "0xb80",
    "processname": "C:\\Windows\\explorer.exe",
    "subjectdomainname": "WIN-JN0MUCM05TC",
    "subjectlogonid": "0x1a85af",
    "subjectusername": "user",
    "subjectusersid": "S-1-5-21-3016438738-995544542-2639181184-1000"
  },
  "message": "An attempt was made to access an object.\r\n\r\nSubject:\r\n\tSecurity ID:\t\tS-1-5-21-3016438738-995544542-2639181184-1000\r\n\tAccount Name:\t\tuser\r\n\tAccount Domain:\t\tWIN-JN0MUCM05TC\r\n\tLogon ID:\t\t0x1a85af\r\n\r\nObject:\r\n\tObject Server:\tSecurity\r\n\tObject Type:\tFile\r\n\tObject Name:\tC:\\Users\\user\\The X-Files\\Big Plan.txt\r\n\tHandle ID:\t0xd34\r\n\r\nProcess Information:\r\n\tProcess ID:\t0xb80\r\n\tProcess Name:\tC:\\Windows\\explorer.exe\r\n\r\nAccess Request Information:\r\n\tAccesses:\t%%1538\r\n\t\t\t\t\r\n\tAccess Mask:\t0x20000",
  "raw": "{\n  \"Event\": {\n    \"#attributes\": {\n      \"xmlns\": \"http://schemas.microsoft.com/win/2004/08/events/event\"\n    },\n    \"EventData\": {\n      \"AccessList\": \"%%1538\\r\\n\\t\\t\\t\\t\",\n      \"AccessMask\": \"0x20000\",\n      \"HandleId\": \"0xd34\",\n      \"ObjectName\": \"C:\\\\Users\\\\user\\\\The X-Files\\\\Big Plan.txt\",\n      \"ObjectServer\": \"Security\",\n      \"ObjectType\": \"File\",\n      \"ProcessId\": \"0xb80\",\n      \"ProcessName\": \"C:\\\\Windows\\\\explorer.exe\",\n      \"SubjectDomainName\": \"WIN-JN0MUCM05TC\",\n      \"SubjectLogonId\": \"0x1a85af\",\n      \"SubjectUserName\": \"user\",\n      \"SubjectUserSid\": \"S-1-5-21-3016438738-995544542-2639181184-1000\"\n    },\n    \"System\": {\n      \"Channel\": \"Security\",\n      \"Computer\": \"WIN-JN0MUCM05TC\",\n      \"Correlation\": null,\n      \"EventID\": 4663,\n      \"EventRecordID\": 5470,\n      \"Execution\": {\n        \"#attributes\": {\n          \"ProcessID\": 4,\n          \"ThreadID\": 64\n        }\n      },\n      \"Keywords\": \"0x8020000000000000\",\n      \"Level\": 0,\n      \"Opcode\": 0,\n      \"Provider\": {\n        \"#attributes\": {\n          \"Guid\": \"54849625-5478-4994-A5BA-3E3B0328C30D\",\n          \"Name\": \"Microsoft-Windows-Security-Auditing\"\n        }\n      },\n      \"Security\": null,\n      \"Task\": 12800,\n      \"TimeCreated\": {\n        \"#attributes\": {\n          \"SystemTime\": \"2021-06-29T13:57:22.065190Z\"\n        }\n      },\n      \"Version\": 0\n    }\n  }\n}"
}============{
  "recordid": "217",
  "channel": "Security",
  "computer": "WIN-JN0MUCM05TC",
  "eventid": "4663",
  "eventrecordid": "5471",
  "execution": {
    "processid": 4,
    "threadid": 64
  },
  "keywords": "0x8020000000000000",
  "level": "0",
  "opcode": "0",
  "provider": {
    "guid": "54849625-5478-4994-A5BA-3E3B0328C30D",
    "name": "Microsoft-Windows-Security-Auditing"
  },
  "task": "12800",
  "timecreated": {
    "systemtime": "2021-06-29T13:57:22.065190Z"
  },
  "version": "0",
  "event_data": {
    "accesslist": "%%1538\r\n\t\t\t\t",
    "accessmask": "0x20000",
    "handleid": "0xd34",
    "objectname": "C:\\Users\\user\\The X-Files\\Big Plan.txt",
    "objectserver": "Security",
    "objecttype": "File",
    "processid": "0xb80",
    "processname": "C:\\Windows\\explorer.exe",
    "subjectdomainname": "WIN-JN0MUCM05TC",
    "subjectlogonid": "0x1a85af",
    "subjectusername": "user",
    "subjectusersid": "S-1-5-21-3016438738-995544542-2639181184-1000"
  },
  "message": "An attempt was made to access an object.\r\n\r\nSubject:\r\n\tSecurity ID:\t\tS-1-5-21-3016438738-995544542-2639181184-1000\r\n\tAccount Name:\t\tuser\r\n\tAccount Domain:\t\tWIN-JN0MUCM05TC\r\n\tLogon ID:\t\t0x1a85af\r\n\r\nObject:\r\n\tObject Server:\tSecurity\r\n\tObject Type:\tFile\r\n\tObject Name:\tC:\\Users\\user\\The X-Files\\Big Plan.txt\r\n\tHandle ID:\t0xd34\r\n\r\nProcess Information:\r\n\tProcess ID:\t0xb80\r\n\tProcess Name:\tC:\\Windows\\explorer.exe\r\n\r\nAccess Request Information:\r\n\tAccesses:\t%%1538\r\n\t\t\t\t\r\n\tAccess Mask:\t0x20000",
  "raw": "{\n  \"Event\": {\n    \"#attributes\": {\n      \"xmlns\": \"http://schemas.microsoft.com/win/2004/08/events/event\"\n    },\n    \"EventData\": {\n      \"AccessList\": \"%%1538\\r\\n\\t\\t\\t\\t\",\n      \"AccessMask\": \"0x20000\",\n      \"HandleId\": \"0xd34\",\n      \"ObjectName\": \"C:\\\\Users\\\\user\\\\The X-Files\\\\Big Plan.txt\",\n      \"ObjectServer\": \"Security\",\n      \"ObjectType\": \"File\",\n      \"ProcessId\": \"0xb80\",\n      \"ProcessName\": \"C:\\\\Windows\\\\explorer.exe\",\n      \"SubjectDomainName\": \"WIN-JN0MUCM05TC\",\n      \"SubjectLogonId\": \"0x1a85af\",\n      \"SubjectUserName\": \"user\",\n      \"SubjectUserSid\": \"S-1-5-21-3016438738-995544542-2639181184-1000\"\n    },\n    \"System\": {\n      \"Channel\": \"Security\",\n      \"Computer\": \"WIN-JN0MUCM05TC\",\n      \"Correlation\": null,\n      \"EventID\": 4663,\n      \"EventRecordID\": 5471,\n      \"Execution\": {\n        \"#attributes\": {\n          \"ProcessID\": 4,\n          \"ThreadID\": 64\n        }\n      },\n      \"Keywords\": \"0x8020000000000000\",\n      \"Level\": 0,\n      \"Opcode\": 0,\n      \"Provider\": {\n        \"#attributes\": {\n          \"Guid\": \"54849625-5478-4994-A5BA-3E3B0328C30D\",\n          \"Name\": \"Microsoft-Windows-Security-Auditing\"\n        }\n      },\n      \"Security\": null,\n      \"Task\": 12800,\n      \"TimeCreated\": {\n        \"#attributes\": {\n          \"SystemTime\": \"2021-06-29T13:57:22.065190Z\"\n        }\n      },\n      \"Version\": 0\n    }\n  }\n}"
}============{
  "recordid": "218",
  "channel": "Security",
  "computer": "WIN-JN0MUCM05TC",
  "eventid": "4663",
