  "eventrecordid": "5472",
  "execution": {
    "processid": 4,
    "threadid": 64
  },
  "keywords": "0x8020000000000000",
  "level": "0",
  "opcode": "0",
  "provider": {
    "guid": "54849625-5478-4994-A5BA-3E3B0328C30D",
    "name": "Microsoft-Windows-Security-Auditing"
  },
  "task": "12800",
  "timecreated": {
    "systemtime": "2021-06-29T13:57:22.066190Z"
  },
  "version": "0",
  "event_data": {
    "accesslist": "%%1538\r\n\t\t\t\t",
    "accessmask": "0x20000",
    "handleid": "0xd34",
    "objectname": "C:\\Users\\user\\The X-Files\\Big Plan.txt",
    "objectserver": "Security",
    "objecttype": "File",
    "processid": "0xb80",
    "processname": "C:\\Windows\\explorer.exe",
    "subjectdomainname": "WIN-JN0MUCM05TC",
    "subjectlogonid": "0x1a85af",
    "subjectusername": "user",
    "subjectusersid": "S-1-5-21-3016438738-995544542-2639181184-1000"
  },
  "message": "An attempt was made to access an object.\r\n\r\nSubject:\r\n\tSecurity ID:\t\tS-1-5-21-3016438738-995544542-2639181184-1000\r\n\tAccount Name:\t\tuser\r\n\tAccount Domain:\t\tWIN-JN0MUCM05TC\r\n\tLogon ID:\t\t0x1a85af\r\n\r\nObject:\r\n\tObject Server:\tSecurity\r\n\tObject Type:\tFile\r\n\tObject Name:\tC:\\Users\\user\\The X-Files\\Big Plan.txt\r\n\tHandle ID:\t0xd34\r\n\r\nProcess Information:\r\n\tProcess ID:\t0xb80\r\n\tProcess Name:\tC:\\Windows\\explorer.exe\r\n\r\nAccess Request Information:\r\n\tAccesses:\t%%1538\r\n\t\t\t\t\r\n\tAccess Mask:\t0x20000",
  "raw": "{\n  \"Event\": {\n    \"#attributes\": {\n      \"xmlns\": \"http://schemas.microsoft.com/win/2004/08/events/event\"\n    },\n    \"EventData\": {\n      \"AccessList\": \"%%1538\\r\\n\\t\\t\\t\\t\",\n      \"AccessMask\": \"0x20000\",\n      \"HandleId\": \"0xd34\",\n      \"ObjectName\": \"C:\\\\Users\\\\user\\\\The X-Files\\\\Big Plan.txt\",\n      \"ObjectServer\": \"Security\",\n      \"ObjectType\": \"File\",\n      \"ProcessId\": \"0xb80\",\n      \"ProcessName\": \"C:\\\\Windows\\\\explorer.exe\",\n      \"SubjectDomainName\": \"WIN-JN0MUCM05TC\",\n      \"SubjectLogonId\": \"0x1a85af\",\n      \"SubjectUserName\": \"user\",\n      \"SubjectUserSid\": \"S-1-5-21-3016438738-995544542-2639181184-1000\"\n    },\n    \"System\": {\n      \"Channel\": \"Security\",\n      \"Computer\": \"WIN-JN0MUCM05TC\",\n      \"Correlation\": null,\n      \"EventID\": 4663,\n      \"EventRecordID\": 5472,\n      \"Execution\": {\n        \"#attributes\": {\n          \"ProcessID\": 4,\n          \"ThreadID\": 64\n        }\n      },\n      \"Keywords\": \"0x8020000000000000\",\n      \"Level\": 0,\n      \"Opcode\": 0,\n      \"Provider\": {\n        \"#attributes\": {\n          \"Guid\": \"54849625-5478-4994-A5BA-3E3B0328C30D\",\n          \"Name\": \"Microsoft-Windows-Security-Auditing\"\n        }\n      },\n      \"Security\": null,\n      \"Task\": 12800,\n      \"TimeCreated\": {\n        \"#attributes\": {\n          \"SystemTime\": \"2021-06-29T13:57:22.066190Z\"\n        }\n      },\n      \"Version\": 0\n    }\n  }\n}"
}============{
  "recordid": "219",
  "channel": "Security",
  "computer": "WIN-JN0MUCM05TC",
  "eventid": "4688",
  "eventrecordid": "5473",
  "execution": {
    "processid": 4,
    "threadid": 64
  },
  "keywords": "0x8020000000000000",
  "level": "0",
  "opcode": "0",
  "provider": {
    "guid": "54849625-5478-4994-A5BA-3E3B0328C30D",
    "name": "Microsoft-Windows-Security-Auditing"
  },
  "task": "13312",
  "timecreated": {
    "systemtime": "2021-06-29T13:57:22.088191Z"
  },
  "version": "1",
  "event_data": {
    "commandline": "C:\\Windows\\system32\\DllHost.exe /Processid:{AB8902B4-09CA-4BB6-B78D-A8F59079A8D5}",
    "newprocessid": "0x95c",
    "newprocessname": "C:\\Windows\\System32\\dllhost.exe",
    "processid": "0x264",
    "subjectdomainname": "WORKGROUP",
    "subjectlogonid": "0x3e7",
    "subjectusername": "WIN-JN0MUCM05TC$",
    "subjectusersid": "S-1-5-18",
    "tokenelevationtype": "%%1938"
  },
  "message": "A new process has been created.\r\n\r\nSubject:\r\n\tSecurity ID:\t\tS-1-5-18\r\n\tAccount Name:\t\tWIN-JN0MUCM05TC$\r\n\tAccount Domain:\t\tWORKGROUP\r\n\tLogon ID:\t\t0x3e7\r\n\r\nProcess Information:\r\n\tNew Process ID:\t\t0x95c\r\n\tNew Process Name:\tC:\\Windows\\System32\\dllhost.exe\r\n\tToken Elevation Type:\t%%1938\r\n\tCreator Process ID:\t0x264\r\n\r\nToken Elevation Type indicates the type of token that was assigned to the new process in accordance with User Account Control policy.\r\n\r\nType 1 is a full token with no privileges removed or groups disabled.  A full token is only used if User Account Control is disabled or if the user is the built-in Administrator account or a service account.\r\n\r\nType 2 is an elevated token with no privileges removed or groups disabled.  An elevated token is used when User Account Control is enabled and the user chooses to start the program using Run as administrator.  An elevated token is also used when an application is configured to always require administrative privilege or to always require maximum privilege, and the user is a member of the Administrators group.\r\n\r\nType 3 is a limited token with administrative privileges removed and administrative groups disabled.  The limited token is used when User Account Control is enabled, the application does not require administrative privilege, and the user does not choose to start the program using Run as administrator.",
  "raw": "{\n  \"Event\": {\n    \"#attributes\": {\n      \"xmlns\": \"http://schemas.microsoft.com/win/2004/08/events/event\"\n    },\n    \"EventData\": {\n      \"CommandLine\": \"C:\\\\Windows\\\\system32\\\\DllHost.exe /Processid:{AB8902B4-09CA-4BB6-B78D-A8F59079A8D5}\",\n      \"NewProcessId\": \"0x95c\",\n      \"NewProcessName\": \"C:\\\\Windows\\\\System32\\\\dllhost.exe\",\n      \"ProcessId\": \"0x264\",\n      \"SubjectDomainName\": \"WORKGROUP\",\n      \"SubjectLogonId\": \"0x3e7\",\n      \"SubjectUserName\": \"WIN-JN0MUCM05TC$\",\n      \"SubjectUserSid\": \"S-1-5-18\",\n      \"TokenElevationType\": \"%%1938\"\n    },\n    \"System\": {\n      \"Channel\": \"Security\",\n      \"Computer\": \"WIN-JN0MUCM05TC\",\n      \"Correlation\": null,\n      \"EventID\": 4688,\n      \"EventRecordID\": 5473,\n      \"Execution\": {\n        \"#attributes\": {\n          \"ProcessID\": 4,\n          \"ThreadID\": 64\n        }\n      },\n      \"Keywords\": \"0x8020000000000000\",\n      \"Level\": 0,\n      \"Opcode\": 0,\n      \"Provider\": {\n        \"#attributes\": {\n          \"Guid\": \"54849625-5478-4994-A5BA-3E3B0328C30D\",\n          \"Name\": \"Microsoft-Windows-Security-Auditing\"\n        }\n      },\n      \"Security\": null,\n      \"Task\": 13312,\n      \"TimeCreated\": {\n        \"#attributes\": {\n          \"SystemTime\": \"2021-06-29T13:57:22.088191Z\"\n        }\n      },\n      \"Version\": 1\n    }\n  }\n}"
}============{
  "recordid": "220",
  "channel": "Security",
  "computer": "WIN-JN0MUCM05TC",
  "eventid": "4663",
  "eventrecordid": "5474",
  "execution": {
    "processid": 4,
    "threadid": 64
  },
  "keywords": "0x8020000000000000",
  "level": "0",
  "opcode": "0",
  "provider": {
    "guid": "54849625-5478-4994-A5BA-3E3B0328C30D",
    "name": "Microsoft-Windows-Security-Auditing"
  },
  "task": "12800",
  "timecreated": {
    "systemtime": "2021-06-29T13:57:23.580277Z"
  },
  "version": "0",
  "event_data": {
    "accesslist": "%%1538\r\n\t\t\t\t",
    "accessmask": "0x20000",
    "handleid": "0xcfc",
    "objectname": "C:\\Users\\user\\The X-Files\\Big Plan.txt",
    "objectserver": "Security",
    "objecttype": "File",
    "processid": "0xb80",
    "processname": "C:\\Windows\\explorer.exe",
    "subjectdomainname": "WIN-JN0MUCM05TC",
    "subjectlogonid": "0x1a85af",
    "subjectusername": "user",
    "subjectusersid": "S-1-5-21-3016438738-995544542-2639181184-1000"
  },
  "message": "An attempt was made to access an object.\r\n\r\nSubject:\r\n\tSecurity ID:\t\tS-1-5-21-3016438738-995544542-2639181184-1000\r\n\tAccount Name:\t\tuser\r\n\tAccount Domain:\t\tWIN-JN0MUCM05TC\r\n\tLogon ID:\t\t0x1a85af\r\n\r\nObject:\r\n\tObject Server:\tSecurity\r\n\tObject Type:\tFile\r\n\tObject Name:\tC:\\Users\\user\\The X-Files\\Big Plan.txt\r\n\tHandle ID:\t0xcfc\r\n\r\nProcess Information:\r\n\tProcess ID:\t0xb80\r\n\tProcess Name:\tC:\\Windows\\explorer.exe\r\n\r\nAccess Request Information:\r\n\tAccesses:\t%%1538\r\n\t\t\t\t\r\n\tAccess Mask:\t0x20000",
  "raw": "{\n  \"Event\": {\n    \"#attributes\": {\n      \"xmlns\": \"http://schemas.microsoft.com/win/2004/08/events/event\"\n    },\n    \"EventData\": {\n      \"AccessList\": \"%%1538\\r\\n\\t\\t\\t\\t\",\n      \"AccessMask\": \"0x20000\",\n      \"HandleId\": \"0xcfc\",\n      \"ObjectName\": \"C:\\\\Users\\\\user\\\\The X-Files\\\\Big Plan.txt\",\n      \"ObjectServer\": \"Security\",\n      \"ObjectType\": \"File\",\n      \"ProcessId\": \"0xb80\",\n      \"ProcessName\": \"C:\\\\Windows\\\\explorer.exe\",\n      \"SubjectDomainName\": \"WIN-JN0MUCM05TC\",\n      \"SubjectLogonId\": \"0x1a85af\",\n      \"SubjectUserName\": \"user\",\n      \"SubjectUserSid\": \"S-1-5-21-3016438738-995544542-2639181184-1000\"\n    },\n    \"System\": {\n      \"Channel\": \"Security\",\n      \"Computer\": \"WIN-JN0MUCM05TC\",\n      \"Correlation\": null,\n      \"EventID\": 4663,\n      \"EventRecordID\": 5474,\n      \"Execution\": {\n        \"#attributes\": {\n          \"ProcessID\": 4,\n          \"ThreadID\": 64\n        }\n      },\n      \"Keywords\": \"0x8020000000000000\",\n      \"Level\": 0,\n      \"Opcode\": 0,\n      \"Provider\": {\n        \"#attributes\": {\n          \"Guid\": \"54849625-5478-4994-A5BA-3E3B0328C30D\",\n          \"Name\": \"Microsoft-Windows-Security-Auditing\"\n        }\n      },\n      \"Security\": null,\n      \"Task\": 12800,\n      \"TimeCreated\": {\n        \"#attributes\": {\n          \"SystemTime\": \"2021-06-29T13:57:23.580277Z\"\n        }\n      },\n      \"Version\": 0\n    }\n  }\n}"
}============{
  "recordid": "221",
  "channel": "Security",
  "computer": "WIN-JN0MUCM05TC",
  "eventid": "4689",
  "eventrecordid": "5475",
  "execution": {
    "processid": 4,
    "threadid": 64
  },
  "keywords": "0x8020000000000000",
  "level": "0",
  "opcode": "0",
  "provider": {
    "guid": "54849625-5478-4994-A5BA-3E3B0328C30D",
    "name": "Microsoft-Windows-Security-Auditing"
  },
  "task": "13313",
  "timecreated": {
    "systemtime": "2021-06-29T13:57:23.585277Z"
  },
  "version": "0",
  "event_data": {
    "processid": "0xb90",
    "processname": "C:\\Windows\\System32\\notepad.exe",
    "status": "0x0",
    "subjectdomainname": "WIN-JN0MUCM05TC",
    "subjectlogonid": "0x1a85af",
    "subjectusername": "user",
    "subjectusersid": "S-1-5-21-3016438738-995544542-2639181184-1000"
  },
  "message": "A process has exited.\r\n\r\nSubject:\r\n\tSecurity ID:\t\tS-1-5-21-3016438738-995544542-2639181184-1000\r\n\tAccount Name:\t\tuser\r\n\tAccount Domain:\t\tWIN-JN0MUCM05TC\r\n\tLogon ID:\t\t0x1a85af\r\n\r\nProcess Information:\r\n\tProcess ID:\t0xb90\r\n\tProcess Name:\tC:\\Windows\\System32\\notepad.exe\r\n\tExit Status:\t0x0",
  "raw": "{\n  \"Event\": {\n    \"#attributes\": {\n      \"xmlns\": \"http://schemas.microsoft.com/win/2004/08/events/event\"\n    },\n    \"EventData\": {\n      \"ProcessId\": \"0xb90\",\n      \"ProcessName\": \"C:\\\\Windows\\\\System32\\\\notepad.exe\",\n      \"Status\": \"0x0\",\n      \"SubjectDomainName\": \"WIN-JN0MUCM05TC\",\n      \"SubjectLogonId\": \"0x1a85af\",\n      \"SubjectUserName\": \"user\",\n      \"SubjectUserSid\": \"S-1-5-21-3016438738-995544542-2639181184-1000\"\n    },\n    \"System\": {\n      \"Channel\": \"Security\",\n      \"Computer\": \"WIN-JN0MUCM05TC\",\n      \"Correlation\": null,\n      \"EventID\": 4689,\n      \"EventRecordID\": 5475,\n      \"Execution\": {\n        \"#attributes\": {\n          \"ProcessID\": 4,\n          \"ThreadID\": 64\n        }\n      },\n      \"Keywords\": \"0x8020000000000000\",\n      \"Level\": 0,\n      \"Opcode\": 0,\n      \"Provider\": {\n        \"#attributes\": {\n          \"Guid\": \"54849625-5478-4994-A5BA-3E3B0328C30D\",\n          \"Name\": \"Microsoft-Windows-Security-Auditing\"\n        }\n      },\n      \"Security\": null,\n      \"Task\": 13313,\n      \"TimeCreated\": {\n        \"#attributes\": {\n          \"SystemTime\": \"2021-06-29T13:57:23.585277Z\"\n        }\n      },\n      \"Version\": 0\n    }\n  }\n}"
}============{
  "recordid": "222",
  "channel": "Security",
  "computer": "WIN-JN0MUCM05TC",
  "eventid": "4663",
  "eventrecordid": "5476",
  "execution": {
    "processid": 4,
    "threadid": 64
  },
  "keywords": "0x8020000000000000",
  "level": "0",
  "opcode": "0",
  "provider": {
    "guid": "54849625-5478-4994-A5BA-3E3B0328C30D",
    "name": "Microsoft-Windows-Security-Auditing"
  },
  "task": "12800",
  "timecreated": {
    "systemtime": "2021-06-29T13:57:25.337377Z"
  },
  "version": "0",
  "event_data": {
    "accesslist": "%%1538\r\n\t\t\t\t",
    "accessmask": "0x20000",
    "handleid": "0x590",
    "objectname": "C:\\Users\\user\\The X-Files\\Top Management.txt",
    "objectserver": "Security",
    "objecttype": "File",
    "processid": "0xb80",
    "processname": "C:\\Windows\\explorer.exe",
    "subjectdomainname": "WIN-JN0MUCM05TC",
    "subjectlogonid": "0x1a85af",
    "subjectusername": "user",
    "subjectusersid": "S-1-5-21-3016438738-995544542-2639181184-1000"
  },
  "message": "An attempt was made to access an object.\r\n\r\nSubject:\r\n\tSecurity ID:\t\tS-1-5-21-3016438738-995544542-2639181184-1000\r\n\tAccount Name:\t\tuser\r\n\tAccount Domain:\t\tWIN-JN0MUCM05TC\r\n\tLogon ID:\t\t0x1a85af\r\n\r\nObject:\r\n\tObject Server:\tSecurity\r\n\tObject Type:\tFile\r\n\tObject Name:\tC:\\Users\\user\\The X-Files\\Top Management.txt\r\n\tHandle ID:\t0x590\r\n\r\nProcess Information:\r\n\tProcess ID:\t0xb80\r\n\tProcess Name:\tC:\\Windows\\explorer.exe\r\n\r\nAccess Request Information:\r\n\tAccesses:\t%%1538\r\n\t\t\t\t\r\n\tAccess Mask:\t0x20000",
  "raw": "{\n  \"Event\": {\n    \"#attributes\": {\n      \"xmlns\": \"http://schemas.microsoft.com/win/2004/08/events/event\"\n    },\n    \"EventData\": {\n      \"AccessList\": \"%%1538\\r\\n\\t\\t\\t\\t\",\n      \"AccessMask\": \"0x20000\",\n      \"HandleId\": \"0x590\",\n      \"ObjectName\": \"C:\\\\Users\\\\user\\\\The X-Files\\\\Top Management.txt\",\n      \"ObjectServer\": \"Security\",\n      \"ObjectType\": \"File\",\n      \"ProcessId\": \"0xb80\",\n      \"ProcessName\": \"C:\\\\Windows\\\\explorer.exe\",\n      \"SubjectDomainName\": \"WIN-JN0MUCM05TC\",\n      \"SubjectLogonId\": \"0x1a85af\",\n      \"SubjectUserName\": \"user\",\n      \"SubjectUserSid\": \"S-1-5-21-3016438738-995544542-2639181184-1000\"\n    },\n    \"System\": {\n      \"Channel\": \"Security\",\n      \"Computer\": \"WIN-JN0MUCM05TC\",\n      \"Correlation\": null,\n      \"EventID\": 4663,\n      \"EventRecordID\": 5476,\n      \"Execution\": {\n        \"#attributes\": {\n          \"ProcessID\": 4,\n          \"ThreadID\": 64\n        }\n      },\n      \"Keywords\": \"0x8020000000000000\",\n      \"Level\": 0,\n      \"Opcode\": 0,\n      \"Provider\": {\n        \"#attributes\": {\n          \"Guid\": \"54849625-5478-4994-A5BA-3E3B0328C30D\",\n          \"Name\": \"Microsoft-Windows-Security-Auditing\"\n        }\n      },\n      \"Security\": null,\n      \"Task\": 12800,\n      \"TimeCreated\": {\n        \"#attributes\": {\n          \"SystemTime\": \"2021-06-29T13:57:25.337377Z\"\n        }\n      },\n      \"Version\": 0\n    }\n  }\n}"
}============{
  "recordid": "223",
  "channel": "Security",
  "computer": "WIN-JN0MUCM05TC",
  "eventid": "4663",
  "eventrecordid": "5477",
  "execution": {
    "processid": 4,
    "threadid": 64
  },
  "keywords": "0x8020000000000000",
  "level": "0",
  "opcode": "0",
  "provider": {
    "guid": "54849625-5478-4994-A5BA-3E3B0328C30D",
    "name": "Microsoft-Windows-Security-Auditing"
  },
  "task": "12800",
  "timecreated": {
    "systemtime": "2021-06-29T13:57:25.341377Z"
  },
  "version": "0",
  "event_data": {
    "accesslist": "%%1538\r\n\t\t\t\t",
    "accessmask": "0x20000",
    "handleid": "0xf5c",
    "objectname": "C:\\Users\\user\\The X-Files\\Top Management.txt",
    "objectserver": "Security",
    "objecttype": "File",
    "processid": "0xb80",
    "processname": "C:\\Windows\\explorer.exe",
    "subjectdomainname": "WIN-JN0MUCM05TC",
    "subjectlogonid": "0x1a85af",
    "subjectusername": "user",
    "subjectusersid": "S-1-5-21-3016438738-995544542-2639181184-1000"
  },
  "message": "An attempt was made to access an object.\r\n\r\nSubject:\r\n\tSecurity ID:\t\tS-1-5-21-3016438738-995544542-2639181184-1000\r\n\tAccount Name:\t\tuser\r\n\tAccount Domain:\t\tWIN-JN0MUCM05TC\r\n\tLogon ID:\t\t0x1a85af\r\n\r\nObject:\r\n\tObject Server:\tSecurity\r\n\tObject Type:\tFile\r\n\tObject Name:\tC:\\Users\\user\\The X-Files\\Top Management.txt\r\n\tHandle ID:\t0xf5c\r\n\r\nProcess Information:\r\n\tProcess ID:\t0xb80\r\n\tProcess Name:\tC:\\Windows\\explorer.exe\r\n\r\nAccess Request Information:\r\n\tAccesses:\t%%1538\r\n\t\t\t\t\r\n\tAccess Mask:\t0x20000",
  "raw": "{\n  \"Event\": {\n    \"#attributes\": {\n      \"xmlns\": \"http://schemas.microsoft.com/win/2004/08/events/event\"\n    },\n    \"EventData\": {\n      \"AccessList\": \"%%1538\\r\\n\\t\\t\\t\\t\",\n      \"AccessMask\": \"0x20000\",\n      \"HandleId\": \"0xf5c\",\n      \"ObjectName\": \"C:\\\\Users\\\\user\\\\The X-Files\\\\Top Management.txt\",\n      \"ObjectServer\": \"Security\",\n      \"ObjectType\": \"File\",\n      \"ProcessId\": \"0xb80\",\n      \"ProcessName\": \"C:\\\\Windows\\\\explorer.exe\",\n      \"SubjectDomainName\": \"WIN-JN0MUCM05TC\",\n      \"SubjectLogonId\": \"0x1a85af\",\n      \"SubjectUserName\": \"user\",\n      \"SubjectUserSid\": \"S-1-5-21-3016438738-995544542-2639181184-1000\"\n    },\n    \"System\": {\n      \"Channel\": \"Security\",\n      \"Computer\": \"WIN-JN0MUCM05TC\",\n      \"Correlation\": null,\n      \"EventID\": 4663,\n      \"EventRecordID\": 5477,\n      \"Execution\": {\n        \"#attributes\": {\n          \"ProcessID\": 4,\n          \"ThreadID\": 64\n        }\n      },\n      \"Keywords\": \"0x8020000000000000\",\n      \"Level\": 0,\n      \"Opcode\": 0,\n      \"Provider\": {\n        \"#attributes\": {\n          \"Guid\": \"54849625-5478-4994-A5BA-3E3B0328C30D\",\n          \"Name\": \"Microsoft-Windows-Security-Auditing\"\n        }\n      },\n      \"Security\": null,\n      \"Task\": 12800,\n      \"TimeCreated\": {\n        \"#attributes\": {\n          \"SystemTime\": \"2021-06-29T13:57:25.341377Z\"\n        }\n      },\n      \"Version\": 0\n    }\n  }\n}"
}============{
  "recordid": "224",
  "channel": "Security",
  "computer": "WIN-JN0MUCM05TC",
  "eventid": "4663",
  "eventrecordid": "5478",
  "execution": {
    "processid": 4,
    "threadid": 64
  },
  "keywords": "0x8020000000000000",
  "level": "0",
  "opcode": "0",
  "provider": {
    "guid": "54849625-5478-4994-A5BA-3E3B0328C30D",
    "name": "Microsoft-Windows-Security-Auditing"
  },
  "task": "12800",
  "timecreated": {
    "systemtime": "2021-06-29T13:57:25.341377Z"
  },
  "version": "0",
  "event_data": {
    "accesslist": "%%1538\r\n\t\t\t\t",
    "accessmask": "0x20000",
    "handleid": "0xf5c",
    "objectname": "C:\\Users\\user\\The X-Files\\Top Management.txt",
    "objectserver": "Security",
    "objecttype": "File",
    "processid": "0xb80",
    "processname": "C:\\Windows\\explorer.exe",
    "subjectdomainname": "WIN-JN0MUCM05TC",
    "subjectlogonid": "0x1a85af",
    "subjectusername": "user",
    "subjectusersid": "S-1-5-21-3016438738-995544542-2639181184-1000"
  },
  "message": "An attempt was made to access an object.\r\n\r\nSubject:\r\n\tSecurity ID:\t\tS-1-5-21-3016438738-995544542-2639181184-1000\r\n\tAccount Name:\t\tuser\r\n\tAccount Domain:\t\tWIN-JN0MUCM05TC\r\n\tLogon ID:\t\t0x1a85af\r\n\r\nObject:\r\n\tObject Server:\tSecurity\r\n\tObject Type:\tFile\r\n\tObject Name:\tC:\\Users\\user\\The X-Files\\Top Management.txt\r\n\tHandle ID:\t0xf5c\r\n\r\nProcess Information:\r\n\tProcess ID:\t0xb80\r\n\tProcess Name:\tC:\\Windows\\explorer.exe\r\n\r\nAccess Request Information:\r\n\tAccesses:\t%%1538\r\n\t\t\t\t\r\n\tAccess Mask:\t0x20000",
  "raw": "{\n  \"Event\": {\n    \"#attributes\": {\n      \"xmlns\": \"http://schemas.microsoft.com/win/2004/08/events/event\"\n    },\n    \"EventData\": {\n      \"AccessList\": \"%%1538\\r\\n\\t\\t\\t\\t\",\n      \"AccessMask\": \"0x20000\",\n      \"HandleId\": \"0xf5c\",\n      \"ObjectName\": \"C:\\\\Users\\\\user\\\\The X-Files\\\\Top Management.txt\",\n      \"ObjectServer\": \"Security\",\n      \"ObjectType\": \"File\",\n      \"ProcessId\": \"0xb80\",\n      \"ProcessName\": \"C:\\\\Windows\\\\explorer.exe\",\n      \"SubjectDomainName\": \"WIN-JN0MUCM05TC\",\n      \"SubjectLogonId\": \"0x1a85af\",\n      \"SubjectUserName\": \"user\",\n      \"SubjectUserSid\": \"S-1-5-21-3016438738-995544542-2639181184-1000\"\n    },\n    \"System\": {\n      \"Channel\": \"Security\",\n      \"Computer\": \"WIN-JN0MUCM05TC\",\n      \"Correlation\": null,\n      \"EventID\": 4663,\n      \"EventRecordID\": 5478,\n      \"Execution\": {\n        \"#attributes\": {\n          \"ProcessID\": 4,\n          \"ThreadID\": 64\n        }\n      },\n      \"Keywords\": \"0x8020000000000000\",\n      \"Level\": 0,\n      \"Opcode\": 0,\n      \"Provider\": {\n        \"#attributes\": {\n          \"Guid\": \"54849625-5478-4994-A5BA-3E3B0328C30D\",\n          \"Name\": \"Microsoft-Windows-Security-Auditing\"\n        }\n      },\n      \"Security\": null,\n      \"Task\": 12800,\n      \"TimeCreated\": {\n        \"#attributes\": {\n          \"SystemTime\": \"2021-06-29T13:57:25.341377Z\"\n        }\n      },\n      \"Version\": 0\n    }\n  }\n}"
}============{
  "recordid": "225",
  "channel": "Security",
  "computer": "WIN-JN0MUCM05TC",
  "eventid": "4689",
  "eventrecordid": "5479",
  "execution": {
    "processid": 4,
    "threadid": 64
  },
  "keywords": "0x8020000000000000",
  "level": "0",
  "opcode": "0",
  "provider": {
    "guid": "54849625-5478-4994-A5BA-3E3B0328C30D",
    "name": "Microsoft-Windows-Security-Auditing"
  },
  "task": "13313",
  "timecreated": {
    "systemtime": "2021-06-29T13:57:27.115479Z"
  },
  "version": "0",
  "event_data": {
    "processid": "0x95c",
    "processname": "C:\\Windows\\System32\\dllhost.exe",
    "status": "0x0",
    "subjectdomainname": "WIN-JN0MUCM05TC",
    "subjectlogonid": "0x1a85af",
    "subjectusername": "user",
    "subjectusersid": "S-1-5-21-3016438738-995544542-2639181184-1000"
  },
  "message": "A process has exited.\r\n\r\nSubject:\r\n\tSecurity ID:\t\tS-1-5-21-3016438738-995544542-2639181184-1000\r\n\tAccount Name:\t\tuser\r\n\tAccount Domain:\t\tWIN-JN0MUCM05TC\r\n\tLogon ID:\t\t0x1a85af\r\n\r\nProcess Information:\r\n\tProcess ID:\t0x95c\r\n\tProcess Name:\tC:\\Windows\\System32\\dllhost.exe\r\n\tExit Status:\t0x0",
  "raw": "{\n  \"Event\": {\n    \"#attributes\": {\n      \"xmlns\": \"http://schemas.microsoft.com/win/2004/08/events/event\"\n    },\n    \"EventData\": {\n      \"ProcessId\": \"0x95c\",\n      \"ProcessName\": \"C:\\\\Windows\\\\System32\\\\dllhost.exe\",\n      \"Status\": \"0x0\",\n      \"SubjectDomainName\": \"WIN-JN0MUCM05TC\",\n      \"SubjectLogonId\": \"0x1a85af\",\n      \"SubjectUserName\": \"user\",\n      \"SubjectUserSid\": \"S-1-5-21-3016438738-995544542-2639181184-1000\"\n    },\n    \"System\": {\n      \"Channel\": \"Security\",\n      \"Computer\": \"WIN-JN0MUCM05TC\",\n      \"Correlation\": null,\n      \"EventID\": 4689,\n      \"EventRecordID\": 5479,\n      \"Execution\": {\n        \"#attributes\": {\n          \"ProcessID\": 4,\n          \"ThreadID\": 64\n        }\n      },\n      \"Keywords\": \"0x8020000000000000\",\n      \"Level\": 0,\n      \"Opcode\": 0,\n      \"Provider\": {\n        \"#attributes\": {\n          \"Guid\": \"54849625-5478-4994-A5BA-3E3B0328C30D\",\n          \"Name\": \"Microsoft-Windows-Security-Auditing\"\n        }\n      },\n      \"Security\": null,\n      \"Task\": 13313,\n      \"TimeCreated\": {\n        \"#attributes\": {\n          \"SystemTime\": \"2021-06-29T13:57:27.115479Z\"\n        }\n      },\n      \"Version\": 0\n    }\n  }\n}"
}============{
  "recordid": "226",
  "channel": "Security",
  "computer": "WIN-JN0MUCM05TC",
  "eventid": "4663",
  "eventrecordid": "5480",
  "execution": {
    "processid": 4,
    "threadid": 64
  },
  "keywords": "0x8020000000000000",
  "level": "0",
  "opcode": "0",
  "provider": {
    "guid": "54849625-5478-4994-A5BA-3E3B0328C30D",
    "name": "Microsoft-Windows-Security-Auditing"
  },
  "task": "12800",
  "timecreated": {
    "systemtime": "2021-06-29T13:57:27.239486Z"
  },
  "version": "0",
  "event_data": {
    "accesslist": "%%1538\r\n\t\t\t\t",
    "accessmask": "0x20000",
    "handleid": "0x57c",
    "objectname": "C:\\Users\\user\\The X-Files\\Top Management.txt",
    "objectserver": "Security",
    "objecttype": "File",
    "processid": "0xb80",
    "processname": "C:\\Windows\\explorer.exe",
    "subjectdomainname": "WIN-JN0MUCM05TC",
    "subjectlogonid": "0x1a85af",
    "subjectusername": "user",
    "subjectusersid": "S-1-5-21-3016438738-995544542-2639181184-1000"
  },
  "message": "An attempt was made to access an object.\r\n\r\nSubject:\r\n\tSecurity ID:\t\tS-1-5-21-3016438738-995544542-2639181184-1000\r\n\tAccount Name:\t\tuser\r\n\tAccount Domain:\t\tWIN-JN0MUCM05TC\r\n\tLogon ID:\t\t0x1a85af\r\n\r\nObject:\r\n\tObject Server:\tSecurity\r\n\tObject Type:\tFile\r\n\tObject Name:\tC:\\Users\\user\\The X-Files\\Top Management.txt\r\n\tHandle ID:\t0x57c\r\n\r\nProcess Information:\r\n\tProcess ID:\t0xb80\r\n\tProcess Name:\tC:\\Windows\\explorer.exe\r\n\r\nAccess Request Information:\r\n\tAccesses:\t%%1538\r\n\t\t\t\t\r\n\tAccess Mask:\t0x20000",
  "raw": "{\n  \"Event\": {\n    \"#attributes\": {\n      \"xmlns\": \"http://schemas.microsoft.com/win/2004/08/events/event\"\n    },\n    \"EventData\": {\n      \"AccessList\": \"%%1538\\r\\n\\t\\t\\t\\t\",\n      \"AccessMask\": \"0x20000\",\n      \"HandleId\": \"0x57c\",\n      \"ObjectName\": \"C:\\\\Users\\\\user\\\\The X-Files\\\\Top Management.txt\",\n      \"ObjectServer\": \"Security\",\n      \"ObjectType\": \"File\",\n      \"ProcessId\": \"0xb80\",\n      \"ProcessName\": \"C:\\\\Windows\\\\explorer.exe\",\n      \"SubjectDomainName\": \"WIN-JN0MUCM05TC\",\n      \"SubjectLogonId\": \"0x1a85af\",\n      \"SubjectUserName\": \"user\",\n      \"SubjectUserSid\": \"S-1-5-21-3016438738-995544542-2639181184-1000\"\n    },\n    \"System\": {\n      \"Channel\": \"Security\",\n      \"Computer\": \"WIN-JN0MUCM05TC\",\n      \"Correlation\": null,\n      \"EventID\": 4663,\n      \"EventRecordID\": 5480,\n      \"Execution\": {\n        \"#attributes\": {\n          \"ProcessID\": 4,\n          \"ThreadID\": 64\n        }\n      },\n      \"Keywords\": \"0x8020000000000000\",\n      \"Level\": 0,\n      \"Opcode\": 0,\n      \"Provider\": {\n        \"#attributes\": {\n          \"Guid\": \"54849625-5478-4994-A5BA-3E3B0328C30D\",\n          \"Name\": \"Microsoft-Windows-Security-Auditing\"\n        }\n      },\n      \"Security\": null,\n      \"Task\": 12800,\n      \"TimeCreated\": {\n        \"#attributes\": {\n          \"SystemTime\": \"2021-06-29T13:57:27.239486Z\"\n        }\n      },\n      \"Version\": 0\n    }\n  }\n}"
}============{
  "recordid": "227",
  "channel": "Security",
  "computer": "WIN-JN0MUCM05TC",
  "eventid": "4663",
  "eventrecordid": "5481",
  "execution": {
    "processid": 4,
    "threadid": 64
  },
  "keywords": "0x8020000000000000",
  "level": "0",
  "opcode": "0",
  "provider": {
    "guid": "54849625-5478-4994-A5BA-3E3B0328C30D",
    "name": "Microsoft-Windows-Security-Auditing"
  },
  "task": "12800",
  "timecreated": {
    "systemtime": "2021-06-29T13:57:27.241486Z"
  },
  "version": "0",
  "event_data": {
    "accesslist": "%%1538\r\n\t\t\t\t",
    "accessmask": "0x20000",
    "handleid": "0x588",
    "objectname": "C:\\Users\\user\\The X-Files\\Top Management.txt",
    "objectserver": "Security",
    "objecttype": "File",
    "processid": "0xb80",
    "processname": "C:\\Windows\\explorer.exe",
    "subjectdomainname": "WIN-JN0MUCM05TC",
    "subjectlogonid": "0x1a85af",
    "subjectusername": "user",
    "subjectusersid": "S-1-5-21-3016438738-995544542-2639181184-1000"
  },
  "message": "An attempt was made to access an object.\r\n\r\nSubject:\r\n\tSecurity ID:\t\tS-1-5-21-3016438738-995544542-2639181184-1000\r\n\tAccount Name:\t\tuser\r\n\tAccount Domain:\t\tWIN-JN0MUCM05TC\r\n\tLogon ID:\t\t0x1a85af\r\n\r\nObject:\r\n\tObject Server:\tSecurity\r\n\tObject Type:\tFile\r\n\tObject Name:\tC:\\Users\\user\\The X-Files\\Top Management.txt\r\n\tHandle ID:\t0x588\r\n\r\nProcess Information:\r\n\tProcess ID:\t0xb80\r\n\tProcess Name:\tC:\\Windows\\explorer.exe\r\n\r\nAccess Request Information:\r\n\tAccesses:\t%%1538\r\n\t\t\t\t\r\n\tAccess Mask:\t0x20000",
  "raw": "{\n  \"Event\": {\n    \"#attributes\": {\n      \"xmlns\": \"http://schemas.microsoft.com/win/2004/08/events/event\"\n    },\n    \"EventData\": {\n      \"AccessList\": \"%%1538\\r\\n\\t\\t\\t\\t\",\n      \"AccessMask\": \"0x20000\",\n      \"HandleId\": \"0x588\",\n      \"ObjectName\": \"C:\\\\Users\\\\user\\\\The X-Files\\\\Top Management.txt\",\n      \"ObjectServer\": \"Security\",\n      \"ObjectType\": \"File\",\n      \"ProcessId\": \"0xb80\",\n      \"ProcessName\": \"C:\\\\Windows\\\\explorer.exe\",\n      \"SubjectDomainName\": \"WIN-JN0MUCM05TC\",\n      \"SubjectLogonId\": \"0x1a85af\",\n      \"SubjectUserName\": \"user\",\n      \"SubjectUserSid\": \"S-1-5-21-3016438738-995544542-2639181184-1000\"\n    },\n    \"System\": {\n      \"Channel\": \"Security\",\n      \"Computer\": \"WIN-JN0MUCM05TC\",\n      \"Correlation\": null,\n      \"EventID\": 4663,\n      \"EventRecordID\": 5481,\n      \"Execution\": {\n        \"#attributes\": {\n          \"ProcessID\": 4,\n          \"ThreadID\": 64\n        }\n      },\n      \"Keywords\": \"0x8020000000000000\",\n      \"Level\": 0,\n      \"Opcode\": 0,\n      \"Provider\": {\n        \"#attributes\": {\n          \"Guid\": \"54849625-5478-4994-A5BA-3E3B0328C30D\",\n          \"Name\": \"Microsoft-Windows-Security-Auditing\"\n        }\n      },\n      \"Security\": null,\n      \"Task\": 12800,\n      \"TimeCreated\": {\n        \"#attributes\": {\n          \"SystemTime\": \"2021-06-29T13:57:27.241486Z\"\n        }\n      },\n      \"Version\": 0\n    }\n  }\n}"
}============{
  "recordid": "228",
  "channel": "Security",
  "computer": "WIN-JN0MUCM05TC",
  "eventid": "4663",
  "eventrecordid": "5482",
  "execution": {
    "processid": 4,
    "threadid": 64
  },
  "keywords": "0x8020000000000000",
  "level": "0",
  "opcode": "0",
  "provider": {
    "guid": "54849625-5478-4994-A5BA-3E3B0328C30D",
    "name": "Microsoft-Windows-Security-Auditing"
  },
  "task": "12800",
  "timecreated": {
    "systemtime": "2021-06-29T13:57:27.241486Z"
  },
  "version": "0",
  "event_data": {
    "accesslist": "%%1538\r\n\t\t\t\t",
    "accessmask": "0x20000",
    "handleid": "0x588",
    "objectname": "C:\\Users\\user\\The X-Files\\Top Management.txt",
    "objectserver": "Security",
    "objecttype": "File",
    "processid": "0xb80",
    "processname": "C:\\Windows\\explorer.exe",
    "subjectdomainname": "WIN-JN0MUCM05TC",
    "subjectlogonid": "0x1a85af",
    "subjectusername": "user",
    "subjectusersid": "S-1-5-21-3016438738-995544542-2639181184-1000"
  },
  "message": "An attempt was made to access an object.\r\n\r\nSubject:\r\n\tSecurity ID:\t\tS-1-5-21-3016438738-995544542-2639181184-1000\r\n\tAccount Name:\t\tuser\r\n\tAccount Domain:\t\tWIN-JN0MUCM05TC\r\n\tLogon ID:\t\t0x1a85af\r\n\r\nObject:\r\n\tObject Server:\tSecurity\r\n\tObject Type:\tFile\r\n\tObject Name:\tC:\\Users\\user\\The X-Files\\Top Management.txt\r\n\tHandle ID:\t0x588\r\n\r\nProcess Information:\r\n\tProcess ID:\t0xb80\r\n\tProcess Name:\tC:\\Windows\\explorer.exe\r\n\r\nAccess Request Information:\r\n\tAccesses:\t%%1538\r\n\t\t\t\t\r\n\tAccess Mask:\t0x20000",
  "raw": "{\n  \"Event\": {\n    \"#attributes\": {\n      \"xmlns\": \"http://schemas.microsoft.com/win/2004/08/events/event\"\n    },\n    \"EventData\": {\n      \"AccessList\": \"%%1538\\r\\n\\t\\t\\t\\t\",\n      \"AccessMask\": \"0x20000\",\n      \"HandleId\": \"0x588\",\n      \"ObjectName\": \"C:\\\\Users\\\\user\\\\The X-Files\\\\Top Management.txt\",\n      \"ObjectServer\": \"Security\",\n      \"ObjectType\": \"File\",\n      \"ProcessId\": \"0xb80\",\n      \"ProcessName\": \"C:\\\\Windows\\\\explorer.exe\",\n      \"SubjectDomainName\": \"WIN-JN0MUCM05TC\",\n      \"SubjectLogonId\": \"0x1a85af\",\n      \"SubjectUserName\": \"user\",\n      \"SubjectUserSid\": \"S-1-5-21-3016438738-995544542-2639181184-1000\"\n    },\n    \"System\": {\n      \"Channel\": \"Security\",\n      \"Computer\": \"WIN-JN0MUCM05TC\",\n      \"Correlation\": null,\n      \"EventID\": 4663,\n      \"EventRecordID\": 5482,\n      \"Execution\": {\n        \"#attributes\": {\n          \"ProcessID\": 4,\n          \"ThreadID\": 64\n        }\n      },\n      \"Keywords\": \"0x8020000000000000\",\n      \"Level\": 0,\n      \"Opcode\": 0,\n      \"Provider\": {\n        \"#attributes\": {\n          \"Guid\": \"54849625-5478-4994-A5BA-3E3B0328C30D\",\n          \"Name\": \"Microsoft-Windows-Security-Auditing\"\n        }\n      },\n      \"Security\": null,\n      \"Task\": 12800,\n      \"TimeCreated\": {\n        \"#attributes\": {\n          \"SystemTime\": \"2021-06-29T13:57:27.241486Z\"\n        }\n      },\n      \"Version\": 0\n    }\n  }\n}"
}============{
  "recordid": "229",
  "channel": "Security",
  "computer": "WIN-JN0MUCM05TC",
  "eventid": "4688",
  "eventrecordid": "5483",
  "execution": {
    "processid": 4,
    "threadid": 64
  },
  "keywords": "0x8020000000000000",
  "level": "0",
  "opcode": "0",
  "provider": {
    "guid": "54849625-5478-4994-A5BA-3E3B0328C30D",
    "name": "Microsoft-Windows-Security-Auditing"
  },
  "task": "13312",
  "timecreated": {
    "systemtime": "2021-06-29T13:57:27.320491Z"
  },
  "version": "1",
  "event_data": {
    "commandline": "\"C:\\Windows\\system32\\NOTEPAD.EXE\" C:\\Users\\user\\The X-Files\\Top Management.txt",
    "newprocessid": "0x9c0",
    "newprocessname": "C:\\Windows\\System32\\notepad.exe",
    "processid": "0xb80",
    "subjectdomainname": "WIN-JN0MUCM05TC",
    "subjectlogonid": "0x1a85af",
    "subjectusername": "user",
    "subjectusersid": "S-1-5-21-3016438738-995544542-2639181184-1000",
    "tokenelevationtype": "%%1938"
  },
  "message": "A new process has been created.\r\n\r\nSubject:\r\n\tSecurity ID:\t\tS-1-5-21-3016438738-995544542-2639181184-1000\r\n\tAccount Name:\t\tuser\r\n\tAccount Domain:\t\tWIN-JN0MUCM05TC\r\n\tLogon ID:\t\t0x1a85af\r\n\r\nProcess Information:\r\n\tNew Process ID:\t\t0x9c0\r\n\tNew Process Name:\tC:\\Windows\\System32\\notepad.exe\r\n\tToken Elevation Type:\t%%1938\r\n\tCreator Process ID:\t0xb80\r\n\r\nToken Elevation Type indicates the type of token that was assigned to the new process in accordance with User Account Control policy.\r\n\r\nType 1 is a full token with no privileges removed or groups disabled.  A full token is only used if User Account Control is disabled or if the user is the built-in Administrator account or a service account.\r\n\r\nType 2 is an elevated token with no privileges removed or groups disabled.  An elevated token is used when User Account Control is enabled and the user chooses to start the program using Run as administrator.  An elevated token is also used when an application is configured to always require administrative privilege or to always require maximum privilege, and the user is a member of the Administrators group.\r\n\r\nType 3 is a limited token with administrative privileges removed and administrative groups disabled.  The limited token is used when User Account Control is enabled, the application does not require administrative privilege, and the user does not choose to start the program using Run as administrator.",
  "raw": "{\n  \"Event\": {\n    \"#attributes\": {\n      \"xmlns\": \"http://schemas.microsoft.com/win/2004/08/events/event\"\n    },\n    \"EventData\": {\n      \"CommandLine\": \"\\\"C:\\\\Windows\\\\system32\\\\NOTEPAD.EXE\\\" C:\\\\Users\\\\user\\\\The X-Files\\\\Top Management.txt\",\n      \"NewProcessId\": \"0x9c0\",\n      \"NewProcessName\": \"C:\\\\Windows\\\\System32\\\\notepad.exe\",\n      \"ProcessId\": \"0xb80\",\n      \"SubjectDomainName\": \"WIN-JN0MUCM05TC\",\n      \"SubjectLogonId\": \"0x1a85af\",\n      \"SubjectUserName\": \"user\",\n      \"SubjectUserSid\": \"S-1-5-21-3016438738-995544542-2639181184-1000\",\n      \"TokenElevationType\": \"%%1938\"\n    },\n    \"System\": {\n      \"Channel\": \"Security\",\n      \"Computer\": \"WIN-JN0MUCM05TC\",\n      \"Correlation\": null,\n      \"EventID\": 4688,\n      \"EventRecordID\": 5483,\n      \"Execution\": {\n        \"#attributes\": {\n          \"ProcessID\": 4,\n          \"ThreadID\": 64\n        }\n      },\n      \"Keywords\": \"0x8020000000000000\",\n      \"Level\": 0,\n      \"Opcode\": 0,\n      \"Provider\": {\n        \"#attributes\": {\n          \"Guid\": \"54849625-5478-4994-A5BA-3E3B0328C30D\",\n          \"Name\": \"Microsoft-Windows-Security-Auditing\"\n        }\n      },\n      \"Security\": null,\n      \"Task\": 13312,\n      \"TimeCreated\": {\n        \"#attributes\": {\n          \"SystemTime\": \"2021-06-29T13:57:27.320491Z\"\n        }\n      },\n      \"Version\": 1\n    }\n  }\n}"
}============{
  "recordid": "230",
  "channel": "Security",
  "computer": "WIN-JN0MUCM05TC",
  "eventid": "4663",
  "eventrecordid": "5484",
  "execution": {
    "processid": 4,
    "threadid": 64
  },
  "keywords": "0x8020000000000000",
  "level": "0",
  "opcode": "0",
  "provider": {
    "guid": "54849625-5478-4994-A5BA-3E3B0328C30D",
    "name": "Microsoft-Windows-Security-Auditing"
  },
  "task": "12800",
  "timecreated": {
    "systemtime": "2021-06-29T13:57:27.333491Z"
  },
  "version": "0",
  "event_data": {
    "accesslist": "%%4423\r\n\t\t\t\t",
    "accessmask": "0x80",
    "handleid": "0x26c",
    "objectname": "C:\\Users\\user\\The X-Files\\Top Management.txt",
    "objectserver": "Security",
    "objecttype": "File",
    "processid": "0xb80",
    "processname": "C:\\Windows\\explorer.exe",
    "subjectdomainname": "WIN-JN0MUCM05TC",
    "subjectlogonid": "0x1a85af",
    "subjectusername": "user",
    "subjectusersid": "S-1-5-21-3016438738-995544542-2639181184-1000"
  },
  "message": "An attempt was made to access an object.\r\n\r\nSubject:\r\n\tSecurity ID:\t\tS-1-5-21-3016438738-995544542-2639181184-1000\r\n\tAccount Name:\t\tuser\r\n\tAccount Domain:\t\tWIN-JN0MUCM05TC\r\n\tLogon ID:\t\t0x1a85af\r\n\r\nObject:\r\n\tObject Server:\tSecurity\r\n\tObject Type:\tFile\r\n\tObject Name:\tC:\\Users\\user\\The X-Files\\Top Management.txt\r\n\tHandle ID:\t0x26c\r\n\r\nProcess Information:\r\n\tProcess ID:\t0xb80\r\n\tProcess Name:\tC:\\Windows\\explorer.exe\r\n\r\nAccess Request Information:\r\n\tAccesses:\t%%4423\r\n\t\t\t\t\r\n\tAccess Mask:\t0x80",
  "raw": "{\n  \"Event\": {\n    \"#attributes\": {\n      \"xmlns\": \"http://schemas.microsoft.com/win/2004/08/events/event\"\n    },\n    \"EventData\": {\n      \"AccessList\": \"%%4423\\r\\n\\t\\t\\t\\t\",\n      \"AccessMask\": \"0x80\",\n      \"HandleId\": \"0x26c\",\n      \"ObjectName\": \"C:\\\\Users\\\\user\\\\The X-Files\\\\Top Management.txt\",\n      \"ObjectServer\": \"Security\",\n      \"ObjectType\": \"File\",\n      \"ProcessId\": \"0xb80\",\n      \"ProcessName\": \"C:\\\\Windows\\\\explorer.exe\",\n      \"SubjectDomainName\": \"WIN-JN0MUCM05TC\",\n      \"SubjectLogonId\": \"0x1a85af\",\n      \"SubjectUserName\": \"user\",\n      \"SubjectUserSid\": \"S-1-5-21-3016438738-995544542-2639181184-1000\"\n    },\n    \"System\": {\n      \"Channel\": \"Security\",\n      \"Computer\": \"WIN-JN0MUCM05TC\",\n      \"Correlation\": null,\n      \"EventID\": 4663,\n      \"EventRecordID\": 5484,\n      \"Execution\": {\n        \"#attributes\": {\n          \"ProcessID\": 4,\n          \"ThreadID\": 64\n        }\n      },\n      \"Keywords\": \"0x8020000000000000\",\n      \"Level\": 0,\n      \"Opcode\": 0,\n      \"Provider\": {\n        \"#attributes\": {\n          \"Guid\": \"54849625-5478-4994-A5BA-3E3B0328C30D\",\n          \"Name\": \"Microsoft-Windows-Security-Auditing\"\n        }\n      },\n      \"Security\": null,\n      \"Task\": 12800,\n      \"TimeCreated\": {\n        \"#attributes\": {\n          \"SystemTime\": \"2021-06-29T13:57:27.333491Z\"\n        }\n      },\n      \"Version\": 0\n    }\n  }\n}"
}============{
  "recordid": "231",
  "channel": "Security",
  "computer": "WIN-JN0MUCM05TC",
  "eventid": "4663",
  "eventrecordid": "5485",
  "execution": {
    "processid": 4,
    "threadid": 64
  },
  "keywords": "0x8020000000000000",
  "level": "0",
  "opcode": "0",
  "provider": {
    "guid": "54849625-5478-4994-A5BA-3E3B0328C30D",
    "name": "Microsoft-Windows-Security-Auditing"
  },
  "task": "12800",
  "timecreated": {
    "systemtime": "2021-06-29T13:57:27.377494Z"
  },
  "version": "0",
  "event_data": {
    "accesslist": "%%4423\r\n\t\t\t\t",
    "accessmask": "0x80",
    "handleid": "0xf0",
    "objectname": "C:\\Users\\user\\The X-Files\\Top Management.txt",
    "objectserver": "Security",
    "objecttype": "File",
    "processid": "0x9c0",
    "processname": "C:\\Windows\\System32\\notepad.exe",
    "subjectdomainname": "WIN-JN0MUCM05TC",
    "subjectlogonid": "0x1a85af",
    "subjectusername": "user",
    "subjectusersid": "S-1-5-21-3016438738-995544542-2639181184-1000"
  },
  "message": "An attempt was made to access an object.\r\n\r\nSubject:\r\n\tSecurity ID:\t\tS-1-5-21-3016438738-995544542-2639181184-1000\r\n\tAccount Name:\t\tuser\r\n\tAccount Domain:\t\tWIN-JN0MUCM05TC\r\n\tLogon ID:\t\t0x1a85af\r\n\r\nObject:\r\n\tObject Server:\tSecurity\r\n\tObject Type:\tFile\r\n\tObject Name:\tC:\\Users\\user\\The X-Files\\Top Management.txt\r\n\tHandle ID:\t0xf0\r\n\r\nProcess Information:\r\n\tProcess ID:\t0x9c0\r\n\tProcess Name:\tC:\\Windows\\System32\\notepad.exe\r\n\r\nAccess Request Information:\r\n\tAccesses:\t%%4423\r\n\t\t\t\t\r\n\tAccess Mask:\t0x80",
  "raw": "{\n  \"Event\": {\n    \"#attributes\": {\n      \"xmlns\": \"http://schemas.microsoft.com/win/2004/08/events/event\"\n    },\n    \"EventData\": {\n      \"AccessList\": \"%%4423\\r\\n\\t\\t\\t\\t\",\n      \"AccessMask\": \"0x80\",\n      \"HandleId\": \"0xf0\",\n      \"ObjectName\": \"C:\\\\Users\\\\user\\\\The X-Files\\\\Top Management.txt\",\n      \"ObjectServer\": \"Security\",\n      \"ObjectType\": \"File\",\n      \"ProcessId\": \"0x9c0\",\n      \"ProcessName\": \"C:\\\\Windows\\\\System32\\\\notepad.exe\",\n      \"SubjectDomainName\": \"WIN-JN0MUCM05TC\",\n      \"SubjectLogonId\": \"0x1a85af\",\n      \"SubjectUserName\": \"user\",\n      \"SubjectUserSid\": \"S-1-5-21-3016438738-995544542-2639181184-1000\"\n    },\n    \"System\": {\n      \"Channel\": \"Security\",\n      \"Computer\": \"WIN-JN0MUCM05TC\",\n      \"Correlation\": null,\n      \"EventID\": 4663,\n      \"EventRecordID\": 5485,\n      \"Execution\": {\n        \"#attributes\": {\n          \"ProcessID\": 4,\n          \"ThreadID\": 64\n        }\n      },\n      \"Keywords\": \"0x8020000000000000\",\n      \"Level\": 0,\n      \"Opcode\": 0,\n      \"Provider\": {\n        \"#attributes\": {\n          \"Guid\": \"54849625-5478-4994-A5BA-3E3B0328C30D\",\n          \"Name\": \"Microsoft-Windows-Security-Auditing\"\n        }\n      },\n      \"Security\": null,\n      \"Task\": 12800,\n      \"TimeCreated\": {\n        \"#attributes\": {\n          \"SystemTime\": \"2021-06-29T13:57:27.377494Z\"\n        }\n      },\n      \"Version\": 0\n    }\n  }\n}"
}============{
  "recordid": "232",
  "channel": "Security",
  "computer": "WIN-JN0MUCM05TC",
  "eventid": "4663",
  "eventrecordid": "5486",
  "execution": {
    "processid": 4,
    "threadid": 64
  },
  "keywords": "0x8020000000000000",
  "level": "0",
  "opcode": "0",
  "provider": {
    "guid": "54849625-5478-4994-A5BA-3E3B0328C30D",
    "name": "Microsoft-Windows-Security-Auditing"
  },
  "task": "12800",
  "timecreated": {
    "systemtime": "2021-06-29T13:57:27.377494Z"
  },
  "version": "0",
  "event_data": {
    "accesslist": "%%4416\r\n\t\t\t\t",
    "accessmask": "0x1",
    "handleid": "0xf0",
    "objectname": "C:\\Users\\user\\The X-Files\\Top Management.txt",
    "objectserver": "Security",
    "objecttype": "File",
    "processid": "0x9c0",
    "processname": "C:\\Windows\\System32\\notepad.exe",
    "subjectdomainname": "WIN-JN0MUCM05TC",
    "subjectlogonid": "0x1a85af",
    "subjectusername": "user",
    "subjectusersid": "S-1-5-21-3016438738-995544542-2639181184-1000"
  },
  "message": "An attempt was made to access an object.\r\n\r\nSubject:\r\n\tSecurity ID:\t\tS-1-5-21-3016438738-995544542-2639181184-1000\r\n\tAccount Name:\t\tuser\r\n\tAccount Domain:\t\tWIN-JN0MUCM05TC\r\n\tLogon ID:\t\t0x1a85af\r\n\r\nObject:\r\n\tObject Server:\tSecurity\r\n\tObject Type:\tFile\r\n\tObject Name:\tC:\\Users\\user\\The X-Files\\Top Management.txt\r\n\tHandle ID:\t0xf0\r\n\r\nProcess Information:\r\n\tProcess ID:\t0x9c0\r\n\tProcess Name:\tC:\\Windows\\System32\\notepad.exe\r\n\r\nAccess Request Information:\r\n\tAccesses:\t%%4416\r\n\t\t\t\t\r\n\tAccess Mask:\t0x1",
  "raw": "{\n  \"Event\": {\n    \"#attributes\": {\n      \"xmlns\": \"http://schemas.microsoft.com/win/2004/08/events/event\"\n    },\n    \"EventData\": {\n      \"AccessList\": \"%%4416\\r\\n\\t\\t\\t\\t\",\n      \"AccessMask\": \"0x1\",\n      \"HandleId\": \"0xf0\",\n      \"ObjectName\": \"C:\\\\Users\\\\user\\\\The X-Files\\\\Top Management.txt\",\n      \"ObjectServer\": \"Security\",\n      \"ObjectType\": \"File\",\n      \"ProcessId\": \"0x9c0\",\n      \"ProcessName\": \"C:\\\\Windows\\\\System32\\\\notepad.exe\",\n      \"SubjectDomainName\": \"WIN-JN0MUCM05TC\",\n      \"SubjectLogonId\": \"0x1a85af\",\n      \"SubjectUserName\": \"user\",\n      \"SubjectUserSid\": \"S-1-5-21-3016438738-995544542-2639181184-1000\"\n    },\n    \"System\": {\n      \"Channel\": \"Security\",\n      \"Computer\": \"WIN-JN0MUCM05TC\",\n      \"Correlation\": null,\n      \"EventID\": 4663,\n      \"EventRecordID\": 5486,\n      \"Execution\": {\n        \"#attributes\": {\n          \"ProcessID\": 4,\n          \"ThreadID\": 64\n        }\n      },\n      \"Keywords\": \"0x8020000000000000\",\n      \"Level\": 0,\n      \"Opcode\": 0,\n      \"Provider\": {\n        \"#attributes\": {\n          \"Guid\": \"54849625-5478-4994-A5BA-3E3B0328C30D\",\n          \"Name\": \"Microsoft-Windows-Security-Auditing\"\n        }\n      },\n      \"Security\": null,\n      \"Task\": 12800,\n      \"TimeCreated\": {\n        \"#attributes\": {\n          \"SystemTime\": \"2021-06-29T13:57:27.377494Z\"\n        }\n      },\n      \"Version\": 0\n    }\n  }\n}"
}============{
  "recordid": "233",
  "channel": "Security",
  "computer": "WIN-JN0MUCM05TC",
  "eventid": "4663",
  "eventrecordid": "5487",
  "execution": {
    "processid": 4,
    "threadid": 64
  },
  "keywords": "0x8020000000000000",
  "level": "0",
  "opcode": "0",
  "provider": {
    "guid": "54849625-5478-4994-A5BA-3E3B0328C30D",
    "name": "Microsoft-Windows-Security-Auditing"
  },
  "task": "12800",
  "timecreated": {
    "systemtime": "2021-06-29T13:57:43.291404Z"
  },
  "version": "0",
  "event_data": {
    "accesslist": "%%4417\r\n\t\t\t\t%%4418\r\n\t\t\t\t",
    "accessmask": "0x6",
    "handleid": "0xf0",
    "objectname": "C:\\Users\\user\\The X-Files\\Top Management.txt",
    "objectserver": "Security",
    "objecttype": "File",
    "processid": "0x9c0",
    "processname": "C:\\Windows\\System32\\notepad.exe",
    "subjectdomainname": "WIN-JN0MUCM05TC",
    "subjectlogonid": "0x1a85af",
    "subjectusername": "user",
    "subjectusersid": "S-1-5-21-3016438738-995544542-2639181184-1000"
  },
  "message": "An attempt was made to access an object.\r\n\r\nSubject:\r\n\tSecurity ID:\t\tS-1-5-21-3016438738-995544542-2639181184-1000\r\n\tAccount Name:\t\tuser\r\n\tAccount Domain:\t\tWIN-JN0MUCM05TC\r\n\tLogon ID:\t\t0x1a85af\r\n\r\nObject:\r\n\tObject Server:\tSecurity\r\n\tObject Type:\tFile\r\n\tObject Name:\tC:\\Users\\user\\The X-Files\\Top Management.txt\r\n\tHandle ID:\t0xf0\r\n\r\nProcess Information:\r\n\tProcess ID:\t0x9c0\r\n\tProcess Name:\tC:\\Windows\\System32\\notepad.exe\r\n\r\nAccess Request Information:\r\n\tAccesses:\t%%4417\r\n\t\t\t\t%%4418\r\n\t\t\t\t\r\n\tAccess Mask:\t0x6",
